ARM GAS  C:\Users\Lena\AppData\Local\Temp\ccbarJhr.s 			page 1


   1              		.cpu cortex-m7
   2              		.eabi_attribute 20, 1
   3              		.eabi_attribute 21, 1
   4              		.eabi_attribute 23, 3
   5              		.eabi_attribute 24, 1
   6              		.eabi_attribute 25, 1
   7              		.eabi_attribute 26, 1
   8              		.eabi_attribute 30, 2
   9              		.eabi_attribute 34, 1
  10              		.eabi_attribute 18, 4
  11              		.file	"board.c"
  12              		.text
  13              	.Ltext0:
  14              		.section	.gnu.lto_.profile.d26e0c3c,"",%progbits
  15 0000 789C6365 		.ascii	"x\234ce`b`a```d\340c\006\000\000\237\000\036"
  15      60626061 
  15      60606064 
  15      E0630600 
  15      009F001E 
  16              		.text
  17              		.section	.gnu.lto_.icf.d26e0c3c,"",%progbits
  18 0000 789C6365 		.ascii	"x\234ce`b\020a@\000f\206\205??\354\345a\354m}r\233\213"
  18      60621061 
  18      40006686 
  18      853F3FEC 
  18      E561EC6D 
  19 0018 E9EBEF93 		.ascii	"\351\353\357\223\027\371\030\000h\037\011\350"
  19      17F91800 
  19      681F09E8 
  20              		.text
  21              		.section	.gnu.lto_.jmpfuncs.d26e0c3c,"",%progbits
  22 0000 789C6365 		.ascii	"x\234ce`b\340d@\000&\020\301\010\304\000\001\227\000"
  22      6062E064 
  22      40002610 
  22      C108C400 
  22      019700
  23 0013 14       		.ascii	"\024"
  24              		.text
  25              		.section	.gnu.lto_.inline.d26e0c3c,"",%progbits
  26 0000 789C6365 		.ascii	"x\234ce`b\320f@\000&\006\006\026\036F\020\305\300\266"
  26      6062D066 
  26      40002606 
  26      06161E46 
  26      10C5C0B6 
  27 0014 401E4431 		.ascii	"@\036D10r\201\010\006f&Ta\006\000-\355\001\352"
  27      30728108 
  27      06662654 
  27      6106002D 
  27      ED01EA
  28              		.text
  29              		.section	.gnu.lto_.pureconst.d26e0c3c,"",%progbits
  30 0000 789C6365 		.ascii	"x\234ce`b`e`\000\222\022\214\014\000\000\345\000("
  30      60626065 
  30      60009212 
  30      8C0C0000 
  30      E50028
  31              		.text
ARM GAS  C:\Users\Lena\AppData\Local\Temp\ccbarJhr.s 			page 2


  32              		.section	.gnu.lto___early_init.d26e0c3c,"",%progbits
  33 0000 789C6365 		.ascii	"x\234ce`bX\312\300\300P\012\304\322@\314\310\314\300"
  33      606258CA 
  33      C0C0500A 
  33      C4D240CC 
  33      C8CCC0
  34 0013 C834E11C 		.ascii	"\3104\341\034\003C#\007\023##\210\321\300\301\310P\317"
  34      03432307 
  34      13232388 
  34      D1C0C1C8 
  34      50CF
  35 0025 C458CFD8 		.ascii	"\304X\317\330\317<\235\231\361P\373\263\235L\232\313"
  35      CF3C9D99 
  35      F150FBB3 
  35      9D4C9ACB 
  36 0035 1B80E0C0 		.ascii	"\033\200\340\300\364klm\015\255\022\363\231\031\030"
  36      F46B6C6D 
  36      0DAD12F3 
  36      991918
  37 0044 66023108 		.ascii	"f\0021\0100.g\324d\000*{\264\361\337T^6\026\2108\343"
  37      302E67D4 
  37      64002A7B 
  37      B4F1DF54 
  37      5E361688 
  38 005a 0A463646 		.ascii	"\012F6F \275\376\022\343\201\206\177\377\333\033\016"
  38      20BDFE12 
  38      E381867F 
  38      FFDB1B0E 
  39 006a 9C59CC78 		.ascii	"\234Y\314x\327\015(\325\005\304 ;\272\231\231@4\363"
  39      D70D28D5 
  39      05C4203B 
  39      BA999940 
  39      34F3
  40 007c 6BC6E605 		.ascii	"k\306\346\005\333{\231A\032@\246\354\334\371\3466{\375"
  40      DB7B9941 
  40      1A40A6EC 
  40      DCF9E636 
  40      7BFD
  41 008e DF068EF9 		.ascii	"\337\006\216\371\314\2143\231\201F0\256d\254g\230\017"
  41      CC8C3399 
  41      814630AE 
  41      64AC6798 
  41      0F
  42 009f 54FC96B1 		.ascii	"T\374\226\261i\301\356^F\260B\020\350\002\312\002\015"
  42      69C1EE5E 
  42      46B04210 
  42      E802CA02 
  42      0D
  43 00b0 60626028 		.ascii	"`b`(v\261\212\011\012\361\017\216\317\314K\313\217q"
  43      76B18A09 
  43      0AF10F8E 
  43      CFCC4BCB 
  43      8F71
  44 00c2 C92C2E29 		.ascii	"\311,.)\312L\212\017\016\36156\202\361b\23432\2232\203"
  44      CA4C8A0F 
  44      0EF13536 
  44      82F1629C 
ARM GAS  C:\Users\Lena\AppData\Local\Temp\ccbarJhr.s 			page 3


  44      33329332 
  45 00d7 4B4A5332 		.ascii	"KJS2\363\343\313\014\220\2711\311 v~\261\241\271\231"
  45      F3E3CB0C 
  45      90B931C9 
  45      20767EB1 
  45      A1B999
  46 00ea 7E7EB17E 		.ascii	"~~\261~Fb\216~R~bQJ\261~pH\274_\250\263\217\253\277"
  46      46628E7E 
  46      527E6251 
  46      4AB17E70 
  46      48BC5FA8 
  47 0102 A18949BC 		.ascii	"\241\211I\274\233\271\231y\224'DJ/\231\001\000\275J"
  47      9BB99979 
  47      9427444A 
  47      2F990100 
  47      BD4A
  48 0114 604B     		.ascii	"`K"
  49              		.text
  50              		.section	.gnu.lto_boardInit.d26e0c3c,"",%progbits
  51 0000 789C6365 		.ascii	"x\234ce`b\250d``(\005bi fdf`d\232p\216\201\241\221\203"
  51      6062A864 
  51      60602805 
  51      62692066 
  51      64666064 
  52 001b 899111C4 		.ascii	"\211\221\021\304h\340`d\250gb\254g\354g\236\316\314"
  52      68E06064 
  52      A86762AC 
  52      67EC679E 
  52      CECC
  53 002d 78A8FDD9 		.ascii	"x\250\375\331N&\315\345\015@p`\372\006\256\266\206V"
  53      4E26CDE5 
  53      0D407060 
  53      FA06AEB6 
  53      8656
  54 003f 89F9CC0C 		.ascii	"\211\371\314\014\0143\201\030\004\030\2273j2\000\225"
  54      0C338118 
  54      04189733 
  54      6A320095 
  55 004f 3DDAF86F 		.ascii	"=\332\370o*/\033\013D\234q\005#\033#\220^\177\211\361"
  55      2A2F1B0B 
  55      449C7105 
  55      231B2390 
  55      5E7F89F1 
  56 0063 40C3BFFF 		.ascii	"@\303\277\377\355\015\007\276,b\334\354\305\304\300"
  56      ED0D07BE 
  56      2C62DCEC 
  56      C5C4C0
  57 0072 D0059406 		.ascii	"\320\005\224\006\331\321\315\314\004\242\231\33726)"
  57      D9D1CDCC 
  57      04A299DF 
  57      323629
  58 0081 805483CD 		.ascii	"\200T\203\315\352bf\004\011\002\225\025\273X\305\004"
  58      EA626604 
  58      09029515 
  58      BB58C504 
  59 0091 85F807C7 		.ascii	"\205\370\007\307g\346\245\345\307\270d\026\227\024e"
  59      67E6A5E5 
ARM GAS  C:\Users\Lena\AppData\Local\Temp\ccbarJhr.s 			page 4


  59      C7B86416 
  59      971465
  60 00a0 26C50787 		.ascii	"&\305\007\207\370\032\033\301x1\316\031\231I\231\301"
  60      F81A1BC1 
  60      7831CE19 
  60      994999C1 
  61 00b0 25A52999 		.ascii	"%\245)\231\371\361e\006\310\334\230d\020;\277\330\320"
  61      F9F16506 
  61      C8DC9864 
  61      103BBFD8 
  61      D0
  62 00c1 DC4C3FBF 		.ascii	"\334L?\277X?#1G?)?\261(\245X?8$\336/\324\331\307\325"
  62      583F2331 
  62      473F293F 
  62      B128A558 
  62      3F3824DE 
  63 00da DFD0C424 		.ascii	"\337\320\304$\336\315\334\314<\312\023\"\245\227\314"
  63      DECDDCCC 
  63      3CCA1322 
  63      A597CC
  64 00e9 0000ABC0 		.ascii	"\000\000\253\300QA"
  64      5141
  65              		.text
  66              		.section	.gnu.lto_pal_default_config.d26e0c3c,"",%progbits
  67 0000 789CCD93 		.ascii	"x\234\315\223[o\022Q\020\307w8@\013\275\240\211\217"
  67      5B6F1251 
  67      10C77738 
  67      400BBDA0 
  67      898F
  68 0012 7E0063E2 		.ascii	"~\000c\342;_\301o\343G8\024\023\021//&\262\301\030\210"
  68      3B5FC16F 
  68      E3473814 
  68      13112F2F 
  68      26B2C118 
  69 0027 0DB12C14 		.ascii	"\015\261,\024\220\332*h[@,\240\326\226\312Z\201\336"
  69      90DA2A68 
  69      5B402CA0 
  69      D696CA5A 
  69      81DE
  70 0039 1243432A 		.ascii	"\022CC*\365\322\242mEY\317p\316j\266i\350\253\373\260"
  70      F5D2A26D 
  70      4559CF70 
  70      CE6AB669 
  70      E8ABFBB0 
  71 004d FFCC7F77 		.ascii	"\377\314\177wg~3g\326\"\231\244\313\026I\002\211_>\002"
  71      677E3367 
  71      D62299A4 
  71      CB164902 
  71      895F3E02 
  72 0061 F156EA68 		.ascii	"\361V\352h\3446\011\020f\2620\364\263\363\225\360P\323"
  72      E4360910 
  72      66B230F4 
  72      B3F395F0 
  72      50D3
  73 0073 08335662 		.ascii	"\0103Vb!\217\231\033\252\242*\026f\215\357mfm\316\031"
  73      218F991B 
  73      AAA22A16 
ARM GAS  C:\Users\Lena\AppData\Local\Temp\ccbarJhr.s 			page 5


  73      668DEF6D 
  73      666DCE19 
  74 0087 EA09D22B 		.ascii	"\352\011\322+\001\0022{\364\020\316\313\004\270\230"
  74      0102327B 
  74      F410CECB 
  74      04B898
  75 0096 B81008A3 		.ascii	"\270\020\010\243\230a\002\305\302M+\212\364\037\345"
  75      986102C5 
  75      C24D2B8A 
  75      F41FE5
  76 00a5 B8B5F245 		.ascii	"\270\265\362E\265\360\366\226E{\261\275v\314\312-\007"
  76      B5F0F696 
  76      457BB1BD 
  76      76CCCA2D 
  76      07
  77 00b6 0BF783E5 		.ascii	"\013\367\203\345\222\265_\225\030\2572\331\247J\335"
  77      92B55F95 
  77      18AF32D9 
  77      A74ADD
  78 00c5 B750019E 		.ascii	"\267P\001\236\222n\345\260\210\277\032\273\364w\252"
  78      926EE5B0 
  78      88BF1ABB 
  78      F477AA
  79 00d4 1E74B49A 		.ascii	"\036t\264\232\177\307\241\2773\265\215\263\337\371\264"
  79      7FC7A1BF 
  79      33B58DB3 
  79      DFF9B4
  80 00e3 DB167094 		.ascii	"\333\026p\224\322|\217\267\363\273e6\322L\031h\222\234"
  80      D27C8FB7 
  80      F3BB6536 
  80      D24C1968 
  80      929C
  81 00f5 E6D14934 		.ascii	"\346\321I4\011N\023.\245V\005\215\026\320\2009\321\007"
  81      094E132E 
  81      A556058D 
  81      16D08039 
  81      D107
  82 0107 4B9F4DFD 		.ascii	"K\237M\375z\234>}\222\263\353nY\300\356k\2326\314\254"
  82      7A9C3E7D 
  82      92B3EB6E 
  82      59C0EE6B 
  82      9A36CCAC 
  83 011b 395FF8FE 		.ascii	"9_\370\376h\277\264ONO[\227\033q\001{\200q\363pr\315"
  83      68BFB44F 
  83      4E4F5B97 
  83      1B71017B 
  83      8071F370 
  84 0131 AE4F2EDB 		.ascii	"\256O.\333;\260\255\345\233!\207\276\263\363]<\264\314"
  84      3BB0ADE5 
  84      9B2187BE 
  84      B3F35D3C 
  84      B4CC
  85 0143 55DA1CD4 		.ascii	"U\332\034\324'w\201\031\207\205n\340\330)>7\240<\343"
  85      27778119 
  85      87856EE0 
  85      D8293E37 
  85      A03CE3
ARM GAS  C:\Users\Lena\AppData\Local\Temp\ccbarJhr.s 			page 6


  86 0156 28E99350 		.ascii	"(\351\223PR\034%S\331\316\011\224\204\253\205\225\277"
  86      521C2553 
  86      D9CE0994 
  86      84AB8595 
  86      BF
  87 0167 8D353E98 		.ascii	"\2155>\230\270S\016\252v\346\270\223\311\252Yg\321\264"
  87      B8530EAA 
  87      76E6B893 
  87      C9AA5967 
  87      D1B4
  88 0179 DE675157 		.ascii	"\336gQW]\274\3449\307\342\315\245\26161\242d\015(\031"
  88      5DBCE439 
  88      C7E2CDA5 
  88      B13631A2 
  88      640D2819 
  89 018d 8E326F40 		.ascii	"\2162o@\2313LE\233~\367\336\246\367\227A\024z\267\266"
  89      99334C45 
  89      9B7EF7DE 
  89      A6F79741 
  89      147AB7B6 
  90 01a1 2A9C6ED7 		.ascii	"*\234n\327\304\214\305\374\265\232([Q*\212\231Y\353"
  90      C48CC5FC 
  90      B59A285B 
  90      512A8A99 
  90      59EB
  91 01b3 C57084FC 		.ascii	"\305p\204\374\203\303A\3359\360&\305\357\357\242\256"
  91      83C341DD 
  91      39F026C5 
  91      EFEFA2AE 
  92 01c3 0C2E837B 		.ascii	"\014.\203{\355h\343\330\212\025\014|\013\234\357%\347"
  92      ED68E3D8 
  92      8A150C7C 
  92      0B9CEF25 
  92      E7
  93 01d4 CB1B46F5 		.ascii	"\313\033F\365\202\363e\275\015\357\000O\353\255\\d\206"
  93      82F365BD 
  93      0DEF004F 
  93      EBAD5C64 
  93      86
  94 01e5 52FD7143 		.ascii	"R\375qC\320$|\224\0161+\362\353\343=qle\305E\021P\365"
  94      D0247C94 
  94      0E312BF2 
  94      EBE33D71 
  94      6C65C545 
  95 01fc 8F5F173B 		.ascii	"\217_\027;4A\323*\266\261\333\334\3508\2144oN\242ym"
  95      3441D32A 
  95      B6B1DBDC 
  95      E8388C34 
  95      6F4EA279 
  96 0211 98D62B4E 		.ascii	"\230\326+NS\3424\205\342\367\264\330\303\004Kn\222\311"
  96      53E23485 
  96      E2F7B4D8 
  96      C3044B6E 
  96      92C9
  97 0223 002C8253 		.ascii	"\000,\202S&\203PD\261A\016\305\016\263(C\360\024e\030"
  97      26835044 
  97      B1410EC5 
ARM GAS  C:\Users\Lena\AppData\Local\Temp\ccbarJhr.s 			page 7


  97      0EB32843 
  97      F0146518 
  98 0237 665046E0 		.ascii	"fPF\3401\312(\304Q\034\020E9\003\021\224\263\240\200"
  98      31CA28C4 
  98      511C1045 
  98      39031194 
  98      B3A080
  99 024a 5382B7EC 		.ascii	"S\202\267\354\366\007\272\363\251\016"
  99      F607BAF3 
  99      A90E
 100              		.text
 101              		.section	.gnu.lto_.symbol_nodes.d26e0c3c,"",%progbits
 102 0000 789C6365 		.ascii	"x\234ce`b\360`\000\002\246\271L\365\014\014\023\316"
 102      6062F060 
 102      0002A6B9 
 102      4CF50C0C 
 102      13CE
 103 0012 313000A9 		.ascii	"10\000\251]\015\216@\221yL\365\214(\"\254s\230\030\032"
 103      5D0D8E40 
 103      91794CF5 
 103      8C2822AC 
 103      7398181A 
 104 0026 95808A19 		.ascii	"\225\200\212\031\3473\3253\201\245\030\030\032\032\034"
 104      E733D533 
 104      81A51818 
 104      1A1A1C
 105 0035 18189881 		.ascii	"\030\030\230\201p\311\203\177\214\014\000se\020\322"
 105      70C9837F 
 105      8C0C0073 
 105      6510D2
 106              		.text
 107              		.section	.gnu.lto_.refs.d26e0c3c,"",%progbits
 108 0000 789C6365 		.ascii	"x\234ce`b`d\000\002\000\000I\000\011"
 108      60626064 
 108      00020000 
 108      490009
 109              		.text
 110              		.section	.gnu.lto_.decls.d26e0c3c,"",%progbits
 111 0000 789CC556 		.ascii	"x\234\305ViLTW\024~g\3560\302\200\305@\323\370\303D"
 111      694C5457 
 111      147E67EE 
 111      30C280C5 
 111      40D3F8C3 
 112 0015 6230D226 		.ascii	"b0\322&\202\240\225\3064V\013\356\250\304\355G3\315"
 112      82A095C6 
 112      34560BEE 
 112      A8C4ED47 
 112      33CD
 113 0027 6460469D 		.ascii	"d`F\235v`\2463\203\321\364\317SQ\334p\211K\305\252\301"
 113      7660A633 
 113      83D1F4CF 
 113      5351DC70 
 113      894BC5AA 
 114 003c A515DC40 		.ascii	"\245\025\334@\334\367\021\025\021\001Q*\210\262\271"
 114      DCF71115 
 114      1101512A 
 114      88B2B9
ARM GAS  C:\Users\Lena\AppData\Local\Temp\ccbarJhr.s 			page 8


 115 004b 511740C5 		.ascii	"Q\027@\305\015\027\244\347\336\373\206\367|\320\037"
 115      0D17A4E7 
 115      DEFB86F7 
 115      7CD01F
 116 005a A66D7AC3 		.ascii	"\246mz\303\367\356;\367|\367\334\357\234{\357c|\004"
 116      F7EE3BF7 
 116      7CF7DCEF 
 116      9C7BEF63 
 116      7C04
 117 006c 8D30C95F 		.ascii	"\2150\311_\020~ \202\240\005Ah\307\246\025\004a\217"
 117      107E2082 
 117      A0054168 
 117      C7A61504 
 117      618F
 118 007e 20377409 		.ascii	" 7t\011{\021\271\210<\004\322\2046\341\303\366=p\336"
 118      7B11B988 
 118      3C04D284 
 118      36E1C3F6 
 118      3D70DE
 119 0091 34C47BC5 		.ascii	"4\304{\305|\21547O\350\334L\300cM\223l\220\326P\267"
 119      7C8D3437 
 119      4FE8DC4C 
 119      C0634D93 
 119      6C90D650 
 120 00a6 B752EC7E 		.ascii	"\267R\354~\210*\304;D\020\242\014q\015Q\216\270\202"
 120      882AC43B 
 120      4410A20C 
 120      710D518E 
 120      B882
 121 00b8 B88AA840 		.ascii	"\270\212\250@\\F4#Z\020\317\021O\021O\020/\020/\021"
 121      5C463423 
 121      5A10CF11 
 121      4F114F10 
 121      2F102F11 
 122 00cc AD886788 		.ascii	"\255\210g\210&\304\343.\326\243\355\027\002\207\322"
 122      26C4E32E 
 122      D6A3ED17 
 122      0287D2
 123 00db CF9DD4D4 		.ascii	"\317\235\324\324B5`\016\320\203+\004\376\004\006f\266"
 123      4235600E 
 123      D0832B04 
 123      FE040666 
 123      B6
 124 00ec 7B1B001B 		.ascii	"{\033\000\033\307Q\215 %\346\035\002\357\014\311\326"
 124      C7518D20 
 124      25E61D02 
 124      EF0CC9D6 
 125 00fc 48A6460A 		.ascii	"H\246F\012\311\376\244\311\240\210\310\335|%o\343u\342"
 125      C9FEA4C9 
 125      A088C8DD 
 125      7C256FE3 
 125      75E2
 126 010e 2F6C9A77 		.ascii	"/l\232w6h\344\005\000\224\023\024\001\271l\311\337\241"
 126      3668E405 
 126      00941314 
 126      01B96CC9 
 126      DFA1
ARM GAS  C:\Users\Lena\AppData\Local\Temp\ccbarJhr.s 			page 9


 127 0120 4F909303 		.ascii	"O\220\223\003o\366O3\212\033\364uPCG3\207\001\037kZ"
 127      6FF64F33 
 127      8A1BF475 
 127      50434733 
 127      87011F6B 
 128 0135 511A4834 		.ascii	"Q\032H4@\337\353^g\215\014\337-\362\346\333[.\333\371"
 128      40DFEB5E 
 128      678D0CDF 
 128      2DF2E6DB 
 128      5B2EDBF9 
 129 0149 F6579EC0 		.ascii	"\366W\236\300\345\004\202\364\240A\363\352\223\342M"
 129      E50482F4 
 129      A041F3EA 
 129      93E24D
 130 0158 FE687EAA 		.ascii	"\376h~\252\207\036h\266\316\275vF\337s\035\2335_\354"
 130      871E68B6 
 130      CEBD7646 
 130      DF731D9B 
 130      355FEC
 131 016b A181699F 		.ascii	"\241\201i\237\301n\350\005\273\240\027.\276\007z\342"
 131      C16EE805 
 131      BBA0172E 
 131      BE077AE2 
 132 017b 3341CB23 		.ascii	"3A\313#\375\326T\232\343\333'S\314\254\027=\027\356"
 132      FDD6549A 
 132      E3DB2753 
 132      CCAC173D 
 132      17EE
 133 018d 7C712B4F 		.ascii	"|q+O\024\027\3404-\245A6\020\330\011\341T2\276\3423"
 133      1417E034 
 133      2DA54136 
 133      10D809E1 
 133      5432BEE2 
 134 01a2 0BEA0076 		.ascii	"\013\352\000v@-&\264\027\372\340\364\342\206\232\237"
 134      402D26B4 
 134      17FAE0F4 
 134      E2869A9F 
 135 01b2 C932606A 		.ascii	"\3112`jS3\357\036\325a\250\\\014\225\377y\206\350\231"
 135      5333EF1E 
 135      D561A85C 
 135      0C95FF79 
 135      86E899
 136 01c5 8781342C 		.ascii	"\207\2014,P\216\034(G\035(\227\005\022\357\037\257\016"
 136      508E1C28 
 136      471D2897 
 136      0512EF1F 
 136      AF0E
 137 01d7 24EB78A4 		.ascii	"$\353x\244\234m\025k\272c\244zQ\364\264\357\376\272"
 137      9C6D156B 
 137      BA63A47A 
 137      51F4B4EF 
 137      FEBA
 138 01e9 3DAD6099 		.ascii	"=\255`\231\270\005\230t\330'\207\332GC\321\227<\026"
 138      B8059874 
 138      D82787DA 
 138      4743D197 
 138      3C16
ARM GAS  C:\Users\Lena\AppData\Local\Temp\ccbarJhr.s 			page 10


 139 01fb A2F0ECDE 		.ascii	"\242\360\354\336\227\376d=/]\331\306ME>\274B\007h\211"
 139      97FE643D 
 139      2F5DD9C6 
 139      4D453EBC 
 139      42076889 
 140 020f D273DA7D 		.ascii	"\322s\332}y\2052\203\251\231\375\2767\367\256\247\336"
 140      79853283 
 140      A999FDBE 
 140      37F7AEA7 
 140      DE
 141 0220 23279BA2 		.ascii	"#'\233\242\270\331\013\255c5O=R9\353\201nI\311\206;"
 141      B8D90BAD 
 141      63354F3D 
 141      5239EB81 
 141      6E49C986 
 142 0235 9F703B84 		.ascii	"\237p;\204\232bzZ\000g\267R\367\305\212M\315z\262\213"
 142      9A627A5A 
 142      0067B752 
 142      F7C58A4D 
 142      CD7AB28B 
 143 0249 AFDB9C7A 		.ascii	"\257\333\234z\257\336\237;{\242y%5w#\341\246V\261QA"
 143      AFDE9F3B 
 143      7BA27925 
 143      357723E1 
 143      A656B151 
 144 025e 7CA3AA17 		.ascii	"|\243\252\027/\334\254#y|fMa\366.J\355\247\007z\216"
 144      2FDCAC23 
 144      797C664D 
 144      61F62E4A 
 144      EDA7077A 
 145 0273 02691D1A 		.ascii	"\002i\035\032\217\276\356\316\207(\343\352\212\226\355"
 145      8FBEEECE 
 145      8728E3EA 
 145      8A96ED
 146 0282 DDC86146 		.ascii	"\335\310aF\327d\024U\346k!L\377;\335eO\345\365\241\031"
 146      D7641455 
 146      E66B214C 
 146      FF3BDD65 
 146      4FE5F5A1 
 147 0297 2DA21802 		.ascii	"-\242\030\002\347@\017\371r\211\372\351\361\271H\024"
 147      E7400FF9 
 147      7289FAE9 
 147      F1B94814 
 148 02a7 E7892BE7 		.ascii	"\347\211+\347\213~\243\0058\212\347\340$\236\0038\013"
 148      8B7EA305 
 148      388AE7E0 
 148      249E0338 
 148      0B
 149 02b8 61342EE5 		.ascii	"a4.\345\301\031\034\364\340 \256\221\275}\325V\035\251"
 149      C1191CF4 
 149      E020AE91 
 149      BD7DD556 
 149      1DA9
 150 02ca 226C8D82 		.ascii	"\"l\215\202S7\257kA\037\326e\200\013]\004\220\304\274"
 150      5337AF6B 
 150      411FD665 
 150      800B5D04 
ARM GAS  C:\Users\Lena\AppData\Local\Temp\ccbarJhr.s 			page 11


 150      90C4BC
 151 02dd EB53B080 		.ascii	"\353S\260\200n}\001\2129/\213Am\374\320\335>V=WC\232"
 151      6E7D018A 
 151      392F8B41 
 151      6DFCD0DD 
 151      3E563D57 
 152 02f3 B52CAB0D 		.ascii	"\265,\253\015\307\237{w\312\027\315\307\253\317\227"
 152      C79F7B77 
 152      CA17CDC7 
 152      ABCF97
 153 0302 68480BF7 		.ascii	"hH\013\3675\\\237\237\241#\255\334X\331V%\352\210\350"
 153      355C9F9F 
 153      A123ADDC 
 153      58D95625 
 153      EA88E8
 154 0315 C38CF4C7 		.ascii	"\303\214\364\307\255[\264$\215\033U\363_Ut'\351\314"
 154      AD5BB424 
 154      8D1B55F3 
 154      5F557427 
 154      E9CC
 155 0327 F05B9873 		.ascii	"\360[\230s\344@\000\204\322\026\034\032\032\266\225"
 155      E4400084 
 155      D2161C1A 
 155      1AB695
 156 0336 6AF754EE 		.ascii	"j\367T\356$K\263K\227\211\231\371\300T\225\242\252?"
 156      244BB34B 
 156      978999F9 
 156      C05495A2 
 156      AA3F
 157 0348 2058CEE6 		.ascii	" X\316\346\004\273\033\221\370\020\370\2147C\361\004"
 157      04BB1B91 
 157      F810F88C 
 157      3743F104 
 158 0358 A712C62E 		.ascii	"\247\022\306.Q\263#T\344\207\337\310\344\"5\371\"\013"
 158      51B32354 
 158      E487DFC8 
 158      E42235F9 
 158      220B
 159 036a 7D1414B1 		.ascii	"}\024\024\261\025\364B5\375\224Z\311\015\005\373R\327"
 159      15F44235 
 159      FD945AC9 
 159      0D05FB52 
 159      D7
 160 037b C1197B15 		.ascii	"\301\031{\025-\376JQ\034\246\025\340\010\372\0173\027"
 160      2DFE4A51 
 160      1CA615E0 
 160      08FA0F33 
 160      17
 161 038c 6563FDA1 		.ascii	"ec\375\241\022\267\253\014B\341\032\242\034q\005q\025"
 161      12B7AB0C 
 161      42E11AA2 
 161      1C710571 
 161      15
 162 039d 5181B80C 		.ascii	"Q\201\270\014\241\354\"\361\365\212\024\353\025w\231"
 162      A1EC22F1 
 162      F58A14EB 
 162      157799
ARM GAS  C:\Users\Lena\AppData\Local\Temp\ccbarJhr.s 			page 12


 163 03ac B93297A2 		.ascii	"\2712\227\242\3212\373t\327\271p:?\033\315\247\202\346"
 163      D132FB74 
 163      D7B9703A 
 163      3F1BCDA7 
 163      82E6
 164 03be 8A22509A 		.ascii	"\212\"P\232 \235\013\351\233v\372}j\231\216,\322\261"
 164      209D0BE9 
 164      9B76FA7D 
 164      6A998E2C 
 164      D2B1
 165 03d0 93B77D49 		.ascii	"\223\267}I\361!_\010\016\353*'\270\201\251|LZ|\345\206"
 165      F1215F08 
 165      0EEB2A27 
 165      B881A97C 
 165      4C5A7CE5 
 166 03e5 421D7E44 		.ascii	"B\035~D\241\012'^\227\317$\325\301\226\367^\372 \351"
 166      A10A275E 
 166      97CF24D5 
 166      C196F75E 
 166      FA20E9
 167 03f8 D2A795BC 		.ascii	"\322\247\225\274\330\241!\27729\220{\"\265\351\023\356"
 167      D8A121BF 
 167      3239907B 
 167      22B5E913 
 167      EE
 168 0409 F450E7D2 		.ascii	"\364P\347\322\005+\026w#[\271\363YV\336f_\356\314\242"
 168      052B1677 
 168      235BB9F3 
 168      5956DE66 
 168      5FEECCA2 
 169 041d CE076D05 		.ascii	"\316\007m\005\217|H6w\356.\271P-}\000\026Qg\371\253"
 169      8F7C4836 
 169      77EE2EB9 
 169      502D7D00 
 169      165167F9 
 170 0432 B2343DC9 		.ascii	"\2624=\311\345\316\366\007U\333\374\270\363\011\265"
 170      E5CEF607 
 170      55DBFCB8 
 170      F309B5
 171 0441 971C5CBD 		.ascii	"\227\034\\\275-\220\034\346\316\362\206-\251\322g\246"
 171      2D901CE6 
 171      CEF2862D 
 171      A9D267A6 
 172 0451 8CDACB57 		.ascii	"\214\332\313W\354\337\247'\247\2703\253a\343r\311\371"
 172      ECDFA727 
 172      A7B833AB 
 172      61E372C9 
 172      F9
 173 0462 159A074B 		.ascii	"\025\232\007K\216\324\372\220\363\334W\335R\221\346"
 173      8ED4FA90 
 173      F3DC57DD 
 173      5291E6
 174 0471 4F8AB991 		.ascii	"O\212\271\221\363n\315\016\035)\347\306\362\214\232"
 174      F36ECD0E 
 174      1D29E7C6 
 174      F28C9A
 175 0480 5C3DB9C1 		.ascii	"\\=\271\301\214\356mu\317O\373CphG\013\013UV\373 V\373"
ARM GAS  C:\Users\Lena\AppData\Local\Temp\ccbarJhr.s 			page 13


 175      8CEE6D75 
 175      CF4FFB43 
 175      7068470B 
 175      0B5556FB 
 176 0497 00DBBE46 		.ascii	"\000\333\276F\251\324\257\260\324\315X\326\026\304s"
 176      A9D4AFB0 
 176      D4CD58D6 
 176      16C473
 177 04a6 C453C413 		.ascii	"\304S\304\023\304\013\304KD+\342\031\242\011\361X>Q"
 177      C40BC44B 
 177      442BE219 
 177      A209F158 
 177      3E51
 178 04b8 B4F4A541 		.ascii	"\264\364\245A\253E\261p\000+\376q,>\015\331\261\235"
 178      AB45B170 
 178      002BFE71 
 178      2C3E0DD9 
 178      B19D
 179 04ca C73EBC1F 		.ascii	"\307>\274\037\310\317\037;\227\235)J\177\250\246\177"
 179      C8CF1F3B 
 179      979D294A 
 179      7FA8A67F 
 180 04da 70F72879 		.ascii	"p\367(y\242L~\244&\037\0025;Nf\337U\263\357\250\331"
 180      A24C7EA4 
 180      261F0235 
 180      3B4E66DF 
 180      55B3EFA8 
 181 04ef B7C7C9EC 		.ascii	"\267\307\311\354\0065\373^'\335\267\025\272\037\250"
 181      0635FB5E 
 181      27DDB715 
 181      BA1FA8
 182 04fe E9273AA7 		.ascii	"\351':\2479A\246W\253\3517;)Wh\271\257f\377\331I\271"
 182      3941A657 
 182      ABE9373B 
 182      295768B9 
 182      AF66FFD9 
 183 0514 22CFDB6A 		.ascii	"\"\317\333j\366\255\316R\306\313\364z5\275N\016.]\342"
 183      F6ADCE52 
 183      C6CBF47A 
 183      35BD4E0E 
 183      2E5DE2
 184 0527 8BFC1237 		.ascii	"\213\374\0227~x\211\245\315.Qlv\255:V\215bi<\221g^7"
 184      7E7889A5 
 184      CD2E516C 
 184      76AD3A56 
 184      8D62693C 
 185 053f 2E0824B7 		.ascii	".\010$\267\370\245o\253\276\373\245\352\316{O!\274\305"
 185      F8A56FAB 
 185      BEFBA5EA 
 185      CE7B4F21 
 185      BCC5
 186 0551 C3F74F0E 		.ascii	"\303\367O\016\"\027^q\231}\003\336`\240\327\3627\240"
 186      22175E71 
 186      997D03DE 
 186      60A0D7F2 
 186      37A0
 187 0563 D1FB0DD8 		.ascii	"\321\373\015\330T\357\271\343\023,\255\277\350\357\326"
ARM GAS  C:\Users\Lena\AppData\Local\Temp\ccbarJhr.s 			page 14


 187      54EFB9E3 
 187      132CADBF 
 187      E8EFD6
 188 0572 173E7A71 		.ascii	"\027>zq\014\235\367\342\322Z\377\276\333\304\\\017\376"
 188      0C9DF7E2 
 188      D25AFFBE 
 188      DBC45C0F 
 188      FE
 189 0583 CE3A1B98 		.ascii	"\316:\033\230\215\277\215\374\340\035\006\334\317u("
 189      8DBF8DFC 
 189      E01D06DC 
 189      CF7528
 190 0592 EE1B1D99 		.ascii	"\356\033\035\231\202\277o\333\240/\375\015\330ZY\033"
 190      82BF6FDB 
 190      A02FFD0D 
 190      D85A591B 
 191 05a2 10B0A4E3 		.ascii	"\020\260\244\343?0\373\021\344\375\300\012\360\036\002"
 191      3F30FB11 
 191      E4FDC00A 
 191      F01E02
 192 05b1 BC69E0AB 		.ascii	"\274i\340\253\020`4ZLN\333\034\2435\331\352\366\035"
 192      1060345A 
 192      4C4EDB1C 
 192      A335D9EA 
 192      F61D
 193 05c3 35616A48 		.ascii	"5ajHLd\244\340\212\035b\2304e\342d\034\235n7\304Z]n"
 193      4C64A4E0 
 193      8A1D6298 
 193      3465E264 
 193      1C9D6E37 
 194 05db A735C138 		.ascii	"\2475\3018y\312\370\201Q^\313\0203\323\232`\235\354"
 194      79CAF881 
 194      515ECB10 
 194      33D39A60 
 194      9DEC
 195 05ed 4E315BED 		.ascii	"N1[\355\306Y\003\224\246!\221\276\333]\221\321\203#"
 195      C6590394 
 195      A62191BE 
 195      DB5D91D1 
 195      8323
 196 05ff ECAE8899 		.ascii	"\354\256\210\231&[D\202\335\3444\273\"&O1N\230\032\023"
 196      265B4482 
 196      DDE434BB 
 196      22264F31 
 196      4E981A13 
 197 0613 376262E4 		.ascii	"7bb\344\240A\306\221\321\203\243\277\033\303]\341\211"
 197      A041C691 
 197      D183A3BF 
 197      1BC35DE1 
 197      89
 198 0624 821F7B19 		.ascii	"\202\037{\031\2032z\270\334I\003\243\214\2116{\342\217"
 198      83327AB8 
 198      DC4903A3 
 198      8C89367B 
 198      E28F
 199 0636 4C97E3DF 		.ascii	"L\227\343\337\226\343\260;\335T\015\006\340\317\221"
 199      96E3B03B 
ARM GAS  C:\Users\Lena\AppData\Local\Temp\ccbarJhr.s 			page 15


 199      DD540D06 
 199      E0CF91
 200 0645 D1B36753 		.ascii	"\321\263gS\217\321f3\207\317\024\202\034\370j\266L7"
 200      8FD16633 
 200      87CF1482 
 200      1CF86AB6 
 200      4C37
 201 0657 A5D8DCC6 		.ascii	"\245\330\334\306D{\362t\353\014]\374\330X\223\333\244"
 201      447BF274 
 201      EB0C5DFC 
 201      D85893DB 
 201      A4
 202 0668 354D77DA 		.ascii	"5Mw\332\364Fc\2125\331\215\032\335k\301<\304\340t\333"
 202      F446638A 
 202      35D98D1A 
 202      DD6BC13C 
 202      C4E074DB 
 203 067c 5D5C9B59 		.ascii	"]\\\233Y\322\3062\360Z\\\200\253C\233\3024\270\355v"
 203      D2C632F0 
 203      5A5C80AB 
 203      439BC234 
 203      B8ED76
 204 068f 9BCB3023 		.ascii	"\233\3130#9%\204\275\205\230\234I!\226\244\004\213\331"
 204      392584BD 
 204      85989C49 
 204      2196A404 
 204      8BD9
 205 06a1 6C311B06 		.ascii	"l1\033\006\207\017\014\211\032\020\031\375S\244\001"
 205      870F0C89 
 205      1A1019FD 
 205      53A401
 206 06b0 C7FB27DB 		.ascii	"\307\373'\333\223-\375-\246\004\253\301\232\234hK1["
 206      932DFD2D 
 206      A604ABC1 
 206      9A9C684B 
 206      315B
 207 06c2 0C49268C 		.ascii	"\014I&\214\225l1thu\317qX\\\230\200\257W\337\222\377"
 207      956C3174 
 207      6875CF71 
 207      585C9880 
 207      AF57DF92 
 208 06d7 559F6B8E 		.ascii	"U\237k\216\313\200k\231Q\014\212\"v\263\323\307\221"
 208      CB806B99 
 208      510C8A22 
 208      76B3D3C7 
 208      91
 209 06e8 E2303BBB 		.ascii	"\3420;\273\331]\016\213\305\354\324\331\251`\247O\222"
 209      D95D0E8B 
 209      C5ECD4D9 
 209      A960A74F 
 209      92
 210 06f9 DD6C71D2 		.ascii	"\335lq\322\322\316L\371/\267:..6bT\374\230\211\263\242"
 210      D2CE4CF9 
 210      2FB73A2E 
 210      2E366254 
 210      FC9889B3 
 211 070e D85E3BE4 		.ascii	"\330^;\344\375\346'n\206\003#\272,\356\024\207\321\255"
ARM GAS  C:\Users\Lena\AppData\Local\Temp\ccbarJhr.s 			page 16


 211      FDE6276E 
 211      860323BA 
 211      2CEE1487 
 211      D1AD
 212 0720 8B1F43F7 		.ascii	"\213\037C\367[\027?\232w\243x7\222w#x\027\313\273\030"
 212      5B173F9A 
 212      77A37837 
 212      92772378 
 212      17CBBB18 
 213 0734 DE7DCBBB 		.ascii	"\336}\313\273\341\274\033G;\277\370\341q1\354\374\374"
 213      E1BC1B47 
 213      3BBFF8E1 
 213      7131ECFC 
 213      FC
 214 0745 055D8079 		.ascii	"\005]\200y\017"
 214      0F
 215              		.text
 216              		.section	.gnu.lto_.symtab.d26e0c3c,"",%progbits
 217 0000 5F5F6561 		.ascii	"__early_init\000"
 217      726C795F 
 217      696E6974 
 217      00
 218 000d 00       		.ascii	"\000"
 219 000e 00       		.ascii	"\000"
 220 000f 00       		.ascii	"\000"
 221 0010 00000000 		.ascii	"\000\000\000\000\000\000\000\000"
 221      00000000 
 222 0018 AE000000 		.ascii	"\256\000\000\000"
 223 001c 626F6172 		.ascii	"boardInit\000"
 223      64496E69 
 223      7400
 224 0026 00       		.ascii	"\000"
 225 0027 00       		.ascii	"\000"
 226 0028 00       		.ascii	"\000"
 227 0029 00000000 		.ascii	"\000\000\000\000\000\000\000\000"
 227      00000000 
 228 0031 B0000000 		.ascii	"\260\000\000\000"
 229 0035 70616C5F 		.ascii	"pal_default_config\000"
 229      64656661 
 229      756C745F 
 229      636F6E66 
 229      696700
 230 0048 00       		.ascii	"\000"
 231 0049 00       		.ascii	"\000"
 232 004a 00       		.ascii	"\000"
 233 004b 00000000 		.ascii	"\000\000\000\000\000\000\000\000"
 233      00000000 
 234 0053 FD000000 		.ascii	"\375\000\000\000"
 235 0057 73746D33 		.ascii	"stm32_clock_init\000"
 235      325F636C 
 235      6F636B5F 
 235      696E6974 
 235      00
 236 0068 00       		.ascii	"\000"
 237 0069 02       		.ascii	"\002"
 238 006a 00       		.ascii	"\000"
 239 006b 00000000 		.ascii	"\000\000\000\000\000\000\000\000"
ARM GAS  C:\Users\Lena\AppData\Local\Temp\ccbarJhr.s 			page 17


 239      00000000 
 240 0073 B2000000 		.ascii	"\262\000\000\000"
 241              		.text
 242              		.section	.gnu.lto_.opts,"",%progbits
 243 0000 272D666D 		.ascii	"'-fmath-errno' '-fsigned-zeros' '-ftrapping-math' '"
 243      6174682D 
 243      6572726E 
 243      6F272027 
 243      2D667369 
 244 0033 2D666E6F 		.ascii	"-fno-trapv' '-fno-openmp' '-fno-openacc' '-mcpu=cor"
 244      2D747261 
 244      70762720 
 244      272D666E 
 244      6F2D6F70 
 245 0066 7465782D 		.ascii	"tex-m7' '-mno-thumb-interwork' '-mthumb' '-ggdb' '-"
 245      6D372720 
 245      272D6D6E 
 245      6F2D7468 
 245      756D622D 
 246 0099 4F322720 		.ascii	"O2' '-fomit-frame-pointer' '-falign-functions=16' '"
 246      272D666F 
 246      6D69742D 
 246      6672616D 
 246      652D706F 
 247 00cc 2D666675 		.ascii	"-ffunction-sections' '-fdata-sections' '-fno-common"
 247      6E637469 
 247      6F6E2D73 
 247      65637469 
 247      6F6E7327 
 248 00ff 2720272D 		.ascii	"' '-flto'\000"
 248      666C746F 
 248      2700
 249              		.text
 250              		.comm	__gnu_lto_v1,1,1
 251              		.comm	__gnu_lto_slim,1,1
 252              		.ident	"GCC: (GNU Tools for ARM Embedded Processors 6-2017-q1-update) 6.3.1 20170215 (release) [AR
ARM GAS  C:\Users\Lena\AppData\Local\Temp\ccbarJhr.s 			page 18


DEFINED SYMBOLS
                            *ABS*:00000000 board.c
                            *COM*:00000001 __gnu_lto_v1
                            *COM*:00000001 __gnu_lto_slim

NO UNDEFINED SYMBOLS
