ARM GAS  C:\Users\Lena\AppData\Local\Temp\ccVQ5k60.s 			page 1


   1              		.cpu cortex-m7
   2              		.eabi_attribute 20, 1
   3              		.eabi_attribute 21, 1
   4              		.eabi_attribute 23, 3
   5              		.eabi_attribute 24, 1
   6              		.eabi_attribute 25, 1
   7              		.eabi_attribute 26, 1
   8              		.eabi_attribute 30, 2
   9              		.eabi_attribute 34, 1
  10              		.eabi_attribute 18, 4
  11              		.file	"chcore_v7m.c"
  12              		.text
  13              	.Ltext0:
  14              		.section	.gnu.lto_.profile.d26e1f81,"",%progbits
  15 0000 789C6365 		.ascii	"x\234ce`b`a```d0\224\001\000\000\376\000Z"
  15      60626061 
  15      60606064 
  15      30940100 
  15      00FE005A 
  16              		.text
  17              		.section	.gnu.lto_.icf.d26e1f81,"",%progbits
  18 0000 789C6365 		.ascii	"x\234ce`b\020a@\000f\206\345K\256\264s3\367\276\273"
  18      60621061 
  18      40006686 
  18      E54BAEB4 
  18      7333F7BE 
  19 0015 BF9687E5 		.ascii	"\277\226\207\345\363\206\025\213\330\030\000^5\010\335"
  19      F386158B 
  19      D818005E 
  19      3508DD
  20              		.text
  21              		.section	.gnu.lto_.jmpfuncs.d26e1f81,"",%progbits
  22 0000 789C6365 		.ascii	"x\234ce`b\340e@\000f(\301\002\242\001\002|\000\037"
  22      6062E065 
  22      40006628 
  22      C102A201 
  22      027C001F 
  23              		.text
  24              		.section	.gnu.lto_.inline.d26e1f81,"",%progbits
  25 0000 789C6365 		.ascii	"x\234ce`bpc@\000f\006\006~1F\006&\221\013=\214\014l"
  25      60627063 
  25      40006606 
  25      067E3146 
  25      0626910B 
  26 0018 0BE49940 		.ascii	"\013\344\231@\202L\334`\031N\016\240\004\317\203X\270"
  26      824CDC60 
  26      194E0EA0 
  26      04CF8358 
  26      B8
  27 0029 380B0317 		.ascii	"8\013\003\0277HhN$\\\210\221\013D\002\000\021\202\006"
  27      3748684E 
  27      245C8891 
  27      0B440200 
  27      118206
  28 003c D4       		.ascii	"\324"
  29              		.text
  30              		.section	.gnu.lto_.pureconst.d26e1f81,"",%progbits
ARM GAS  C:\Users\Lena\AppData\Local\Temp\ccVQ5k60.s 			page 2


  31 0000 789C6365 		.ascii	"x\234ce`b\340b```f\330\305\310\274\213\221e\027#\000"
  31      6062E062 
  31      60606066 
  31      D8C5C8BC 
  31      8B916517 
  32 0016 0C46024D 		.ascii	"\014F\002M"
  33              		.text
  34              		.section	.gnu.lto__port_irq_epilogue.part.0.d26e1f81,"",%progbits
  35 0000 789CB554 		.ascii	"x\234\265ToL[U\024\277\347\335\367\332R\012$\304\017"
  35      6F4C5B55 
  35      14BFE7DD 
  35      F7DA520A 
  35      24C40F
  36 0013 9AEC4389 		.ascii	"\232\354C\211!\313\222eo\272\304\031\243\037\014\213"
  36      21CB9265 
  36      6FBAC419 
  36      A31F0C8B 
  37 0023 8926CD0C 		.ascii	"\211&\315\014\335G\222\306=@\032WZ\333\262\360\215\273"
  37      DD4792C6 
  37      3D401A57 
  37      5ADBB2F0 
  37      8DBB
  38 0035 4207290A 		.ascii	"B\007)\012fJG'\365\261-\0067E\006sS\230\033\225?\373"
  38      664A4727 
  38      F5B12D06 
  38      37450673 
  38      53981B95 
  39 004b 878ECC29 		.ascii	"\207\216\314)&\333>L\350\0267\266\305\021b\314\"\324"
  39      26DB3E4C 
  39      E81637B6 
  39      C51162CC 
  39      22D4
  40 005d 73EE2B82 		.ascii	"s\356+\202:\023c\342K\336}\367\236{~\347\234\373\373"
  40      3A1363E2 
  40      4BDE7DF7 
  40      9E7B7EE7 
  40      9CFBFB
  41 0070 9DFB34A6 		.ascii	"\235\3734\246\260\3475\306\236\004\306^b\214\201\235"
  41      B0E735C6 
  41      9E04C65E 
  41      628C819D 
  42 0080 81ED9D4B 		.ascii	"\201\355\235K8\261\201\"\277\212\302\333\3263\341Ti"
  42      38B18122 
  42      BF8AC2DB 
  42      D633E154 
  42      69
  43 0091 7471D0C8 		.ascii	"tq\320\310\272\307\241\256L4\000\232\010\007\260&\233"
  43      BAC7A1AE 
  43      4C34009A 
  43      0807B026 
  43      9B
  44 00a2 C2550D9A 		.ascii	"\302U\015\232\240\223\357\3470\326zkX\331\320'\360\311"
  44      A093EFE7 
  44      30D67A6B 
  44      58D9D027 
  44      F0C9
  45 00b4 EC5FB4EF 		.ascii	"\354_\264\357\025\361\307M\316X\012_z\240\01760t\233"
ARM GAS  C:\Users\Lena\AppData\Local\Temp\ccVQ5k60.s 			page 3


  45      15F1C74D 
  45      CE580A5F 
  45      7AA00F36 
  45      30749B
  46 00c7 1D5CEE2A 		.ascii	"\035\\\356*\262\251\226\035>\302\274\214\021\374r\313"
  46      B2A9961D 
  46      3EC2BC8C 
  46      11FC72CB 
  47 00d7 B11EDEC1 		.ascii	"\261\036\336\301M\016\240\342\362\3017\007\346\212i"
  47      4D0EA0E2 
  47      F2C13707 
  47      E68A69
  48 00e6 A9801B97 		.ascii	"\251\200\033\227\267\332'\317\330y\010(B\346\303\023"
  48      B7DA27CF 
  48      D8790828 
  48      42E6C313 
  49 00f6 33507E58 		.ascii	"3P~X\210\230\310\344>x\366\350\325\254\020\373\332\300"
  49      8898C8E4 
  49      3E78F6E8 
  49      D5AC10FB 
  49      DAC0
  50 0108 E41C3E06 		.ascii	"\344\034>\006\216q\341(\254\203#\260\316\312\373\011"
  50      8E71E128 
  50      AC8323B0 
  50      CECAFB09 
  51 0118 9423E8AD 		.ascii	"\224#\350\255\267\227\026K\010\264OV\227l\216\237\027"
  51      B797164B 
  51      08B44F56 
  51      976C8E9F 
  51      17
  52 0129 2A42D8DF 		.ascii	"*B\330\337\374\373\245\177\342B\366P\011\277\0152\343"
  52      FCFBA57F 
  52      E242F650 
  52      09BF0D32 
  52      E3
  53 013a FDE5EB09 		.ascii	"\375\345\353\011W>\343/f\351\273\315B\202U\370\364\021"
  53      573EE32F 
  53      66E9BBCD 
  53      428255F8 
  53      F411
  54 014c F906A07C 		.ascii	"\371\006\240|\340[\020b9\327*\304\325-\245.\2205(r\207"
  54      E05B1062 
  54      39D72AC4 
  54      D52DA52E 
  54      90352872 
  55 0161 CB516526 		.ascii	"\313Qe&\3274\034l\214%\220\007\"4\201\013\374\362v\256"
  55      D7341C6C 
  55      8C259007 
  55      2234810B 
  55      FCF276AE 
  56 0175 C8EF1DD8 		.ascii	"\310\357\035\3303;\332\371\363EX\345\214\240\2222\266"
  56      333BDAF9 
  56      F34558E5 
  56      8CA09232 
  56      B6
  57 0186 4A648BC5 		.ascii	"Jd\213\305w\217\363\025\006\307\300\226\342\260\206"
  57      778FF315 
ARM GAS  C:\Users\Lena\AppData\Local\Temp\ccVQ5k60.s 			page 4


  57      06C7C096 
  57      E2B086
  58 0195 64CACB60 		.ascii	"d\312\313`\220\0000\204#R}\237\342%;\222\246Z\366\033"
  58      90003084 
  58      23527D9F 
  58      E2253B92 
  58      A65AF61B 
  59 01a9 98A2DB6D 		.ascii	"\230\242\333mr;!\226f\343s\005\252\202\216\307\241L"
  59      723B2196 
  59      66E37305 
  59      AA828EC7 
  59      A14C
  60 01bb C63F3B7B 		.ascii	"\306?;{|\304\206\026\370\014\3244\206ep\002Tv\023b7"
  60      7CC48616 
  60      F80CD434 
  60      86657002 
  60      54761362 
  61 01d0 64591490 		.ascii	"dY\024\220\342\323\026\031\333;&K\251\002\231\223\335"
  61      E2D31619 
  61      DB3B264B 
  61      A9029993 
  61      DD
  62 01e1 86D842EB 		.ascii	"\206\330B\353\021N\2064W\362>n\271?@\030\005=\232{\366"
  62      114E8634 
  62      57F23E6E 
  62      B93F4018 
  62      053D9A7B 
  63 01f6 F65FA9B6 		.ascii	"\366_\251\266\\8\2320\347\225\037'\222\232\325\0047"
  63      5C389A30 
  63      E7951F27 
  63      929AD504 
  63      37
  64 0207 72B95C09 		.ascii	"r\271\\\011\234DV\377\214\344\024{\361\247t\334I6\304"
  64      9C4456FF 
  64      8CE4147B 
  64      F1A774DC 
  64      4936C4
  65 021a 64FB16BA 		.ascii	"d\373\026\272\012\010\243Z\0304}7}y\252\320\2044\366"
  65      0A08A35A 
  65      18347D37 
  65      7D79AAD0 
  65      8434F6
  66 022d 840303C3 		.ascii	"\204\003\003\303\347\244\015\332\357\036\034z\337\246"
  66      E7A40DDA 
  66      EF1E1C7A 
  66      DFA6
  67 023b F71365BD 		.ascii	"\367\023e\275\265&/\200/\300\204n\331\2400\014:u\341"
  67      B5262F80 
  67      2FC0846E 
  67      D9A0300C 
  67      3A75E1
  68 024e CD87D332 		.ascii	"\315\207\3232\230\023\025\304\036\037A\244<\313\351"
  68      981315C4 
  68      1E1F41A4 
  68      3CCBE9
  69 025d EF1FB32A 		.ascii	"\357\037\263*U\251\204\225\222\020qn>\233vp\241H\336"
  69      55A98495 
ARM GAS  C:\Users\Lena\AppData\Local\Temp\ccVQ5k60.s 			page 5


  69      9210716E 
  69      3E9B7670 
  69      A148DE
  70 0270 E7B30FC6 		.ascii	"\347\263\017\306\013\363\2152c\272R\"\323\342\246\276"
  70      0BF38D32 
  70      63BA5222 
  70      D3E2A6BE 
  71 0280 3CF5883E 		.ascii	"<\365\210>\371\222N\243\262;\020C\235\273\247\340\257"
  71      F9924EA3 
  71      B23B1043 
  71      9DBBA7E0 
  71      AF
  72 0291 92CE3835 		.ascii	"\222\31685\362\311\313\252\254\275;pZJz\206.\017\260"
  72      F2C9CBAA 
  72      ACBD3B70 
  72      5A4A7A86 
  72      2E0FB0
  73 02a4 4E62EE90 		.ascii	"Nb\356\2209\364\253\263,\255X\222\026\222w\377\334)"
  73      39F4ABB3 
  73      2CAD5892 
  73      169277FF 
  73      DC29
  74 02b6 E190928E 		.ascii	"\341\220\222\216\346%\275~`\344='I\232!IU\334\371J^"
  74      E625BD7E 
  74      60E43D27 
  74      499A2149 
  74      55DCF94A 
  75 02cb B6C383B1 		.ascii	"\266\303\203\261\257]e\275\312\232~\270\324\021;\350"
  75      AF5D65BD 
  75      CA9A7EB8 
  75      D4113BE8 
  76 02db 92E03102 		.ascii	"\222\3401\002\303\270\245\275%\004\225\305\346\241\271"
  76      C3B8A5BD 
  76      250495C5 
  76      E6A1B9
  77 02ea 77B4EB09 		.ascii	"w\264\353\011\213\025\015!\303\303w\257\331\233\226"
  77      8B150D21 
  77      C3C377AF 
  77      D99B96
  78 02f9 84C3E4AE 		.ascii	"\204\303\344\256\024\222\304`\002\232\260\311\213X\026"
  78      1492C460 
  78      029AB0C9 
  78      8B5816
  79 0308 5AAE8D4F 		.ascii	"Z\256\215O\300\252k2>6m'\232\351\000\223yF\332\021\323"
  79      C0AA6B32 
  79      3E366D27 
  79      9AE90093 
  79      7946DA11 
  80 031d B61EEF5C 		.ascii	"\266\036\357\\\354ak\372\207^\310\023\374o\304\254'"
  80      EC616BFA 
  80      875EC813 
  80      FC6FC4AC 
  80      27
  81 032e 31CF4A31 		.ascii	"1\317J1\201\270='\305\\)\250\015=\026\020^\234\222g"
  81      81B83D27 
  81      C55C29A8 
  81      0D3D1610 
ARM GAS  C:\Users\Lena\AppData\Local\Temp\ccVQ5k60.s 			page 6


  81      5E9C9267 
  82 0342 3E8F5551 		.ascii	">\217UQ6\365\217l\367\376C\266\013\253\331.\376S6\374"
  82      36F58F6C 
  82      F7FE43B6 
  82      0BABD92E 
  82      FE5336FC 
  83 0356 D1C2543E 		.ascii	"\321\302T>\233&o\365=P\254\337a\002\241h\300U`\333s"
  83      9B266FF5 
  83      3D50ACDF 
  83      6102A168 
  83      C05560DB 
  84 036b 55953BB6 		.ascii	"U\225;\266{}\376\372\332`\3256\177$\032\366\357\364"
  84      7B7DFEFA 
  84      DA60D536 
  84      7F241AF6 
  84      EFF4
  85 037d 797778B6 		.ascii	"ywx\266<\275\262\252\252\250\363\357\364{\243\015\325"
  85      3CBDB2AA 
  85      AAA8F3EF 
  85      F47BA30D 
  85      D5
  86 038e FEA06FF7 		.ascii	"\376\240o\367\346\265\313*\203\346\301\310S[\237\321"
  86      E6B5CB2A 
  86      83E6C1C8 
  86      535B9FD1 
  87 039e 8311DD08 		.ascii	"\203\021\335\010\006\002\301z=\024\014G#\372\213\225"
  87      0602C17A 
  87      3D140C47 
  87      23FA8B95 
  88 03ae 9E0A4FA3 		.ascii	"\236\012O\243n\324\031\301p\215o\367\326\300&\203\331"
  88      6ED419C1 
  88      708D6FF7 
  88      D6C02683 
  88      D9
  89 03bf C2359186 		.ascii	"\3025\221\206]\3217\377\207\2445\215Q\275\302\343}\331"
  89      5DD137FF 
  89      87A4358D 
  89      51BDC2E3 
  89      7DD9
  90 03d1 ABFBEB8D 		.ascii	"\253\373\353\215]\015\3255\272\021\210\370#\276\327"
  90      5D0DD535 
  90      BA1188F8 
  90      23BED7
  91 03e0 0D63531D 		.ascii	"\015cS\035S\215hc\250\310S\351u\227o\336\350\016EBN"
  91      538D6863 
  91      A8C853E9 
  91      75976FDE 
  91      E80E4542 
  92 03f5 C65F08B3 		.ascii	"\306_\010\263\342h0\264\275\366\325p\320\360F_3\336"
  92      E26830B4 
  92      BDF6D570 
  92      D0F0465F 
  92      33DE
  93 0407 28F2782B 		.ascii	"(\362x+is#z9\231\022f<\022b\277\003\215\346\020\372"
  93      6973237A 
  93      39991266 
  93      3C1262BF 
ARM GAS  C:\Users\Lena\AppData\Local\Temp\ccVQ5k60.s 			page 7


  93      038DE610 
  94              		.text
  95              		.section	.gnu.lto_SVC_Handler.d26e1f81,"",%progbits
  96 0000 789CBD93 		.ascii	"x\234\275\223\177lSU\024\307\317\271\367\365\265v\035"
  96      7F6C5355 
  96      14C7CFB9 
  96      F7F5B576 
  96      1D
  97 0011 10FF332E 		.ascii	"\020\3773.\246\215Y\"\011\241\240\211\020\023\3770\343"
  97      A68D5922 
  97      09A1A089 
  97      1013FF30 
  97      E3
  98 0022 0FFDA3C1 		.ascii	"\017\375\243\301\254\374\271\244\331\036\205\275\270"
  98      ACFCB9A4 
  98      D91E85BD 
  98      B8
  99 002f EED5F7DA 		.ascii	"\356\325\367\332e\374\305\243\033V7\263\031\224\321"
  99      65FCC5A3 
  99      1B5637B3 
  99      1994D1
 100 003e 2D340F41 		.ascii	"-4\017A\303`\002\335\346D\006\226\262\311\006\3420\002"
 100      C36002DD 
 100      E6440696 
 100      B2C906E2 
 100      3002
 101 0050 FE882146 		.ascii	"\376\210!F\267\001qD\"\230\030\377\200\351=\367\025"
 101      B7017144 
 101      229818FF 
 101      80E93DF7 
 101      15
 102 0061 5306897F 		.ascii	"S\006\211\177\351K\372\372\316=\337s\3569\237s\257\007"
 102      E94BFAFA 
 102      CE3DDF73 
 102      EE399F73 
 102      AF07
 103 0073 18EC5600 		.ascii	"\030\354V\000\012\010\360$\000 \007d\357\\\004\330\341"
 103      0A08F024 
 103      00200764 
 103      EF5C04D8 
 103      E1
 104 0084 6388F461 		.ascii	"c\210\364a\373\020\2663\334\216\275|\017\307\211\354"
 104      FB10B633 
 104      DC8EBD7C 
 104      0FC789EC 
 105 0094 F5136CE5 		.ascii	"\365\023l\345A[<\245=w\237\260\007K\350p\200~\361\243"
 105      415B3CA5 
 105      3D779FB0 
 105      074BE870 
 105      807EF1A3 
 106 00a8 070FE24A 		.ascii	"\007\017\342J\020\262\257;\013{y\017w8\242\"\314\333"
 106      10B2AF3B 
 106      0B7B790F 
 106      7738A222 
 106      CCDB
 107 00ba 330373CB 		.ascii	"3\003s\313\310d\030\024f\327\371\371\375\313y\022Iy"
 107      C8641814 
ARM GAS  C:\Users\Lena\AppData\Local\Temp\ccVQ5k60.s 			page 8


 107      66D7F9F9 
 107      FDCB7912 
 107      4979
 108 00cc 6BF16A57 		.ascii	"k\361jW\240\366\200mg\354\322T\356\251]\035\3669[q8"
 108      A0F6806D 
 108      67ECD254 
 108      EEA95D1D 
 108      F6395B71 
 109 00e1 C7C3C845 		.ascii	"\307\303\310EV<\20458\21052\273\220\317\016/\356\256"
 109      563C8435 
 109      38883532 
 109      BB90CF0E 
 109      2FEEAE
 110 00f4 56151CC2 		.ascii	"V\025\034\302ZwS\374\010UQ;\243\025\341\277\336}\266"
 110      5A7753FC 
 110      0855513B 
 110      A315E1BF 
 110      DE7DB6
 111 0107 E8E56999 		.ascii	"\350\345i\231\272\364\341\330\267XN}\303Y\177\370\207"
 111      BAF4E1D8 
 111      B7584E7D 
 111      C3597FF8 
 111      87
 112 0118 79DBDEF5 		.ascii	"y\333\336\365\246\250W\301#\017'\307\243X{\354\022\226"
 112      A6A857C1 
 112      230F27C7 
 112      A3587BEC 
 112      1296
 113 012a ECC5BFB2 		.ascii	"\354\305\277\262\242\267\232\354\364\217\003\314\313"
 113      A2B79AEC 
 113      F48F03CC 
 113      CB
 114 0137 801273F9 		.ascii	"\200\022s\371V\300\341\036\217\024\002t\211\315\011"
 114      56C0E11E 
 114      8F140274 
 114      89CD09
 115 0146 4F3767F4 		.ascii	"O7g\364\317\027p\307\354\357\275\277}\201\377\024\331"
 115      CF1770C7 
 115      ECEFBDBF 
 115      7D81FF14 
 115      D9
 116 0157 E9422AA8 		.ascii	"\351B*\250/\313\"\3739V6@I\360\030\252b\343\202x\213"
 116      2FCB22FB 
 116      39563640 
 116      49F018AA 
 116      62E38278 
 117 016c 166E5168 		.ascii	"\026nQh_O\237\243\204\356\242c\347\202\016W)\342\336"
 117      5F4F9FA3 
 117      84EEA263 
 117      E7820E57 
 117      29E2DE
 118 017f ECCEB9C7 		.ascii	"\354\316\271\307\024&\204\303\030\222\020\246fG\307"
 118      142684C3 
 118      189210A6 
 118      6647C7
 119 018e 55B18223 		.ascii	"U\261\202#\250\344\271GxFQ\201k\230\371IV@\011)?\271"
 119      A8E4B947 
ARM GAS  C:\Users\Lena\AppData\Local\Temp\ccVQ5k60.s 			page 9


 119      78465181 
 119      6B98F949 
 119      56400929 
 120 01a4 68B13BD7 		.ascii	"h\261;\327\361\270\304$\013\377\0053w\262oqZ\310sV\326"
 120      F1B8C424 
 120      0BFF0533 
 120      77B26F71 
 120      5AC87356 
 121 01b9 04A57F88 		.ascii	"\004\245\177\210b\230Pt\354}cf\264\306\225p\261T9B\304"
 121      62985074 
 121      EC7D6366 
 121      B4C69570 
 121      B1543942 
 122 01ce 207E2C98 		.ascii	" ~,\230=\030\305\335\274\367F\003n\224BK\367%\"|\372"
 122      3D18C5DD 
 122      BCF74603 
 122      6E94424B 
 122      F725227C 
 123 01e3 E67CDEC7 		.ascii	"\346|\336\307m&\031\334\234\277=YU\036\314\037[\373"
 123      6D2619DC 
 123      9CBF3D59 
 123      551ECC1F 
 123      5BFB
 124 01f5 ED526790 		.ascii	"\355Rg\220\2062\366\210\241|B\311\025X\300\214\240\233"
 124      8632F688 
 124      A17C42C9 
 124      1558C08C 
 124      A09B
 125 0207 BBB094EE 		.ascii	"\273\260\224\356\273E\225$e\300\254\0020\340q\011\367"
 125      BB459524 
 125      65C0AC02 
 125      30E07109 
 125      F7
 126 0218 533A1E08 		.ascii	"S:\036\010\275\324\303~g\344O\177(\317\\\270^R\037\231"
 126      BDD4C37E 
 126      67E44F7F 
 126      28CF5CB8 
 126      5E521F99 
 127 022c 3B69FB24 		.ascii	";i\373$\334\023e\270W\007\306\337\363\023\334q\202+"
 127      DC1365B8 
 127      5707C6DF 
 127      F313DC71 
 127      822B
 128 023e AE069E94 		.ascii	"\256\006\236\224g\370\300p\346\313@h\037\253\230\314"
 128      67F8C070 
 128      E6CB4068 
 128      1FAB98CC 
 129 024e C59ECCFB 		.ascii	"\305\236\314\373\001\031|\212\202\3613w\012.\026*KX"
 129      01197C8A 
 129      82F13377 
 129      0A2E162A 
 129      4B58
 130 0260 B2A61BA7 		.ascii	"\262\246\033\247\262W\220\177\340v?V\374>\347/w\377"
 130      B257907F 
 130      E0763F56 
 130      FC3EE72F 
 130      77FF
ARM GAS  C:\Users\Lena\AppData\Local\Temp\ccVQ5k60.s 			page 10


 131 0272 DDCC33F9 		.ascii	"\335\3143\371\216\013o\333\3732+\210@\361\021\004N\313"
 131      8E0B6FDB 
 131      FB322B88 
 131      40F11104 
 131      4ECB
 132 0284 73DDB773 		.ascii	"s\335\267s\342+/\341WD7%\341s\211\024.=D\344\212Z\246"
 132      E22B2FE1 
 132      57443725 
 132      E1738914 
 132      2E3D44E4 
 133 029b C16189EB 		.ascii	"\301a\211\353\362\314\372A\221\375\0149\225\245\316"
 133      F2CCFA41 
 133      91FD0C39 
 133      95A5CE
 134 02aa 853CA7AD 		.ascii	"\205<\247\255\000'\310\355y\200\344\244$\371\271K2\307"
 134      0027C8ED 
 134      7980E4A4 
 134      24F9B94B 
 134      32C7
 135 02bc FF8DE4D9 		.ascii	"\377\215\344\3312\311E\347\347b\025\221\234BE\326\014"
 135      32C945E7 
 135      E7621591 
 135      9C4245D6 
 135      0C
 136 02cd 382D510E 		.ascii	"8-Q\016\026'\257\005B\207\270\033\355#\355\235\243#"
 136      1627AF05 
 136      4287B81B 
 136      ED23ED9D 
 136      A323
 137 02df DF54C9E8 		.ascii	"\337T\311\350s\022\345\3712J\331?\300\257t\214\207\236"
 137      7312E5F9 
 137      324AD93F 
 137      C0AF748C 
 137      879E
 138 02f1 A6C62495 		.ascii	"\246\306$\225.q\231\304\255\023\372\304\206\027\032"
 138      2E7199C4 
 138      AD13FAC4 
 138      86171A
 139 0300 EA376D8C 		.ascii	"\3527m\214\306\364\326-F\303\006\335J\231zS,\272)\362"
 139      C6F4D62D 
 139      46C306DD 
 139      4A997A53 
 139      2CBA29F2 
 140 0314 DCB3F7AD 		.ascii	"\334\263\367\255\206\272f\275I\217\246\322\233u#\326"
 140      86BA66BD 
 140      498FA6D2 
 140      9B7523D6 
 141 0324 B6A6D26C 		.ascii	"\266\246\322l\320\350\333\260\326\256{>lXa\315H$\214"
 141      D0E8DBB0 
 141      D6AE7B3E 
 141      6C5861CD 
 141      48248C
 142 0337 D670D230 		.ascii	"\326p\3220SV\370\245\372H]\244=\2545k\206\031\217\265"
 142      5356F8A5 
 142      FA485DA4 
 142      3DAC356B 
 142      86198FB5 
ARM GAS  C:\Users\Lena\AppData\Local\Temp\ccVQ5k60.s 			page 11


 143 034b AD4BACD6 		.ascii	"\255K\254\326@\321R\355I\325\214[\351\226\324\353\377"
 143      40D152ED 
 143      49D58C5B 
 143      E996D4EB 
 143      FF
 144 035c C1CEF1F6 		.ascii	"\301\316\361\366T\270.\022}%\032\326[\265\226\364\346"
 144      54B82E12 
 144      7D251AD6 
 144      5BB596F4 
 144      E6
 145 036d 78584B58 		.ascii	"xXKX\272\025\333\252i\253\233\241:R\037\015\326\256"
 145      BA15DBAA 
 145      69AB9BA1 
 145      3A521F0D 
 145      D6AE
 146 037f 59154C5A 		.ascii	"Y\025LZI?\360\027MX\2262\222\033\267\274j\032Z4\325"
 146      493FF017 
 146      4D589632 
 146      921BB7BC 
 146      6A1A5A34 
 147 0394 A8BD561D 		.ascii	"\250\275V\035\211\326\223s\225P\371\201\231\300\255"
 147      89D69373 
 147      9550F981 
 147      99C0AD
 148 03a3 2478DA1A 		.ascii	"$x\332\032[\322\361\377\223S3\254\240B\232\032\255x"
 148      5BD2F1FF 
 148      935333AC 
 148      A0429A1A 
 148      AD78
 149 03b5 D2D4A918 		.ascii	"\322\324\251\030\360&\342\011\303\334\006\177\003c\334"
 149      F026E209 
 149      C3DC067F 
 149      0363DC
 150 03c4 020C     		.ascii	"\002\014"
 151              		.text
 152              		.section	.gnu.lto__port_irq_epilogue.d26e1f81,"",%progbits
 153 0000 789CBD53 		.ascii	"x\234\275S]H\024Q\024>g\356\314\356\266Z\370\024=\364"
 153      5D481451 
 153      143E67EE 
 153      CCEEB65A 
 153      F8143DF4 
 154 0014 B03E0805 		.ascii	"\260>\010\005\322\330\017\031A\017a/\021K\340\366(,"
 154      D2D80F19 
 154      410F612F 
 154      114BE0F6 
 154      282C
 155 0026 3A6E39D0 		.ascii	":n9\320:\272\253RO\336]\377\240\242\202\376\324Z'\354"
 155      3ABAAB52 
 155      4FDE5DFF 
 155      A0A282FE 
 155      D45A27EC 
 156 003a 21B5FCCF 		.ascii	"!\265\374\317ju\263M\013\202\376H\266\210|\312\262\320"
 156      6A75B34D 
 156      0B82FE48 
 156      B6887CCA 
 156      B2D0
 157 004c 14FA830A 		.ascii	"\024\372\203\012\312:wVEV\250\247\272\260;s\356\371"
ARM GAS  C:\Users\Lena\AppData\Local\Temp\ccVQ5k60.s 			page 12


 157      CA3A7756 
 157      4556A8A7 
 157      BAB03B73 
 157      EEF9
 158 005e EEFDCEF9 		.ascii	"\356\375\316\371\3167\012H0\301\000\312\021`\007\000"
 158      CE370A48 
 158      30C100CA 
 158      11600700 
 159 006e A00D503A 		.ascii	"\240\015P:\371\030 \344\220$\226X\015\334)\307r\201"
 159      F91820E4 
 159      90249658 
 159      0DDC29C7 
 159      7281
 160 0080 A73354C4 		.ascii	"\2473T\3046\312\311g\310\241 \212\027\356@\250\226\230"
 160      36CAC967 
 160      C8A1208A 
 160      17EE40A8 
 160      9698
 161 0092 AC60359E 		.ascii	"\254`5\236`\347\030\2164\274\215J\353/sZ\361s_\354\365"
 161      60E7188E 
 161      34BC8D4A 
 161      EB2F735A 
 161      F1735FEC 
 162 00a7 BC6E8D49 		.ascii	"\274n\215I\004M\364\023\013/\343z \330D\357\334\231"
 162      044DF413 
 162      0B2FE37A 
 162      20D844EF 
 162      DC99
 163 00b9 953639B9 		.ascii	"\22569\271\217mh\243\002\240{\014\343|\356W\003\217"
 163      8F6D68A3 
 163      02A07B0C 
 163      E37CEE57 
 163      038F
 164 00cb FFB88491 		.ascii	"\377\270\204\221=\016\006&CY\374\001\034!\240 <\312"
 164      3D0E0626 
 164      4359FC01 
 164      1C21A020 
 164      3CCA
 165 00dd 24F16493 		.ascii	"$\361d\223(\211{\236\326\366\\`\307\231\311$\224)\374"
 165      28897B9E 
 165      D6F65C60 
 165      C799C924 
 165      9429FC
 166 00f0 F8A8F9F5 		.ascii	"\370\250\371\365*\0212tQ\370.\326\220@V\206\00290\374"
 166      2A113274 
 166      51F82ED6 
 166      90405686 
 166      023930FC 
 167 0104 A2D19975 		.ascii	"\242\321\231u\211\3630\217\177mY\327\\\363\340\030\277"
 167      89F3308F 
 167      7F6D59D7 
 167      5CF3E018 
 167      BF
 168 0115 18CE3099 		.ascii	"\030\3160\231\214W\220Q\035\330\201k\261\035\327&\353"
 168      8C579051 
 168      1DD8816B 
 168      B11DD726 
ARM GAS  C:\Users\Lena\AppData\Local\Temp\ccVQ5k60.s 			page 13


 168      EB
 169 0126 BC8A5974 		.ascii	"\274\212Yt\250a\212\337\222\305}2\272\260\223r\323\030"
 169      A8618ADF 
 169      92C57D32 
 169      BAB09372 
 169      D318
 170 0138 9EE86FE9 		.ascii	"\236\350o\351\031\303\305\036j\255VO}\263[m41\204\224"
 170      19C3C51E 
 170      6AAD564F 
 170      7DB35B6D 
 170      34318494 
 171 014c D4E7966C 		.ascii	"\324\347\226lR\000\273DRJM\216\235g\202\012\260[\244"
 171      5200BB44 
 171      524A4D8E 
 171      9D67820A 
 171      B05BA4
 172 015f D95269B0 		.ascii	"\331Ri\260\207\246\001\330+\264Ax.Q\252\325\354\373"
 172      87A601D8 
 172      2BB44178 
 172      2E51AAD5 
 172      ECFB
 173 0171 E6CC7C27 		.ascii	"\346\314|'\231\274\321e2E\240;_\017q\207,\021\260\017"
 173      99BCD165 
 173      3245A03B 
 173      5F0F7187 
 173      2C11B00F 
 174 0185 3341EC7C 		.ascii	"3A\354|\230I\214K\264\203\3754-Q3\3405K\234\266\341"
 174      98498C4B 
 174      B483FD34 
 174      2D5133E0 
 174      354B9CB6 
 175 019a D1C9F4CC 		.ascii	"\321\311\364\314\351\371\3236\201\375\324\325\367,\315"
 175      E9F9D336 
 175      81FDD4D5 
 175      F72CCD
 176 01a9 3A3D204E 		.ascii	":= N\343u\222{\022\303.\253\177\200)\034\031\374\336"
 176      E375927B 
 176      12C32EAB 
 176      7F80291C 
 176      19FCDE
 177 01bc FAEB058A 		.ascii	"\372\353\005\212\326\"L\314\367l\335\310\023\273P\304"
 177      D6224CCC 
 177      F76CDDC8 
 177      13BB50C4 
 178 01cc 6E351A8A 		.ascii	"n5\032\212\306N+\311\220\277\254\341\253\304H\032\303"
 178      C64E2BC9 
 178      90BFACE1 
 178      ABC4481A 
 178      C3
 179 01dd AF1C2646 		.ascii	"\257\034&FB\324\037\3618\360&\351zC\324A\311\2313\367"
 179      42D41FF1 
 179      38F026E9 
 179      7A43D441 
 179      C99933F7 
 180 01f1 3B9C6A27 		.ascii	";\234j'\257\015\211\334\012\214\242\211\215\2267p\020"
 180      AF0D89DC 
 180      0A8CA289 
ARM GAS  C:\Users\Lena\AppData\Local\Temp\ccVQ5k60.s 			page 14


 180      8D963770 
 180      10
 181 0202 5522ACF9 		.ascii	"U\"\254\371Q\337\256$\351\344$\343\354\303\311Vk\006"
 181      51DFAE24 
 181      E9E424E3 
 181      ECC3C956 
 181      6B06
 182 0214 883C0387 		.ascii	"\210<\003\207\350\2427X;>\272e\036D\210\356\231\350"
 182      E8A23758 
 182      3B3EBA65 
 182      1E4488EE 
 182      99E8
 183 0226 F7954904 		.ascii	"\367\225I\004`l~\202GI\315\304j\366\036\231\000\012"
 183      606C7E82 
 183      4749CDC4 
 183      6AF61E99 
 183      000A
 184 0238 EE687466 		.ascii	"\356htf\334^\375\223;L\346lb2Q\336\302jrW\232\205\226"
 184      DC5EFD93 
 184      3B4CE66C 
 184      623251DE 
 184      C26A7257 
 185 024f 2196BBE0 		.ascii	"!\226\273\340\252\024\257D\376\342\225a\313+\213\312"
 185      AA14AF44 
 185      FEE29561 
 185      CB2B8BCA 
 186 025f C854C5ED 		.ascii	"\310T\305\355?y\2459m\336+\312r\257lk\243\333\343\""
 186      3F79A539 
 186      6DDE2BCA 
 186      72AF6C6B 
 186      A3DBE322 
 187 0273 694B4D4E 		.ascii	"iKMNG\230\240\002\274\263\334+#\226WF\227xe\316|5\234"
 187      4798A002 
 187      BCB3DC2B 
 187      23965746 
 187      977865CE 
 188 028a B66083DB 		.ascii	"\266`\203\333\226\015\356Z6H\235\371\275\305\231\213"
 188      960DEE5A 
 188      36489DF9 
 188      BDC5998B 
 189 029a CB2D2D14 		.ascii	"\313--\024\353\023\233%1\254u\204LM\033\024\371wm/\310"
 189      EB139B25 
 189      31AC7584 
 189      4C4D1B14 
 189      F9776D2F 
 190 02af DFB7D7E3 		.ascii	"\337\267\327\343\325K\367\033\005\273\364`E@/\362z\366"
 190      D54BF71B 
 190      05BBF460 
 190      45402FF2 
 190      7AF6
 191 02c1 B9376F5A 		.ascii	"\2717oZ\210\012\362J\364\"\335SQY\254\033\336\252\234"
 191      880AF24A 
 191      F422DD53 
 191      5159AC1B 
 191      DEAA9C
 192 02d4 A5618126 		.ascii	"\245a\201&\336\215\340\306\334\255\252\021T5\303\357"
 192      DE8DE0C6 
ARM GAS  C:\Users\Lena\AppData\Local\Temp\ccVQ5k60.s 			page 15


 192      DCADAA11 
 192      5435C3EF 
 193 02e4 374AD532 		.ascii	"7J\3252#P\021Tw\346\273\363\334\207T\255D3\002>oU\256"
 193      23501154 
 193      77E6BBF3 
 193      DC8754AD 
 193      4433023E 
 194 02fb 7F83064A 		.ascii	"\177\203\006JU\341\301J\337\377\344,\201\362\177\300"
 194      55E1C14A 
 194      DFFFE42C 
 194      81F27FC0 
 195 030b E63B54A1 		.ascii	"\346;T\241\346\271=\273=\252^\252\035\254,\366\251\232"
 195      E6B93DBB 
 195      3DAA5EAA 
 195      1DAC2CF6 
 195      A99A
 196 031d 3FA807BD 		.ascii	"?\250\007\275\0074\215\0303\334\236|WQa\320W\026\320"
 196      07348D18 
 196      33DC9E7C 
 196      575161D0 
 196      5716D0
 197 0330 B35D5939 		.ascii	"\263]Y9 \005\300\356\367\371\215\300a\370\015\220\316"
 197      2005C0EE 
 197      F7F98DC0 
 197      61F80D90 
 197      CE
 198 0341 C10B     		.ascii	"\301\013"
 199              		.text
 200              		.section	.gnu.lto_.symbol_nodes.d26e1f81,"",%progbits
 201 0000 789C6365 		.ascii	"x\234ce`b\250a\000\002\246\006\246z\006\206\011\347"
 201      6062A861 
 201      0002A606 
 201      A67A0686 
 201      09E7
 202 0012 1818EA19 		.ascii	"\030\030\352\031\030w\266\034lp```\374\305X\317\010"
 202      1877B61C 
 202      6C706060 
 202      60FCC558 
 202      CF08
 203 0024 16636068 		.ascii	"\026c`hX\000\022\370\315X\317\204,\300\364\235\261\236"
 203      580012F8 
 203      CD58CF84 
 203      2CC0F49D 
 203      B19E
 204 0036 19AA8B61 		.ascii	"\031\252\213aW\203#P\344\007c=\013\212\010\343O\306"
 204      57832350 
 204      E407633D 
 204      0B8A08E3 
 204      4FC6
 205 0048 7A569826 		.ascii	"zV\230&\220\261\314\014\254\014K\332\337\3103\26300"
 205      90B1CC0C 
 205      AC0C4BDA 
 205      DFC833B3 
 205      3030
 206 005a 3C5AA9C6 		.ascii	"<Z\251\306\000\000'\302 V"
 206      000027C2 
 206      2056
ARM GAS  C:\Users\Lena\AppData\Local\Temp\ccVQ5k60.s 			page 16


 207              		.text
 208              		.section	.gnu.lto_.refs.d26e1f81,"",%progbits
 209 0000 789C6365 		.ascii	"x\234ce`b\340d`\000\222L\214\374LL\002\014\000\001\230"
 209      6062E064 
 209      6000924C 
 209      8CFC4C4C 
 209      020C0001 
 210 0015 0039     		.ascii	"\0009"
 211              		.text
 212              		.section	.gnu.lto_.decls.d26e1f81,"",%progbits
 213 0000 789CDD59 		.ascii	"x\234\335Y{PTW\232\357\323\247\233g\003\026qg3Sn\305"
 213      7B505457 
 213      9AEFD3A7 
 213      9B670316 
 213      71673353 
 214 0016 4DAC929D 		.ascii	"M\254\222\235\252Q\210\331$555\025l\342JU\334X\264:"
 214      AA5188D9 
 214      24353535 
 214      156CE24A 
 214      55DC58B4 
 215 002b F30753BD 		.ascii	"\363\007S\275\012$\262#`\232v&\371c\223\213<D\360\001"
 215      0A24B223 
 215      609A7626 
 215      F963938B 
 215      3C44F001 
 216 003f 8AF21014 		.ascii	"\212\362\020\024E\005\004\004\001\305\027\212\250\200"
 216      45050404 
 216      01C5178A 
 216      A880
 217 004d 28A8F884 		.ascii	"(\250\370\204\360R\021\021E\241}\001\"\356w\036\227"
 217      F0521111 
 217      45A17D01 
 217      22EE771E 
 217      97
 218 005e 7BFAD2A4 		.ascii	"{\372\322\244\362\307n\266j\273\370\356\275\337\271"
 218      F2C76EB6 
 218      6ABBF8EE 
 218      BDDFB9
 219 006d BFF37DBF 		.ascii	"\277\363}\277\357;\3379\367\334\213^\243\325\374\323"
 219      EF3BDF39 
 219      F7DC8B5E 
 219      A3D5FCD3 
 220 007d 071ACD0A 		.ascii	"\007\032\315\012'\215&\016i4o\341\247\323h4%\032\345"
 220      278D260E 
 220      69346FE1 
 220      A7D36834 
 220      251AE5
 221 0090 07B73407 		.ascii	"\007\2674\007A\016\201T\200\034\006\251\0029\255\231"
 221      410E8154 
 221      801C06A9 
 221      0239AD99 
 222 00a0 FCFB0BD8 		.ascii	"\374\373\013\330\360\202\3632\020o\220\351 \015 \367"
 222      F082F332 
 222      106F90E9 
 222      200D20F7 
 223 00b0 4166839C 		.ascii	"Af\203\234\004y\002r\027\244\011d)\310 \310\020\310"
 223      04790272 
ARM GAS  C:\Users\Lena\AppData\Local\Temp\ccVQ5k60.s 			page 17


 223      17A40964 
 223      29C820C8 
 223      10C8
 224 00c2 29101B88 		.ascii	")\020\033\210\026\344G\220n\301\367+\2201\356S\346\241"
 224      16E44790 
 224      6EC1F72B 
 224      9031EE53 
 224      E6A1
 225 00d4 FEFD157C 		.ascii	"\376\375\025|\273\252|\337\347\376gs\277\304\027BJ\\"
 225      BBAA7CDF 
 225      E7FE6773 
 225      BFC41742 
 225      4A5C
 226 00e6 8705DB18 		.ascii	"\207\005\333\030\332\365 .h\262\355(h3p\333\263U\261"
 226      DAF5202E 
 226      68B2ED28 
 226      683370DB 
 226      B355B1
 227 00f9 C9368F81 		.ascii	"\3116\217\201T\221\370A\216#\226Cb*\001\016\316<g'\341"
 227      5491F841 
 227      8E239643 
 227      622A010E 
 227      CE3C6727 
 228 010e FA14F771 		.ascii	"\372\024\367qP\360\251\376\245ctd\343\271jm'jG\220\017"
 228      50F0A9FE 
 228      A5637464 
 228      E3B96A6D 
 228      276A4790 
 229 0123 348DB632 		.ascii	"4\215\2662\346\010ND\250\372V\376!D\333\241UK\217\014"
 229      E6084E44 
 229      A8FA56FE 
 229      2144DBA1 
 229      554B8F0C 
 230 0137 489B90DC 		.ascii	"H\233\220\334\203\353Z\256j\271I\372\307;#\301\"\273"
 230      83EB5AAE 
 230      6AB949FA 
 230      C73B23C1 
 230      22BB
 231 0149 CD3CC93F 		.ascii	"\315<\311?\026\023\3429\244\326Yo\244U\034 $v\020\014"
 231      1613E239 
 231      A4D6596F 
 231      A4551C20 
 231      2476100C 
 232 015d 32DAFCFE 		.ascii	"2\332\374\376\004?\215\022\034\222\243\037\312\274\324"
 232      043F8D12 
 232      1C92A31F 
 232      CABCD4
 233 016c EBD6853A 		.ascii	"\353\326\205:Hk\356g\210\266\215m<u\304\200\265\210"
 233      486BEE67 
 233      88B68D6D 
 233      3C75C480 
 233      B588
 234 017e 5C778D14 		.ascii	"\\w\215\024,\230S,\261\237\313\037\224\264\235\177\373"
 234      2C98532C 
 234      B19FCB1F 
 234      94B49D7F 
 234      FB
ARM GAS  C:\Users\Lena\AppData\Local\Temp\ccVQ5k60.s 			page 18


 235 018f AAC66B13 		.ascii	"\252\306k\023F\336nH\013j\313\340\245\034wP\247\273"
 235      46DE6E48 
 235      0B6ACBE0 
 235      A51C7750 
 235      A7BB
 236 01a1 A169A00E 		.ascii	"\241i\240\016\307\3348\343\366\356v\332+V\232\246E\313"
 236      C7DC38E3 
 236      F6EE76DA 
 236      2B569AA6 
 236      45CB
 237 01b3 7E858AD1 		.ascii	"~\205\212\321\014T\204f\200\363\022\364.\034W\350\230"
 237      0C548466 
 237      80F312F4 
 237      2E1C57E8 
 237      98
 238 01c4 A5F83749 		.ascii	"\245\3707I\353<\336\317\225j\272\245\232\247\347\376"
 238      EB3CDECF 
 238      956ABAA5 
 238      9AA7E7FE 
 239 01d4 78A7BC46 		.ascii	"x\247\274F\212\207nN\004\206\012\021F\007\320\034B\031"
 239      8A876E4E 
 239      04860A11 
 239      4607D01C 
 239      4219
 240 01e6 2EE15880 		.ascii	".\341X\200\272\020\312G\235\020\320A\364>t\037h*/\367"
 240      BA10CA47 
 240      9D10D041 
 240      F43E741F 
 240      682A2FF7 
 241 01fa C25B11A5 		.ascii	"\302[\021\245\373\323~\313\354\374\326\345\267^s\005"
 241      FBD37ECB 
 241      ECFCD6E5 
 241      B75E7305 
 242 020a BFDD9254 		.ascii	"\277\335\222Ts\271\344\2437e=R\242\033\005\241R\305"
 242      73B9E4A3 
 242      37653D52 
 242      A21B05A1 
 242      52C5
 243 021c 6B29F14A 		.ascii	"k)\361J.\016Qow\272\367\331\334q:K\316\326\235\317\356"
 243      2E0E516F 
 243      77BAF7D9 
 243      DC713A4B 
 243      CED69DCF 
 244 0231 636EC1F6 		.ascii	"cn\301\366_\231R\255\226\366.Wz\227\313\275+h\357\202"
 244      5F9952AD 
 244      96F62E57 
 244      7A97CBBD 
 244      2B68EF82 
 245 0245 F3CFF761 		.ascii	"\363\317\367a\\\304z\367\015&\375\013t\316\245a\277"
 245      5CC47AF7 
 245      0D26FD0B 
 245      74CEA561 
 245      BF
 246 0256 B73D562A 		.ascii	"\267=V*\000\3223\251\205J\305B\245:\352\303\324R\327"
 246      00D233A9 
 246      854AC542 
 246      A53AEAC3 
ARM GAS  C:\Users\Lena\AppData\Local\Temp\ccVQ5k60.s 			page 19


 246      D452D7
 247 0269 E0B37A77 		.ascii	"\340\263zw\\\305,m\251\311\253u\341\246Z\336\313\224"
 247      5CC52C6D 
 247      A9C9AB75 
 247      E1A65ADE 
 247      CB94
 248 027b 6AD64A52 		.ascii	"j\326JR\014\343rD\261tDm\251\212Z\312\315x\371\320\011"
 248      0CE37244 
 248      B174446D 
 248      A98A5ACA 
 248      CD78F9D0 
 249 0290 37324B4D 		.ascii	"72KM\347\257e8\343\036\252\350\372N\333\264\220;\362"
 249      E7AF6538 
 249      E31EAAE8 
 249      FA4EDBB4 
 249      903BF2
 250 02a3 E7EA9325 		.ascii	"\347\352\223%\271\240\223\310U\223%%J\3224z\271N\222"
 250      B9A093C8 
 250      55932525 
 250      4AD2347A 
 250      B94E92
 251 02b6 D64A836B 		.ascii	"\326J\203kS\246\201\255y3\220\357\014\015\252F>\364"
 251      53A681AD 
 251      793390EF 
 251      0C0DAA46 
 251      3EF4
 252 02c8 96061D87 		.ascii	"\226\006\035\207n' \353\373\345\332\321\220\033\350"
 252      6E2720EB 
 252      FBE5DAD1 
 252      901BE8
 253 02d7 184F081B 		.ascii	"\030O\010\033\202s\205\315[\014\342p\021\2102^\247\354"
 253      827385CD 
 253      5B0CE270 
 253      1188325E 
 253      A7EC
 254 02e9 C62B63F0 		.ascii	"\306+c\360J\207\226g\373V\207\317\030\037/\000\241\243"
 254      4A879667 
 254      FB5687CF 
 254      181F2F00 
 254      A1A3
 255 02fb 4A9447E5 		.ascii	"J\224G\345\214\237\246\321u4\024\026a\250\313\331n\210"
 255      8C9FA6D1 
 255      75341416 
 255      61A8CBD9 
 255      6E88
 256 030d 4C0D2F68 		.ascii	"L\015/h*}|l\304\2035\021\263-\233m{\235\361EL\225\253"
 256      2A7D7C6C 
 256      C4833511 
 256      B32D9B6D 
 256      7B9DF145 
 257 0324 7165D998 		.ascii	"qe\331\230U\265\216\314\216\246\254{\236\254\252g\246"
 257      55B58ECC 
 257      8EA6AC7B 
 257      9EACAA67 
 257      A6
 258 0335 636D66E3 		.ascii	"cmf\343\255Z\035\362q\2431\325\274\032\375c\246\215"
 258      AD5A1DF2 
ARM GAS  C:\Users\Lena\AppData\Local\Temp\ccVQ5k60.s 			page 20


 258      71A331D5 
 258      BC1AFD63 
 258      A68D
 259 0347 8C581D72 		.ascii	"\214X\035rC\265\012\203\331npL$\271I\211\225\\\027j"
 259      43B50A83 
 259      D96E704C 
 259      24B94989 
 259      955C176A 
 260 035b D03908E8 		.ascii	"\3209\010\350,\004\204\316Cv\300+\301\2413\320X\003"
 260      2C0484CE 
 260      4376C02B 
 260      C1A133D0 
 260      5803
 261 036d 8DE0A570 		.ascii	"\215\340\245po\352\036'<\240#\014\264u\247~\274\255"
 261      6FEA1E27 
 261      3CA0230C 
 261      B475A77E 
 261      BCAD
 262 037f 436E3E0E 		.ascii	"Cn>\016\015\\p`\200\223\331\371A\337mB\246\001\310\324"
 262      0D5C7060 
 262      8093D9F9 
 262      41DF6D42 
 262      A601C8D4 
 263 0393 2B64801B 		.ascii	"+d\200\0339A+8z\022w\277\333\235E\367.\2501\207\363"
 263      39412B38 
 263      7A1277BF 
 263      DB9D45F7 
 263      2EA83187 
 264 03a8 361BF05A 		.ascii	"6\033\360Z'\032\371\256\366\241\022g\274\216*\33237"
 264      271AF9AE 
 264      F6A11267 
 264      BC8E2ADA 
 264      3337
 265 03ba 76177A20 		.ascii	"v\027z \203O\322\004\0112\221&h4\003\215\245\006\356"
 265      834FD204 
 265      09329126 
 265      6834038D 
 265      A506EE
 266 03cd 82F9AF6F 		.ascii	"\202\371\257o\304M\367\240 t\250\011\031\320%\205\300"
 266      C44DF7A0 
 266      2074A809 
 266      19D02585 
 266      C0
 267 03de 52031BBD 		.ascii	"R\003\033\275\355\351\007n\273\342Q\346L^-\274\331j"
 267      EDE9076E 
 267      BBE251E6 
 267      4C5E2DBC 
 267      D96A
 268 03f0 F128BBAD 		.ascii	"\361(\273\255\315\200\337\260{\025\365C\365\2568\316"
 268      CD80DFB0 
 268      7B15F543 
 268      F5AE38CE 
 269 0400 992A5927 		.ascii	"\231*Y'\2367\352\031\320\005\324\326+e\311\2368\221"
 269      9E37EA19 
 269      D005D4D6 
 269      2B65C99E 
 269      3891
ARM GAS  C:\Users\Lena\AppData\Local\Temp\ccVQ5k60.s 			page 21


 270 0412 DD4BC83B 		.ascii	"\335K\310;;\342\201\223\231R\320\3375\206\361&\246\274"
 270      3BE28193 
 270      9952D0DF 
 270      3586F126 
 270      A6BC
 271 0424 3E765E72 		.ascii	">v^r\301\251L\311\257o\255\367\302iL\221\007\324\233"
 271      C1A94CC9 
 271      AF6FADF7 
 271      C2694C91 
 271      07D49B
 272 0437 0E283AD8 		.ascii	"\016(:\330w:\333\215\215\257\004\253\230[\373\345\007"
 272      773ADB8D 
 272      8DAF04AB 
 272      985BFBE5 
 272      07
 273 0448 E35E6816 		.ascii	"\343^h\026\375\371\2743k\326\036\022?,\016>\267[z$i"
 273      FDF9BC33 
 273      6BD61E12 
 273      3F2C0E3E 
 273      B75B7A24 
 274 045d 8B810677 		.ascii	"\213\201\006w\021\202\273\213\336Q\322\321H\213\365"
 274      1182BB8B 
 274      DE51D2D1 
 274      488BF5
 275 046c 1C396A58 		.ascii	"\0349jX\217\332?\303$\214\303\024~U\015\2772\011\336"
 275      8FDA3FC3 
 275      248CC314 
 275      7E550DBF 
 275      3209DE
 276 047f FFA502BF 		.ascii	"\377\245\002\277\241\206_\243p?\005\335&\240o\251\321"
 276      A1865FA3 
 276      703F05DD 
 276      26A06FA9 
 276      D1
 277 0490 7355609B 		.ascii	"sU`\233\000\276\356\330\264\310\244Q ~\331q\234\324"
 277      00BEEED8 
 277      B4C8A451 
 277      207ED971 
 277      9CD4
 278 04a2 381BF49B 		.ascii	"8\033\364\233\227\247\305H\022\"(\015\037o\362K%7S$"
 278      97A7C548 
 278      1222280D 
 278      1F6FF24B 
 278      25375324 
 279 04b6 E9339D06 		.ascii	"\3513\235\006\265A\347V\322\3716\267\0060t\007\352\247"
 279      B541E756 
 279      D2F936B7 
 279      06307407 
 279      EAA7
 280 04c8 13CD423D 		.ascii	"\023\315B= \035 ] \367@\332A\272A~D\263\250!\306i\374"
 280      201D205D 
 280      20F740DA 
 280      41BA417E 
 280      44B3A821 
 281 04df B2F79658 		.ascii	"\262\367\226X\251\301\227\222jq\234M!\342\273B\3047"
 281      A9C19792 
 281      6A719C4D 
ARM GAS  C:\Users\Lena\AppData\Local\Temp\ccVQ5k60.s 			page 22


 281      21E2BB42 
 281      C437
 282 04f1 1DA68705 		.ascii	"\035\246\207\005L\352.\275\353\0266\010E.b5\350>2\320"
 282      4CEA2EBD 
 282      EB163608 
 282      452E6235 
 282      E83E32D0 
 283 0505 9504CE00 		.ascii	"\225\004\316\000\256\032\312I\300n\21146\012\206\032"
 283      AE1ACA49 
 283      C06E8934 
 283      360A861A 
 284 0515 52B0BD64 		.ascii	"R\260\275d\236\201y\272r\001\272\326V\226o`\205\206"
 284      9E8179BA 
 284      7201BAD6 
 284      56966F60 
 284      8586
 285 0527 8599379D 		.ascii	"\205\2317\235\315\274\033\303\325\243\006\234KkR\327"
 285      CDBC1BC3 
 285      D5A3069C 
 285      4B6B52D7 
 286 0537 9D677BE4 		.ascii	"\235g{\344\204|`\225u\003\021\326\313\3070\225\037*"
 286      847C6095 
 286      750311D6 
 286      CBC73095 
 286      1F2A
 287 0549 EB255D79 		.ascii	"\353%]y\007\177 \315ly\031\334#\341w'\226\336~H\352"
 287      077F20CD 
 287      6C7919DC 
 287      23E17727 
 287      96DE7E48 
 288 055e 63CA6200 		.ascii	"c\312b\000X=\002\032d\311&-\3400e\270$\301\311;\205"
 288      583D021A 
 288      64C9262D 
 288      E03065B8 
 288      24C1C93B 
 289 0573 0FCC4C44 		.ascii	"\017\314LDm\367\001\356\001e\377\004y\3131P\005z$\035"
 289      6DF701EE 
 289      0165FF04 
 289      79CB3150 
 289      057A241D 
 290 0587 B9D6A99B 		.ascii	"\271\326\251\2332\334\247r\270\2764\332\015\003W3\014"
 290      32DCA772 
 290      B8BE34DA 
 290      0D035733 
 290      0C
 291 0598 6AF3CA3A 		.ascii	"j\363\312:>H\315?e\346\007\251\371\356\341\315o\275"
 291      3E48CD3F 
 291      65E607A9 
 291      F9EEE1CD 
 291      6FBD
 292 05aa C4D49365 		.ascii	"\304\324\223e\\\261?\304S?DS\3375|\253\323 \202\313"
 292      5CB13FC4 
 292      533F4453 
 292      DF357CAB 
 292      D32082CB 
 293 05be ECC0360E 		.ascii	"\354\3006\016\266Q\360\315\366\226\014W\274\217\315"
 293      B651F0CD 
ARM GAS  C:\Users\Lena\AppData\Local\Temp\ccVQ5k60.s 			page 23


 293      F6960C57 
 293      BC8FCD
 294 05cd F703253B 		.ascii	"\367\003%;\313<q)S\222k\317f;\351`\333\366\234&\025"
 294      CB3C7129 
 294      53926BCF 
 294      663BE960 
 294      DBF69C26 
 295 05e2 5A8EE63F 		.ascii	"Z\216\346?8\350!>\177\032\354x\277\264{\376\274\332"
 295      38E8213E 
 295      7F1AEC78 
 295      BFB47BFE 
 295      BCDA
 296 05f4 5A74C34B 		.ascii	"Zt\303K\336\247<\305\305\373\2726H\2711\322g\015Z\002"
 296      DEA73CC5 
 296      C5FBBA36 
 296      48B931D2 
 296      670D5A02 
 297 0608 44CFE435 		.ascii	"D\317\3445\017\275@:\242\331?l_\321\307\321\343\375"
 297      0FBD403A 
 297      A2D93F6C 
 297      5FD1C7D1 
 297      E3FD
 298 061a B7A6E152 		.ascii	"\267\246\341R\227)\350\324\216tM\323i\331rM\334\222"
 298      9729E8D4 
 298      8E744DD3 
 298      69D9724D 
 298      DC92
 299 062c 276459D1 		.ascii	"'dY\321\033\317)74\257)\301Q\304\031^\036\270z\320\225"
 299      1BCF2937 
 299      34AF29C1 
 299      51C4195E 
 299      1EB87AD0 
 300 0641 33BC59EC 		.ascii	"3\274Y\354\235N\267\024){\021\301\241\341\011~#\300"
 300      9D4EB714 
 300      297B11C1 
 300      A1E1097E 
 300      23C0
 301 0653 6F58CD6F 		.ascii	"oX\315o\214\362\353y]r\234\257\217N$\344\322\334f\217"
 301      8CF2EB79 
 301      5D729CAF 
 301      8F4E24E4 
 301      D2DC668F 
 302 0667 298B605C 		.ascii	")\213`\\.\2027\254\346\237'\305\277\342\017Og\262$\367"
 302      2E8237AC 
 302      E69F27C5 
 302      BFE20F4F 
 302      67B224F7 
 303 067b 666F32B0 		.ascii	"fo2\260\232\377\024\324\037\257\024\327y\250kD\322\316"
 303      9AFF14D4 
 303      1FAF14D7 
 303      79A86B44 
 303      D2CE
 304 068d 406FA9B1 		.ascii	"@o\251\261\030\255\267l\222*\320\343BOI\255'>\306\262"
 304      18ADB76C 
 304      922AD0E3 
 304      424F49AD 
 304      273EC6B2 
ARM GAS  C:\Users\Lena\AppData\Local\Temp\ccVQ5k60.s 			page 24


 305 06a1 95D9F628 		.ascii	"\225\331\366(C\216\355r\211oA\354E\226}V\014k\265\023"
 305      438EED72 
 305      896F41EC 
 305      45967D56 
 305      0C6BB513 
 306 06b5 0F1CB8B4 		.ascii	"\017\034\270\264\217,VK\"\353\336\365`\253\007nf\306"
 306      8F2C564B 
 306      22EBDEF5 
 306      60AB076E 
 306      66C6
 307 06c7 2E9ECABB 		.ascii	".\236\312\273\241\347\306Zr0\3331\355f;\2468\305T\234"
 307      A1E7C65A 
 307      7230DB31 
 307      ED663BA6 
 307      38C5549C 
 308 06db DA543C35 		.ascii	"\332T<5u\253\2676\024\267M5\210\275;\266\227\271+e\262"
 308      75ABB736 
 308      14B74D35 
 308      88BD3BB6 
 308      97B92B65 
 309 06f0 A9B073A2 		.ascii	"\251\260s\242L\3100$\310\346\321:\255\216h\366\036\022"
 309      4CC83024 
 309      C8E6D13A 
 309      AD8E68F6 
 309      1E12
 310 0702 A987BA4D 		.ascii	"\251\207\272M\035i\374\261W\240\007\275\371\336\331"
 310      1D69FCB1 
 310      57A007BD 
 310      F9DED9
 311 0711 24FEBCCC 		.ascii	"$\376\274\314%z\307\372'\376\270\2171\370\351\211\272"
 311      257AC7FA 
 311      27FEB88F 
 311      31F8E989 
 311      BA
 312 0722 41CBC768 		.ascii	"A\313\307h.\035\242\236\313e\025^|\020b\245\231:Zi\012"
 312      2E1DA29E 
 312      CB65155E 
 312      7C1062A5 
 312      993A5A69 
 313 0737 7A231D04 		.ascii	"z#\035\004\332\207\240\357f\337\275\351\201m\314Ob\361"
 313      DA87A0EF 
 313      66DFBDE9 
 313      816DCC4F 
 313      62F1
 314 0749 A6B374FD 		.ascii	"\246\263t\375\213\375Y\333\022\350\021W\322\321\311"
 314      8BFD59DB 
 314      12E81157 
 314      D2D1C9
 315 0758 D7C00CC2 		.ascii	"\327\300\014\302:>\277\273\016\341\021f\356UBg;\306"
 315      3A3EBFBB 
 315      0EE11166 
 315      EE554267 
 315      3BC6
 316 076a E34C291C 		.ascii	"\343L)\034\252\210\345\361\245\020\344`\352\266$/\034"
 316      AA88E5F1 
 316      A510E460 
 316      EAB6242F 
ARM GAS  C:\Users\Lena\AppData\Local\Temp\ccVQ5k60.s 			page 25


 316      1C
 317 077b EF4A6F66 		.ascii	"\357Jof\347\274\376\015\336\300\256\017t\024\035ve\300"
 317      E7BCFE0D 
 317      DEC0AE0F 
 317      74141D76 
 317      65C0
 318 078d 61B2412B 		.ascii	"a\262A+;\0317\3007h5\210\274\272\024\364\376\012oe\330"
 318      3B1937C0 
 318      37683588 
 318      BCBA14F4 
 318      FE0A6F65 
 319 07a2 0B7B8F8F 		.ascii	"\013{\217\217q\367\304\346\300\226\304\376\251k9K\316"
 319      71F7C4E6 
 319      C096C4FE 
 319      A96B394B 
 319      CE
 320 07b3 53A69672 		.ascii	"S\246\226r\277\260\345~\276\247R\255,Q\351P\255\354"
 320      BFB0E57E 
 320      BEA752AD 
 320      2C51E950 
 320      ADEC
 321 07c5 21B88326 		.ascii	"!\270\203&*KN\324\275\274\363"
 321      2A4B4ED4 
 321      BDBCF3
 322 07d0 3627E66A 		.ascii	"6'\346j\220\320J\270\272\365=\234\303h\354\274\236\223"
 322      90D04AB8 
 322      BAF53D9C 
 322      C368ECBC 
 322      9E93
 323 07e2 A8C77B99 		.ascii	"\250\307{\2312\226\231R\203\030\260\217\000\263j3W\342"
 323      32969952 
 323      8318B08F 
 323      00B36A33 
 323      57E2
 324 07f4 1276AFF7 		.ascii	"\022v\257\367Y\317=\204+\230r\263\277\263\213\317\245"
 324      59CF3D84 
 324      2B9872B3 
 324      BFB38BCF 
 324      A5
 325 0805 6E02ECBB 		.ascii	"n\002\354\273\266\357\201\036\237\340\310m'\252]\360"
 325      B6EF811E 
 325      9FE0C86D 
 325      27AA5DF0 
 326 0815 59A6DC48 		.ascii	"Y\246\334H\273\224\256c\310\333\0049^\264o\334\025_"
 326      BB94AE63 
 326      C8DB0439 
 326      5EB46FDC 
 326      155F
 327 0827 6037FB33 		.ascii	"`7\3733\257\345z\342\253L\311{y\250\222O\356+\004\371"
 327      AFE57AE2 
 327      AB4CC97B 
 327      79A8924F 
 327      EE2B04F9 
 328 083b B6F6D56D 		.ascii	"\266\366\325m\017\334\312n>\270^\024\353\204\3571\345"
 328      0FDCCA6E 
 328      3EB85E14 
 328      EB84EF31 
ARM GAS  C:\Users\Lena\AppData\Local\Temp\ccVQ5k60.s 			page 26


 328      E5
 329 084c F0FE8A03 		.ascii	"\360\376\212\003\034\331@\2209ccq:\374\210\335\034\310"
 329      1CD94090 
 329      39636371 
 329      3AFC88DD 
 329      1CC8
 330 085e 1CBCEE85 		.ascii	"\034\274\356\205_0%w<u\217\273\\\025\211?\247*\352\356"
 330      5F302577 
 330      3C758FBB 
 330      5C15893F 
 330      A72AEAEE 
 331 0872 E465F121 		.ascii	"\344e\361!\254!\266_\236\254\001\307\257\231\271\314"
 331      AC21B65F 
 331      9EAC01C7 
 331      AF99B9CC 
 332 0882 84DA754E 		.ascii	"\204\332uN8\206\355\314\323\007F~\303\200\022\001n\216"
 332      3886EDCC 
 332      D307467E 
 332      C3801201 
 332      6E8E
 333 0894 EDFC9EA9 		.ascii	"\355\374\236\251\177 \217\234\214\374\024'6\362\335"
 333      7F208F9C 
 333      8CFC1427 
 333      36F2DD
 334 08a3 E4097BF6 		.ascii	"\344\011{\366Y\366\220\001\257c=\337\264\307\214k\031"
 334      59F69001 
 334      AF633DDF 
 334      B4C78C6B 
 334      19
 335 08b4 D693EC07 		.ascii	"\326\223\354\007\327vn\232z\350\253\344\241?\302\206"
 335      D7766E9A 
 335      7AE8ABE4 
 335      A13FC286 
 336 08c4 FEF2BE94 		.ascii	"\376\362\276\224X\235z\350+a\350+\264\004~\224\016}"
 336      589D7AE8 
 336      2B61E82B 
 336      B4047E94 
 336      0E7D
 337 08d6 953CF415 		.ascii	"\225<\364\025g\222b\275p*\363[\334T\337\316G-\221\224"
 337      679262BD 
 337      702AF35B 
 337      DC54DFCE 
 337      472D9194 
 338 08ea 63C9C981 		.ascii	"c\311\311\201\365<\326\347\344-9\251\276\247\324\213"
 338      F53CD6E7 
 338      E42D39A9 
 338      BEA7D48B 
 339 08fa 91CEFD47 		.ascii	"\221\316\375G\262\003\357+[\207\361v\326\271(\2415\307"
 339      B203EF2B 
 339      5B87F176 
 339      D6B928A1 
 339      35C7
 340 090c 8581DB89 		.ascii	"\205\201\333\211\376\360\350\351\233.S\262>-\263>\305"
 340      FEF0E8E9 
 340      9B2E53B2 
 340      3E2DB33E 
 340      C5
ARM GAS  C:\Users\Lena\AppData\Local\Temp\ccVQ5k60.s 			page 27


 341 091d 58675D3F 		.ascii	"Xg]?\027\357\254f}\022X\237\240\254k(\353\3232\353\376"
 341      17EFAC66 
 341      7D12589F 
 341      A0AC6B28 
 341      EBD332EB 
 342 0932 17F7DFBA 		.ascii	"\027\367\337\272\340\\\346\370H\357\205:7\236h\302:"
 342      E05CE6F8 
 342      48EF853A 
 342      379E68C2 
 342      3A
 343 0943 BB72EB7F 		.ascii	"\273r\353\177\342\375<\242\241\324}\010\2270%\361\316"
 343      E2FD3CA2 
 343      A1D47D08 
 343      973025F1 
 343      CE
 344 0954 BA6B1C38 		.ascii	"\272k\0348L?\016$\2476y\342Jv\263n\373\216m\256\370"
 344      4C3F0E24 
 344      A73679E2 
 344      4A76B36E 
 344      FB8E6DAE 
 345 0969 2853DE3E 		.ascii	"(S\336>l\315\343\201\017\022\375N\307\203$O|\212\335"
 345      6CCDE381 
 345      0F12FD4E 
 345      C783244F 
 345      7C8ADD
 346 097c 5C7BA235 		.ascii	"\\{\2425\225\177:\350\246\233\362\261\234*\016\236N"
 346      957F3AE8 
 346      A69BF2B1 
 346      9C2A0E9E 
 346      4E
 347 098d 06AF2B25 		.ascii	"\006\257+%\305\231'\211\320\271\223\264#\035\341\006"
 347      C5992789 
 347      D0B993B4 
 347      231DE106 
 348 099d D6772CB9 		.ascii	"\326w,\271:\323i\312\2444\313I9\313jm$\256\252\033\251"
 348      3AD369CA 
 348      A434CB49 
 348      39CB6A6D 
 348      24AEAA1B 
 349 09b2 93720992 		.ascii	"\223r\011\222r\221&\3452MJ\263\234\224\3657\332\313"
 349      729126E5 
 349      324D4AB3 
 349      9C94F537 
 349      DACB
 350 09c4 EDD007B5 		.ascii	"\355\320\007\265?\201\276\326\273;\216//W\304,N\347"
 350      3F81BED6 
 350      BB3B8E2F 
 350      2F57C42C 
 350      4EE7
 351 09d6 597CB639 		.ascii	"Y|\2669\245\023\341+<s\231\266+^S\322\276.\323~\300"
 351      A513E12B 
 351      3C7399B6 
 351      2B5E53D2 
 351      BE2ED37E 
 352 09eb 68B70E9F 		.ascii	"h\267\016\237o\323\253i\267\000\021\266\331\275A\211"
 352      6FD3AB69 
 352      B70011B6 
ARM GAS  C:\Users\Lena\AppData\Local\Temp\ccVQ5k60.s 			page 28


 352      D9BD4189 
 353 09fb 5C978974 		.ascii	"\\\227\211tVd\366:\253iO\211N>\177\270\216\227h\003"
 353      5664F63A 
 353      AB694F89 
 353      4E3E7FB8 
 353      8E976803 
 354 0a0f 7D57AA2C 		.ascii	"}W\252,?\240\307\267\030\315\274\035\005\207\\p'S\252"
 354      3FA0C7B7 
 354      18CDBC1D 
 354      05875C70 
 354      2753AA
 355 0a22 9E145579 		.ascii	"\236\024Uy\360\211*\352\323\271^\2739\3573|\237a\267"
 355      F0892AEA 
 355      D3B95EBB 
 355      39EF337C 
 355      9F61B7
 356 0a35 556F3B3C 		.ascii	"Uo;<i\271\374\0218\260W\214\016\255\262\001$\257]/\236"
 356      69B9FC11 
 356      38B0578C 
 356      0EADB201 
 356      24AF5D2F 
 357 0a4a 1D775333 		.ascii	"\035wS3\236\022-\357#\274\331>\"cdw\277\007~\314\374"
 357      9E122DEF 
 357      23BCD93E 
 357      22636477 
 357      BF077ECC 
 358 0a5f 0E3C192B 		.ascii	"\016<\031+\365\304CL9Qu\262\216?5}\311|*>\323\354\216"
 358      F5C4434C 
 358      395175B2 
 358      8E3F357D 
 358      C97C2A3E 
 359 0a76 5FF2BA49 		.ascii	"_\362\272I\331U\341\212\307\230\262\343Y\307C^p>$\220"
 359      D955E18A 
 359      C798B2E3 
 359      59C7435E 
 359      703E2490 
 360 0a8a BC9D5B5C 		.ascii	"\274\235[\\q\214;\253\334\224\304Lg\234\300\224\264"
 360      718C3BAB 
 360      DC94C44C 
 360      679CC094 
 360      B4
 361 0a9b E6B43C77 		.ascii	"\346\264<w\234\314\224\327}i\255|\3556\010U<\235WqM"
 361      9CCC94D7 
 361      7D69AD7C 
 361      ED360855 
 361      3C9D5771 
 362 0ab0 7EDA3FE3 		.ascii	"~\332?\343T\006\275\325\032w\214C\335\311\356\373b\327"
 362      5406BDD5 
 362      1A778C43 
 362      DDC9EEFB 
 362      62D7
 363 0ac2 9FA71CFC 		.ascii	"\237\247\034\374\001y\360\037\263\211\\\032\337SH\226"
 363      0179F01F 
 363      B3895C1A 
 363      DF534896 
 364 0ad2 81196EB0 		.ascii	"\201\031n\2603JW>W\314`\334+k\236\225\350\360v\352G"
 364      334A573E 
ARM GAS  C:\Users\Lena\AppData\Local\Temp\ccVQ5k60.s 			page 29


 364      57CC60DC 
 364      2B6B9E95 
 364      E8F076EA 
 365 0ae7 7BA4B227 		.ascii	"{\244\262'\313M\370 1'\036^\301\265\310\006\351\034"
 365      CB4DF820 
 365      31271E5E 
 365      C1B5C806 
 365      E91C
 366 0af9 54B63133 		.ascii	"T\26613&>H\330\2771\014i}\210U\272@?\205\354?a\004\012"
 366      263E48D8 
 366      BF310C69 
 366      7D8855BA 
 366      403F85EC 
 367 0b11 77159CF3 		.ascii	"w\025\234\363\300\271\314C\346\2663\225\236\212\207"
 367      C0B9CC43 
 367      E6B63395 
 367      9E8A87
 368 0b20 9D1F1CBD 		.ascii	"\235\037\034\275I6o/\300\3033\305\203M;\205\213\347"
 368      49366F2F 
 368      C0C333C5 
 368      834D3B85 
 368      8BE7
 369 0b32 8E5D3436 		.ascii	"\216]46\\\332\250\023\367\202\304^?\334\177Hg\332KZ"
 369      5CDAA813 
 369      F782C45E 
 369      3FDC7F48 
 369      67DA4B5A 
 370 0b46 000372C9 		.ascii	"\000\003r\311\346\026g>vf\317\230\237e=/3vT/Z\177\365"
 370      E616673E 
 370      7666CF98 
 370      9F653D2F 
 370      3376542F 
 371 0b5d 53D6AB5B 		.ascii	"S\326\253[\332?\303\005l\334^4\267\337A\270\230)q\027"
 371      DA3FC305 
 371      6CDC5E34 
 371      B7DF41B8 
 371      98297117 
 372 0b71 2FE43BE3 		.ascii	"/\344;\3432\246<.ljp\302G\230\322\323;z\024\343\023"
 372      32A63C2E 
 372      6C6A70C2 
 372      4798D2D3 
 372      3B7A14E3 
 373 0b86 4CD9FF78 		.ascii	"L\331\377x\317FW\\\303\224\372\222\013\351|i+&\233\216"
 373      CF46575C 
 373      C394FA92 
 373      0BE97C69 
 373      2B269B8E 
 374 0b9a B1F6D34F 		.ascii	"\261\366\323O\371\036\270\373\267dcp\351t\223\001\327"
 374      F91EB8FB 
 374      B7646370 
 374      E9749301 
 374      D7
 375 0bab 51F047FB 		.ascii	"Q\360G\373\323\213\217:\363\257\015?\375{\207\177\222"
 375      D38B8F3A 
 375      F3AF0D3F 
 375      FD7B877F 
 375      92
ARM GAS  C:\Users\Lena\AppData\Local\Temp\ccVQ5k60.s 			page 30


 376 0bbc 90F53D52 		.ascii	"\220\365=R\\\254T\363`D\177\372P\301\205\030i\357\273"
 376      5CAC54F3 
 376      60447FFA 
 376      50C18518 
 376      69EFBB
 377 0bcf 68338498 		.ascii	"h3\204\230\003\003\262\037\013o\273\331Z\361\375>\015"
 377      0303B21F 
 377      0B6FBBD9 
 377      5AF1FD3E 
 377      0D
 378 0be0 BAD81231 		.ascii	"\272\330\0221{;&3\356\266\032\177\313\016O\006|4\211"
 378      7B3B2633 
 378      EEB61A7F 
 378      CB0E4F06 
 378      7C3489
 379 0bf3 E3616788 		.ascii	"\343ag\210\012\325\370\202I\366\333\222\004\373ej|\251"
 379      0AD5F882 
 379      49F6DB92 
 379      04FB656A 
 379      7CA9
 380 0c05 1D9E8430 		.ascii	"\035\236\2040\372=\203\023\372o\324\360\271jt\377z\254"
 380      FA3D8313 
 380      FA6FD4F0 
 380      B96A74FF 
 380      7AAC
 381 0c17 C0CFAAE1 		.ascii	"\300\317\252\341\265\223\254\367\377\240\300\373\324"
 381      B593ACF7 
 381      FFA0C0FB 
 381      D4
 382 0c24 F056A486 		.ascii	"\360V\244\206\267%\013\346\363\324\370=\223\314\327"
 382      B7250BE6 
 382      F3D4F83D 
 382      93CCD7
 383 0c33 260AF81E 		.ascii	"&\012\370\0365\376\256V\3700A\331\210\346s\325\360]"
 383      35FEAE56 
 383      F83041D9 
 383      88E673D5 
 383      F05D
 384 0c45 93CC378A 		.ascii	"\223\3147\212\370\375j\374\276\311tD|\276c\274Hg\203"
 384      F8FD6AFC 
 384      BEC97444 
 384      7CBE63BC 
 384      486783
 385 0c58 00DFA486 		.ascii	"\000\337\244\206'\251\341\243\"<\006\253\340\353\325"
 385      27A9E1A3 
 385      223C06AB 
 385      E0EBD5
 386 0c67 709B90FA 		.ascii	"p\233\220\372\007j\343\367\325\350Z\001=\246F\333}\000"
 386      076AE3F7 
 386      D5E85A01 
 386      3DA646DB 
 386      7D00
 387 0c79 A345FCBD 		.ascii	"\243E\374\275Rc\343\016\213\306O\251\340\306$\034C\321"
 387      5263E30E 
 387      8BC64FA9 
 387      E0C6241C 
 387      43D1
ARM GAS  C:\Users\Lena\AppData\Local\Temp\ccVQ5k60.s 			page 31


 388 0c8b B06F4387 		.ascii	"\260oC\2079Z\336\315\241\362IYl\021\007\365\216\332"
 388      395ADECD 
 388      A1F24959 
 388      6C1107F5 
 388      8EDA
 389 0c9d 7A9756C5 		.ascii	"z\227V\305\245_\234P\255\216'\224\300\246_\234O\305"
 389      A55F9C50 
 389      AD8E2794 
 389      C0A65F9C 
 389      4FC5
 390 0caf 6A78D1A4 		.ascii	"jx\321\244\371\327\270^\300_P\343\033&\261\277+\216"
 390      F9D7B85E 
 390      C05F50E3 
 390      1B26B1BF 
 390      2B8E
 391 0cc1 52AA1A9F 		.ascii	"R\252\032\23729Z!\361\243j\270\335\2475:\250\342\374"
 391      32395A21 
 391      F1A36AB8 
 391      DDA7353A 
 391      A8E2FC
 392 0cd4 3BA3861F 		.ascii	";\243\206\037W\007[\273\201\247\036\336\226P\006\207"
 392      57075BBB 
 392      81A71EDE 
 392      96500687 
 393 0ce4 CBEF5068 		.ascii	"\313\357Ph\273]\021\000\360\356\017p\210\301h\030\320"
 393      BB5D1100 
 393      F0EE0F70 
 393      88C16818 
 393      D0
 394 0cf5 8F385A5E 		.ascii	"\2178Z^\265\305o\217<R\261\332w;\236Mb\371\012\201\366"
 394      B5C56F8F 
 394      3C52B1DA 
 394      773B9E4D 
 394      62F90A81 
 395 0d0a 3AAE47BB 		.ascii	":\256G\273\274\210yLS\343\267N\236\253\202\371\327\216"
 395      BC88794C 
 395      53E3B74E 
 395      9EAB82F9 
 395      D78E
 396 0d1c 0BD80E2E 		.ascii	"\013\330\016.\026\331=\307+\207\270\254\336\025\227"
 396      16D93DC7 
 396      2B87B8AC 
 396      DE1597
 397 0d2b D512C765 		.ascii	"\325\022\307e#\024e\313z\001^\257\206\237\237\004\027"
 397      231465CB 
 397      7A015EAF 
 397      869F9F04 
 397      17
 398 0d3c AD1F72BC 		.ascii	"\255\037r\274h\013\251l\023b\035q\\3\214\273\370\035"
 398      680BA96C 
 398      13621D71 
 398      5C338CBB 
 398      F81D
 399 0d4e 58C233D0 		.ascii	"X\3023\320[j\211\300\311G\340\022\354\203\266\340Y("
 399      5B6A89C0 
 399      C947E012 
 399      EC83B6E0 
ARM GAS  C:\Users\Lena\AppData\Local\Temp\ccVQ5k60.s 			page 32


 399      5928
 400 0d60 01241524 		.ascii	"\001$\025$\027$\023d\037H6H\"H\012\310N\220$\220\335"
 400      17241364 
 400      1F483648 
 400      22480AC8 
 400      4E902490 
 401 0d75 20692065 		.ascii	" i e \345 \333@bA\362A*A\322A\362@JA\016\200\254\003"
 401      20E520DB 
 401      406241F2 
 401      412A41D2 
 401      41F2404A 
 402 0d8e C9023904 		.ascii	"\311\0029\004R\004\262\025d/H<\310\036\220\355 \205"
 402      5204B215 
 402      642F483C 
 402      C81E90ED 
 402      2085
 403 0da0 2071201B 		.ascii	" q \033A6\200\034\006Y\017\222\003\222\014R\001\262"
 403      4136801C 
 403      06590F92 
 403      03920C52 
 403      01B2
 404 0db2 16640748 		.ascii	"\026d\007H1\310.\220\203 \031 \233@\012@6c\371cu\032"
 404      31C82E90 
 404      83201920 
 404      9B400A40 
 404      3663F963 
 405 0dc8 D4EF6822 		.ascii	"\324\357h\"\257\371\233P\305\327xv\344\3158\272\252"
 405      AFF99B50 
 405      C5D77876 
 405      E4CD38BA 
 405      AA
 406 0dd9 9E22B60D 		.ascii	"\236\"\266\015\302\374Nv\274\010\213\205cK\022\012\347"
 406      C2FC4E76 
 406      BC088B85 
 406      634B120A 
 406      E7
 407 0dea 80E3E7B1 		.ascii	"\200\343\347\2610\262w\305B8\347\370\201).\303\242\365"
 407      30B277C5 
 407      4238E7F8 
 407      81292EC3 
 407      A2F5
 408 0dfc 636A78B9 		.ascii	"cjx\271\032\336(N\222m\216'\211\360\337\202\336qo\372"
 408      1ADE284E 
 408      926D8E27 
 408      89F0DF82 
 408      DE716FFA 
 409 0e10 DF024089 		.ascii	"\337\002@\211\377-`\266:7\340\003\345\222\264\336\211"
 409      FF2D60B6 
 409      3A37E003 
 409      E592B4DE 
 409      89
 410 0e21 1ADBE278 		.ascii	"\032\333\342x\345\022\"k\023#\253s\\\342v\317vq\306"
 410      E512226B 
 410      1323AB73 
 410      5CE276CF 
 410      7671C6
 411 0e34 753B5ED6 		.ascii	"u;^\326\3556>\353\3718\302\2133\252\346x\371u\232/u"
ARM GAS  C:\Users\Lena\AppData\Local\Temp\ccVQ5k60.s 			page 33


 411      ED363EEB 
 411      F938C28B 
 411      33AAE678 
 411      F9759A2F 
 412 0e49 1333942C 		.ascii	"\0233\224,^\362\270w\002\276\235\343\345W\032\3246\351"
 412      5EF2B877 
 412      02BE9DE3 
 412      E5571AD4 
 412      36E9
 413 0e5b F128AE5E 		.ascii	"\361(\256^;\035\357\333\374\024\353\2652\233+`\275\211"
 413      3B1DEFDB 
 413      FC14EBB5 
 413      329B2B60 
 413      BD89
 414 0e6d C3E53753 		.ascii	"\303\3457S\324\250\266\336\"Z\337\353x#C\341\344\323"
 414      D4A8B6DE 
 414      225ADFEB 
 414      782343E1 
 414      E4D3
 415 0e7f 62D7B666 		.ascii	"b\327\266f\035\2566\320\335\376\325;/\267\353\321;>"
 415      1DAE36D0 
 415      DDFED53B 
 415      2FB7EBD1 
 415      3B3E
 416 0e91 8E662E3A 		.ascii	"\216f.:\012\023\366\377\353\344e\025Z\267\021\307\222"
 416      0A13F6FF 
 416      EBE46515 
 416      5AB711C7 
 416      92
 417 0ea2 0AAD8228 		.ascii	"\012\255\202(\217\340\211\267\033R\2604W\327\257\267"
 417      8FE089B7 
 417      1B52B034 
 417      57D7AFB7 
 418 0eb2 6ED48BFF 		.ascii	"n\324\213\377\207\250\022\362\252A\3070\373?\004\234"
 418      87A812F2 
 418      AA41C730 
 418      FB3F049C 
 419 0ec2 D31DFCD3 		.ascii	"\323\035\374\323\242\304\356\237\026\3079\3708\005\237"
 419      A2C4EE9F 
 419      16C739F8 
 419      38059F
 420 0ed1 7D79B3C4 		.ascii	"}y\263\304\031\327\031\330?6\323\012\307\365\023\237"
 420      19D719D8 
 420      3F36D30A 
 420      C7F5139F 
 421 0ee1 BA67EDB2 		.ascii	"\272g\355\262\377\324}B!\006\227\366_\217Ob\362\365"
 421      FFD47D42 
 421      210697F6 
 421      5F8F4F62 
 421      F2F5
 422 0ef3 78FFABE1 		.ascii	"x\377\253\341dO\334\312\214\305\277\261u{\312\237\272"
 422      644FDCCA 
 422      8CC5BFB1 
 422      757BCA9F 
 422      BA
 423 0f04 B3EC3F75 		.ascii	"\263\354?uW+\246\252\325\246N\341\3675\2776\257\216"
 423      572BA6AA 
ARM GAS  C:\Users\Lena\AppData\Local\Temp\ccVQ5k60.s 			page 34


 423      D5A64EE1 
 423      F735BF36 
 423      AF8E
 424 0f16 B258CDE1 		.ascii	"\262X\315\341\226o\314a\253\303WE}\275&l\316\352\345"
 424      966FCC61 
 424      ABC35745 
 424      7DBD266C 
 424      CEEAE5
 425 0f29 16EB1C5F 		.ascii	"\026\353\034_\227\177\373\367\2453\215~~\232\210\200"
 425      977FFBF7 
 425      A5338D7E 
 425      7E9A8880 
 426 0f39 DF07072D 		.ascii	"\337\007\007-\371\322d\016\217\374**8 <\332j\011_a6"
 426      F9D2640E 
 426      8FFC2A2A 
 426      38203CDA 
 426      6A095F61 
 427 0f4e 2D5934EF 		.ascii	"-Y4\357CY\0136\256\014_\021n\262\256\011\015\2172\377"
 427      43590B36 
 427      AE0C5F11 
 427      6EB2AE09 
 427      0D8F32FF 
 428 0f62 CD575483 		.ascii	"\315WT\203C\310uT\264\337'\037\317\215\212\236\033\022"
 428      43C87554 
 428      B4DF271F 
 428      CF8D8A9E 
 428      1B12
 429 0f74 15111115 		.ascii	"\025\021\021\0259\2278\215\236\353\037\264\310\270\350"
 429      3997388D 
 429      9EEB1FB4 
 429      C8B8E8
 430 0f83 DBB9212B 		.ascii	"\333\271!+C\242,a\346\277}\0221'D\363\017\214P\364\337"
 430      43A22C61 
 430      E6BF7D12 
 430      312744F3 
 430      0F8C50F4 
 431 0f98 C3AD212B 		.ascii	"\303\255!+\315_Y\242"
 431      CD5F59A2 
 432 0fa0 22CCE1D1 		.ascii	"\"\314\341\321\226_\222\303J\315;\214C\330\267\341\326"
 432      965F92C3 
 432      4ACD3B8C 
 432      43D8B7E1 
 432      D6
 433 0fb1 0906EEA6 		.ascii	"\011\006\356\246eF\363\302\345\221\241\253\302,\336"
 433      6546F3C2 
 433      E591A1AB 
 433      C22CDE
 434 0fc0 9393F6EB 		.ascii	"\223\223\366\353\220\225\246\220\225\201\321\213-aa"
 434      9095A690 
 434      9581D18B 
 434      2D6161
 435 0fcf 11ABADE1 		.ascii	"\021\253\255\341Q\221Aa\337\254\011\267\204\205\352"
 435      51914161 
 435      DFAC09B7 
 435      8485EA
 436 0fde CDF3A3A2 		.ascii	"\315\363\243\242V\375\307\377d\000\026\353\334\360\310"
 436      56FDC7FF 
ARM GAS  C:\Users\Lena\AppData\Local\Temp\ccVQ5k60.s 			page 35


 436      640016EB 
 436      DCF0C8
 437 0fed 90556B42 		.ascii	"\220UkB\303\200wt\310\312P\340\354f6\257\011\217\264"
 437      C3807774 
 437      C8CA50E0 
 437      EC6636AF 
 437      098FB4
 438 1000 CEFBD06C 		.ascii	"\316\373\320l\335\206B\177\037l\261FE3g\241\334Y\264"
 438      DD86427F 
 438      1F6CB146 
 438      453367A1 
 438      DC59B4
 439 1013 35029C71 		.ascii	"5\002\234q\215Y\214\236p&\250\301V\340\033\035\374u"
 439      8D598C9E 
 439      7026A8C1 
 439      56E01B1D 
 439      FC75
 440 1025 E49A99F4 		.ascii	"\344\232\231\364j\346rK\304\314\260\210\025a\241\241"
 440      6AE6724B 
 440      C4CCB088 
 440      1561A1A1 
 441 1035 61A1C11F 		.ascii	"a\241\301\037\317\2317\363C_\277O\276\361\013\206\366"
 441      CF9937F3 
 441      435FBF4F 
 441      BEF10B86 
 441      F6
 442 1046 DF454645 		.ascii	"\337EFE\206\375.l\371\212\360`\316(8b9\330\212\014\013"
 442      86FD2E6C 
 442      F98AF060 
 442      CE283862 
 442      39D88A0C 
 443 105b 3687867D 		.ascii	"6\207\206}\265|\315*\253\331\372\335\352\260h`\350\""
 443      B57CCD2A 
 443      ABD9FADD 
 443      EAB06860 
 443      E822
 444 106d F34BFA3F 		.ascii	"\363K\372?\345\027\375]t0\370\012\0052@J\367\355\352"
 444      E517FD5D 
 444      7430F80A 
 444      0532404A 
 444      F7EDEA
 445 1080 688B8B25 		.ascii	"h\213\213%\354k\000\233\255\341\277L\231\201_\355\352"
 445      EC6B009B 
 445      ADE1BF4C 
 445      99815FED 
 445      EA
 446 1091 10A75516 		.ascii	"\020\247U\026\263ue(\266\370}\250\265\314\323Z\340\350"
 446      B3756528 
 446      B6F87DA8 
 446      B5CCD35A 
 446      E0E8
 447 10a3 A7B5F8BA 		.ascii	"\247\265\370\272\363\332\263\206X\277\325\205\254\\"
 447      F3DAB386 
 447      58BFD585 
 447      AC5C
 448 10b1 6E71359B 		.ascii	"nq5\233\277\016\263\232\027\233\026{,_\365\367\345\337"
 448      BF0EB39A 
ARM GAS  C:\Users\Lena\AppData\Local\Temp\ccVQ5k60.s 			page 36


 448      179B167B 
 448      2C5FF5F7 
 448      E5DF
 449 10c3 91B4AD82 		.ascii	"\221\264\255\202\014\177\363\277@\026\334\3165.2\005"
 449      0C7FF3BF 
 449      4016DCCE 
 449      352E3205 
 450 10d3 9A94028B 		.ascii	"\232\224\002\213\210\016\2176\177\035\022\002\244\201"
 450      880E8F36 
 450      7F1D1202 
 450      A481
 451 10e1 49346332 		.ascii	"I4c2\235\222\\\023\271**\344\257\312\024\021\032=\030"
 451      9D925C13 
 451      B92A2AE4 
 451      AFCA1411 
 451      1A3D18
 452 10f4 74BEBFE9 		.ascii	"t\276\277\351\363\305A\201\256A\237\233>\017Z\366y\300"
 452      F3C54181 
 452      AE419F9B 
 452      3E0F5AF6 
 452      79C0
 453 1106 A74EFE0B 		.ascii	"\247N\376\013\347\233\214A:\243\2771\210\\/\206S\300"
 453      E79B8C41 
 453      3AA3BF31 
 453      885C2F86 
 453      53C0
 454 1118 12E32238 		.ascii	"\022\343\"8\005\322\323\004\364\023\247\000\2431\320"
 454      05D2D304 
 454      F413A700 
 454      A331D0
 455 1127 F4271772 		.ascii	"\364'\027rZ\264\314\337\250\207\013\323\237\234\341"
 455      5AB4CCDF 
 455      A8870BD3 
 455      9F9CE1
 456 1136 48347E5E 		.ascii	"H4~^\012\255\201\264\225b\234\003\351y\351\204\225\217"
 456      0AAD81B4 
 456      95629C03 
 456      E979E984 
 456      958F
 457 1148 498BFF17 		.ascii	"I\213\377\027_(-\377\252_\264lA\320\207\364\350G\217"
 457      5F282DFF 
 457      AA5FB46C 
 457      41D087F4 
 457      E8478F
 458 115b BE13F73E 		.ascii	"\276\023\367>\322\231\226\004*\024\346\351\215\213\011"
 458      D2999604 
 458      2A14E6E9 
 458      8D8B09
 459 116a 4FA3C9F4 		.ascii	"O\243\311\364\371\027p2\232\002\003\202\260qI\220\336"
 459      F9177032 
 459      9A020382 
 459      B0714990 
 459      DE
 460 117b F8055C4D 		.ascii	"\370\005\\M\340|\235\003\003\314\201&\177\210!\300\274"
 460      E07C9D03 
 460      03CC8126 
 460      7F8821C0 
ARM GAS  C:\Users\Lena\AppData\Local\Temp\ccVQ5k60.s 			page 37


 460      BC
 461 118c 68013DF9 		.ascii	"h\001=\371\263S\000;-^\020\244\363_`\012\322\315_\340"
 461      B353003B 
 461      2D5E10A4 
 461      F35F600A 
 461      D2CD5FE0 
 462 11a0 1FA45FB4 		.ascii	"\037\244_\264\010\216\272\000\242/$\007#\034\364\246"
 462      088EBA00 
 462      A22F2407 
 462      231CF4A6 
 463 11b0 8546B834 		.ascii	"\205F\2704-\\\034\344\312\246\362\247f\2533?c\2431\010"
 463      2D5C1CE4 
 463      CAA6F2A7 
 463      66AB333F 
 463      63A33108 
 464 11c4 43DAF4FE 		.ascii	"C\332\364\376\201A\220\274eK\276\014\322\005\002\034"
 464      814190BC 
 464      654BBE0C 
 464      D205021C 
 465 11d4 F82D0D0C 		.ascii	"\370-\015\014\320\373\317\007\003\253\177\231r \253"
 465      D0FBCF07 
 465      03AB7F99 
 465      7220AB
 466 11e3 6448C427 		.ascii	"dH\304'd>\233\214\363\315K`r{\323q\267+\005\327\211"
 466      643E9B8C 
 466      F3CD4B60 
 466      727BD371 
 466      B72B05D7 
 467 11f8 A6FF069D 		.ascii	"\246\377\006\235}\035\204"
 467      7D1D84
 468              		.text
 469              		.section	.gnu.lto_.symtab.d26e1f81,"",%progbits
 470 0000 5356435F 		.ascii	"SVC_Handler\000"
 470      48616E64 
 470      6C657200 
 471 000c 00       		.ascii	"\000"
 472 000d 00       		.ascii	"\000"
 473 000e 00       		.ascii	"\000"
 474 000f 00000000 		.ascii	"\000\000\000\000\000\000\000\000"
 474      00000000 
 475 0017 B5000000 		.ascii	"\265\000\000\000"
 476 001b 5F706F72 		.ascii	"_port_irq_epilogue\000"
 476      745F6972 
 476      715F6570 
 476      696C6F67 
 476      756500
 477 002e 00       		.ascii	"\000"
 478 002f 00       		.ascii	"\000"
 479 0030 00       		.ascii	"\000"
 480 0031 00000000 		.ascii	"\000\000\000\000\000\000\000\000"
 480      00000000 
 481 0039 B7000000 		.ascii	"\267\000\000\000"
 482 003d 5F706F72 		.ascii	"_port_switch_from_isr\000"
 482      745F7377 
 482      69746368 
 482      5F66726F 
 482      6D5F6973 
ARM GAS  C:\Users\Lena\AppData\Local\Temp\ccVQ5k60.s 			page 38


 483 0053 00       		.ascii	"\000"
 484 0054 02       		.ascii	"\002"
 485 0055 00       		.ascii	"\000"
 486 0056 00000000 		.ascii	"\000\000\000\000\000\000\000\000"
 486      00000000 
 487 005e B1000000 		.ascii	"\261\000\000\000"
 488 0062 5F706F72 		.ascii	"_port_exit_from_isr\000"
 488      745F6578 
 488      69745F66 
 488      726F6D5F 
 488      69737200 
 489 0076 00       		.ascii	"\000"
 490 0077 02       		.ascii	"\002"
 491 0078 00       		.ascii	"\000"
 492 0079 00000000 		.ascii	"\000\000\000\000\000\000\000\000"
 492      00000000 
 493 0081 B3000000 		.ascii	"\263\000\000\000"
 494 0085 63685363 		.ascii	"chSchIsPreemptionRequired\000"
 494      68497350 
 494      7265656D 
 494      7074696F 
 494      6E526571 
 495 009f 00       		.ascii	"\000"
 496 00a0 02       		.ascii	"\002"
 497 00a1 00       		.ascii	"\000"
 498 00a2 00000000 		.ascii	"\000\000\000\000\000\000\000\000"
 498      00000000 
 499 00aa BF000000 		.ascii	"\277\000\000\000"
 500              		.text
 501              		.section	.gnu.lto_.opts,"",%progbits
 502 0000 272D666D 		.ascii	"'-fmath-errno' '-fsigned-zeros' '-ftrapping-math' '"
 502      6174682D 
 502      6572726E 
 502      6F272027 
 502      2D667369 
 503 0033 2D666E6F 		.ascii	"-fno-trapv' '-fno-openmp' '-fno-openacc' '-mcpu=cor"
 503      2D747261 
 503      70762720 
 503      272D666E 
 503      6F2D6F70 
 504 0066 7465782D 		.ascii	"tex-m7' '-mno-thumb-interwork' '-mthumb' '-ggdb' '-"
 504      6D372720 
 504      272D6D6E 
 504      6F2D7468 
 504      756D622D 
 505 0099 4F322720 		.ascii	"O2' '-fomit-frame-pointer' '-falign-functions=16' '"
 505      272D666F 
 505      6D69742D 
 505      6672616D 
 505      652D706F 
 506 00cc 2D666675 		.ascii	"-ffunction-sections' '-fdata-sections' '-fno-common"
 506      6E637469 
 506      6F6E2D73 
 506      65637469 
 506      6F6E7327 
 507 00ff 2720272D 		.ascii	"' '-flto'\000"
 507      666C746F 
ARM GAS  C:\Users\Lena\AppData\Local\Temp\ccVQ5k60.s 			page 39


 507      2700
 508              		.text
 509              		.comm	__gnu_lto_v1,1,1
 510              		.comm	__gnu_lto_slim,1,1
 511              		.ident	"GCC: (GNU Tools for ARM Embedded Processors 6-2017-q1-update) 6.3.1 20170215 (release) [AR
ARM GAS  C:\Users\Lena\AppData\Local\Temp\ccVQ5k60.s 			page 40


DEFINED SYMBOLS
                            *ABS*:00000000 chcore_v7m.c
                            *COM*:00000001 __gnu_lto_v1
                            *COM*:00000001 __gnu_lto_slim

NO UNDEFINED SYMBOLS
