ARM GAS  C:\Users\Lena\AppData\Local\Temp\ccvd1bCo.s 			page 1


   1              		.cpu cortex-m7
   2              		.eabi_attribute 20, 1
   3              		.eabi_attribute 21, 1
   4              		.eabi_attribute 23, 3
   5              		.eabi_attribute 24, 1
   6              		.eabi_attribute 25, 1
   7              		.eabi_attribute 26, 1
   8              		.eabi_attribute 30, 2
   9              		.eabi_attribute 34, 1
  10              		.eabi_attribute 18, 4
  11              		.file	"chdynamic.c"
  12              		.text
  13              	.Ltext0:
  14              		.section	.gnu.lto_.profile.d26e2023,"",%progbits
  15 0000 789C6365 		.ascii	"x\234ce`b`a```d\3100\000\000\001\200\000\245"
  15      60626061 
  15      60606064 
  15      C8300000 
  15      018000A5 
  16              		.text
  17              		.section	.gnu.lto_.icf.d26e2023,"",%progbits
  18 0000 789C6365 		.ascii	"x\234ce`b\340e@\000&\206\215\273;+\030\267L\\\367\225"
  18      6062E065 
  18      40002686 
  18      8DBB3B2B 
  18      18B74C5C 
  19 0016 89010026 		.ascii	"\211\001\000&l\005o"
  19      6C056F
  20              		.text
  21              		.section	.gnu.lto_.jmpfuncs.d26e2023,"",%progbits
  22 0000 789C6365 		.ascii	"x\234ce`bX\312\200\000L\014l\214``\317X\017\002,\014"
  22      606258CA 
  22      80004C0C 
  22      6C8C6060 
  22      CF580F02 
  23 0016 8C8C1D4C 		.ascii	"\214\214\035L\323\231\031\267\0349\336\306\321\307<"
  23      D39919B7 
  23      1C39DEC6 
  23      D1C73C
  24 0025 9F1928C0 		.ascii	"\237\031(\300\270\234Q\206\201\021(\270\376\315\316"
  24      B89C5186 
  24      811128B8 
  24      FECDCE
  25 0034 9FBC2041 		.ascii	"\237\274 AFF\006\306\025@A\240~\006F\026\0066\246J\006"
  25      464606C6 
  25      154041A0 
  25      7E064616 
  25      0636A64A 
  26 0049 4620A712 		.ascii	"F \247\022H\200\025\316\332\375\345\024+H!\023#\007"
  26      488015CE 
  26      DAFDE514 
  26      2B482113 
  26      2307
  27 005b E34A9042 		.ascii	"\343J\220BFV\2605\362\250\266\034\375\377\375\000?\304"
  27      4656B035 
  27      F2A8B61C 
  27      FDFFFD00 
ARM GAS  C:\Users\Lena\AppData\Local\Temp\ccvd1bCo.s 			page 2


  27      3FC4
  28 006d 1626C655 		.ascii	"\026&\306U [\220\215e\202\030\313\000\000\206S \273"
  28      205B908D 
  28      658218CB 
  28      00008653 
  28      20BB
  29              		.text
  30              		.section	.gnu.lto_.inline.d26e2023,"",%progbits
  31 0000 789C6365 		.ascii	"x\234ce`b\010g@\000&\006\011)#F\006&\211\025[\030\031"
  31      60620867 
  31      40002606 
  31      09292346 
  31      06268915 
  32 0017 D816C833 		.ascii	"\330\026\3103\201\004\231y\200\022\023\374\3004#\003"
  32      81049979 
  32      801213FC 
  32      C0342303 
  33 0027 2B1F5064 		.ascii	"+\037Pd\202\037\220\317\010Q+}\355\024#\003\373-5,j"
  33      821F90CF 
  33      08512B7D 
  33      ED142303 
  33      FB2D352C 
  34 003c C1249007 		.ascii	"\301$\220\007\000\374\215\012\357"
  34      00FC8D0A 
  34      EF
  35              		.text
  36              		.section	.gnu.lto_.pureconst.d26e2023,"",%progbits
  37 0000 789C6365 		.ascii	"x\234ce`b`g`\000\222\273\030\031w1\002\000\005\355\001"
  37      60626067 
  37      600092BB 
  37      18197731 
  37      020005ED 
  38 0015 88       		.ascii	"\210"
  39              		.text
  40              		.section	.gnu.lto_chThdCreateFromHeap.d26e2023,"",%progbits
  41 0000 789CB595 		.ascii	"x\234\265\225mLSg\024\307\237s\237[\356\205\002\212"
  41      6D4C5367 
  41      14C79F73 
  41      9F5BEE85 
  41      028A
  42 0012 63CE1163 		.ascii	"c\316\021cj2\242&\233u\257\232e_\026\375\260%#K\304"
  42      6A32A226 
  42      9B75AF9A 
  42      655F16FD 
  42      B025234B 
  43 0027 8F24044A 		.ascii	"\217$\004J\225&\226v-\370\366a\\^|\033\363u\023\241"
  43      95269676 
  43      2DF8F661 
  43      5C5E7C1B 
  43      F37513A1 
  44 003b D8DD4663 		.ascii	"\330\335Fc\024\031\212L\235\214\227u\342+*\"\003\247"
  44      14198A4C 
  44      9D8C9775 
  44      E22B2A22 
  44      03A7
  45 004d 82881474 		.ascii	"\202\210\024t\210\222\251\250\233\231\272s\236\026\002"
  45      8892A9A8 
ARM GAS  C:\Users\Lena\AppData\Local\Temp\ccvd1bCo.s 			page 3


  45      9B99BA73 
  45      9E1602
  46 005c C56C5F5C 		.ascii	"\305l_\\\023B\237\373\374\377\347\234\347\234\337}j"
  46      13429FFB 
  46      FCFFE79C 
  46      E79CDF7D 
  46      6A
  47 006d 6012FB4C 		.ascii	"`\022\373Le\254\037\030{\2371\006\006\006\322\346f\306"
  47      65AC1F18 
  47      7B9F3106 
  47      0606D2E6 
  47      66C6
  48 007f F2544992 		.ascii	"\362TI\222\2338\323\242\370\311&\306\264h\016r\360\271"
  48      9B38D3A2 
  48      F8C926C6 
  48      B4680E72 
  48      F0B9
  49 0091 0C405F34 		.ascii	"\014@_4\025X\256\304e\310\205M|;\207\213\205U;\370F"
  49      1558AEC4 
  49      65C8854D 
  49      7C3B878B 
  49      85553BF8 
  50 00a6 AE730632 		.ascii	"\256s\0062.\357\235\367\004bi\011`\302e\231\326\272"
  50      2EEF9DF7 
  50      04626909 
  50      60C26599 
  50      D6BA
  51 00b8 5E99B547 		.ascii	"^\231\265G\323\3625\377\366\266\210\262\352\026-R\347"
  51      D3F235FF 
  51      F6B688B2 
  51      EA162D52 
  51      E7
  52 00c9 122B45F9 		.ascii	"\022+E\371^\230\012{`*e/\207Y(>4Xr?\222\247\003\303"
  52      5E980A7B 
  52      602A652F 
  52      8759283E 
  52      3458723F 
  53 00e1 EF9E4D7D 		.ascii	"\357\236M}\272a\306na\034\332\306\2657t\316a\037\360"
  53      BA61C66E 
  53      611CDAC6 
  53      B53774CE 
  53      611FF0
  54 00f4 D1467CC4 		.ascii	"\321F|\304\240\002f\240|g^\373\331\030\236)\254k+\353"
  54      A00266A0 
  54      7C675EFB 
  54      D9189E29 
  54      AC6B2BEB 
  55 0108 FB6343D6 		.ascii	"\373cC\326\336\355\302*\303\367\341V\231A\245\260\346"
  55      DEEDC22A 
  55      C3F7E156 
  55      9941A5B0 
  55      E6
  56 0119 F71CB904 		.ascii	"\367\034\271\004\334.\254\276v\337\362\220\263\3133"
  56      DC2EACBE 
  56      76DFF290 
  56      B3CB33
  57 0128 795B81F6 		.ascii	"y[\201\366\211\316\015\260?\334\213\315: \274\025\371"
ARM GAS  C:\Users\Lena\AppData\Local\Temp\ccvd1bCo.s 			page 4


  57      89CE0DB0 
  57      3FDC8BCD 
  57      3A20BC15 
  57      F9
  58 0139 B7EE72EE 		.ascii	"\267\356r\356\022\336\365g\236\006\224\220\371\\0m\004"
  58      12DEF567 
  58      9E069490 
  58      F95C306D 
  58      04
  59 014a 54855B23 		.ascii	"T\205[#\030\034\024\326s\267k\017\253|\271\260>?\272"
  59      181C14D6 
  59      73B76B0F 
  59      AB7CB9B0 
  59      3E3FBA
  60 015d FB913164 		.ascii	"\373\2211d\275\351\231\366\255\310\253@u\270Ya\360\203"
  60      BDE999F6 
  60      ADC8AB40 
  60      75B85961 
  60      F083
  61 016f 300F6845 		.ascii	"0\017hE\365\300W\011s\373\245\362E\303i\213EZ\025\016"
  61      F5C05709 
  61      73FBA5F2 
  61      45C3698B 
  61      455A150E 
  62 0183 853B5506 		.ascii	"\205;U\006\207a\006\311\007\013\373\272\215\301yM\301"
  62      876106C9 
  62      070BFBBA 
  62      8DC1794D 
  62      C1
  63 0194 65555DE1 		.ascii	"eU]\341\335\320\274\374\200\353+7\352\006\243\370\227"
  63      DDD0BCFC 
  63      80EB2B37 
  63      EA06A3F8 
  63      97
  64 01a5 2272656F 		.ascii	"\"reogN\342.\315\257i\376\301\262i[5\355\264&\353<\022"
  64      674EE22E 
  64      CDAF69FE 
  64      C1B2695B 
  64      35EDB426 
  65 01bc 8E06A3FF 		.ascii	"\216\006\243\377\210\321\217\210\3711R\373\007\002\025"
  65      88D18F88 
  65      F93152FB 
  65      070215
  66 01cb 32CF0361 		.ascii	"2\317\003a\015l8\261IF/U\365\3103iKA\320\253\302Oc+"
  66      0D6C38B1 
  66      49462F55 
  66      F5C83369 
  66      4B41D0AB 
  67 01e3 0B798FF7 		.ascii	"\013y\217\367\375\335j\344\253\203\336\274\212\262\035"
  67      FDDD6AE4 
  67      AB83DEBC 
  67      8AB21D
  68 01f2 D121EFA0 		.ascii	"\321!\357\240'a\330+A\335\013\275=\007\237m\213\211"
  68      2761D82B 
  68      41DD0BBD 
  68      3D079F6D 
  68      8B89
ARM GAS  C:\Users\Lena\AppData\Local\Temp\ccvd1bCo.s 			page 5


  69 0204 90A11E12 		.ascii	"\220\241\036\022\241\026\377j \221\360B\252\032 \002"
  69      A116FF6A 
  69      2091F042 
  69      AA1A2002 
  70 0214 F1E6A377 		.ascii	"\361\346\243w\016\264\202_{\366|-\3669ap\350a\\\002"
  70      0EB4825F 
  70      7BF67C2D 
  70      F6396170 
  70      E8615C02 
  71 0228 60732444 		.ascii	"`s$D\03312\000\021\201=F\255\0124a#nF\305\000Ml\002"
  71      1B313200 
  71      11813D46 
  71      AD0A3461 
  71      236E46C5 
  72 0240 50EBE380 		.ascii	"P\353\343\200\332\030\317($c_a\026z%\212\020h\374\317"
  72      DA18CF28 
  72      24635F61 
  72      167A258A 
  72      1068FCCF 
  73 0254 07608D2F 		.ascii	"\007`\215/\260A\241\274^\256`i55w:\224\334\247\232\252"
  73      B041A1BC 
  73      5EAE6069 
  73      3535773A 
  73      94DCA79A 
  74 0269 736329C7 		.ascii	"sc)\307Z\340g\310e^.{\271\201\030\257\035j2P\357\243"
  74      5AE067C8 
  74      655E2E7B 
  74      B98118AF 
  74      1D6A3250 
  75 027f 41C5EE4F 		.ascii	"A\305\356O\325y\014\353\203|\223(\034\213\300 \254\027"
  75      D5790CEB 
  75      837C9328 
  75      1C8BC020 
  75      AC17
  76 0291 0AAF3636 		.ascii	"\012\25766\227E\207\202\302\354\340\271\213\020}|?y"
  76      97458782 
  76      C2ECE0B9 
  76      8B107D7C 
  76      3F79
  77 02a3 3FE47BFA 		.ascii	"?\344{\372\353\003F\332\306\210\233\213\277+R\314o\021"
  77      EB0346DA 
  77      C6889B8B 
  77      BF2B52CC 
  77      6F11
  78 02b5 B478D812 		.ascii	"\264x\330\022\352\002\203_\300\354E\000PZ\034\031\256"
  78      EA02835F 
  78      C0EC4500 
  78      505A1C19 
  78      AE
  79 02c6 8B0AEA80 		.ascii	"\213\012\352\200t\307H\247\240\256`\307\232\0155\361"
  79      74C748A7 
  79      A0AE60C7 
  79      9A0D35F1 
  80 02d6 C18C467C 		.ascii	"\301\214F|\204\325\012\367\213\022\205\002H\024\240"
  80      84D50AF7 
  80      8B128502 
  80      4814A0
ARM GAS  C:\Users\Lena\AppData\Local\Temp\ccvd1bCo.s 			page 6


  81 02e5 91021849 		.ascii	"\221\002\030I\352\031\227(\"\250\023s9N\272\230\027"
  81      EA199728 
  81      22A81373 
  81      394EBA98 
  81      17
  82 02f6 EB94A04E 		.ascii	"\353\224\240N&\335\011\322M\030\243\033\332{\257\003"
  82      26DD09D2 
  82      4D18A31B 
  82      DA7BAF03 
  83 0306 48A70675 		.ascii	"H\247\006u\006\322\235$]\034\266N\"\036n\325\255m\003"
  83      06D29D24 
  83      5D1CB64E 
  83      221E6ED5 
  83      AD6D03
  84 0319 BE2EC8D2 		.ascii	"\276.\310\322\341\206\313%Q!\226\036\227\317\364\024"
  84      E186CB25 
  84      5121961E 
  84      97CFF414 
  85 0329 9CFD5AF3 		.ascii	"\234\375Z\363\345O\324y,\234\032O\023\234\206D\272@"
  85      E54FD479 
  85      2C9C1A4F 
  85      139C8644 
  85      BA40
  86 033b FAB57A99 		.ascii	"\372\265z\231\346\022\013&8\203{\267\361\222x\240W\265"
  86      E6120B26 
  86      38837BB7 
  86      F19278A0 
  86      57B5
  87 034d C2086E85 		.ascii	"\302\010n\205\032~\374\337\034U\004e\245\\ba[\017\256"
  87      1A7EFCDF 
  87      1C550465 
  87      A55C6261 
  87      5B0FAE
  88 0360 99521934 		.ascii	"\231R\0314\321\036\037\267W>\263\214S.\006gI \217\302"
  88      D11E1FB7 
  88      573EB38C 
  88      532E0667 
  88      49208FC2 
  89 0374 98C13988 		.ascii	"\230\3019\210\300J\316\023\273\300\232\351\212\335\251"
  89      C04ACE13 
  89      BBC09AE9 
  89      8ADDA9
  90 0383 57FF1935 		.ascii	"W\377\0315\375:\327\265\022\223\216\015\241W3P\253\251"
  90      FD3AD7B5 
  90      12938E0D 
  90      A1573350 
  90      ABA9
  91 0395 32761D9A 		.ascii	"2v\035\232a\272x\015\376\270\323\326!\341\023\270\000"
  91      61BA780D 
  91      FEB8D3D6 
  91      21E113B8 
  91      00
  92 03a6 B2289A41 		.ascii	"\262(\232A\213\270\221\36764\366EO\357\011\271'\222"
  92      8BB891F7 
  92      3634F645 
  92      4FEF09B9 
  92      2792
ARM GAS  C:\Users\Lena\AppData\Local\Temp\ccvd1bCo.s 			page 7


  93 03b8 F6FEFEEA 		.ascii	"\366\376\376\352v\243p_$7\264\202,\300\023\015`l\000"
  93      76A3705F 
  93      2437B482 
  93      2CC0130D 
  93      606C00
  94 03cb 0ABB8BAE 		.ascii	"\012\273\213\2565B\220\200\370\261 \307\225R\323\341"
  94      35429080 
  94      F8B120C7 
  94      9552D3E1 
  95 03db 57041937 		.ascii	"W\004\0317nn\331\262\236\343\006~|O@\347\223h,\344c"
  95      6E6ED9B2 
  95      9EE3067E 
  95      7C4F40E7 
  95      93682CE4 
  96 03f0 D006B93A 		.ascii	"\320\006\271:\177\205\342\372\022\004\321\365Dt<\215"
  96      7F85E2FA 
  96      1204D1F5 
  96      44743C8D 
  97 0400 73E8F7AE 		.ascii	"s\350\367\256]Jh\242\305\253\217]P\250\331\222\030\330"
  97      5D4A68A2 
  97      C5AB8F5D 
  97      50A8D992 
  97      18D8
  98 0412 E3534DEB 		.ascii	"\343SM\353\242u\360\346Q\304\311:\217G\013\264\323q"
  98      A275F0E6 
  98      51C4C93A 
  98      8F470BB4 
  98      D371
  99 0424 7073776F 		.ascii	"pswo\376~\305\\I\331\360(\257\302%\320\241\004\257T"
  99      FE7EC55C 
  99      49D9F028 
  99      AFC225D0 
  99      A104AF54 
 100 0438 ACE73730 		.ascii	"\254\34770\323/\310\361SkT\0126\031\000.\243k\000V\373"
 100      D32FC8F1 
 100      536B540A 
 100      3619002E 
 100      A36B0056 
 101 044d 9E6FE4A2 		.ascii	"\236o\344\242\242\261\347x\255\224\214pE\274\220t\306"
 101      A2B1E778 
 101      AD948C70 
 101      45BC9074 
 101      C6
 102 045e 03776AFE 		.ascii	"\003wj\376\212!\357\024l\374Uz\033_\037F*\214\"\357"
 102      8A21EF14 
 102      6CFC557A 
 102      1B5F1F46 
 102      2A8C22EF 
 103 0472 7F50D421 		.ascii	"\177P\324!(\0329X,\306\353\3747\212Z\206)R\306\200p"
 103      281A3958 
 103      2CC6EBFC 
 103      378A5A86 
 103      2952C680 
 104 0487 8D401887 		.ascii	"\215@\030\207\325G6\006]$V\307c\365\236\227Sr\006\327"
 104      D5473606 
 104      5D2456C7 
 104      63F59E97 
ARM GAS  C:\Users\Lena\AppData\Local\Temp\ccvd1bCo.s 			page 8


 104      537206D7 
 105 049b C763D52D 		.ascii	"\307c\325-\260\2721\012\253g\372\215\006\34301\235\202"
 105      B0BA310A 
 105      AB67FA8D 
 105      06E33031 
 105      9D82
 106 04ad 981E414C 		.ascii	"\230\036AL8\036\201\021<(\270\270}dq\341\365\303\261"
 106      381E8111 
 106      3C28B8B8 
 106      7D6471E1 
 106      F5C3B1
 107 04c0 4E41094D 		.ascii	"NA\011M\035\215\245\335\376\255\206yG\264uHB$\203^\230"
 107      1D8DA5DD 
 107      FEAD8679 
 107      47B47548 
 107      4224835E 
 108 04d5 C7EE6207 		.ascii	"\307\356b\007\275\342~y\210#\301AJ]-e\363\260\343\374"
 108      BDE27E79 
 108      8823C141 
 108      4A5D2D65 
 108      F3B0E3FC 
 109 04e9 EA9316C0 		.ascii	"\352\223\026\300+\024(\022\346J]\360a\312\302E\237'"
 109      2B142812 
 109      E64A5DF0 
 109      61CAC245 
 109      9F27
 110 04fb A7DAB216 		.ascii	"\247\332\262\026;R\026\330\334\331.[zj\362\242\244w"
 110      3B5216D8 
 110      DCD92E5B 
 110      7A6AF2A2 
 110      A477
 111 050d DF195EA5 		.ascii	"\337\031^\245\314\317\264\245\333\222\263s2l\216\324"
 111      CCCFB4A5 
 111      DB92B373 
 111      326C8ED4 
 112 051d 6573462F 		.ascii	"esF/S,\364\335\341~{\356\007f\207\333\354\3126\273]"
 112      532CF4DD 
 112      E17E7BEE 
 112      076687DB 
 112      ECCA36BB 
 113 0532 16B32533 		.ascii	"\026\263%3ceV\232\335f\231ma\206Lk\232\323)\273m\253"
 113      6365569A 
 113      DD66996D 
 113      61864C6B 
 113      9AD329BB 
 114 0548 AC323EB3 		.ascii	"\2542>\263\312N\227\315!9\027\3634\327\022);\203/w;"
 114      CA4E97CD 
 114      213917F3 
 114      34D71229 
 114      3B832F77 
 115 055d A56CA761 		.ascii	"\245l\247aY\332\322\034\253\375e\326bq\330\355\216,"
 115      59DAD21C 
 115      ABFD65D6 
 115      6271D8ED 
 115      8E2C
 116 056f B3D3E1CA 		.ascii	"\263\323\341\312v\233?^\2304?i\005\026fq\270\254\251"
 116      769B3F5E 
ARM GAS  C:\Users\Lena\AppData\Local\Temp\ccvd1bCo.s 			page 9


 116      98343F69 
 116      05166671 
 116      B8ACA9
 117 0582 CBE6DA67 		.ascii	"\313\346\332gg\262/\376\207l\326\025\331\346\371I\311"
 117      67B22FFE 
 117      876CD615 
 117      D9E6F949 
 117      C9
 118 0593 9F269B6D 		.ascii	"\237&\233mY\226\2459\031V\263\305\356\266\271S\227X"
 118      5996A539 
 118      1956B3C5 
 118      EEB6B953 
 118      9758
 119 05a5 2C98F165 		.ascii	",\230\361e\367z$G\246{\245\033\343OLJ^hJOs[\261\307"
 119      F77A2447 
 119      A67BA51B 
 119      E34F4C4A 
 119      5E684A4F 
 120 05bd 6F9A12E7 		.ascii	"o\232\022\3470\311\305\024\273\325\356p\255d\377\000"
 120      30C9C514 
 120      BBD5EE70 
 120      AD64FF00 
 121 05cd 940E461D 		.ascii	"\224\016F\035"
 122              		.text
 123              		.section	.gnu.lto_chThdCreateFromMemoryPool.d26e2023,"",%progbits
 124 0000 789CB594 		.ascii	"x\234\265\224[LTW\024\206\367:\3730g\234\201\342\205"
 124      5B4C5457 
 124      1486F73A 
 124      FB30679C 
 124      81E285
 125 0013 5A4B6983 		.ascii	"ZKi\203I\211\332\264\216\275j\232\2764\372\320>\220"
 125      4989DAB4 
 125      8EBD6A9A 
 125      BE34FAD0 
 125      3E90
 126 0025 26E24B13 		.ascii	"&\342K\023\022\002\303(\3238\014\235\001\224\207\206"
 126      1202C328 
 126      D3380C9D 
 126      01948786 
 127 0035 2D60D5D2 		.ascii	"-`\325\322\326K#r\221\236I\015\021\241\"b\245 \227N"
 127      D64B2372 
 127      919E490D 
 127      11A12262 
 127      A520974E 
 128 0049 4550F14E 		.ascii	"EP\361N\005/ \202\003(\212\246\266\266\266\246j\327"
 128      052F2082 
 128      03288AA6 
 128      B6B6B6A6 
 128      6AD7
 129 005b DA331018 		.ascii	"\3323\020\030\210}\261<\014\347\234\375\377k\255\275"
 129      887DB13C 
 129      0CE79CFD 
 129      FF6BADBD 
 130 006b D6B77708 		.ascii	"\326\267w\010S\330.#c\375\300\330\333\2141\010a\240"
 130      53D82E23 
 130      63FDC0D8 
 130      DB8C3108 
ARM GAS  C:\Users\Lena\AppData\Local\Temp\ccvd1bCo.s 			page 10


 130      61A0
 131 007d 6C39CDD8 		.ascii	"l9\315\330:\243\242\250\355\234\011\023okgL\204rP\375"
 131      3AA3A2A8 
 131      ED9C0913 
 131      6F6B674C 
 131      847250FD 
 132 0091 DF55007A 		.ascii	"\337U\000z\020F`\331\012W!\0336\363\035\034\316\345"
 132      104660D9 
 132      0A57211B 
 132      36F31D1C 
 132      CEE5
 133 00a3 55EFE45F 		.ascii	"U\357\344_s\2353P\361\365\356\251b\3373\364\012\020"
 133      739D3350 
 133      F1F5EEA9 
 133      62DF33F4 
 133      0A10
 134 00b5 8DAF25A2 		.ascii	"\215\257%\242c\223\266`\267\0209\302\273\243\303TRs"
 134      6393B660 
 134      B71039C2 
 134      BBA3C354 
 134      5273
 135 00c7 564CD3B9 		.ascii	"VL\323\271\302\212P^\016Q\260\033\242(\373\036X\200"
 135      C28A505E 
 135      0E51B01B 
 135      A228FB1E 
 135      5880
 136 00d9 E21B756D 		.ascii	"\342\033um\033\215<\011\030>\367\367\335}q^\231\364"
 136      1B8D3C09 
 136      183EF7F7 
 136      DD7D715E 
 136      99F4
 137 00eb 0D1470F1 		.ascii	"\015\024p\361\262\3169T\000\037\357\303O\014*a\036\252"
 137      B2CE3954 
 137      001FEFC3 
 137      4F0C2A61 
 137      1EAA
 138 00fd 73AED576 		.ascii	"s\256\325v\001\267I\247\247\323\263f\3249\247HxU\035"
 138      01B749A7 
 138      A7D3B366 
 138      D439A748 
 138      78551D
 139 0110 8BFD3ED8 		.ascii	"\213\375>\330\2522\330+\255\2259\327os\376\211\264n"
 139      AA32D82B 
 139      AD9539D7 
 139      6F73FE89 
 139      B46E
 140 0122 3AFED0A7 		.ascii	":\376\320\247\005\274]\025\221\333s\305\007:\017\201"
 140      05BC5D15 
 140      91DB73C5 
 140      073A0F81 
 141 0132 AA603336 		.ascii	"\252`36k\2374\237\274\331p\320\310\235\322\374\270\256"
 141      6B9F349F 
 141      BCD970D0 
 141      C89DD2FC 
 141      B8AE
 142 0144 EC4F73C0 		.ascii	"\354Os\300\334\263C\226l\200\352`\253\201\301~i\275"
 142      DCB34396 
ARM GAS  C:\Users\Lena\AppData\Local\Temp\ccvd1bCo.s 			page 11


 142      6C80EA60 
 142      AB81C17E 
 142      69BD
 143 0156 25F29B80 		.ascii	"%\362\233\200\273\244\265\263k\317\212\200s$P\262\006"
 143      BBA4B5B3 
 143      6BCF8A80 
 143      732450B2 
 143      06
 144 0167 35C1568D 		.ascii	"5\301V\215\301\001\230G\372;y\203}f\177\317\347\340"
 144      C1019847 
 144      FA3B7983 
 144      7D667FCF 
 144      E7E0
 145 0179 6B7563DE 		.ascii	"kuc\336\355@\317\275\200\357\227\372\033\357\230x\246"
 145      ED40CFBD 
 145      80EF97FA 
 145      1BEF9878 
 145      A6
 146 018a 0CBD77A0 		.ascii	"\014\275w\240'#f\227\360\012\341\275S\371\3226!\216"
 146      27236697 
 146      F00AE1BD 
 146      53F9D236 
 146      218E
 147 019c 098C6E84 		.ascii	"\011\214n\204Z\177\364\203\030\375\0079\003Fj\357-_"
 147      5A7FF483 
 147      18FD0739 
 147      03466AEF 
 147      2D5F
 148 01ae A5CAB3A4 		.ascii	"\245\312\263\244\323\367U\353f\025\255T\325P\305\314"
 148      D3F755EB 
 148      6615AD54 
 148      D550C5CC 
 149 01be ADB97EAB 		.ascii	"\255\271~\253\006u\023\013\013X\217\014\376\323a\346"
 149      0675130B 
 149      0B588F0C 
 149      FED361E6 
 150 01ce 9F49EBBA 		.ascii	"\237I\353\272\312\222\235\241\001koE\344\250U\201CS"
 150      CA929DA1 
 150      016B6F45 
 150      E4A85581 
 150      4353
 151 01e0 5AAFED7F 		.ascii	"Z\257\355\177\264=\314\240B\003\304@=\304\354B\305\217"
 151      B43DCCA0 
 151      4203C440 
 151      3DC4EC42 
 151      C58F
 152 01f2 10438C20 		.ascii	"\020C\214 \032\215`@F\371\350\"\255\354\353\000\257"
 152      1A8D6040 
 152      46F9E822 
 152      ADECEB00 
 152      AF
 153 0203 78F47803 		.ascii	"x\364x\003\016\351\225\342\226\241*\345\005\300\366"
 153      0EE995E2 
 153      96A12AE5 
 153      05C0F6
 154 0212 280828D2 		.ascii	"(\010(\322\200\015F\231\0064^\023~\236f\306\037S\030"
 154      800D4699 
ARM GAS  C:\Users\Lena\AppData\Local\Temp\ccvd1bCo.s 			page 12


 154      06345E13 
 154      7E9E66C6 
 154      1F5318
 155 0225 D0C4C281 		.ascii	"\320\304\302\201\232?\003\250\217\021\214B2\366\005"
 155      9A3F03A8 
 155      8F118C42 
 155      32F605
 156 0234 6621AEF3 		.ascii	"f!\256\363\221J\374\317oA\236\307\267]\243\274\245\334"
 156      914AFCCF 
 156      6F419EC7 
 156      B75DA3BC 
 156      A5DC
 157 0246 80D5D5D7 		.ascii	"\200\325\325\327\217tk\331\017\205Q\347\346\"\216\265"
 157      8F746BD9 
 157      0F8551E7 
 157      E6228EB5 
 158 0256 401364B3 		.ascii	"@\023d\263R\216\033\012e\203\220\023-K\304\234(g\003"
 158      528E1B0A 
 158      65839013 
 158      2D4BC49C 
 158      286703
 159 0269 9077B9E5 		.ascii	"\220w\271\345teh\300\016\013\375\233\314GT\3618\361"
 159      746568C0 
 159      0E0BFD9B 
 159      CC4754F1 
 159      38F1
 160 027b 61C8291E 		.ascii	"a\310)\036n\0324\3232\206\336R\360m\276fy\215\000\305"
 160      6E1A34D3 
 160      3286DE52 
 160      F06DBE66 
 160      798D00C5 
 161 028f 6D15D27E 		.ascii	"m\025\322~\0314\203\245\024g\215\322\202i\301:\223_"
 161      193483A5 
 161      14678DD2 
 161      8269C13A 
 161      935F
 162 02a1 07A4FB89 		.ascii	"\007\244\373\211t\006\322\035\032>68\313\237\321\204"
 162      7406D21D 
 162      1A3E3638 
 162      CB9FD184 
 163 02b1 EA82F587 		.ascii	"\352\202\365\207\317h\204\003\227\303\270\177\264}c"
 163      CF688403 
 163      97C3B87F 
 163      B47D63
 164 02c0 A80EA5EB 		.ascii	"\250\016\245\353\204\020\321:\017\303\312\021\223(\331"
 164      8410D13A 
 164      0FC3CA11 
 164      9328D9
 165 02cf F9B2819C 		.ascii	"\371\262\201\234*\315\262W\370\227\236\201\237A\207"
 165      2ACDB257 
 165      F8979E81 
 165      9F4187
 166 02de 426C0486 		.ascii	"Bl\004\206?\014\026\214\235\273\363\363\217\375\221"
 166      3F0C168C 
 166      9DBBF3F3 
 166      8FFD91
 167 02ed CD980CE3 		.ascii	"\315\230\014\343\313\272\246\332B\24049\263\026*\315"
ARM GAS  C:\Users\Lena\AppData\Local\Temp\ccvd1bCo.s 			page 13


 167      CBBAA6DA 
 167      42A03439 
 167      B3162ACD 
 168 02fd 4CD2E249 		.ascii	"L\322\342I[\010\361\353T\322\035!]\330\324:\203_\027"
 168      5B08F1EB 
 168      54D21D21 
 168      5DD8D43A 
 168      835F17
 169 0310 42BA56D2 		.ascii	"B\272V\322\205O\320\335+\277\333\015\244\323\374:\003"
 169      854FD0DD 
 169      2BBFDB0D 
 169      A4D3FC3A 
 169      03
 170 0321 E9DA4837 		.ascii	"\351\332H7\003\207\242\320\346\2567n8\017\\\200\354"
 170      0387A2D0 
 170      E6AE376E 
 170      380F5C80 
 170      EC
 171 0332 C2C1E68B 		.ascii	"\302\301\346\213\205\246\000\222\367\313\347\027\347"
 171      85A60092 
 171      F7CBE717 
 171      E7
 172 033f 9EF85278 		.ascii	"\236\370Rxr\246\353<\034\216N\206\022\216A\014\2326"
 172      72A6EB3C 
 172      1C8E4E86 
 172      128E410C 
 172      9A36
 173 0351 0C8B2695 		.ascii	"\014\213&\225:\031\016\321p\034\327n\342Ms@\257\356"
 173      3A190ED1 
 173      701CD76E 
 173      E24D7340 
 173      AFEE
 174 0363 80316AF3 		.ascii	"\2001j\363\250w\336o\352\314\222\324\"\256\260\240\245"
 174      A877DE6F 
 174      EACC92D4 
 174      22AEB0A0 
 174      A5
 175 0374 DF7BA213 		.ascii	"\337{\242\023\030\264\323\032\237\264V>\277\204S.\006"
 175      18B4D31A 
 175      9FB4563E 
 175      BF84532E 
 175      06
 176 0385 2748A08E 		.ascii	"'H\240\216;\015\014N\002n\012N\021\377\300\332\350\256"
 176      3B0D0C4E 
 176      026E0A4E 
 176      11FFC0DA 
 176      E8AE
 177 0397 FD4EAFF9 		.ascii	"\375N\257\371\3134\367\002\327E!\216k\272<\337\276\006"
 177      CB34F702 
 177      D745218E 
 177      6BBA3CDF 
 177      BE06
 178 03a9 61547162 		.ascii	"aTqbp\032\346\312\231\376:r\276[\301/p\006TY4\203\263"
 178      701AE6CA 
 178      99FE3A72 
 178      BE5BC12F 
 178      70065459 
ARM GAS  C:\Users\Lena\AppData\Local\Temp\ccvd1bCo.s 			page 14


 179 03c0 F26A2E6F 		.ascii	"\362j.on\031\014\235{9\340\236A\332\337\252j:\315\322"
 179      6E190C9D 
 179      7B39E09E 
 179      41DADFAA 
 179      6A3ACDD2 
 180 03d4 7D8EDCD0 		.ascii	"}\216\334\320\001\252DZ6\2001<\013}\371WZ\301O@\304"
 180      01AA445A 
 180      3680313C 
 180      0B7DF957 
 180      5AC14F40 
 181 03e9 C4C330B3 		.ascii	"\304\3030\263\210\206\003\277\340a\300\205\241\255["
 181      888603BF 
 181      E061C085 
 181      A1AD5B
 182 03f8 37715CC0 		.ascii	"7q\\\300?\317\003\320\371,\032\013\371\030\234\207l"
 182      3FCF03D0 
 182      F92C1A0B 
 182      F9189C87 
 182      6C
 183 0409 9D47505C 		.ascii	"\235GP\\O\244<+\015tV\"h\234\367n\364\226i\201\211\216"
 183      4FA43C2B 
 183      0D745622 
 183      689CF76E 
 183      F4966981 
 184 041f 61AB4CC2 		.ascii	"a\253L\302\3263[\347\317\242\005:\247\344v6tIn5\232"
 184      D6335BE7 
 184      CFA2053A 
 184      A7E47636 
 184      74496E35 
 185 0434 DC05B0A0 		.ascii	"\334\005\260\240\240\365\361}o8\005{\016\024\270\210"
 185      A0F5F17D 
 185      6F38057B 
 185      0E14B888 
 186 0444 2E79F2AE 		.ascii	".y\362\256\216%{b\364+M\276Z>\026]\203K2\272\221\242"
 186      8E257B62 
 186      F42B4DBE 
 186      5A3E165D 
 186      834B32BA 
 187 045a 5F26C254 		.ascii	"_&\302Tl\314z\317.T\322\376&veN\021\241\010\335\362"
 187      6CCC7ACF 
 187      2E54D2FE 
 187      2676654E 
 187      11A108DD 
 188 046f 8AA08EED 		.ascii	"\212\240\216\355\033\251\377;\214*y\036\307\330\003"
 188      1BA9FF3B 
 188      8C2A791E 
 188      C7D803
 189 047e 513A8F1C 		.ascii	"Q:\217\034\0054\210\311\322\377`\362\212dr\254M\341"
 189      053488C9 
 189      D2FF60F2 
 189      8A6472AC 
 189      4DE1
 190 0490 18AFF749 		.ascii	"\030\257\367ILv\2142\251M\300\352*a5\011\322\367\354"
 190      4C768C32 
 190      A94DC0EA 
 190      2A613509 
 190      D2F7EC
ARM GAS  C:\Users\Lena\AppData\Local\Temp\ccvd1bCo.s 			page 15


 191 04a3 0CFA486C 		.ascii	"\014\372Hl\234\014\351[\245\234\2223\350\237\014\351"
 191      9C0CE95B 
 191      A59C9233 
 191      E89F0CE9 
 192 04b3 3509A96F 		.ascii	"5\011\251o\034\244\217\364\376f\363(\177\275\222\277"
 192      1CA48FF4 
 192      FE66F328 
 192      7FBD92BF 
 193 04c3 01C95F30 		.ascii	"\001\311_0l\203c\260QpyK\252\362\012\036\206\303=\222"
 193      6C8363B0 
 193      5170794B 
 193      AAF20A1E 
 193      86C33D92 
 194 04d7 3962088D 		.ascii	"9b\010\215E}\336m!Kj\305F\344\312\310`\010\226\260\333"
 194      457DDE6D 
 194      214B6AC5 
 194      46E4CAC8 
 194      600896B0 
 195 04ec D8C15279 		.ascii	"\330\301Ry\017\376\001@\203Sz\317V.\301\216\363\007"
 195      0FFE0140 
 195      83537ACF 
 195      562EC18E 
 195      F307
 196 04fe 87CE015E 		.ascii	"\207\316\001^\352@\2210W\302\262w\343\227\257\370(."
 196      EA409130 
 196      57C2B277 
 196      E397AFF8 
 196      282E
 197 0510 C19EBAD2 		.ascii	"\301\236\272\322\031\277\314\356Nw\331\223\022\342V"
 197      19BFCCEE 
 197      4E77D993 
 197      12E256
 198 051f C4BEF9C6 		.ascii	"\304\276\371\306\350[\374\322\024{\222=.=#\331\356L"
 198      E85BFCD2 
 198      147B923D 
 198      2E3D23D9 
 198      EE4C
 199 0531 C85C34FE 		.ascii	"\310\\4\3765\336J\317N\367\353\213\337\2618\335\026"
 199      35DE4ACF 
 199      4EF7EB8B 
 199      DFB138DD 
 199      16
 200 0542 57BAC5ED 		.ascii	"W\272\305\355\262Z\254)\311Y\251\211\016\273u\241\225"
 200      B25AAC29 
 200      C959A989 
 200      0EBB75A1 
 200      95
 201 0553 298E3415 		.ascii	")\2164\025\237mj\232\313\356T\322V\362D\327*%=\231\257"
 201      9F6D6A9A 
 201      CBEE54D2 
 201      56F244D7 
 201      2A253D99 
 202 0568 71A729E9 		.ascii	"q\247)\351i!\231\211\2533l\216\247Y\203\325\351p8S-"
 202      69219989 
 202      AB336C8E 
 202      A75983D5 
 202      E9703853 
ARM GAS  C:\Users\Lena\AppData\Local\Temp\ccvd1bCo.s 			page 16


 203 057d 694E57BA 		.ascii	"iNW\272\333\362\376\362\330\245\261k\261 \253\323eK"
 203      DBF2FEF2 
 203      D8A5B16B 
 203      B120ABD3 
 203      654B
 204 058f C85CEC58 		.ascii	"\310\\\354X\230\302>\375\037\262\331\326\246[\226\306"
 204      98C23EFD 
 204      1FB2D9D6 
 204      A65B96C6 
 205 059f C67D1867 		.ascii	"\306}\030g\261\247ZWg$\333,V\207\333\356NXe\265b\306"
 205      B1A75A57 
 205      6724DB2C 
 205      5687DBEE 
 205      4E5865B5 
 206 05b5 A7DDE3B1 		.ascii	"\247\335\343\261\034)\356,7\306\237\036\033\267<:)\321"
 206      1C29EE2C 
 206      37C69F1E 
 206      1BB73C3A 
 206      29D1
 207 05c7 6DC31EBF 		.ascii	"m\303\036\277\032\035\263\210).\2469l\016\247+\213\375"
 207      1A1DB388 
 207      292EA639 
 207      6C0EA72B 
 207      8BFD
 208 05d9 0BD27F62 		.ascii	"\013\322\177b\205"
 208      85
 209              		.text
 210              		.section	.gnu.lto_.symbol_nodes.d26e2023,"",%progbits
 211 0000 789C55CE 		.ascii	"x\234U\316\275\021@@\024\004\340\335;\327\206Z\250\354"
 211      BD114040 
 211      1404E0DD 
 211      3BD7865A 
 211      A8EC
 212 0012 5D664624 		.ascii	"]fF$\026\253B,V\203@\017\376\206\261H\334Kv\347\333"
 212      16AB422C 
 212      5683400F 
 212      FE86B148 
 212      DC4B76E7 
 213 0027 E40538B4 		.ascii	"\344\0058\264\320\271\205\0064#\240\350c)YiL\204\007"
 213      D0B98506 
 213      3423A0E8 
 213      63295969 
 213      4C8407
 214 003a CDBD02C4 		.ascii	"\315\275\002\304X\010v\232O`\243e\011\234\264\360\007"
 214      5808769A 
 214      4F60A365 
 214      099CB4F0 
 214      07
 215 004b 8F0CDD74 		.ascii	"\217\014\335t\321\253\015\325\231{=\320\325J\206\317"
 215      D1AB0DD5 
 215      997B3DD0 
 215      D54A86CF 
 216 005b B5CC8FD3 		.ascii	"\265\314\217\323a\226\343\006\\-)\247"
 216      6196E306 
 216      5C2D29A7 
 217              		.text
 218              		.section	.gnu.lto_.refs.d26e2023,"",%progbits
ARM GAS  C:\Users\Lena\AppData\Local\Temp\ccvd1bCo.s 			page 17


 219 0000 789C6365 		.ascii	"x\234ce`b`d\000\002\000\000I\000\011"
 219      60626064 
 219      00020000 
 219      490009
 220              		.text
 221              		.section	.gnu.lto_.decls.d26e2023,"",%progbits
 222 0000 789CC55A 		.ascii	"x\234\305ZyT\224\331\225\257W\257\026\250*\300\240\351"
 222      795494D9 
 222      95AF57AF 
 222      16A82AC0 
 222      A0E9
 223 0012 637A3827 		.ascii	"cz8'\236\0363\341$i\227\356\236^\22293\335c&I\237\231"
 223      9E1E33E1 
 223      246997EE 
 223      9E5E9239 
 223      33DD6326 
 224 0029 4EE7C4EE 		.ascii	"N\347\304\356\231\177\234\251\301\242\024\272\331RU"
 224      997F9CA9 
 224      C1A214BA 
 224      D95255
 225 0038 B43AFFE4 		.ascii	"\264:\377\344C\020\005T\024DY\025Q\220Ulw\005\025QV"
 225      43100554 
 225      14445915 
 225      5190556C 
 225      77051551 
 226 004d 6511145C 		.ascii	"e\021\024\\\220}Q\221E\260A@a\356[\252\276\257\212*"
 226      907D5191 
 226      45B04140 
 226      61EE5BAA 
 226      BEAF8A2A 
 227 0061 DB9C3366 		.ascii	"\333\2343f8\274\372\276\373\276\373\356\375\335\373"
 227      38BCFABE 
 227      FBBEFBEE 
 227      FDDDFB
 228 0070 EEBDEF7D 		.ascii	"\356\275\357}\213R&\227\325,\227\311\336\326\312d\017"
 228      8B522697 
 228      D52C97C9 
 228      DED6CA64 
 228      0F
 229 0081 904C3607 		.ascii	"\220L6\007\177X&\223\025A#G\037h*h\237\313\330\0379"
 229      7F582693 
 229      15412347 
 229      1F682A68 
 229      9FCBD81F 
 230 0096 BF047C2D 		.ascii	"\277\004|-\320\356A{\002m\022\332\014\222\315\373\373"
 230      D0EE417B 
 230      026D12DA 
 230      0C92CDFB 
 230      FB
 231 00a7 33087813 		.ascii	"3\010x\023\216\336\320\026A3\003O\001\264\0068\257\201"
 231      8EDED016 
 231      4133034F 
 231      01B40638 
 231      AF81
 232 00b9 5606ED24 		.ascii	"V\006\355$\264/\241\015B\377\257\240=GL\327\004\034"
 232      B42FA10D 
 232      42FFAFA0 
ARM GAS  C:\Users\Lena\AppData\Local\Temp\ccvd1bCo.s 			page 18


 232      3D474CD7 
 232      041C
 233 00cb 2FC07116 		.ascii	"/\300q\026\216X.\223)\240)\241\215\002m\201\366\036"
 233      8E582E93 
 233      29A029A1 
 233      8D026D81 
 233      F61E
 234 00dd E2D8E40C 		.ascii	"\342\330\344\014\323]\240\325p|\010\307\036h\335\320"
 234      D35DA0D5 
 234      707C08C7 
 234      1E68DDD0 
 235 00ed 7AA10D40 		.ascii	"z\241\015@\353\207\266\017\232;\307N\360\272\3038-\264"
 235      EB87B60F 
 235      9A3BC74E 
 235      F0BAC338 
 235      2DB4
 236 00ff 1FC8990D 		.ascii	"\037\310\231\015\304\226\205p\376C\371|;\212\300\216"
 236      C4968570 
 236      FE43F97C 
 236      3B8AC08E 
 237 010f BF71B0A3 		.ascii	"\277q\260\243\0319\267\201`'v\274\001r\246\341x\203"
 237      1939B781 
 237      602776BC 
 237      0172A6E1 
 237      7883
 238 0121 DBFB97DA 		.ascii	"\333\373\227\332\342.\261\245\301\205=_q\276\026\356"
 238      E22EB1A5 
 238      C1853D5F 
 238      71BE16EE 
 239 0131 FF97D944 		.ascii	"\377\227\331D\246\347\307\016\266\355\303\350\364\216"
 239      A6E7C70E 
 239      B6EDC3E8 
 239      F48E
 240 013f AB17E4ED 		.ascii	"\253\027\344\355\250\015\021\226\005\264\027!\366\213"
 240      A80D1196 
 240      05B41721 
 240      F68B
 241 014d 68A3E49C 		.ascii	"h\243\344\234\365\017!\332\017\275r\372\313\030i\027"
 241      F50F21DA 
 241      0FBD72FA 
 241      CB186917 
 242 015d B28EE0B4 		.ascii	"\262\216\340\264\234\223r.\222\376\363\301H\"\221]f"
 242      9C93722E 
 242      92FEF3C1 
 242      4822915D 
 242      66
 243 016e 9AAC7F32 		.ascii	"\232\254\1772\306\316\220\310\250t6\032\311E\005\010"
 243      C6CE90C8 
 243      A874361A 
 243      C9450508 
 244 017e 49074804 		.ascii	"I\007H\0042\330\374\272\015\237L4\016Y\255\177\222r"
 244      32D8FCBA 
 244      0D9F4C34 
 244      0E59AD7F 
 244      9272
 245 0190 BD5FD381 		.ascii	"\275_\323\201\356\223\336\314\217\021\355;0\231;\243"
 245      EE93DECC 
ARM GAS  C:\Users\Lena\AppData\Local\Temp\ccvd1bCo.s 			page 19


 245      8F11ED3B 
 245      30993BA3 
 246 01a0 C67244CE 		.ascii	"\306rD\316;\246r\177\263\254P`\177n\313D\267\035-\234"
 246      3BA6727F 
 246      B3AC5060 
 246      7F6ECB44 
 246      B71D2D9C 
 247 01b4 39A621D3 		.ascii	"9\246!\323\210\276\324\241\265\012\322u#\352X:\336\211"
 247      88BED4A1 
 247      B50AD275 
 247      23EA583A 
 247      DE89
 248 01c6 91B70629 		.ascii	"\221\267\006)\210\350\272\324\036O \027i\320\022\347"
 248      88E8BAD4 
 248      1E4F2017 
 248      69D012E7 
 249 01d6 032AE626 		.ascii	"\003*\346&\313\274\330\0009\220M\243\3273\264l\300\002"
 249      CBBCD800 
 249      39904DA3 
 249      D733B46C 
 249      C002
 250 01e8 201F9FB8 		.ascii	" \037\237\270\236\215\027\357\245\232#\205\005r\364"
 250      9E8D17EF 
 250      A59A2385 
 250      0572F4
 251 01f7 EF6FA063 		.ascii	"\357o\240c\310\007\025#\210\024\364-Z\014\277G\221\202"
 251      C8071523 
 251      8814F42D 
 251      5A0CBF47 
 251      9182
 252 0209 C139597C 		.ascii	"\3019Y|=C\243\213\025\204\315\302\256H\301\375w\344"
 252      3D43A38B 
 252      1584CDC2 
 252      AE48C1FD 
 252      77E4
 253 021b 3A2A02EE 		.ascii	":*\002\356B\312}\034\351P>Z\306x\213\313\017?v\303?"
 253      42CA7D1C 
 253      E9503E5A 
 253      C6788BCB 
 253      0F3F76C3 
 254 0230 26F6C9AF 		.ascii	"&\366\311\2574\3266h\221\316\327\305Ht\012\371J\006"
 254      34D63668 
 254      91CED7C5 
 254      48740AF9 
 254      4A06
 255 0242 E7102C65 		.ascii	"\347\020,esQoEl\021\0049:\011\027N \314/\022>\256`<"
 255      73516F45 
 255      6C110439 
 255      3A09174E 
 255      20CC2F12 
 256 025a 635C414D 		.ascii	"c\\AM%\034\005\210\032{\277:\257\200x\347\247\032D&"
 256      251C0588 
 256      1A7BBF3A 
 256      AF8078E7 
 256      A71A4426 
 257 026e C98BF03D 		.ascii	"\311\213\360=>7\345\301\272\010GS\374\330a5\216C\024"
 257      3E37E5C1 
ARM GAS  C:\Users\Lena\AppData\Local\Temp\ccvd1bCo.s 			page 20


 257      BA084753 
 257      FCD86135 
 257      8E4314
 258 0281 584A6D6B 		.ascii	"XJmk\271\002\371j\230\312\311\374\177L\031\023\204%"
 258      B902F96A 
 258      98CAC9FC 
 258      7F4C1913 
 258      8425
 259 0293 A80469D0 		.ascii	"\250\004i\3209Q\345O5\360\273\315\206]&\002?\017\300"
 259      3951E54F 
 259      35F0BBCD 
 259      865D2602 
 259      3F0FC0
 260 02a6 412EE143 		.ascii	"A.\341Cg\241\363\014t\202\216\274\303\273\263T\270\210"
 260      67A1F30C 
 260      74828EBC 
 260      C3BBB354 
 260      B888
 261 02b8 4EAEBCF2 		.ascii	"N\256\274\362\342\275\333\012\244\361u*\340\242\023"
 261      E2BDDB0A 
 261      A4F1752A 
 261      E0A213
 262 02c7 011C4CFD 		.ascii	"\001\034L\375[\225\324\376\013\000\246T\004\003\330"
 262      5B95D4FE 
 262      0B00A654 
 262      0403D8
 263 02d6 98FDC29E 		.ascii	"\230\375\302\236\231\003\036\270\034S%B_E\237\334\225"
 263      99031EB8 
 263      1C532542 
 263      5F459FDC 
 263      95
 264 02e7 92CB2E95 		.ascii	"\222\313.\225\264N-I\236&\026\227\201\222K\242\222\013"
 264      B44E2D49 
 264      9E261697 
 264      81924BA2 
 264      920B
 265 02f9 56256597 		.ascii	"V%e\227\252\266\353\250\223\011\307i\346\344[\317.L"
 265      AAB6EBA8 
 265      9309C769 
 265      E6E45BCF 
 265      2E4C
 266 030b EBF01505 		.ascii	"\353\360\025\005\321\254\350<46\250B\276>\010i\240\345"
 266      D1ACE83C 
 266      3436A842 
 266      BE3E0869 
 266      A0E5
 267 031d 58835886 		.ascii	"X\203X\206*a\300\025\204\255E U\000l\243\177&\335\314"
 267      2A61C015 
 267      84AD4520 
 267      55006CA3 
 267      7F26DDCC 
 268 0331 97A35902 		.ascii	"\227\243Y\002^,C\357\372\240\025\200\361*`$\227d\250"
 268      5E2C43EF 
 268      FAA01580 
 268      F12A6024 
 268      9764A8
 269 0344 0A105600 		.ascii	"\012\020V\000\302T\301\215\366\200\302]u\007\323\334"
ARM GAS  C:\Users\Lena\AppData\Local\Temp\ccvd1bCo.s 			page 21


 269      C254C18D 
 269      F680C25D 
 269      7507D3DC 
 270 0354 357CD4B6 		.ascii	"5|\324\266\227\216\002\356\321\361\266\233ri\224V\003"
 270      978E02EE 
 270      D1F1B69B 
 270      72699456 
 270      03
 271 0365 12314A6B 		.ascii	"\0221Jkh\000\021\306\256\330\356\207Jj\034\364\241r"
 271      680011C6 
 271      AED8EE87 
 271      4A6A1CF4 
 271      A172
 272 0377 FB08FA7C 		.ascii	"\373\010\372|~\004}\316\"\350\360\324\310\031\035\256"
 272      7E047DCE 
 272      22E8F0D4 
 272      C8191DAE 
 273 0387 A6E6CB6F 		.ascii	"\246\346\313o\\\030\352r\263E\320\\\312\337\236\035"
 273      5C18EA72 
 273      B345D05C 
 273      CADF9E1D 
 274 0397 88130405 		.ascii	"\210\023\004\005j\000\235u\242C?w\031B\365`\302\347"
 274      6A009D75 
 274      A2433F77 
 274      1942F560 
 274      C2E7
 275 03a9 7C72AE43 		.ascii	"|r\256C\3475fD\325\267\221\015,\221\211\244Z\206\315"
 275      E7356644 
 275      D5B7910D 
 275      2C9189A4 
 275      5A86CD
 276 03bc 9ABBDE2C 		.ascii	"\232\273\336,wO\367\327TjX*\013\010\350\324\222\247"
 276      774FF7D7 
 276      546A582A 
 276      0B08E8D4 
 276      92A7
 277 03ce B54A76D9 		.ascii	"\265Jv\331\015\3103\303\005g<\330\34522\372\334\270"
 277      0DC833C3 
 277      05673CD8 
 277      E53232FA 
 277      DCB8
 278 03e0 70D203F7 		.ascii	"p\322\003\367*\251\021W\237v\344\350\360 #\306\332s"
 278      2AA91157 
 278      9F76E4E8 
 278      F02023C6 
 278      DA73
 279 03f2 F3DDF128 		.ascii	"\363\335\361(#v\265M\225j\361\004'f^t\252\361\014#\206"
 279      2376B54D 
 279      956AF104 
 279      27665E74 
 279      AAF10C23 
 280 0407 B2EB8FBB 		.ascii	"\262\353\217\273\203@_\015\372\263\304-\276\314-\351"
 280      83405F0D 
 280      FAB3C42D 
 280      BECC2DE9 
 281 0417 BBBBF7B9 		.ascii	"\273\273\367\271\343\010\025u\313\376\307\267#=$\211"
 281      E3081575 
ARM GAS  C:\Users\Lena\AppData\Local\Temp\ccvd1bCo.s 			page 22


 281      CBFEC7B7 
 281      233D2489 
 282 0427 F5771934 		.ascii	"\365w\0314\261\332\301\2266\321+\2766\257dF\012?\210"
 282      B1DAC196 
 282      36D12BBE 
 282      36AF6446 
 282      0A3F88
 283 043a 58294337 		.ascii	"X)C7\301\003\315\304-\367\301-\276\334-\367\240\363"
 283      C103CDC4 
 283      2DF7C12D 
 283      BEDC2DF7 
 283      A0F3
 284 044c 2E73CBD6 		.ascii	".s\313\326\250\334x-\336\316\224T\334\213\376F\324Q"
 284      A8DC782D 
 284      DECE9454 
 284      DC8BFE46 
 284      D451
 285 045e FF4E15CD 		.ascii	"\377N\025\315\227.\320\321!\352hG\256\225t:W\322^|\357"
 285      972ED0D1 
 285      21EA6847 
 285      AE95743A 
 285      57D25E7C 
 286 0473 AA022731 		.ascii	"\252\002'1%M\373\242G\2246-U\327\361\375+\261d\202{"
 286      254DFBA2 
 286      4794362D 
 286      55D7F1FD 
 286      2BB16482 
 287 0488 414DB7A8 		.ascii	"AM\267\250\246\353%jz\234\253\311\216\2765\340\211c"
 287      A6EB256A 
 287      7A9CABC9 
 287      8EBE35E0 
 287      8963
 288 049a D5D47B85 		.ascii	"\325\324{\205\345)\265Z\274\227\021Y\021\267\256y\340"
 288      E529B55A 
 288      BC971159 
 288      11B7AE79 
 288      E0
 289 04ab 344674CC 		.ascii	"4Ft\314\264\237\3028\223\021\371\263Ok\275p6#\356\355"
 289      B49FC238 
 289      9311F9B3 
 289      4F6BBD70 
 289      3623EEED 
 290 04bf AF7CA8C3 		.ascii	"\257|\250\303'\030!V~\210&V\371{G\223\007=l14\310b\350"
 290      27182156 
 290      7E882656 
 290      F97B4793 
 290      073D6C31 
 291 04d7 6651458E 		.ascii	"fQE\216RZ\360a\241\020\013\376\020-\370\217\255\005"
 291      525AF061 
 291      A1100BFE 
 291      102DF88F 
 291      AD05
 292 04e9 FFD4F503 		.ascii	"\377\324\365\003iJi*\015\331\025\374ai\301?\321\276"
 292      694A692A 
 292      0DD915FC 
 292      6169C13F 
 292      D1BE
ARM GAS  C:\Users\Lena\AppData\Local\Temp\ccvd1bCo.s 			page 23


 293 04fb F38A072E 		.ascii	"\363\212\007.\245h\3441\017\272\373\220}\305\227\016"
 293      A568E431 
 293      0FBAFB90 
 293      7DC5970E 
 294 050b 454FC025 		.ascii	"EO\300%\303\016\025\277a\012\307\037\242\276\035\205"
 294      C30E15BF 
 294      610AC71F 
 294      A2BE1D85 
 295 051b 2B23A26F 		.ascii	"+#\242o\207\255%\177\317\336\333\371^\370\214\0335\330"
 295      87AD257F 
 295      CFDEDBF9 
 295      5EF88C1B 
 295      35D8
 296 052d BAF279F3 		.ascii	"\272\362y\363\225\357\301\245tk2\220u.\267\370h\253"
 296      95EFC1A5 
 296      746B3290 
 296      752EB7F8 
 296      68AB
 297 053f 165F61BC 		.ascii	"\026_a\274\005\223Q\247\274p\025#\254y\341\315\363\""
 297      059351A7 
 297      BC701523 
 297      AC79E1CD 
 297      F322
 298 0551 B73F7DA7 		.ascii	"\267?}\247\216\321\037\022\0075\266gc\\\307x\333N\354"
 298      8ED11F12 
 298      0735B667 
 298      635CC778 
 298      DB4EEC
 299 0564 B8E2865B 		.ascii	"\270\342\206[\030Qr\246\264\222\347\327\012 #{3\272"
 299      185172A6 
 299      B492E7D7 
 299      0A20237B 
 299      33BA
 300 0576 3C713BBB 		.ascii	"<q;\273V\031\037\265]\203\007(!/\330\261\355\261\313"
 300      56191FB5 
 300      5D830728 
 300      212FD8B1 
 300      EDB1CB
 301 0589 923FF792 		.ascii	"\222?\367\222j\374\013V\215ga\272^8\251\306i\343\367"
 301      6AFC0B56 
 301      8D6761BA 
 301      5E38A9C6 
 301      69E3F7
 302 059c 1FBA3300 		.ascii	"\037\2723\000\276d\2319?\236\255\302\343\014\300\325"
 302      BE649939 
 302      3F9EADC2 
 302      E30CC0D5 
 303 05ac 9EE66A25 		.ascii	"\236\346j%~\316\210\314\362\256\267\361\016wz~>\251"
 303      7ECE88CC 
 303      F2AEB7F1 
 303      0E777A7E 
 303      3EA9
 304 05be 74C80D27 		.ascii	"t\310\015'0\242{n\366+\234\305\316c\012c*=q>#\262.\225"
 304      30A27B6E 
 304      F62B9CC5 
 304      CE630A63 
 304      2A3D713E 
ARM GAS  C:\Users\Lena\AppData\Local\Temp\ccvd1bCo.s 			page 24


 305 05d6 3C56E3F3 		.ascii	"<V\343\363\214\310}\324\361\034\343\032Ft\265U\035\363"
 305      8CC87DD4 
 305      F11CE31A 
 305      4674B555 
 305      1DF3
 306 05e8 C4D71851 		.ascii	"\304\327\030Q2\231V\342\205\233\030Q\32737\246\301w"
 306      329956E2 
 306      859B1851 
 306      D73337A6 
 306      C177
 307 05fa 18712675 		.ascii	"\030q&u\266L\201;\031\261eG\321>2\031*VD\3254\030\247"
 307      B64C813B 
 307      19B16547 
 307      D13E3219 
 307      2A5644D5 
 308 0611 4F2B5817 		.ascii	"O+X\0271v#te\244\264}\353\211{\351\020\371\343\256\230"
 308      31762374 
 308      65A4B47D 
 308      EB897BE9 
 308      10F9E3AE 
 309 0626 583749C5 		.ascii	"X7I\305x?e\224\270b\267\\\203\342\3456W\250x\226\011"
 309      783F6594 
 309      B862B75C 
 309      83E2E536 
 309      57A87896 
 310 063b F3DCBA4B 		.ascii	"\363\334\272K\356KdS\267\356\224\373\240\035r\232dc"
 310      EE4B6453 
 310      B7EE94FB 
 310      A01D729A 
 310      6463
 311 064d 53A32715 		.ascii	"S\243'\025x\230\351\210\355\032{\341\305\346e\276\200"
 311      7898E988 
 311      ED1A7BE1 
 311      C5E665BE 
 311      80
 312 065e 3D4E04D8 		.ascii	"=N\004\330J\313)ZZ\022\001L\202\010\006\260\361\205"
 312      4ACB295A 
 312      5A12014C 
 312      820806B0 
 312      F185
 313 0670 449849D1 		.ascii	"D\230I\321\341\011\246\244\244\350\3206\215\315\220"
 313      E109A6A4 
 313      A4E8D036 
 313      8DCD90
 314 067f D6A9F7D8 		.ascii	"\326\251\367\330\234\356\203\261I\342\330D\271KK\366"
 314      9CEE83B1 
 314      49E2D844 
 314      B94B4BF6 
 315 068f 3AB7643A 		.ascii	":\267d:\361\334)-~\316\034\034\2274\224\343\2117\263"
 315      F1DC292D 
 315      7ECE1C1C 
 315      973494E3 
 315      8937B3
 316 06a2 CA3BF360 		.ascii	"\312;\363`\317\035\304\302B\007\344\346\222;\273\275"
 316      CF1DC4C2 
 316      4207E4E6 
 316      923BBBBD 
ARM GAS  C:\Users\Lena\AppData\Local\Temp\ccvd1bCo.s 			page 25


 317 06b2 582674D2 		.ascii	"X&t\322Ucz\333\254\002\3073\336\326\355\315\367Tx\037"
 317      55637ADB 
 317      AC02C733 
 317      DED6EDCD 
 317      F754781F 
 318 06c6 25E4538F 		.ascii	"%\344S\217\252\213\2646\250\265\213a\335F\007\000g\306"
 318      AA8BB436 
 318      A8B58B61 
 318      DD460700 
 318      67C6
 319 06d8 2BE1DCEF 		.ascii	"+\341\334\357\034geC\346\270\033\316`\352\316\355N\200"
 319      1C676543 
 319      E6B81BCE 
 319      60EACEED 
 319      4E80
 320 06ea E03BC488 		.ascii	"\340;\304\210\366\344\270\022->\315\210\213\361cg\335"
 320      F6E4B812 
 320      2D3ECD88 
 320      8BF16367 
 320      DD
 321 06fb F105466C 		.ascii	"\361\005Fl}\326}\314\013W2\342QdY\227\002\3271\242x"
 321      7DD67DCC 
 321      0B5732E2 
 321      51645997 
 321      02D731A2 
 322 0710 4B6F9E1B 		.ascii	"Ko\236\033\030\343\003\221\204$\213\216\017\273|\262"
 322      18E30391 
 322      84248B8E 
 322      0FBB7CB2 
 323 0720 6CBC4881 		.ascii	"l\274H\201\233\2309\247O\366\246j$!\264l\313V2k\371"
 323      9B9839A7 
 323      4FF6A66A 
 323      2421B46C 
 323      CB56326B 
 324 0735 6051AE68 		.ascii	"`Q\256h\221\217\255P\333\357@\362\300\034\037n\316\021"
 324      918FAD50 
 324      DBEF40F2 
 324      C01C1F6E 
 324      CE11
 325 0747 30278799 		.ascii	"0'\207\231\223w \367\252\007nc\032R\222.\237\364\224"
 325      937720F7 
 325      AA076E63 
 325      1A52922E 
 325      9FF494
 326 075a 2C396F9D 		.ascii	",9o\235\240qQ\004\032\012D\015\371r\027*\012\235\253"
 326      A0715104 
 326      1A0A440D 
 326      F972172A 
 326      0A9DAB
 327 076d D89CD85C 		.ascii	"\330\234\330\\\350\216{\231\212\256\262+\011X\022>\037"
 327      E88E7B99 
 327      8AAEB22B 
 327      0958123E 
 327      1F
 328 077e B652238E 		.ascii	"\266R#\216\201\212\243\242\212\"W*\212\235\253HJ\355"
 328      818AA3A2 
 328      8A22572A 
ARM GAS  C:\Users\Lena\AppData\Local\Temp\ccvd1bCo.s 			page 26


 328      8A9DAB48 
 328      4AED
 329 0790 5F8C1F33 		.ascii	"_\214\0373\237\305m\237-\306x\214\251\313\2708\035/"
 329      9FC56D9F 
 329      2DC6788C 
 329      A9CBB838 
 329      1D2F
 330 07a2 5AD4ADFE 		.ascii	"Z\324\255\376\030\235\004M\307_A\323\011\347\232\356"
 330      189D044D 
 330      C75F41D3 
 330      09E79AEE 
 331 07b2 678C8C2B 		.ascii	"g\214\214+\3604\337*])\276\241\306\202\226\252\352y"
 331      F034DF2A 
 331      5D29BEA1 
 331      C68296AA 
 331      EA79
 332 07c4 78FC99B8 		.ascii	"x\374\231\270'x\004\252\316\202\252\323"
 332      277804AA 
 332      CE82AAD3 
 333 07d0 AFA0EA8C 		.ascii	"\257\240\352\214sU\303Q}\235|;\264\230$\310\236\344"
 333      7355C351 
 333      7D9D7C3B 
 333      B49824C8 
 333      9EE4
 334 07e2 77718C96 		.ascii	"wq\214\226U\260\221\2075\236\322\205\253\327n\017X\""
 334      55B09187 
 334      359ED285 
 334      ABD76E0F 
 334      5822
 335 07f4 B7EE0137 		.ascii	"\267\356\0017w\237nAx\027\033u\271.2O\213\223\030\321"
 335      779F6E41 
 335      78171B75 
 335      B92E324F 
 335      8B9318D1 
 336 0808 FDE260AF 		.ascii	"\375\342`\257\032\2471\342Yr\315a\017|\220\021\011\205"
 336      1AA731E2 
 336      5972CD61 
 336      0F7C9011 
 336      0985
 337 081a 8DAD2A9C 		.ascii	"\215\255*\234\315\210\366\243\263\245*\234\313\210\003"
 337      CD88F6A3 
 337      B3A52A9C 
 337      CB8803
 338 0829 6D4F8AD4 		.ascii	"mO\212\324\270\200\331{\371\326\301<\017\3735\020n\256"
 338      B880D97B 
 338      F9D6C13C 
 338      0FFB3510 
 338      6EAE
 339 083b 6CE97315 		.ascii	"l\351s\025\214\372\322~\005\204\335E]\317V\262\002^"
 339      8CFAD27E 
 339      0584DD45 
 339      5DCF56B2 
 339      025E
 340 084d 91C38654 		.ascii	"\221\303\206T\364\314\227|\001\354\334\\\331\354\206"
 340      F4CC977C 
 340      01ECDC5C 
 340      D9EC86
ARM GAS  C:\Users\Lena\AppData\Local\Temp\ccvd1bCo.s 			page 27


 341 085c 4F32654F 		.ascii	"O2eO\206o>\367\300g\031!L]\274\253\302\245\214\270\227"
 341      866F3EF7 
 341      C0671921 
 341      4C5DBCAB 
 341      C2A58CB8 
 342 0871 F4ACD31D 		.ascii	"\364\254\323\035_bD\365\255\270K\012\\\316\210#\327"
 342      5F6244F5 
 342      ADB84B0A 
 342      5CCE8823 
 342      D7
 343 0882 3A0525AE 		.ascii	":\005%\256`Di\354\265\347n\270\232\021\251\347\267n"
 343      604469EC 
 343      B5E76EB8 
 343      9A11A9E7 
 343      B76E
 344 0894 D6E06B8C 		.ascii	"\326\340k\214(\230\033\217\327\341zn{\351\215,9s\363"
 344      28981B8F 
 344      D7E17A6E 
 344      7BE98D2C 
 344      3973F3
 345 08a7 52B20529 		.ascii	"R\262\005)\213\253\306\254\274d\302B\253M\312:u\325"
 345      8BABC6AC 
 345      BC64C242 
 345      AB4DCA3A 
 345      75D5
 346 08b9 132D657F 		.ascii	"\023-e\177\013\227\372.\315\"\366\226\265\316(\037\026"
 346      0B97FA2E 
 346      CD22F696 
 346      B5CE281F 
 346      16
 347 08ca D46E1732 		.ascii	"\324n\0272\313\021\265\246\012\254i\225/\024\355\277"
 347      CB11B5A6 
 347      0AAC6995 
 347      2F14EDBF 
 348 08da 4167A288 		.ascii	"Ag\242\210\374\312\330\220\246\377J\021\312\2420e\257"
 348      FCCAD890 
 348      A6FF4A11 
 348      CAA23065 
 348      AF
 349 08eb 74643F27 		.ascii	"td?''\354+E\356r\011w\265s\341\022\356n\011\367eG\356"
 349      27EC2B45 
 349      EE720977 
 349      B573E112 
 349      EE6E09F7 
 350 0902 F179DCFF 		.ascii	"\361y\334\377)r_w\344^\356\300\374H\302|\315)\263\324"
 350      29725F77 
 350      E45EEEC0 
 350      FC48C27C 
 350      CD29B3D4 
 351 0916 C8690977 		.ascii	"\310i\011w\215#w\263\304'\273i\315\025\204\217\025\260"
 351      8D2377B3 
 351      C427BB69 
 351      CD15848F 
 351      15B0
 352 0928 7F83A0AF 		.ascii	"\177\203\240\257\007\007\240:>\002\342\002\335\201\000"
 352      0707A03A 
 352      3E02E202 
ARM GAS  C:\Users\Lena\AppData\Local\Temp\ccvd1bCo.s 			page 28


 352      DD8100
 353 0937 BA295F8A 		.ascii	"\272)_\212nA\273\015\255\005Z\023\264Fh7\240\335\205"
 353      6E41BB0D 
 353      AD055A13 
 353      B4466837 
 353      A0DD85
 354 094a D62C5F4A 		.ascii	"\326,_J\357\276\230\3561\211\356Z\347\272\251],\032"
 354      EFBE98EE 
 354      3189EE5A 
 354      E7BAA95D 
 354      2C1A
 355 095c EBEF2D88 		.ascii	"\353\357-\210\020\004D\270d<\020EQ\355\355\336\011\221"
 355      100444B8 
 355      643C1045 
 355      51EDEDDE 
 355      0991
 356 096e 42F50A2A 		.ascii	"B\365\012*\253\302\371d1; d\022k\023w*\244\331(e\206"
 356      ABC2F964 
 356      313B2064 
 356      126B1377 
 356      2AA4D928 
 357 0984 3DB12D1B 		.ascii	"=\261-\033\333K\263&=p\265\216\304\035n\030I/\325\241"
 357      DB4BB326 
 357      3D70B58E 
 357      C41D6E18 
 357      492FD5A1 
 358 0998 A50B7D99 		.ascii	"\245\013}\231FH\216\324\276k,\240`\004*\003\245\355"
 358      46488ED4 
 358      BE6B2CA0 
 358      60042A03 
 358      A5ED
 359 09aa CEE76537 		.ascii	"\316\347e7_\256\210\353l\227\3338?q]\007\270\356>w\015"
 359      5FAE88EB 
 359      6C97DB38 
 359      3F715D07 
 359      B8EE3E77 
 360 09bf 37368F19 		.ascii	"76\217\031\333no,\311\205\315\003C\030\337\242\230\320"
 360      DB6E6F2C 
 360      C985CD03 
 360      4318DFA2 
 360      98D0
 361 09d1 607F418B 		.ascii	"`\177A\213\034\337eDzGy;\337\216]%\364\351\216=1:\236"
 361      1CDF6544 
 361      7A47793B 
 361      DF8E5D25 
 361      F4E98E3D 
 362 09e8 19E4D9CC 		.ascii	"\031\344\331\314\300\304D\213\012\3672\346\023sy\321"
 362      C0C4448B 
 362      0AF732E6 
 362      137379D1 
 363 09f8 183F62C4 		.ascii	"\030?b\304\363\354\206\333nx\234\021\227_\334I\327\340"
 363      F3EC86DB 
 363      6E789C11 
 363      975FDC49 
 363      D7E0
 364 0a0a E794F887 		.ascii	"\347\224\370\207\256\330#\251*0\032rI\267\220\377\003"
 364      AED823A9 
ARM GAS  C:\Users\Lena\AppData\Local\Temp\ccvd1bCo.s 			page 29


 364      2A301A72 
 364      49B790FF 
 364      03
 365 0a1b 0579E54B 		.ascii	"\005y\345K\016\360\273\210]\202D[\252\323\301\0179\341"
 365      0EF0BB88 
 365      5D82445B 
 365      AAD3C10F 
 365      39E1
 366 0a2d 7F70D597 		.ascii	"\177p\325\227{k W\375\240\242\236y\013\252\035:\017"
 366      7B6B2057 
 366      FDA0A29E 
 366      790BAA1D 
 366      3A0F
 367 0a3f D63F7435 		.ascii	"\326?t5E\322P\353\201P\353&\241\326\305G\020\177\035"
 367      45D250EB 
 367      8150EB26 
 367      A1D6C547 
 367      107F1D
 368 0a52 C0BE683F 		.ascii	"\300\276h?^\2122\240\245CK\203\226\012-\005\332\003"
 368      5E8A32A0 
 368      A5434B83 
 368      960A2D05 
 368      DA03
 369 0a64 08B36438 		.ascii	"\010\263d8\356\203\266\027Z$\264\027\3207\001\355;h"
 369      EE83B617 
 369      5A24B417 
 369      D03701ED 
 369      3B68
 370 0a76 8FA10D42 		.ascii	"\217\241\015B{d\027\212M\277g\241\010\025\260\327\021"
 370      7B64178A 
 370      4DBF67A1 
 370      0815B0D7 
 370      11
 371 0a87 DAA4633A 		.ascii	"\332\244c:\266\327y'\322`#\017!\246\220\003\373\263"
 371      B6D77927 
 371      D260230F 
 371      21A69003 
 371      FBB3
 372 0a99 798564F6 		.ascii	"y\205d\366\372\"\306?\004\226O;\347\247\342%!9l\027"
 372      FA22C63F 
 372      04964F3B 
 372      E7A7E225 
 372      21396C17 
 373 0aad 92432C24 		.ascii	"\222C,$\245\216i\202\213\244\254\240~\300;\314\035\223"
 373      A58E6982 
 373      8BA4ACA0 
 373      7EC03BCC 
 373      1D93
 374 0abf 058E3908 		.ascii	"\005\2169\010\006\217\201\201#v\006\016\226\252g\217"
 374      068F8181 
 374      2376060E 
 374      96AA678F 
 375 0acf 0B428C0A 		.ascii	"\013B\214\012\215\002\210\333\010\333i\260\313t\011"
 375      8D0288DB 
 375      08DB69B0 
 375      CB7409
 376 0ade 8A277628 		.ascii	"\212'v(F_\202\342\020h\376~\024\335\373\260px1\032\007"
ARM GAS  C:\Users\Lena\AppData\Local\Temp\ccvd1bCo.s 			page 30


 376      465F82E2 
 376      1068FE7E 
 376      14DDFBB0 
 376      7078311A 
 377 0af3 0813CE21 		.ascii	"\010\023\316!8\372\341\251\035\0022\220e\203\323\030"
 377      38FAE1A9 
 377      1D023290 
 377      6583D318 
 378 0b03 C904C5AF 		.ascii	"\311\004\305\257/F \206\253\363x\014\223[\242\347\216"
 378      2F462086 
 378      ABF3780C 
 378      935BA2E7 
 378      8E
 379 0b14 3339633F 		.ascii	"39c?\363\220\306M\377\032A\303j\022\330\"x\\\331\356"
 379      F390C64D 
 379      FF1A41C3 
 379      6A12D822 
 379      785CD9EE 
 380 0b28 C3051721 		.ascii	"\303\005\027!ocx\016ea\212\2333\003\347\323\000\351"
 380      6F63780E 
 380      65618A9B 
 380      3303E7D3 
 380      00E9
 381 0b3a 991DA4FA 		.ascii	"\231\035\244\372|\036Y\3041\221\240`\312E\261w*\177"
 381      7C1E59C4 
 381      3191A060 
 381      CA45B177 
 381      2A7F
 382 0b4c 331FE05A 		.ascii	"3\037\340Z~\371\317XZ\214\363\230\231/^R\240gy\315\232"
 382      7EF9CF58 
 382      5A8CF398 
 382      992F5E52 
 382      A06779CD 
 383 0b61 B2AF59EC 		.ascii	"\262\257Y\354\342\310mu\356\241\004\262\227 \276\210"
 383      E2C86D75 
 383      EEA104B2 
 383      9720BE88 
 384 0b71 12F71284 		.ascii	"\022\367\022\204\333\352.\360p\241\315\303\300\266\305"
 384      DBEA2EF0 
 384      70A1CDC3 
 384      C0B6C5
 385 0b80 311505F9 		.ascii	"1\025\005\371\313\213\352f\230t\0013\213\"\340|\316"
 385      CB8BEA66 
 385      98740133 
 385      8B22E07C 
 385      CE
 386 0b91 DE5B7912 		.ascii	"\336[y\022o\021s\010\353\253\326\353h9v*\232\231W\311"
 386      6F117308 
 386      EBABD6EB 
 386      6839762A 
 386      9A9957C9 
 387 0ba5 6D070EA7 		.ascii	"m\007\016\247\266\247DR\333\211Q[E\333\011\267\304\366"
 387      B6A74452 
 387      DB89515B 
 387      45DB09B7 
 387      C4F6
 388 0bb7 0356DBA3 		.ascii	"\003V\333\243\360\"\264\315\321\366qIt%8A(\243\303\010"
ARM GAS  C:\Users\Lena\AppData\Local\Temp\ccvd1bCo.s 			page 31


 388      F022B4CD 
 388      D1F67149 
 388      74253841 
 388      28A3C308 
 389 0bcb BC2480B7 		.ascii	"\274$\200\267\007B:\021Z\002\264\235\320v@\333\012-"
 389      07423A11 
 389      5A02B49D 
 389      D07640DB 
 389      0A2D
 390 0bdd 1ADA162C 		.ascii	"\032\332\026,\365\312\243O\331\034\223\220\216\001\245"
 390      F5CAA34F 
 390      D91C9390 
 390      8E01A5
 391 0bec 448ACBCD 		.ascii	"D\212\313\315\305p\265\244\224\305~\037w\367?1\321\333"
 391      C570B5A4 
 391      94C57E1F 
 391      77F73F31 
 391      D1DB
 392 0bfe B00EC5B9 		.ascii	"\260\016\305\271f\226\244{\014\226\246;\214s,8i\220"
 392      6696A47B 
 392      0C96A63B 
 392      8C732C38 
 392      6990
 393 0c10 EBA924D7 		.ascii	"\353\251$\327S@^\014\237\217\355`p\034\030\026+\032"
 393      53405E0C 
 393      9F8FED60 
 393      701C1816 
 393      2B1A
 394 0c22 466E5686 		.ascii	"FnV\206\324#c\275\202\220\240\243w\273\333\371\000g"
 394      D42363BD 
 394      8290A0A3 
 394      77BBDBF9 
 394      0067
 395 0c34 05870D78 		.ascii	"\005\207\015x\364\006)N$>\2239\257-U\034c\275?ZI\356"
 395      F406294E 
 395      243E9339 
 395      AF2D551C 
 395      63BD3F5A 
 396 0c4a 4E63B0E3 		.ascii	"Nc\260\343^\204\315\344\340\021>\223\344\3665\375\373"
 396      5E84CDE4 
 396      E0113E93 
 396      E4F635FD 
 396      FB
 397 0c5b DC347181 		.ascii	"\3344q\201;5\036\374\224\371J~\332\005\234\242\237\342"
 397      3B351EFC 
 397      94F94A7E 
 397      DA059CA2 
 397      9FE2
 398 0c6d 999F5C94 		.ascii	"\231\237\\\224M\264\033\334#VN[Ln\217\244\217\206\211"
 398      4DB41BDC 
 398      23564E5B 
 398      4C6E8FA4 
 398      8F8689
 399 0c80 A883624C 		.ascii	"\250\203bL\216\323\"o\253x\015U\334\022X\031\263^j\010"
 399      8ED3226F 
 399      AB780D55 
 399      DC125819 
ARM GAS  C:\Users\Lena\AppData\Local\Temp\ccvd1bCo.s 			page 32


 399      B35E6A08 
 400 0c94 C98252BE 		.ascii	"\311\202R\2760\022\263\017}\037w\355\257Xt\020\346\303"
 400      3012B30F 
 400      7D1F77ED 
 400      AF587410 
 400      E6C3
 401 0ca6 AE9919DE 		.ascii	"\256\231\031\336\226\363*\342p\340\231\277\371\233("
 401      96F32AE2 
 401      70E099BF 
 401      F99B28
 402 0cb5 F61EDF2C 		.ascii	"\366\036\337,$\257\240w\245\331<o\370\275\032\313\232"
 402      24AFA077 
 402      A5D93C6F 
 402      F8BD1ACB 
 402      9A
 403 0cc6 6392D5B8 		.ascii	"c\222\325\270v\371>\241,\002\323\033\313o\2351\277+"
 403      76F93EA1 
 403      2C02D31B 
 403      CB6F9D31 
 403      BF2B
 404 0cd8 D94B2F63 		.ascii	"\331K/c\274\344\316\360\2243^\311,\316\026\362Y$O\357"
 404      BCE4CEF0 
 404      94335EC9 
 404      2CCE16F2 
 404      59244FEF 
 405 0cec 4B9DEF6F 		.ascii	"K\235\357o\244\367\013\277\020K\353\005G\356\3717#\323"
 405      A4F70BBF 
 405      104BEB05 
 405      47EEF937 
 405      23D3
 406 0cfe 3F17D92F 		.ascii	"?\027\331/:g\227\270v\270\200O\004\331a^rdo\236'\275"
 406      3A6797B8 
 406      76B8804F 
 406      04D9615E 
 406      72646F9E 
 407 0d14 9B4B271B 		.ascii	"\233K'\033\232N\347\354\022\351w\177.\256j\311\216\253"
 407      9A4EE7EC 
 407      12E9777F 
 407      2EAE6AC9 
 407      8EAB
 408 0d26 DABC892B 		.ascii	"\332\274\211+`\225\361\241\213Ua\356)y\034E\342\265"
 408      6095F1A1 
 408      8B5561EE 
 408      29791C45 
 408      E2B5
 409 0d38 4F0CC287 		.ascii	"O\014\302\207\222Ea\244T==\026E\323\330\252p\370e\012"
 409      924561A4 
 409      543D3D16 
 409      45D3D8AA 
 409      70F8650A 
 410 0d4c EBB76212 		.ascii	"\353\267b\022)\303\316\364\365\357U\223kd[3 j\033\246"
 410      29C3CEF4 
 410      F5EF5593 
 410      6B645B33 
 410      206A1BA6 
 411 0d60 DA60EBDB 		.ascii	"\332`\353\333\230\237\225\246\303\261\013\310\326wq"
 411      989F95A6 
ARM GAS  C:\Users\Lena\AppData\Local\Temp\ccvd1bCo.s 			page 33


 411      C3B10BC8 
 411      D67771
 412 0d6f 46D6E136 		.ascii	"F\326\3416/\344\273\210l~ud\313\313\316`O\013\273Z_"
 412      2FE4BB88 
 412      6C7E7564 
 412      CBCBCE60 
 412      4F0BBB5A 
 413 0d84 7E871CE7 		.ascii	"~\207\034\347\236\321\263\223d\3211\010\336\207\342"
 413      9ED1B393 
 413      64D13108 
 413      DE87E2
 414 0d93 33D21CBC 		.ascii	"3\322\034\274\310Z\2463\241L/\226\254\272}\300\225\303"
 414      C85AA633 
 414      A14C2F96 
 414      ACBA7DC0 
 414      95C3
 415 0da5 2BF559C8 		.ascii	"+\365Y\310\3143P\270\276\205v\304\256x\265\247i\230"
 415      CC3350B8 
 415      BE8576C4 
 415      AE78B5A7 
 415      6998
 416 0db7 9373A10C 		.ascii	"\223s\241\014\365\363!Nlv\266\260\313\350 \"\277\024"
 416      F5F3214E 
 416      6C76B6B0 
 416      CBE82022 
 416      BF14
 417 0dc9 E4E783EC 		.ascii	"\344\347\203\354<\273\212\337\222\306\243\203<\207\037"
 417      3CBB8ADF 
 417      92C6A383 
 417      3C871F
 418 0dd8 404C87EB 		.ascii	"@L\207\353[\304\3724\036\330\005P)\0368ew,O\205ve\274"
 418      5BC4FA34 
 418      1ED80550 
 418      291E3865 
 418      772C4F85 
 419 0def C0A18C83 		.ascii	"\300\241\214\2037\236\302E\222A\250\004\020\036\345"
 419      379EC245 
 419      9241A804 
 419      101EE5
 420 0dfe 68CFC3F9 		.ascii	"h\317\303\3719@[\014\255\310\316\033\023\351\336\211"
 420      39405B0C 
 420      ADC8CE1B 
 420      13E9DE89 
 421 0e0e 02814066 		.ascii	"\002\201@f\356;\200@\206\330\366\236\222\360w\252c\214"
 421      EE3B8040 
 421      86D8F69E 
 421      92F077AA 
 421      638C
 422 0e20 0F78B98E 		.ascii	"\017x\271\216n\237T\241\214\024\021p\364->\302\346p"
 422      6E9F54A1 
 422      8C141170 
 422      F42D3EC2 
 422      E670
 423 0e32 490E389D 		.ascii	"I\0168\235\324l\020\373\375\223:\233\312'\3658\310n"
 423      D46C10FB 
 423      FD933A9B 
 423      CA27F538 
ARM GAS  C:\Users\Lena\AppData\Local\Temp\ccvd1bCo.s 			page 34


 423      C86E
 424 0e44 F94B27F5 		.ascii	"\371K'\36587\3414\310?\011\262O\330M\352D\252dR[\021"
 424      3837E134 
 424      C83F09B2 
 424      4FD84DEA 
 424      44AA6452 
 425 0e5a D3E17A52 		.ascii	"\323\341zR\207S\371\244\236\302l/4\237\335qR\217I\352"
 425      8753F9A4 
 425      9EC26C2F 
 425      349FDD71 
 425      528F49EA 
 426 0e6e B38C8C93 		.ascii	"\263\214\214\223\344U*\255\316\307\347-\207\344n)\325"
 426      E4552AAD 
 426      CEC7E72D 
 426      87E46E29 
 426      D5
 427 0e7f E760A4B0 		.ascii	"\347`\244\260-RE\037z\335qm5\257\027\251\236DT\216\263"
 427      2D52451F 
 427      7ADD716D 
 427      35AF17A9 
 427      9E44548E 
 428 0e94 42DF92CE 		.ascii	"B\337\222\316m$od\036\3619r\271d\324\247\263\312s\324"
 428      6D246F64 
 428      1EF13972 
 428      B964D4A7 
 428      B3CA73D4 
 429 0ea8 D99EAC32 		.ascii	"\331\236\2542eq$\271H\"\3650\266\345\355Q\272#\343,"
 429      657124B9 
 429      4822F530 
 429      B6E5ED51 
 429      BA23E32C 
 430 0ebc 69D4A85C 		.ascii	"i\324\250\\\354x\013^\232\035]/\247/\262HF4\262\027"
 430      EC780B5E 
 430      9A1D5D2F 
 430      A72FB248 
 430      4634B217 
 431 0ed0 59D195B7 		.ascii	"Y\321\225\267\253T\322\027Y\244R\213o\262.b\362&\353"
 431      AB54D217 
 431      59A4528B 
 431      6FB22E62 
 431      F226EB
 432 0ee3 02E66FB2 		.ascii	"\002\346o\262J\357\016E\311\337\312\0242;\205\262\216"
 432      4AEF0E45 
 432      C9DFCA14 
 432      323B85B2 
 432      8E
 433 0ef4 5CF7FC9E 		.ascii	"\\\367\374\236JXe\321\307\204\015\345\211e$\217\274"
 433      4A5865D1 
 433      C7840DE5 
 433      8965248F 
 433      BC
 434 0f05 B046B9A8 		.ascii	"\260F\271\250\003\241#\250\035\311\320%\374\026\214"
 434      03A123A8 
 434      1DC9D025 
 434      FC168C
 435 0f14 AEE8CF3E 		.ascii	"\256\350\317>\243\302=?px\323f\373\306\302\376[\204"
 435      A3C23D3F 
ARM GAS  C:\Users\Lena\AppData\Local\Temp\ccvd1bCo.s 			page 35


 435      7078D366 
 435      FBC6C2FE 
 435      5B84
 436 0f26 CB5831FF 		.ascii	"\313X1\377\335y9\353\264\177\347|\205u\016\246f$+\360"
 436      DD7939EB 
 436      B47FE77C 
 436      85750EA6 
 436      66242BF0 
 437 0f3a 0B263E39 		.ascii	"\013&>9\241\360\034\3021\336\364\355\372\331\306\223"
 437      A1F01CC2 
 437      31DEF4ED 
 437      FAD9C693 
 438 0f4a 152AA483 		.ascii	"\025*\244\203\033\177I\\\324\330%{\025\213\0136a#\265"
 438      1B7F495C 
 438      D4D8257B 
 438      158B0B36 
 438      6123B5
 439 0f5d EE534FD9 		.ascii	"\356SO\331\026\254\212\307Y\315_\260\347\256\304\214"
 439      16AC8AC7 
 439      59CD5FB0 
 439      E7AEC48C 
 440 0f6d 9F447D2D 		.ascii	"\237D}-D}5\266\333s\263B_\3438?\312\254\212\346m\032"
 440      447D35B6 
 440      DB73B342 
 440      5FE3383F 
 440      CAAC8AE6 
 441 0f83 B41450F2 		.ascii	"\264\024P\362\207\177\365\311<\330\255 \352\234\203"
 441      877FF5C9 
 441      3CD8AD20 
 441      EA9C83
 442 0f92 60DCFDC9 		.ascii	"`\334\375\311\016QV\347b\327\350l_*"
 442      0E5156E7 
 442      62D7E86C 
 442      5F2A
 443 0fa0 A3DC0470 		.ascii	"\243\334\004p=\000\276\006i\332\000\355\272=\360do\032"
 443      3D00BE06 
 443      69DA00ED 
 443      BA3DF064 
 443      6F1A
 444 0fb2 9875CED2 		.ascii	"\230u\316\322\245%Y\222\307\025\330\031V\333\203\254"
 444      A5255992 
 444      C715D819 
 444      56DB83AC 
 445 0fc2 A6BD1505 		.ascii	"\246\275\025\005j\034\265\220>\337-\333\261\367\240"
 445      6A1CB590 
 445      3EDF2DDB 
 445      B1F7A0
 446 0fd1 1C2DF475 		.ascii	"\034-\364u\272[n\0020\337\017l\"\231F\374\015`l\024"
 446      BA5B6E02 
 446      30DF0F6C 
 446      229946FC 
 446      0D606C14 
 447 0fe5 73A20EF3 		.ascii	"s\242\016\363\345\261o&\361\231J\372\334\354\206\335"
 447      E5B16F26 
 447      F1994AFA 
 447      DCEC86DD 
 448 0ff5 CC3763EB 		.ascii	"\3147c\353s\263\243\017\036\357v"
ARM GAS  C:\Users\Lena\AppData\Local\Temp\ccvd1bCo.s 			page 36


 448      73B3A30F 
 448      1EEF76
 449 1000 A751057D 		.ascii	"\247Q\005}\350*\213\252\342\234\310'J\327\011r\213&"
 449      E82A8BAA 
 449      E29CC827 
 449      4AD70972 
 449      8B26
 450 1012 C84D6B82 		.ascii	"\310Mk\202\024\235\317\351Ab\202\344\365\361\004\001"
 450      149DCFE9 
 450      416282E4 
 450      F5F10401 
 451 1022 36542662 		.ascii	"6T&b\203S\373\004i\241\011\022W\\\330\257\301\011\324"
 451      8353FB04 
 451      69A10912 
 451      575CD8AF 
 451      C109D4
 452 1035 31E8F1E0 		.ascii	"1\350\361\340\356\357X\202\220\235&\313\220\223\233"
 452      EEEF5882 
 452      909D26CB 
 452      90939B
 453 1044 6F9578D1 		.ascii	"o\225x\321>z/\310\020&\245\235*B.?>\272K\001\336\261"
 453      3E7A2FC8 
 453      1026A59D 
 453      2A422E3F 
 453      3EBA4B01 
 454 105a 024CDA7B 		.ascii	"\002L\332{\255\213dp'\333\361W\307\003\300\203\210\262"
 454      AD8B6470 
 454      27DBF157 
 454      C703C083 
 454      88B2
 455 106c A1561160 		.ascii	"\241V\021`+f\237\234\240{\024XB~K\275\002\037`\300\252"
 455      2B669F9C 
 455      A07B1458 
 455      427E4BBD 
 455      021F60C0 
 456 1081 268A0E78 		.ascii	"&\212\016x\341S\214\030H\333\221\251\301%\214(\230I"
 456      E1538C18 
 456      48DB91A9 
 456      C1258C28 
 456      9849
 457 1093 EDD1E132 		.ascii	"\355\321\3412F\034+\215\032\342\337T\225\221wN\203B"
 457      461C2B8D 
 457      1AE2DF54 
 457      9591774E 
 457      8342
 458 10a5 DC05842B 		.ascii	"\334\005\204+\351E\267\246\246\234~\025\242\217\272"
 458      E945B7A6 
 458      A69C7E15 
 458      A28FBA
 459 10b4 6DCFBAE7 		.ascii	"m\317\272\347\016\377\254+;Z\330\345G\037\265\265\003"
 459      0EFFAC2B 
 459      3B5AD8E5 
 459      471FB5B5 
 459      03
 460 10c5 983ED7F7 		.ascii	"\230>\327\367=d\227\373#\266\373#\334\035\216\334NV"
 460      3D6497FB 
 460      23B6FB23 
ARM GAS  C:\Users\Lena\AppData\Local\Temp\ccvd1bCo.s 			page 37


 460      DC1D8EDC 
 460      4E56
 461 10d7 8E37136C 		.ascii	"\2167\023lO\277\310f\321\211\360\371\017\035:\261\017"
 461      4FBFC866 
 461      D189F0F9 
 461      0F1D3AB1 
 461      0F
 462 10e8 DF03F7F1 		.ascii	"\337\003\367\3610|@\036\326@\010\366@\353\206\326\013"
 462      307C401E 
 462      D64008F6 
 462      40EB86D6 
 462      0B
 463 10f9 6D005ABF 		.ascii	"m\000Z\277\335\2626\234\346\303\264Aq\353r\3046\177"
 463      DDB2369C 
 463      E6C3B441 
 463      71EB72C4 
 463      367F
 464 110b 9B5C9FC6 		.ascii	"\233\\\237\306\301\221\302w\3379\277d\211\030\346\231"
 464      C191C277 
 464      DF39BF64 
 464      8918E699 
 465 111b D8E72C13 		.ascii	"\330\347,\023\353S\270j\353\206~\276_V\362D,\357\350"
 465      EB53B86A 
 465      EB867EBE 
 465      5F56F244 
 465      2CEFE8
 466 112e 3F8F712D 		.ascii	"?\217q-K\304\255\361SG\024\016\211h5\037=\006\253_\325"
 466      4BC4ADF1 
 466      5347140E 
 466      8968351F 
 466      3D06AB5F 
 467 1143 033C29D9 		.ascii	"\003<)\33124\010\203\036\211q\325gM\312\231\330\010"
 467      32340883 
 467      1E8971D5 
 467      674DCA99 
 467      D808
 468 1155 41B790EB 		.ascii	"A\267\220\353\332\346J\227\354\245\212\310\373\372\201"
 468      DAE64A97 
 468      ECA58AC8 
 468      FBFA81
 469 1164 C656BBAF 		.ascii	"\306V\273\257\224\206\354r{\330\226\333m\302\251\007"
 469      9486EC72 
 469      7BD896DB 
 469      6DC2A907 
 470 1174 9E3473A0 		.ascii	"\2364s\240\217gSn\311\241gZ\327\251=J3g\304\2329\373"
 470      8F67536E 
 470      C9A1675A 
 470      D7A93D4A 
 470      3367C49A 
 471 118a 87EB633D 		.ascii	"\207\353c=x\346\314^xswd\246/aAm\242um\326\254yB\263"
 471      78E6CC5E 
 471      78737764 
 471      A62F6141 
 471      6DA2756D 
 472 11a3 66EE50FB 		.ascii	"f\356P\373\005\017\334\276\360\325\276,\031g\331<4\021"
 472      050FDCBE 
 472      F0D5BE2C 
ARM GAS  C:\Users\Lena\AppData\Local\Temp\ccvd1bCo.s 			page 38


 472      1967D93C 
 472      3411
 473 11b5 21686CAB 		.ascii	"!hl\253\364S\326Y\177~\217\247\313\257M&(\316\357l8"
 473      F453D659 
 473      7F7E8FA7 
 473      CBAF4D26 
 473      28CEEF6C 
 474 11ca B3264BB5 		.ascii	"\263&K\265\034'l\364\267e\363\014\00764&b\035\263b\235"
 474      1C276CF4 
 474      B765F30C 
 474      07363426 
 474      621DB362 
 475 11df A4582F7F 		.ascii	"\244X/\177\027\263C\203\2370\254M\015\0351J[!d`/\013"
 475      17B34383 
 475      9F30AC4D 
 475      0D1D314A 
 475      5B216460 
 476 11f5 230DAE31 		.ascii	"#\015\2561LS\014SV\014\271\311\211E\230c\030\254u/\314"
 476      4C530C53 
 476      560CB9C9 
 476      89459863 
 476      18AC752F 
 477 120a 8E2EFB03 		.ascii	"\216.\373\003eB\317D\004\317\254\010f(\202\331\252\370"
 477      6542CF44 
 477      04CFAC08 
 477      662882D9 
 477      AAF8
 478 121c 7B769F45 		.ascii	"{v\237E\022\300\342T>gSI\216\300\034{\272\271]\241\021"
 478      12C0E254 
 478      3E675349 
 478      8EC01C7B 
 478      BAB95DA1 
 479 1231 5FA893B7 		.ascii	"_\250\223\267\007\"\357\013L>f[N\357x\201y\373\320\215"
 479      0722EF0B 
 479      4C3E665B 
 479      4EEF7881 
 479      79FBD08D 
 480 1245 649DF72E 		.ascii	"d\235\367.\036\327K\020\375\250N\304>\213\275\255c("
 480      1ED74B10 
 480      FDA84EC4 
 480      3E8BBDAD 
 480      6328
 481 1257 416666A6 		.ascii	"Aff\246\350<\377*F\005\344dqf\275\207Km\202\202k\233"
 481      E83CFF2A 
 481      4605E464 
 481      7166BD87 
 481      4B6D8282 
 482 126d C354DDD3 		.ascii	"\303T\335\323\330-\223\374\333R\265\344\303\230E\354"
 482      D82D93FC 
 482      DB52B5E4 
 482      C39845EC 
 483 127d C3987B8D 		.ascii	"\303\230{\215\205\225\036\216`6+|P\204\202\010\213T"
 483      85951E8E 
 483      60362B7C 
 483      50848208 
 483      8B54
 484 128f 785B4552 		.ascii	"x[ER\202\244JO\327}7\251cF\355\034\023\245`\216\201"
ARM GAS  C:\Users\Lena\AppData\Local\Temp\ccvd1bCo.s 			page 39


 484      82A44A4F 
 484      D77D37A9 
 484      6346ED1C 
 484      13A5608E 
 485 12a4 23F99AA4 		.ascii	"#\371\232\244\255)\037I\231\007\355\022b\013g\336B\231"
 485      AD291F49 
 485      9907ED12 
 485      620B67DE 
 485      4299
 486 12b6 9F94749D 		.ascii	"\237\224t\235\366\2202\337\265\223\034\315\231\243)"
 486      F69032DF 
 486      B5931CCD 
 486      99A329
 487 12c5 F3F62DF9 		.ascii	"\363\366-\371\021j\374\202E\310\263\210[\2275.\327\234"
 487      116AFC82 
 487      45C8B388 
 487      5B97352E 
 487      D79C
 488 12d7 6D0A120D 		.ascii	"m\012\022\015ky0\324\354\311\331\243\203`(\2035qn\233"
 488      6B7930D4 
 488      ECC9D9A3 
 488      83602883 
 488      35716E9B 
 489 12eb 76388EBC 		.ascii	"v8\216\274~\212\020>\376\035\341C[\025\266\200\200S"
 489      7E8A103E 
 489      FE1DE143 
 489      5B15B680 
 489      8053
 490 12fd FB553146 		.ascii	"\373U1FA\002#g\362Y\234'\036X\304\276\211y1\326\351"
 490      41022367 
 490      F2599C27 
 490      1E58C4BE 
 490      897931D6 
 491 1312 C98535CF 		.ascii	"\311\2055\317(\363O\3006\015\014\210B\012*-V\224\026"
 491      28F34FC0 
 491      360D0C88 
 491      420A2A2D 
 491      569416
 492 1325 EB282D8E 		.ascii	"\353(-\216Jk\355/\367\307O\230\260\374\242\375\307<"
 492      4A6BED2F 
 492      F7C74F98 
 492      B0FCA2FD 
 492      C73C
 493 1337 F11C23E2 		.ascii	"\361\034#\342\312\257\244\253 \350\321\0162\220\226"
 493      CAAFA4AB 
 493      20E8D10E 
 493      329096
 494 1346 C7A98E05 		.ascii	"\307\251\216\0054\013\310\307\243,\013\256\036+x\341"
 494      340BC8C7 
 494      A32C0BAE 
 494      1E2B78E1 
 495 1356 E9D2EE5D 		.ascii	"\351\322\356]\324\356x\0057\274?m\3571-\307:\222\247"
 495      D4EE7805 
 495      37BC3F6D 
 495      EF312DC7 
 495      3A92A7
 496 1369 DD99D7CE 		.ascii	"\335\231\327\316\014\257\226\023N\264\335\212\025\355"
ARM GAS  C:\Users\Lena\AppData\Local\Temp\ccvd1bCo.s 			page 40


 496      0CAF9613 
 496      4EB4DD8A 
 496      15ED
 497 1377 54280865 		.ascii	"T(\010e\017w7\205\3338\\\262]\213\347~\310\336\307G"
 497      0F773785 
 497      DB385CB2 
 497      5D8BE77E 
 497      C8DEC747 
 498 138b ED9C5389 		.ascii	"\355\234S\211\236\214\335a\347\311\004\321\366\004G"
 498      9E8CDD61 
 498      E7C904D1 
 498      F60447
 499 139a 61895458 		.ascii	"a\211TX\347\201\201D\017\034\367\006\025v\355\342\241"
 499      E7818144 
 499      0F1CF706 
 499      1576EDE2 
 499      A1
 500 13ab 5B4AD193 		.ascii	"[J\321\223w\035<\271G\224\266\307QZ\022\225\226XS\235"
 500      771D3CB9 
 500      4794B6C7 
 500      515A1295 
 500      9658539D 
 501 13bf A19646CF 		.ascii	"\241\226F\317\264]\364\354\345\321\263\227FO\311\201"
 501      B45DF4EC 
 501      E5D1B397 
 501      464FC981 
 502 13cf ACC33ABC 		.ascii	"\254\303:\274\217\251\036\0308\270\207\177+\366&\371"
 502      8FA91E18 
 502      38B8877F 
 502      2BF626F9 
 503 13df D821F172 		.ascii	"\330!\361r\206\212eH#\331)\034\254\033\337\253\301\331"
 503      868A6548 
 503      23D9291C 
 503      AC1BDFAB 
 503      C1D9
 504 13f1 8CF7E9BE 		.ascii	"\214\367\351\276\353w\370\207\327?\0022\353\305\345"
 504      EB77F887 
 504      D73F0232 
 504      EBC5E5
 505 1400 6F5DA762 		.ascii	"o]\247b\2725\025\323\0244\025o\276\210\355P:&[\012$"
 505      BA3515D3 
 505      1434156F 
 505      BE88ED50 
 505      3A265B0A 
 506 1415 5B324DB6 		.ascii	"[2M\266\014\232lt\020\341\316\350/\237\265K\315\352"
 506      0C9A6C74 
 506      10E1CEE8 
 506      2F9FB54B 
 506      CDEA
 507 1427 9771578D 		.ascii	"\227qW\215\3464x\376\344\220\320XF\267zG\373\242\204"
 507      E63478FE 
 507      E490D058 
 507      46B77A47 
 507      FBA284
 508 143a 88685894 		.ascii	"\210hX\224\367+\274Q*8\017\266t\222\301\373\240\347"
 508      F72BBC51 
 508      2A380FB6 
ARM GAS  C:\Users\Lena\AppData\Local\Temp\ccvd1bCo.s 			page 41


 508      7492C1FB 
 508      A0E7
 509 144c 0B08AE03 		.ascii	"\013\010\256\003\212\237\310\026\032\002\276\010\360"
 509      8A9FC816 
 509      1A02BE08 
 509      F0
 510 1459 5F6532FA 		.ascii	"_e2\372Y\214\2771\205\006\377\316\350\027\346\366\333"
 510      598CBF31 
 510      8506FFCE 
 510      E817E6F6 
 510      DB
 511 146a DF7FB964 		.ascii	"\337\177\271d\325\312\2252\265e]x\210Ao1\374\372\227"
 511      D5CA9532 
 511      B5655D78 
 511      88416F31 
 511      FCFA97
 512 147d 6BFEF8C5 		.ascii	"k\376\370\305\347\253\365\201!\353B\327\374:\320l1\005"
 512      E7ABF581 
 512      21EB42D7 
 512      FC3AD06C 
 512      3105
 513 148f AED5AFFE 		.ascii	"\256\325\257\376\342\263w\337\261RkV\005\004\256\015"
 513      E2B377DF 
 513      B1526B56 
 513      0504AE0D 
 514 149f 5C6D09F7 		.ascii	"\\m\011\367\017\014\325\177\263BJ\2561\220\363P\363"
 514      0F0CD57F 
 514      B3424AAE 
 514      3190F350 
 514      F3
 515 14b0 CA0FDE5F 		.ascii	"\312\017\336_\036j^n\262,\017\0141\004\205\373\033\227"
 515      1E6A5E6E 
 515      B22C0F0C 
 515      310485FB 
 515      1B97
 516 14c2 1B022C01 		.ascii	"\033\002,\001\240\331\337\274,@\246\321\353\303\003"
 516      A0D9DFBC 
 516      2C40A6D1 
 516      EBC303
 517 14d1 432CEFBE 		.ascii	"C,\357\276\243\267$!\377_\2561YB\315L\237?\327g\266"
 517      A3B72421 
 517      FF5FAE31 
 517      5942CD4C 
 517      9F3FD767 
 518 14e6 04833E4E 		.ascii	"\004\203>N1\241f\233>\011\271\306\022\032\032d^\263"
 518      31A1669B 
 518      3E09B9C6 
 518      121A1A64 
 518      5EB3
 519 14f8 3E247C09 		.ascii	">$|\011=[\342g\012^b\014^k\364\3677\372\257y\177\331"
 519      3D5BE267 
 519      0A5E620C 
 519      5E6BF4F7 
 519      37FAAF79 
 520 150e BB4BDE59 		.ascii	"\273K\336Y\261\362\203?\255\\\003\375o\207\204\206\030"
 520      B1F2833F 
 520      AD5C03FD 
ARM GAS  C:\Users\Lena\AppData\Local\Temp\ccvd1bCo.s 			page 42


 520      6F878486 
 520      18
 521 151f DF36FAAD 		.ascii	"\3376\372\255\015\\\303A\255\011\366\003Y!\3065z\177"
 521      0D5CC341 
 521      AD09F603 
 521      5921C635 
 521      7A7F
 522 1531 E33ABFF0 		.ascii	"\343:\277\360 \213\336\262)\314H\020\272Y\361\305\376"
 522      208BDEB2 
 522      29CC4810 
 522      BA59F1C5 
 522      FE
 523 1542 BFE2336F 		.ascii	"\277\3423o2\257\001]\376\000\006@\251-a&\320`\331\370"
 523      32AF015D 
 523      FE000640 
 523      A92D6126 
 523      D060D9F8 
 524 1556 7F394586 		.ascii	"\1779E\206\320\340\340\320\220\345a\241&\213y\371'\177"
 524      D0E0E0D0 
 524      90E561A1 
 524      268B79F9 
 524      277F
 525 1568 FC6CD567 		.ascii	"\374l\325g\033I_X`\220\321d^\376\333U\253\310\314q\257"
 525      1B495F58 
 525      6090D164 
 525      5EFEDB55 
 525      ABC8CC71 
 526 157d 280C017E 		.ascii	"(\014\001~&\2259\360\177\214zK\342_\3111A f\275\301"
 526      269539F0 
 526      7F8C7A4B 
 526      E25FC931 
 526      412066BD 
 527 1592 E0E02060 		.ascii	"\340\340 `X\266Rt\223\005F\255\003\200\252\000\2100"
 527      58B65274 
 527      930546AD 
 527      0380AA00 
 527      8830
 528 15a4 A349B1CE 		.ascii	"\243I\261\316d4*\303\374\326\033\315\212\020\343F\213"
 528      64342AC3 
 528      FCD61BCD 
 528      8A10E346 
 528      8B
 529 15b5 D22F2870 		.ascii	"\322/(p}\010\217\272\367\337\323[\334\254'\032\263\345"
 529      7D088FBA 
 529      F7DFD35B 
 529      DCAC271A 
 529      B3E5
 530 15c7 6B7A516F 		.ascii	"kzQo\011|\355^\0150\204\232\214\200R\013(\303\364\034"
 530      097CED5E 
 530      0D30849A 
 530      8C80520B 
 530      28C3F41C 
 531 15db 6AB8D9E8 		.ascii	"j\270\331\350\257 .U\220^\017\311%\200\031f\012\375"
 531      AF202E55 
 531      905E0FC9 
 531      25801966 
 531      0AFD
ARM GAS  C:\Users\Lena\AppData\Local\Temp\ccvd1bCo.s 			page 43


 532 15ed 26104E75 		.ascii	"&\020Nu\301\306\340\365F\236\241\301\257\001h\250\031"
 532      C1C6E0F5 
 532      469EA1C1 
 532      AF0168A8 
 532      19
 533 15fe FC2CC955 		.ascii	"\374,\311U\320g\005\013\247\241\246M\004S\030\016\266"
 533      D067050B 
 533      A7A1A64D 
 533      0453180E 
 533      B6
 534 160f 6C54866E 		.ascii	"lT\206n\0101\232\334 \225\203H4\252\241+\010\224\272"
 534      08319ADC 
 534      20958348 
 534      34AAA12B 
 534      0894BA
 535 1622 19C38C21 		.ascii	"\031\303\214!\020\247\353\265\306o\214!\226`?\363\327"
 535      10A7EBB5 
 535      C66F8C21 
 535      96603FF3 
 535      D7
 536 1633 803FD8BC 		.ascii	"\200?\330\274\376O\341\306p\343\002C\200\236\247\277"
 536      FE4FE1C6 
 536      70E30243 
 536      809EA7BF 
 537 1643 9E7628C2 		.ascii	"\236v(\302L\306o\274\354\272\364\026\365\006\277@\013"
 537      4CC66FBC 
 537      ECBAF416 
 537      F506BF40 
 537      0B
 538 1654 88F09270 		.ascii	"\210\360\222p\023\331\236RBoA\341*\343\006\242@\265"
 538      13D99E52 
 538      426F41E1 
 538      2AE306A2 
 538      40B5
 539 1666 C102DAC3 		.ascii	"\301\002\332\303\340`6\006\207aC\210\305]\257\347y\253"
 539      E0603606 
 539      87614388 
 539      C55DAFE7 
 539      79AB
 540 1678 E64725F4 		.ascii	"\346G%\364\302/\325\240\003\271\300\351\027\026\000"
 540      C22FD5A0 
 540      03B9C0E9 
 540      171600
 541 1687 A6A9CD04 		.ascii	"\246\251\315\004\246y\275\022\0320l\260XLa\336L\221"
 541      A679BD12 
 541      1A306CB0 
 541      584C61DE 
 541      4C91
 542 1699 DE645C67 		.ascii	"\336d\\g4\031C\014\200\011\204\207\256\375*\314\315"
 542      3419430C 
 542      80098487 
 542      AEFD2ACC 
 542      CD
 543 16aa B831D062 		.ascii	"\2701\320b\010\3657\252L\376\233`\204\002X\314\356,"
 543      08F537AA 
 543      4CFE9B60 
 543      840258CC 
ARM GAS  C:\Users\Lena\AppData\Local\Temp\ccvd1bCo.s 			page 44


 543      EE2C
 544 16bc A03E046D 		.ascii	"\240>\004m\326\243\205\364\203\270uA~\353\315jK0\214"
 544      D6A385F4 
 544      83B87541 
 544      7EEBCD6A 
 544      4B308C
 545 16cf 00CA6C81 		.ascii	"\000\312l\201\212\353f\241\007\"\322o\255\237\331\250"
 545      8AEB66A1 
 545      0722D26F 
 545      AD9FD9A8 
 546 16df 08F10B36 		.ascii	"\010\361\0136*C\203`z\225!\306\015F\0236X6\312\315a"
 546      2A438360 
 546      7A9521C6 
 546      0D461336 
 546      5836CACD 
 547 16f4 F220E2DD 		.ascii	"\362 \342\335\365\020\357z\0136\255\\\011m\205\334\364"
 547      F510EF7A 
 547      0B36AD5C 
 547      096D85DC 
 547      F4
 548 1705 91DCF4A1 		.ascii	"\221\334\364\241\334\364\201\334\364\276\334\364\367"
 548      DCF481DC 
 548      F4BEDCF4 
 548      F7
 549 1712 72D37B5A 		.ascii	"r\323{Z\022Z\304X\030\364:\002\302I\344\352\277\371"
 549      125AC458 
 549      18F43A02 
 549      C249E4EA 
 549      BFF9
 550 1724 20180242 		.ascii	" \030\002BG5\033BC,\220Y\012\022\003\356\266\371R\006"
 550      47351B42 
 550      432C9059 
 550      0A1203EE 
 550      B6F95206 
 551 1738 874132BB 		.ascii	"\207A2\273q7Z\334\340Bp8\360\251\351\257\336\362\337"
 551      71375ADC 
 551      E0427038 
 551      F0A9E9AF 
 551      DEF2DF
 552 174b AF6D7131 		.ascii	"\257mq1\033\002\374\001\234\376\265)\200H\003\371\376"
 552      1B02FC01 
 552      9CFEB529 
 552      804803F9 
 552      FE
 553 175c AFCF804D 		.ascii	"\257\317\200Mfk\231}}F@\364\203|\017IJ\353-_\375\025"
 553      666B997D 
 553      7D4640F4 
 553      837C0F49 
 553      4AEB2D5F 
 554 1772 CA09D1F4 		.ascii	"\312\011\321\364\032\0143\233\014 \334\177\023dR\240"
 554      1A0C339B 
 554      0C20DC7F 
 554      136452A0 
 555 1782 619941F6 		.ascii	"a\231A\366#\207\015\316g\324\316?@Hj!\211\215\006\213"
 555      23870DCE 
 555      67D4CE3F 
 555      40486A21 
ARM GAS  C:\Users\Lena\AppData\Local\Temp\ccvd1bCo.s 			page 45


 555      898D068B 
 556 1796 9E145A2D 		.ascii	"\236\024Z-\211Q^cC\376:\265\224h4K<O\021X\240\036\255"
 556      89515E63 
 556      43FE3AB5 
 556      9468344B 
 556      3C4F1158 
 557 17ad 3604FC87 		.ascii	"6\004\374\207\337\327\306\360\260\325?\224`_\035n&\325"
 557      DFD7C6F0 
 557      B0D53F94 
 557      605F1D6E 
 557      26D5
 558 17bf D4E8FFA9 		.ascii	"\324\350\377\251\222\224\3740\305\006\240\224\033H\325"
 558      9294FC30 
 558      C506A094 
 558      1B48D5
 559 17ce C07E     		.ascii	"\300~"
 560 17d0 A6F50B79 		.ascii	"\246\365\013y~\371\033\315\006S`\230%\024\226\012oC"
 560      7EF91BCD 
 560      06536098 
 560      2514960A 
 560      6F43
 561 17e2 00D9CE7D 		.ascii	"\000\331\316}\022\024\024j\370\204,hF\177\255!\200\230"
 561      1214146A 
 561      F8842C68 
 561      467FAD21 
 561      8098
 562 17f4 4EBB2045 		.ascii	"N\273 EWo2\377[\250\341\353\327\030\\\233\210\211\356"
 562      576F32FF 
 562      5BA8E1EB 
 562      D7185C9B 
 562      8889EE
 563 1807 B43C80CA 		.ascii	"\264<\200\312\257=\364Pm-\372\177\376d\365\277\374\341"
 563      AF3DF450 
 563      6D2DFA7F 
 563      FE64F5BF 
 563      FCE1
 564 1819 8F9F7AF8 		.ascii	"\217\237z\370\005m\360\333Dv\013A\260\343\372\323k\360"
 564      056DF0DB 
 564      44760B41 
 564      B0E3FAD3 
 564      6BF0
 565 182b 3B94A3E5 		.ascii	";\224\243\345\253>[\375\351j\021S\2609\320\254\207\335"
 565      AB3E5BFD 
 565      E96A1153 
 565      B039D0AC 
 565      87DD
 566 183d 0359C7A8 		.ascii	"\003Y\307\250\007\276\014!\310X\361\014\017\341(\351"
 566      07BE0C21 
 566      C858F10C 
 566      0FE128E9 
 567 184d B2AA5FF6 		.ascii	"\262\252_\366\376G\037}\344f\245\376\027\304\371\217"
 567      FE471F7D 
 567      E466A5FE 
 567      17C4F98F 
 568 185d 41       		.ascii	"A"
 569              		.text
 570              		.section	.gnu.lto_.symtab.d26e2023,"",%progbits
ARM GAS  C:\Users\Lena\AppData\Local\Temp\ccvd1bCo.s 			page 46


 571 0000 63685468 		.ascii	"chThdCreateFromHeap\000"
 571      64437265 
 571      61746546 
 571      726F6D48 
 571      65617000 
 572 0014 00       		.ascii	"\000"
 573 0015 00       		.ascii	"\000"
 574 0016 00       		.ascii	"\000"
 575 0017 00000000 		.ascii	"\000\000\000\000\000\000\000\000"
 575      00000000 
 576 001f BF010000 		.ascii	"\277\001\000\000"
 577 0023 63685468 		.ascii	"chThdCreateFromMemoryPool\000"
 577      64437265 
 577      61746546 
 577      726F6D4D 
 577      656D6F72 
 578 003d 00       		.ascii	"\000"
 579 003e 00       		.ascii	"\000"
 580 003f 00       		.ascii	"\000"
 581 0040 00000000 		.ascii	"\000\000\000\000\000\000\000\000"
 581      00000000 
 582 0048 D6010000 		.ascii	"\326\001\000\000"
 583 004c 63685363 		.ascii	"chSchWakeupS\000"
 583      6857616B 
 583      65757053 
 583      00
 584 0059 00       		.ascii	"\000"
 585 005a 02       		.ascii	"\002"
 586 005b 00       		.ascii	"\000"
 587 005c 00000000 		.ascii	"\000\000\000\000\000\000\000\000"
 587      00000000 
 588 0064 DB010000 		.ascii	"\333\001\000\000"
 589 0068 63685468 		.ascii	"chThdCreateSuspendedI\000"
 589      64437265 
 589      61746553 
 589      75737065 
 589      6E646564 
 590 007e 00       		.ascii	"\000"
 591 007f 02       		.ascii	"\002"
 592 0080 00       		.ascii	"\000"
 593 0081 00000000 		.ascii	"\000\000\000\000\000\000\000\000"
 593      00000000 
 594 0089 F1010000 		.ascii	"\361\001\000\000"
 595 008d 63684865 		.ascii	"chHeapAllocAligned\000"
 595      6170416C 
 595      6C6F6341 
 595      6C69676E 
 595      656400
 596 00a0 00       		.ascii	"\000"
 597 00a1 02       		.ascii	"\002"
 598 00a2 00       		.ascii	"\000"
 599 00a3 00000000 		.ascii	"\000\000\000\000\000\000\000\000"
 599      00000000 
 600 00ab F7010000 		.ascii	"\367\001\000\000"
 601 00af 6368506F 		.ascii	"chPoolAlloc\000"
 601      6F6C416C 
 601      6C6F6300 
ARM GAS  C:\Users\Lena\AppData\Local\Temp\ccvd1bCo.s 			page 47


 602 00bb 00       		.ascii	"\000"
 603 00bc 02       		.ascii	"\002"
 604 00bd 00       		.ascii	"\000"
 605 00be 00000000 		.ascii	"\000\000\000\000\000\000\000\000"
 605      00000000 
 606 00c6 FB010000 		.ascii	"\373\001\000\000"
 607              		.text
 608              		.section	.gnu.lto_.opts,"",%progbits
 609 0000 272D666D 		.ascii	"'-fmath-errno' '-fsigned-zeros' '-ftrapping-math' '"
 609      6174682D 
 609      6572726E 
 609      6F272027 
 609      2D667369 
 610 0033 2D666E6F 		.ascii	"-fno-trapv' '-fno-openmp' '-fno-openacc' '-mcpu=cor"
 610      2D747261 
 610      70762720 
 610      272D666E 
 610      6F2D6F70 
 611 0066 7465782D 		.ascii	"tex-m7' '-mno-thumb-interwork' '-mthumb' '-ggdb' '-"
 611      6D372720 
 611      272D6D6E 
 611      6F2D7468 
 611      756D622D 
 612 0099 4F322720 		.ascii	"O2' '-fomit-frame-pointer' '-falign-functions=16' '"
 612      272D666F 
 612      6D69742D 
 612      6672616D 
 612      652D706F 
 613 00cc 2D666675 		.ascii	"-ffunction-sections' '-fdata-sections' '-fno-common"
 613      6E637469 
 613      6F6E2D73 
 613      65637469 
 613      6F6E7327 
 614 00ff 2720272D 		.ascii	"' '-flto'\000"
 614      666C746F 
 614      2700
 615              		.text
 616              		.comm	__gnu_lto_v1,1,1
 617              		.comm	__gnu_lto_slim,1,1
 618              		.ident	"GCC: (GNU Tools for ARM Embedded Processors 6-2017-q1-update) 6.3.1 20170215 (release) [AR
ARM GAS  C:\Users\Lena\AppData\Local\Temp\ccvd1bCo.s 			page 48


DEFINED SYMBOLS
                            *ABS*:00000000 chdynamic.c
                            *COM*:00000001 __gnu_lto_v1
                            *COM*:00000001 __gnu_lto_slim

NO UNDEFINED SYMBOLS
