ARM GAS  C:\Users\Lena\AppData\Local\Temp\cczrZbpB.s 			page 1


   1              		.cpu cortex-m7
   2              		.eabi_attribute 20, 1
   3              		.eabi_attribute 21, 1
   4              		.eabi_attribute 23, 3
   5              		.eabi_attribute 24, 1
   6              		.eabi_attribute 25, 1
   7              		.eabi_attribute 26, 1
   8              		.eabi_attribute 30, 2
   9              		.eabi_attribute 34, 1
  10              		.eabi_attribute 18, 4
  11              		.file	"chmemcore.c"
  12              		.text
  13              	.Ltext0:
  14              		.section	.gnu.lto_.profile.d26e37b5,"",%progbits
  15 0000 789C6365 		.ascii	"x\234ce`b`a```d\320V\007\000\000\375\000_"
  15      60626061 
  15      60606064 
  15      D0560700 
  15      00FD005F 
  16              		.text
  17              		.section	.gnu.lto_.icf.d26e37b5,"",%progbits
  18 0000 789C6365 		.ascii	"x\234ce`bPc@\0006\206\243\013O\037\345f\334\373\360"
  18      60625063 
  18      40003686 
  18      A30B4F1F 
  18      E566DCFB 
  19 0015 5D3B2B33 		.ascii	"];+3\230d\2357\343\321R>\266\223+\337>\346f\277>\345"
  19      98649D37 
  19      E3D1523E 
  19      B6932BDF 
  19      3EE666BF 
  20 002b F5621606 		.ascii	"\365b\026\006\000n\233\022\220"
  20      006E9B12 
  20      90
  21              		.text
  22              		.section	.gnu.lto_.jmpfuncs.d26e37b5,"",%progbits
  23 0000 789C6365 		.ascii	"x\234ce`b\020c@\000\026 febdd\256\257g\203P\354@\021"
  23      60621063 
  23      40001620 
  23      66656264 
  23      64AEAF67 
  24 0019 0017A902 		.ascii	"\000\027\251\002>"
  24      3E
  25              		.text
  26              		.section	.gnu.lto_.inline.d26e37b5,"",%progbits
  27 0000 789C6365 		.ascii	"x\234ce`b\250`@\000\026\006\006V\026F\006&\226\005\362"
  27      6062A860 
  27      40001606 
  27      06561646 
  27      06269605 
  28 0015 0C6C0BE4 		.ascii	"\014l\013\344\231@b\254\014\202\002\214L\214\012\214"
  28      994062AC 
  28      0C82028C 
  28      4C8C0A8C 
  29 0025 40368860 		.ascii	"@6\210`\021\2310\223\021\"\313\366A\217\207\201\351"
  29      11993093 
  29      1122CBF6 
ARM GAS  C:\Users\Lena\AppData\Local\Temp\cczrZbpB.s 			page 2


  29      418F8781 
  29      E9
  30 0036 023F0B48 		.ascii	"\002?\013H\035\033\203\260\020#\023X\011X1\213\304\206"
  30      1D1B83B0 
  30      10231358 
  30      0958318B 
  30      C486
  31 0048 1D68EA38 		.ascii	"\035h\3528@\352\330\031\330X\201V\000\305\340V0\000"
  31      40EAD819 
  31      D8588156 
  31      00C5E056 
  31      3000
  32 005a 0012AD0D 		.ascii	"\000\022\255\015z"
  32      7A
  33              		.text
  34              		.section	.gnu.lto_.pureconst.d26e37b5,"",%progbits
  35 0000 789C6365 		.ascii	"x\234ce`b\340b```a\220`\225`\333\305\310\316\002\000"
  35      6062E062 
  35      60606061 
  35      90609560 
  35      DBC5C8CE 
  36 0016 05CE0117 		.ascii	"\005\316\001\027"
  37              		.text
  38              		.section	.gnu.lto__core_init.d26e37b5,"",%progbits
  39 0000 789C7D91 		.ascii	"x\234}\221KhSA\024\206\317\177\347\232\006i\020\301"
  39      4B685341 
  39      1486CF7F 
  39      E79A0669 
  39      10C1
  40 0012 457D2CDC 		.ascii	"E},\334d\321\215\361\001\012n\333\255\010\246\313\300"
  40      64D18DF1 
  40      010A6EDB 
  40      AD08A6CB 
  40      C0
  41 0023 D0DC5EC9 		.ascii	"\320\334^\311\205$Wrk\301U&\2056%\342\003A\253\202\334"
  41      85245772 
  41      6BC15526 
  41      853625E2 
  41      0341AB82 
  42 0038 4016D5AA 		.ascii	"@\026\325\252\215\321T\315FCp%bA\250.\304\007\242\202"
  42      8DD154CD 
  42      46437025 
  42      6241A82E 
  42      C407A282 
  43 004c 6257E2C2 		.ascii	"bW\342\302\026\323\236Ib\355\003\034\030\346\234\231"
  43      16D39E49 
  43      62ED031C 
  43      18E69C99 
  44 005c F3FFF3CD 		.ascii	"\363\377\363\315\231-dP\330 \032'\242\335<!\010\306"
  44      992D6450 
  44      D8201A27 
  44      A2DD3C21 
  44      08C6
  45 006e C59744B9 		.ascii	"\305\227D\271\240\001\350@\005AY\003Y\\\020\223\002"
  45      A001E840 
  45      05415903 
  45      595C1093 
ARM GAS  C:\Users\Lena\AppData\Local\Temp\cczrZbpB.s 			page 3


  45      02
  46 007f 8DFCD79A 		.ascii	"\215\374\327\232\321;\245x\324'\237\004\306\325X\217"
  46      D13BA578 
  46      D4279F04 
  46      C6D5588F 
  47 008f 2F88AEF1 		.ascii	"/\210\256\361\324\003S\350%.\373U\370\371%$\222\320"
  47      D40353E8 
  47      252EFB55 
  47      F8F92524 
  47      92D0
  48 00a1 71F16963 		.ascii	"q\361icn[\270\244>\262\344\365\365\035\227T\361\252"
  48      6E5BB8A4 
  48      3EB2E4F5 
  48      F51D9754 
  48      F1AA
  49 00b3 327D01DC 		.ascii	"2}\001\334\204\350\350tH\272\366\315\347j\005\342LK"
  49      84E8E874 
  49      48BAF6CD 
  49      E76A05E2 
  49      4C4B
  50 00c5 F7BE3653 		.ascii	"\367\2766S\011tt\317w\345T#\267W\253\246\377\251\246"
  50      097474CF 
  50      77E55423 
  50      B757ABA6 
  50      FFA9A6
  51 00d8 3BAA4F95 		.ascii	";\252O\225\346\345P\300\304m\204q\013\3416\015\356 "
  51      E6E550C0 
  51      C46D8471 
  51      0BE1360D 
  51      EE20
  52 00ea 005ECBAF 		.ascii	"\000^\313\257PW\315\345\274\2527w\226\253\037\266\233"
  52      5057CDE5 
  52      BCAA3777 
  52      96AB1FB6 
  52      9B
  53 00fb 44053ED7 		.ascii	"D\005>\327O;+\014\275\212o\030]\314\277\233Mj\011\333"
  53      4F3B2B0C 
  53      BD8A6F18 
  53      5DCCBF9B 
  53      4D6A09DB 
  54 010f 5D196BCC 		.ascii	"]\031k\314u\235\027\2760Z\034\265\332\217\267]\331?"
  54      759D17BE 
  54      305A1CB5 
  54      DA8FB75D 
  54      D93F
  55 0121 2AC81B25 		.ascii	"*\310\033%\355\314{\337_\314?\333\352\343\006|!0\303"
  55      EDCC7BDF 
  55      5FCC3FDB 
  55      EAE3067C 
  55      2130C3
  56 0134 CDB98B3D 		.ascii	"\315\271\213=|e\031>\326\032\230\033\015\314\222\300"
  56      7C65193E 
  56      D61A981B 
  56      0DCC92C0 
  57 0144 4603A0C2 		.ascii	"F\003\240\302\006\367\264\201\356\326\342\357\371n."
  57      06F7B481 
  57      EED6E2EF 
ARM GAS  C:\Users\Lena\AppData\Local\Temp\cczrZbpB.s 			page 4


  57      F96E2E
  58 0153 9E50AA38 		.ascii	"\236P\2528\242\035\356\263'[?@\226Z\234\013\253\234"
  58      A21DEEB3 
  58      275B3F40 
  58      965A9C0B 
  58      AB9C
  59 0165 EBC18CCD 		.ascii	"\353\301\214\315`\325U\260\3316\330z\022\261\231\344"
  59      60D555B0 
  59      D936D87A 
  59      12B199E4 
  60 0175 E1FF481E 		.ascii	"\341\377H\036\265I\0363\311\002F\213K\347\240AZ_Q\340"
  60      B5491E33 
  60      C902468B 
  60      4BE7A041 
  60      5A5F51E0 
  61 0189 67712799 		.ascii	"gq'\231\301\351?\032;1p<*\235\364I7\326\357x\303\031"
  61      C1E93F1A 
  61      3B31703C 
  61      2A9DF449 
  61      37D6EF78 
  62 019f 272EA303 		.ascii	"'.\243\003\307\016\035\374\233\305\372\022N\334\211"
  62      C70E1DFC 
  62      9BC5FA12 
  62      4EDC89
  63 01ae 0E9F1E72 		.ascii	"\016\237\036r\\9\262\177m\032\263t\354z\007\216\034"
  63      5C39B27F 
  63      6D1AB374 
  63      EC7A078E 
  63      1C
  64 01bf 8EB85EC4 		.ascii	"\216\270^\304rS)7\315Q\322\211G\274\214\025\261\022"
  64      72532937 
  64      CD51D289 
  64      47BC8C15 
  64      B112
  65 01d1 293B65B9 		.ascii	");e\271\031{\237E\335R&\354\301S\322N\017I\031\352$"
  65      197B9F45 
  65      DD5226EC 
  65      C153D24E 
  65      0F4919EA 
  66 01e6 F141CF96 		.ascii	"\361A\317\226r\005\366\016\3552"
  66      7205F60E 
  66      ED32
  67              		.text
  68              		.section	.gnu.lto_chCoreAllocAlignedI.d26e37b5,"",%progbits
  69 0000 789C8D53 		.ascii	"x\234\215S[HTQ\024=\373\236{\347\0163\316\214\017\202"
  69      5B485451 
  69      143DFB9E 
  69      7BE70E33 
  69      CE8C0F82 
  70 0014 20033F12 		.ascii	" \003?\022\361\307\351\035\364\233\037\375D\220\376"
  70      F1C7E91D 
  70      F49B1FFD 
  70      4490FE
  71 0023 04039293 		.ascii	"\004\003\222\223\345\005\307[\216=\210\300\253\243#"
  71      E505C75B 
  71      8E3D88C0 
  71      ABA323
ARM GAS  C:\Users\Lena\AppData\Local\Temp\cczrZbpB.s 			page 5


  72 0032 2695418D 		.ascii	"&\225A\215\025\016CI\250\231\251=\365C\0344\302\310"
  72      150E4349 
  72      A899A93D 
  72      F5431C34 
  72      C2C8
  73 0044 5E922086 		.ascii	"^\222 \206 \275\3072*\012\012sl\357sG\363\361\323\205"
  73      20BDC732 
  73      2A0A0A73 
  73      6CEF7347 
  73      F3F1D385 
  74 0058 D9F7EC75 		.ascii	"\331\367\354u\367\332g\355u\316(Lb\023\234\261\343\214"
  74      F7DA67ED 
  74      75CE284C 
  74      62139CB1 
  74      E38C
  75 006a B12DF803 		.ascii	"\261-\370\003\205\201\324\360\224\261J\253$\311\037"
  75      8581D4F0 
  75      94B14AAB 
  75      24C91F
  76 0079 5566D878 		.ascii	"Uf\330x\353C\306\214$\016\262\211\313\000\2640\254\300"
  76      EB43C68C 
  76      240EB289 
  76      CB00B430 
  76      ACC0
  77 008b 2A242E43 		.ascii	"*$.C\005\234\345\215\034^Tw5\3613<\302\031\310\230~"
  77      059CE58D 
  77      1C5E5477 
  77      35F1333C 
  77      C219C898 
  78 00a0 7B72F98D 		.ascii	"{r\371\215\223R\200\014\372:\365\241\332\236\335b\030"
  78      9352800C 
  78      FA3AF5A1 
  78      DA9EDD62 
  78      18
  79 00b1 5546B4B1 		.ascii	"UF\264\261Gm\014\324\354\214p\211]\302\352VH\207\026"
  79      476D0CD4 
  79      EC8C7089 
  79      5DC2EA56 
  79      488716
  80 00c4 48A7CDDB 		.ascii	"H\247\315\333 \033k\257V\216>v\360\022`\270\256\355"
  80      201B6BAF 
  80      568E3E76 
  80      F01260B8 
  80      AEED
  81 00d6 E88B39B3 		.ascii	"\350\2139\263\256\011\336\313\363\334X\027\341\034\256"
  81      AE09DECB 
  81      F3DC5817 
  81      E11CAE
  82 00e5 035F4C44 		.ascii	"\003_LD\210A;day\303\314\354\244\312\017\013j\340\312"
  82      88413B64 
  82      6179C3CC 
  82      ECA4CA0F 
  82      0B6AE0CA 
  83 00f9 78BF9CA0 		.ascii	"x\277\234\240\016\207\004U\206\033\313\2512\203\016"
  83      0E870455 
  83      861BCBA9 
  83      32830E
ARM GAS  C:\Users\Lena\AppData\Local\Temp\cczrZbpB.s 			page 6


  84 0108 C8A2FAE1 		.ascii	"\310\242\372\341h]\247\215\037\023\334\370H\354\253"
  84      685DA78D 
  84      1F13DCF8 
  84      48ECAB
  85 0117 92D92CB8 		.ascii	"\222\331,\270_\302\253\317\005\214!C\216p\005n.\345"
  85      5FC2ABCF 
  85      058C2143 
  85      8E70056E 
  85      2EE5
  86 0129 D383E5AF 		.ascii	"\323\203\345\257\273\343\027\034\026\031:!\263\031\315"
  86      BBE3171C 
  86      16193A21 
  86      B319CD
  87 0138 C40A1CA6 		.ascii	"\304\012\034\246\013,\200/\002;G j\304\347j\215\350"
  87      0B2C802F 
  87      023B4720 
  87      6AC4E76A 
  87      8DE8
  88 014a FBB5BF7E 		.ascii	"\373\265\277~\314\246\254\002\334YBkpk\264\023\265+"
  88      CCA6AC02 
  88      DC59426B 
  88      706BB413 
  88      B52B
  89 015c 24C54241 		.ascii	"$\305BA\245`\025\003\331p\251\330)O\242\340\240\340"
  89      A5601503 
  89      D970A9D8 
  89      294FA2E0 
  89      A0E0
  90 016e A4E062D4 		.ascii	"\244\340b\3245\231>\247P\236J!\215R\306N\341\346t>\365"
  90      35993EA7 
  90      509E4A21 
  90      8D52C64E 
  90      E1E6743E 
  91 0183 682FBE79 		.ascii	"h/\276y\014\002\241`G_1\351\011s%\314y\030\207\026("
  91      0C02A160 
  91      475F31E9 
  91      097325CC 
  91      79188716 
  92 0198 9818C138 		.ascii	"\230\030\3018\304\304P[\2738@\031\346\360qA7\016\030"
  92      C4C4505B 
  92      BB384019 
  92      E6F07141 
  92      370E18
  93 01ab 83AAB1F9 		.ascii	"\203\252\261\371:\025\271D\374\023\254\343&b\025d\225"
  93      3A15B944 
  93      FC13ACE3 
  93      26621564 
  93      95
  94 01bc BD83AA0C 		.ascii	"\275\203\252\0141/\212F\224X\241\330\247A\233Ye\303"
  94      312F8A46 
  94      9458A1D8 
  94      A7419B59 
  94      65C3
  95 01ce E6A19A81 		.ascii	"\346\241\232\201g*5\267\010\177{{?\277R+f\015+\002\315"
  95      672A35B7 
  95      087F7B7B 
  95      3FBF522B 
ARM GAS  C:\Users\Lena\AppData\Local\Temp\cczrZbpB.s 			page 7


  95      660D2B02 
  96 01e3 1C848953 		.ascii	"\034\204\211S\303\243\017l\021\010\003\371|\033\257"
  96      C3A30F6C 
  96      110803F9 
  96      7C1BAF
  97 01f2 D52D3218 		.ascii	"\325-2\030\356@\004\250\341\367\332\204\014;v\\\242"
  97      EE4004A8 
  97      E1F7DA84 
  97      0C3B765C 
  97      A2
  98 0203 3F49CC64 		.ascii	"?I\314d_\2029\020N\014\200z\023\240S\314\3400\273\355"
  98      5F823910 
  98      4E0C807A 
  98      13A053CC 
  98      E030BBED 
  99 0217 353117C2 		.ascii	"51\027\302\377\364\243\253\010\231\372\247\003\026\263"
  99      FFF4A3AB 
  99      0899FAA7 
  99      0316B3
 100 0226 24798560 		.ascii	"$y\205`i\245\340\273\013\202\357-\027\234\202-H\307"
 100      69A5E0BB 
 100      0B82EF2D 
 100      179C822D 
 100      48C7
 101 0238 C5E06FC5 		.ascii	"\305\340o\305DR\005\350do\241zlp\363\202\227\251\342"
 101      445205E8 
 101      646FA17A 
 101      6C70F382 
 101      97A9E2
 102 024b 3ED5A3CB 		.ascii	">\325\243\313\370\227\243\203k\012\236\356?i~N\023R"
 102      F897A383 
 102      6B0A9EEE 
 102      3F697E4E 
 102      1352
 103 025d 4D6B1FAD 		.ascii	"Mk\037\255!\354\177l\274\277\240\252\007Ua\027\321_"
 103      21EC7F6C 
 103      BCBFA0AA 
 103      07556117 
 103      D15F
 104 026f 1617631A 		.ascii	"\026\027c\032$\026&\022\373\011\0009\351\322\370\314"
 104      24162612 
 104      FB090039 
 104      E9D2F8CC 
 105 027f 2496B8F8 		.ascii	"$\226\270\370x\3749\3405\002\252\302I\265\334\355\236"
 105      78FC39E0 
 105      3502AAC2 
 105      49B5DCED 
 105      9E
 106 0290 3DF9BBF3 		.ascii	"=\371\273\363\012\264\322\003\272'W\363\227\227i\205"
 106      0AB4D203 
 106      BA2757F3 
 106      97976985 
 107 02a0 0579F9BB 		.ascii	"\005y\371\2736m\234\317<;\212\265B-\257\374\310~M/8"
 107      366D9CCF 
 107      3C3B8AB5 
 107      422DAFFC 
 107      C87E4D2F 
ARM GAS  C:\Users\Lena\AppData\Local\Temp\cczrZbpB.s 			page 8


 108 02b5 BA7E71EA 		.ascii	"\272~q\352\361\322Z\367o\330\266\325\255\373\335^\335"
 108      F1D25AF7 
 108      6FD8B6D5 
 108      ADFBDD5E 
 108      DD
 109 02c6 E7D34B71 		.ascii	"\347\323KqU\242\025\272\375e^\267\267\330W\344\363\352"
 109      55A215BA 
 109      FD655EB7 
 109      B7D857E4 
 109      F3EA
 110 02d8 6545395E 		.ascii	"eE9^&\373\265\023E\312\276\022\355`)\034\372\013\230"
 110      26FBB513 
 110      45CABE12 
 110      ED60291C 
 110      FA0B98
 111 02eb E758B3   		.ascii	"\347X\263"
 112              		.text
 113              		.section	.gnu.lto_chCoreAllocAligned.d26e37b5,"",%progbits
 114 0000 789CB554 		.ascii	"x\234\265T[L\\e\020\376\347\374g/\354r+/\232\310\303"
 114      5B4C5C65 
 114      10FEE7FC 
 114      672FEC72 
 114      2B2F9AC8 
 115 0015 92482889 		.ascii	"\222H(\211a\253V\233\030_\014}\320\007b\002}1!\331\300"
 115      61AB569B 
 115      185F0C7D 
 115      D0076202 
 115      7D3121D9 
 116 002a 765B4EC2 		.ascii	"v[N\302\262t\027\260\030\023NY\012\"^j\254\\*\353\326"
 116      B27417B0 
 116      18134E59 
 116      0A225E6A 
 116      AC5C2AEB 
 117 003f 36A660A5 		.ascii	"6\246`\245\320\325\332b\271\025h\005\241\264E0\0044"
 117      D0D5DA62 
 117      B9156805 
 117      A1B44530 
 117      0434
 118 0051 C1226997 		.ascii	"\301\"i\227^\254\215\2465\330\305\231\377,\333\205%"
 118      5EAC8DA6 
 118      35D8C599 
 118      FF2CDB85 
 118      25
 119 0062 EA833D0F 		.ascii	"\352\203=\017\377\371g\376\371\346>\243c\022\333e`l"
 119      FFF967FE 
 119      F9E63EA3 
 119      6312DB65 
 119      606C
 120 0074 16187B8E 		.ascii	"\026\030{\2161\006:\006\322\201\011\306\366\031%I\276"
 120      31063A06 
 120      D28109C6 
 120      F6192549 
 120      BE
 121 0085 6E60AA89 		.ascii	"n`\252\211\267]`L\215\347 k|\031\200.\252\021X\225\304"
 121      B75D604C 
 121      8DE7206B 
 121      7C19802E 
ARM GAS  C:\Users\Lena\AppData\Local\Temp\cczrZbpB.s 			page 9


 121      AA115895 
 122 009a 65A882F7 		.ascii	"e\250\202\367y\023\207+5]\255\374=\356\347\014d$\177"
 122      7913872B 
 122      355DADFC 
 122      3DEEE70C 
 122      64247F
 123 00ad BB786821 		.ascii	"\273xh!\221H\000\013\275.]\2531g\036S\325ju\240)`j\362"
 123      9148000B 
 123      BD2E5DAB 
 123      31671E53 
 123      D56A75A0 
 124 00c5 EE7FD9CF 		.ascii	"\356\177\331\317%\326\202\322m\220\012\307 \225\214"
 124      25D682D2 
 124      6D900AC7 
 124      20958C
 125 00d4 B74326CA 		.ascii	"\267C&\312\036\3317=\226\300\213\201\341\275\256\243"
 125      1ED9373D 
 125      96C08B81 
 125      E1BDAEA3 
 126 00e4 379898F1 		.ascii	"7\230\230\361\231\300\215\037\344\352\223~\316\341s"
 126      99C08D1F 
 126      E4EA937E 
 126      CEE173
 127 00f3 E0D14064 		.ascii	"\340\321@d18\016\031(~`\371\301\274\201\357\021P\357"
 127      31380E19 
 127      287E60F9 
 127      C1BC81EF 
 127      1150EF
 128 0106 A7B3FD72 		.ascii	"\247\263\375r\030:\334(\2402|\261\036*3\350\200\014"
 128      183ADC28 
 128      A0327CB1 
 128      1E2A33E8 
 128      800C
 129 0118 921F1FA8 		.ascii	"\222\037\037\250\3574\361\327\005\366\307\267B\247\345"
 129      EF34F1D7 
 129      05F6C7B7 
 129      42A7E5
 130 0127 F4A302FB 		.ascii	"\364\243\002\373C{\312\007^uD\225\321a8\261\026O\037"
 130      437BCA07 
 130      5E754495 
 130      D16138B1 
 130      164F1F
 131 013a 8A5F3D19 		.ascii	"\212_=\031\372(A/C'\244SH\030I\027\3501\243\022\276"
 131      FA28412F 
 131      4327A453 
 131      48184917 
 131      E831A312 
 132 014f 355EBF1F 		.ascii	"5^\277\0372\204UM\264'\266\250\0035\226\015\202\240"
 132      3284554D 
 132      B427B6A8 
 132      0335960D 
 132      82A0
 133 0161 0F4E423A 		.ascii	"\017NB:\"B\223\301;\2720\342\266\357\361U\343\272\215"
 133      224293C1 
 133      3BBA30E2 
 133      B6EFF155 
 133      E3BA8D
ARM GAS  C:\Users\Lena\AppData\Local\Temp\cczrZbpB.s 			page 10


 134 0174 8C4300D2 		.ascii	"\214C\000\322;'a@\015\255\324\241\376\314_\177\237J"
 134      3B276140 
 134      0DADD4A1 
 134      FECC5F7F 
 134      9F4A
 135 0186 794C024A 		.ascii	"yL\002J\007f\036#\223)F\035\035z:\014\302\210\021\257"
 135      07661E23 
 135      9329461D 
 135      1D7A3A0C 
 135      C28811AF 
 136 019a BA38A24D 		.ascii	"\2728\242Mt\230\351\210\247#A(L\244\347$\242\223\351"
 136      7498E988 
 136      A7234128 
 136      4CA4E724 
 136      A293E9
 137 01ad D844640A 		.ascii	"\330Dd\012\243z\261\2671:\252~\003\022\370\347\213 "
 137      A37AB1B7 
 137      313AAA7E 
 137      0312F8E7 
 137      8B20
 138 01bf 5102AEF5 		.ascii	"Q\002\256\365\324M\001\257\024\271;\3257\323l\012\273"
 138      D44D01AF 
 138      14B93BD5 
 138      37D36C0A 
 138      BB
 139 01d0 BFE2DF7C 		.ascii	"\277\342\337|\310;\366\216z\270:\331\317\365\360\345"
 139      C83BF68E 
 139      7AB83AD9 
 139      CFF5F0E5 
 140 01e0 06017C25 		.ascii	"\006\001|%b\256\013\252\2752\265\213\036,p\012\337\226"
 140      62AE0BAA 
 140      BD32B58B 
 140      1E2C700A 
 140      DF96
 141 01f2 A0FAEABD 		.ascii	"\240\372\352\275O\272&!\222\336\032\025\277\201\017"
 141      4FBA2621 
 141      92DE1A15 
 141      BF810F
 142 0201 CF984476 		.ascii	"\317\230Dv[8\260uO\313s\026\033\203\257\351M\212y\363"
 142      5B38B075 
 142      4FCB7316 
 142      1B83AFE9 
 142      4D8A79F3 
 143 0215 6FFE9893 		.ascii	"o\376\230\223-\006\247I\200G\225\215\301\031\320\243"
 143      2D06A749 
 143      8047958D 
 143      C119D0A3 
 144 0225 27DD5433 		.ascii	"'\335T3`\375\324\315G\374\201\373\246\264\313\334\257"
 144      60FDD4CD 
 144      47FC81FB 
 144      A6B4CBDC 
 144      AF
 145 0236 3663B50C 		.ascii	"6c\265\014$\335\261pV5\312\230\003\370\006\322D\331"
 145      24DDB170 
 145      5635CA98 
 145      03F806D2 
 145      44D9
ARM GAS  C:\Users\Lena\AppData\Local\Temp\cczrZbpB.s 			page 11


 146 0248 EFDC9C9A 		.ascii	"\357\334\234\232\223\220\003gA\026N3\350\021\315\337"
 146      93900367 
 146      41164E33 
 146      E811CDDF 
 147 0258 D637B418 		.ascii	"\3267\264\030\237\366}\030m$\331\273'\002\323f\201\356"
 147      9FF67D18 
 147      6D24D9BB 
 147      2702D366 
 147      81EE
 148 026a 2534F481 		.ascii	"%4\364\201\314\026\241\332\"\022\300\350:_\337\252\023"
 148      CC16A1DA 
 148      2212C0E8 
 148      3A5FDFAA 
 148      13
 149 027b 7D8305F2 		.ascii	"}\203\005\362a\004\364J4\202G\027\006oH1=\024\323\315"
 149      6104F44A 
 149      34824717 
 149      066F4831 
 149      3D14D3CD 
 150 028f 229FFD84 		.ascii	"\"\237\375\204\346,\010\336\306\332\216\336\242uy\270"
 150      E62C08DE 
 150      C6DA8EDE 
 150      A27579B8 
 151 029f DD6E2209 		.ascii	"\335n\"\011\262\021N\243\034\335\300\001b\017\210l\234"
 151      B2114EA3 
 151      1CDDC001 
 151      620F886C 
 151      9C
 152 02b0 03BD8FCB 		.ascii	"\003\275\217\313\350H\2646\215\253\303\007\004\3754"
 152      E848B436 
 152      8DABC307 
 152      04FD34
 153 02bf D27E5C4C 		.ascii	"\322~\\L\274\014+\370%\301 \372\020\204\352\231Z\320"
 153      BC0C2BF8 
 153      25C120FA 
 153      1084EA99 
 153      5AD0
 154 02d1 E4F461E8 		.ascii	"\344\364a\350_\265\365\\\343\030\004X\257\305vn5V\003"
 154      5FB5F55C 
 154      E3180458 
 154      AFC5766E 
 154      355603
 155 02e4 A11A8337 		.ascii	"\241\032\2037\206L\232\224\221\306f\377\340%\003)\217"
 155      864C9A94 
 155      91C666FF 
 155      E0250329 
 155      8F
 156 02f5 1375EEEE 		.ascii	"\023u\356\356\2769g\250z\240\032\221q\224kS\2674>=l"
 156      BE3967A8 
 156      7AA01A91 
 156      71946B53 
 156      B7343E3D 
 157 030a F2830F68 		.ascii	"\362\203\017h6\206q\017\015\211\022\234\007?\220\302"
 157      3686710F 
 157      0D89129C 
 157      073F90C2 
 158 031a BB756137 		.ascii	"\273ua7\342P\243\026A\230aB\277\220\275\206gFv8\000"
ARM GAS  C:\Users\Lena\AppData\Local\Temp\cczrZbpB.s 			page 12


 158      E250A316 
 158      41986142 
 158      BF90BD86 
 158      67467638 
 159 032f F437CC8C 		.ascii	"\3647\314\214\0271\2305m\257i\274\004d?\364?@\376'h"
 159      17319835 
 159      6DAF69BC 
 159      04643FF4 
 159      3F40FE27 
 160 0344 FEDFF2EA 		.ascii	"\376\337\362\3525\221\304\030\207!\326\341\013\021\207"
 160      3591C418 
 160      8721D6E1 
 160      0B1187
 161 0353 BF5DEF70 		.ascii	"\277]\357p\022\252 ?\232k\377\324i\234d\301\214g\277"
 161      12AA203F 
 161      9A6BFFD4 
 161      699C64C1 
 161      8C67BF
 162 0366 40CDCCD0 		.ascii	"@\315\314\320\326H.\223E\311\0330\313\270\2439\"Zk\337"
 162      D6482E93 
 162      45C91B30 
 162      CBB8A339 
 162      225A6BDF 
 163 037a ED7F537B 		.ascii	"\355\177S{\336$\\\325R;\372\004\361\376K\032G\"^\215"
 163      DE245CD5 
 163      523BFA04 
 163      F1FE4B1A 
 163      47225E8D 
 164 038e A257A845 		.ascii	"\242W\250E\350\227\303\263^}\370\336\301H\217\262H\207"
 164      E897C3B3 
 164      5E7DF8DE 
 164      C1488FB2 
 164      4887
 165 03a0 52474551 		.ascii	"RGEQ\2015T\247FI\033\254\006\337\277\254\206\357\304"
 165      813554A7 
 165      46491BAC 
 165      06DFBFAC 
 165      86EFC4
 166 03b3 6A887402 		.ascii	"j\210t\002M\347\330?\255\206\236\325\325\240[3\335\343"
 166      4DE7D83F 
 166      AD869ED5 
 166      D5A05B33 
 166      DDE3
 167 03c5 D4CF31BB 		.ascii	"\324\3171\273\342E\205\301E\022\326\307\356\212\255"
 167      E24585C1 
 167      4512D6C7 
 167      EE8AAD
 168 03d4 3E4EC619 		.ascii	">N\306\031L\304\356\212Kb:.G\355\212\220\377\347>\363"
 168      4CC4EE8A 
 168      4B623A2E 
 168      47ED8A90 
 168      FFE73EF3 
 169 03e8 EA1A1813 		.ascii	"\352\032\030\023\311\273\"\326\300\372\231\237\214\314"
 169      C9BB22D6 
 169      C0FA999F 
 169      8CCC
 170 03f6 3C2967B7 		.ascii	"<)g\267p\346\033\332\316\353\311g\037O\301\210\377\200"
ARM GAS  C:\Users\Lena\AppData\Local\Temp\cczrZbpB.s 			page 13


 170      70E61BDA 
 170      CEEBC967 
 170      1F4FC188 
 170      FF80
 171 0408 14C84A95 		.ascii	"\024\310J\225f\227\3471\365\011|6t\031p\343\002e\037"
 171      6697E731 
 171      F5097C36 
 171      741970E3 
 171      02651F
 172 041b B528DB5F 		.ascii	"\265(\333_\310\317\335\361j\236M)\331\345\312\337\256"
 172      C8CFDDF1 
 172      6A9E4D29 
 172      D9E5CADF 
 172      AE
 173 042c 78CADC4A 		.ascii	"x\312\334J\241-oG\316\263\317\254R\371\331EJ\241\222"
 173      A12D6F47 
 173      CEB3CFAC 
 173      52F9D945 
 173      4AA192
 174 043f 5756BE53 		.ascii	"WV\276Sq\331*\266D\223\371v\272\273<Oo{\336\352\362"
 174      71D92AB6 
 174      4493F976 
 174      BABB3C4F 
 174      6F7BDEEA 
 175 0454 58ED2EA7 		.ascii	"X\355.\247\323U\202\267b\245\320\352q\333\255\366\""
 175      D35582B7 
 175      62A5D0EA 
 175      71DBADF6 
 175      22
 176 0465 A7C36977 		.ascii	"\247\303iw\271\035Yv&{\2247\034\272\202bew\011\224\352"
 176      B91D5976 
 176      267B9437 
 176      1CBA8262 
 176      65770994 
 177 047a 2A0A8ACB 		.ascii	"*\012\212\313\035\316G`\274\324\345.\363X_\312\315\311"
 177      1DCE4760 
 177      BCD4E52E 
 177      F3585FCA 
 177      CDC9
 178 048c CED98BF6 		.ascii	"\316\331\213\366\311\270\255b\2333\253\210\355y\004"
 178      C9B8AD62 
 178      9B33AB88 
 178      ED7904
 179 049b D61C7BCB 		.ascii	"\326\034{\313\254\3319y\257\344Y\225\022{q\371N\207"
 179      ACD93979 
 179      AFE45995 
 179      127B71F9 
 179      4E87
 180 04ad D5EEF428 		.ascii	"\325\356\364(\036\333n\273\035-\332\376O\213\356\262"
 180      1EDB6EBB 
 180      1D2DDAFE 
 180      4F8BEEB2 
 181 04bd 87368A3C 		.ascii	"\2076\212<\225\036\324\237\234\223\227k),\3608J\335"
 181      951ED49F 
 181      9C93976B 
 181      292CF038 
 181      4ADD
ARM GAS  C:\Users\Lena\AppData\Local\Temp\cczrZbpB.s 			page 14


 182 04cf CA5396F4 		.ascii	"\312S\226\364-Lr3\003f\334\345\256d\177\003*\217\364"
 182      2D4C7233 
 182      0366DCE5 
 182      AE647F03 
 182      2A8FF4
 183 04e2 FE       		.ascii	"\376"
 184              		.text
 185              		.section	.gnu.lto_chCoreGetStatusX.d26e37b5,"",%progbits
 186 0000 789C6550 		.ascii	"x\234ePK/\003a\024\275w\276\231NI\364\017\350\302\326"
 186      4B2F0361 
 186      14BD77BE 
 186      994E49F4 
 186      0FE8C2D6 
 187 0014 463D1212 		.ascii	"F=\022\022[]ID\242\226M\232t\020\023j\222\026\333~\352"
 187      5B5D4944 
 187      A2964D9A 
 187      7410136A 
 187      9216DB7E 
 188 0029 D120C146 		.ascii	"\321 \301F\325\243\231\205\205\267b\327\205\244\021"
 188      D5A39985 
 188      85B762D7 
 188      85A411
 189 0038 76DE8995 		.ascii	"v\336\211\225\035\253\012\013bI\353\336L\211\260\230"
 189      1DAB0A0B 
 189      6249EBDE 
 189      4C89B098 
 190 0048 6FCE3973 		.ascii	"o\3169s\277s\316\035\015\024H!\300\000\000T\323\203"
 190      BF73CE1D 
 190      0D144821 
 190      C0000054 
 190      D383
 191 005a 025059B8 		.ascii	"\002PY\270\004\030s+\210\014\244\033!\256`\034\347\305"
 191      0418732B 
 191      880CA41B 
 191      21AE601C 
 191      E7C5
 192 006c 92C09B89 		.ascii	"\222\300\233\211\20351'l\032S\211\276^\254<z\230\"\326"
 192      83353127 
 192      6C1A5389 
 192      BE5EAC3C 
 192      7A9822D6 
 193 0080 105D95B7 		.ascii	"\020]\225\267\323z\355\206\224\011\231_z\257L\037]\313"
 193      D37AED86 
 193      9409995F 
 193      7AAF4C1F 
 193      5DCB
 194 0092 0A5B28B0 		.ascii	"\012[(\260L\343\233\350\305\015\364r\306\026\326\002"
 194      4CE39BE8 
 194      C50DF472 
 194      C616D602 
 195 00a2 4D3F1C16 		.ascii	"M?\034\026\027\253\\*\177%q\033]\324\003\262\267\230"
 195      17AB5C2A 
 195      7F25711B 
 195      5DD403B2 
 195      B798
 196 00b4 97C55252 		.ascii	"\227\305RR\346?\326\261\324\356V\300\026B\320\241\252"
 196      E63FD6B1 
ARM GAS  C:\Users\Lena\AppData\Local\Temp\cczrZbpB.s 			page 15


 196      D4EE56C0 
 196      1642D0A1 
 196      AA
 197 00c5 8C34462E 		.ascii	"\2144F.>t`g\230\241\313\\s\226\010\275E\001\023\251"
 197      3E746067 
 197      98A1CB5C 
 197      739608BD 
 197      450113A9 
 198 00d9 C2F19987 		.ascii	"\302\361\231\207\3752B\241\230\324\344\311\225\316\035"
 198      FD3242A1 
 198      98D4E4C9 
 198      95CE1D
 199 00e8 35E4D45C 		.ascii	"5\344\324\\\356\371^\217\177J7\011\353\234L\332\323"
 199      EEF95E8F 
 199      7F4A3709 
 199      EB9C4CDA 
 199      D3
 200 00f9 F9DD69A5 		.ascii	"\371\335i\245\215\031\244\004\334\245]w\270(\356\241"
 200      8D19A404 
 200      DCA55D77 
 200      B828EEA1 
 201 0109 8D40866F 		.ascii	"\215@\206oIt\354\0049\262\220\252p\270\372\317\017\377"
 201      4974EC04 
 201      39B290AA 
 201      70B8FACF 
 201      0FFF
 202 011b FBEDFFF8 		.ascii	"\373\355\377\370e\377\372idA\302xz\252,8\031\2323\264"
 202      65FFFA69 
 202      6441C278 
 202      7AAA2C38 
 202      199A33B4 
 203 012f 251C5127 		.ascii	"%\034Q'\035^0QS\246\324\231\326F^\227~\200\351o\015"
 203      1D5E3051 
 203      53A6D499 
 203      D6465E97 
 203      7E80E96F 
 204 0144 76757706 		.ascii	"vuw\006B\346P\237\025\364\233\261\341\250\031\016\005"
 204      42E6509F 
 204      15F49BB1 
 204      E1A8190E 
 204      05
 205 0155 BA3B9A1A 		.ascii	"\272;\232\032\277Y\260\255\337\014\233\201\341\221\036"
 205      BF59B0AD 
 205      DF0C9B81 
 205      E1911E
 206 0164 D30A8DD6 		.ascii	"\323\012\215\326\377\246A\203\261\025khi\366Y1\237a"
 206      FFA64183 
 206      B1156B68 
 206      69F65931 
 206      9F61
 207 0176 4522D610 		.ascii	"E\"\326\020\241A3\354\213E\015\237\321\037\351\215\030"
 207      A14133EC 
 207      8B450D9F 
 207      D11FE98D 
 207      18
 208 0187 56B4B7CE 		.ascii	"V\264\267\316\200/5\237\243\276"
 208      802F359F 
ARM GAS  C:\Users\Lena\AppData\Local\Temp\cczrZbpB.s 			page 16


 208      A3BE
 209              		.text
 210              		.section	.gnu.lto_.symbol_nodes.d26e37b5,"",%progbits
 211 0000 789C55CB 		.ascii	"x\234U\313[\015\200@\020C\321\333\231\214\017\202\023"
 211      5B0D8040 
 211      1043D1DB 
 211      998C0F82 
 211      13
 212 0011 FCE06156 		.ascii	"\374\340aV\002z\020\201\035\336\204%|m\177\232\234\264"
 212      027A1081 
 212      1DDE8425 
 212      7C6D7F9A 
 212      9CB4
 213 0023 81315263 		.ascii	"\2011Rc\273\022\246\005j\315e\200XE\351\301\343\226"
 213      BB12A605 
 213      6ACD6580 
 213      5845E9C1 
 213      E396
 214 0035 BA3A894D 		.ascii	"\272:\211M\366\303#\377\300\016\245\232\217\235Jk\345"
 214      F6C323FF 
 214      C00EA59A 
 214      8F9D4A6B 
 214      E5
 215 0046 527A23BC 		.ascii	"Rz#\274^r\031^"
 215      5E72195E 
 216              		.text
 217              		.section	.gnu.lto_.refs.d26e37b5,"",%progbits
 218 0000 789C05C1 		.ascii	"x\234\005\301\261\021\300 \000\003\261\177\033H\221"
 218      B111C020 
 218      0003B17F 
 218      1B4891
 219 000f A3A1618A 		.ascii	"\243\241a\212\354\277^\244I\370\200\201\232h\223\221"
 219      ECBF5EA4 
 219      49F88081 
 219      9A689391 
 220 001f 4E5C74EB 		.ascii	"N\\t\353\351\302\227\036\275y\250X~\026\333\000\326"
 220      E9C2971E 
 220      BD79A858 
 220      7E16DB00 
 220      D6
 221              		.text
 222              		.section	.gnu.lto_.decls.d26e37b5,"",%progbits
 223 0000 789CC556 		.ascii	"x\234\305V[P\024W\032\3563=\314@33R\304J\371\300\326"
 223      5B501457 
 223      1AEE333D 
 223      CC403333 
 223      52C44AF9 
 224 0016 526EA570 		.ascii	"Rn\245p\037\002\"U\232\344!\025\227\354F\253\3265%\232"
 224      1F022255 
 224      9AE42115 
 224      97EC46AB 
 224      D635259A 
 225 002a DA87D9EA 		.ascii	"\332\207\331\352\032fF\231\0153c\350&\011yI\243\342"
 225      1A664699 
 225      0D3363E8 
 225      26097949 
 225      A3E2
ARM GAS  C:\Users\Lena\AppData\Local\Temp\cczrZbpB.s 			page 17


 226 003c 528804AF 		.ascii	"R\210\004\257Q4a\024\213\200\200\214\302J\274\240\003"
 226      51346114 
 226      8B80808C 
 226      C24ABCA0 
 226      03
 227 004d 8AAB0872 		.ascii	"\212\253\010r\023\274!\240\"F\360\302E\203\210\204\375"
 227      13BC21A0 
 227      2246F0C2 
 227      45838884 
 227      FD
 228 005e CF393D74 		.ascii	"\3179=t;\202\373\262\331\355\342\037\3169\375\237\357"
 228      3B82FBB2 
 228      D9EDE21F 
 228      CE39FD9F 
 228      EF
 229 006f FBFEFFFC 		.ascii	"\373\376\377\374\347\234\016b4\314\261P\206\371\273"
 229      E79C0E62 
 229      34CCB150 
 229      86F9BB
 230 007e 96613211 		.ascii	"\226a2\021\303L\302\023\3040L\031\243<\360\2129\004"
 230      C34CC213 
 230      C4304C19 
 230      A33CF08A 
 230      3904
 231 0090 761CEC24 		.ascii	"v\034\354$\330iy\254\036\254\021\254\011\254\205y\371"
 231      D86979AC 
 231      1EAC11AC 
 231      09AC8579 
 231      F9
 232 00a1 F91B6061 		.ascii	"\371\033`a\234O\300\032\300Z\301.\200\265\311\357\221"
 232      9C4FC01A 
 232      C05AC12E 
 232      80B5C9EF 
 232      91
 233 00b2 8CF99F70 		.ascii	"\214\371\237pR\301Q\017\377\303\301f\203\255\002\253"
 233      52C1510F 
 233      FFC3C166 
 233      83AD02AB 
 234 00c2 025B2EE3 		.ascii	"\002[.\343\265\252\360\260>\026\354\266\214\331\024"
 234      B5AAF0B0 
 234      3E16ECB6 
 234      8CD914
 235 00d1 8095064E 		.ascii	"\200\225\006N\334k\260\356\203=\000\033R\341\352\345"
 235      DC6BB0EE 
 235      833D001B 
 235      52E1EAE5 
 236 00e1 9847C09E 		.ascii	"\230G\300\236\202\215\313<\023`\223`\232\031\270\276"
 236      828DCB3C 
 236      13609360 
 236      9A19B8BE 
 237 00f1 062E9D8A 		.ascii	"\006.\235\212\253J\346\3708@\363i\031\243I\306Q?\337"
 237      AB4AE6F8 
 237      3840F369 
 237      19A349C6 
 237      513FDF
 238 0104 B2E8E8E6 		.ascii	"\262\350\350\346\263\325\232.\324\211\300\007\205\321"
 238      B3D59A2E 
ARM GAS  C:\Users\Lena\AppData\Local\Temp\cczrZbpB.s 			page 18


 238      D489C007 
 238      85D1
 239 0112 5988FE22 		.ascii	"Y\210\376\"b\244;\351\177\020\"\3430\252!\277\324\221"
 239      62A43BE9 
 239      7F1022E3 
 239      30AA21BF 
 239      D491
 240 0124 0C21FF0C 		.ascii	"\014!\377\014\271\257\221\273\032\031\222\374\311\223"
 240      B9AF91BB 
 240      1A1992FC 
 240      C993
 241 0132 910A91BE 		.ascii	"\221\012\221\276\246L\376\207j\247\0152\315?\033i\024"
 241      A64CFE87 
 241      6AA70D32 
 241      CD3F1B69 
 241      14
 242 0143 0284D413 		.ascii	"\002\204\324\023T\200T\266\374~J\037\243\004\207\374"
 242      548054B6 
 242      FC7E4A1F 
 242      A30487FC 
 243 0153 D10FED6E 		.ascii	"\321\017\355n\350\343\272\321M<\352\371\000\221\261"
 243      E8E3BAD1 
 243      4D3CEAF9 
 243      0091B1
 244 0162 FEC39DFB 		.ascii	"\376\303\235\373L\254\006\341v\367X\321\237\242K%\372"
 244      4CAC06E1 
 244      76F758D1 
 244      9FA24B25 
 244      FA
 245 0173 04FF4649 		.ascii	"\004\377FI[\335\344\250oV\016\213\3029\244\201n\353"
 245      5BDDE4A8 
 245      6F560E8B 
 245      C239A481 
 245      6EEB
 246 0185 60C377A1 		.ascii	"`\303w\241\320\235\315\2410\350>Ko\257\341\346\354$"
 246      D09DCDA1 
 246      30E83E4B 
 246      6FAFE1E6 
 246      EC24
 247 0197 B3D64B61 		.ascii	"\263\326Ka\032\364\311\233\250\024E\240\022\024\001"
 247      1AF4C99B 
 247      A81445A0 
 247      121401
 248 01a6 E465680E 		.ascii	"\344eh\016\374&j)\322M\317\017\025\272\271\036\311\323"
 248      FC266A29 
 248      D24DCF0F 
 248      15BAB91E 
 248      C9D3
 249 01b8 23F9466F 		.ascii	"#\371FoG\335:\"I\0310M\213\335P1b\321A\024\215%C\023"
 249      47DD3A22 
 249      4919304D 
 249      8BDD5031 
 249      62D14114 
 250 01d0 7E8B5037 		.ascii	"~\213P7B?\240.\010\350\020\232\013\323\275\255\231\027"
 250      423FA02E 
 250      08E8109A 
 250      0BD3BDAD 
ARM GAS  C:\Users\Lena\AppData\Local\Temp\cczrZbpB.s 			page 19


 250      9917
 251 01e2 4CAC8488 		.ascii	"L\254\204\210\334C\245\343^N\213Wr9\207\0110\374\371"
 251      DC43A5E3 
 251      5E4E8B57 
 251      72398709 
 251      30FCF9
 252 01f5 E2121694 		.ascii	"\342\022\026\224\301\000N\316,\030*\177pl\314H\207\260"
 252      C1004ECE 
 252      2C182A7F 
 252      706CCC48 
 252      87B0
 253 0207 C781B1C7 		.ascii	"\307\201\261\307U\006v;Eh\331\340\335\313\322\270\264"
 253      5506763B 
 253      4568D9E0 
 253      DDCBD2B8 
 253      B4
 254 0218 383F8D79 		.ascii	"8?\215ywL4\256\310oYMK\365\303[\301h\036W\210\003\363"
 254      774C34AE 
 254      C86F594D 
 254      4BF5C35B 
 254      C1681E57 
 255 022f 7597CC3D 		.ascii	"u\227\314=\321%I\221\250\012q\250BQ\272\034o\201LIZ"
 255      D1254991 
 255      A80A71A8 
 255      4251BA1C 
 255      6F814C49 
 256 0244 27E5AE97 		.ascii	"'\345\256\227B\2260\350\237\020z%\204\216\216\242y\230"
 256      429630E8 
 256      9F107A25 
 256      848E8EA2 
 256      7998
 257 0256 15FBA123 		.ascii	"\025\373\241#0x\030\006\201\245wp\327\200\221\310\306"
 257      30781806 
 257      81A57770 
 257      D78091C8 
 257      C6
 258 0267 485E4484 		.ascii	"H^D\204_.\253+\014R\347p\225A\225\303c$\207?\"9\211"
 258      5F2EAB2B 
 258      0C52E770 
 258      954195C3 
 258      6324873F 
 259 027e ADDB773D 		.ascii	"\255\333w=\347 \211=8\211\353\026\015\321$\256\323b"
 259      E720893D 
 259      3889EB16 
 259      0DD124AE 
 259      D362
 260 0290 3F54AE48 		.ascii	"?T\256H+\017L\342q\222\304\341\254\202\007F\326K\327"
 260      2B0F4CE2 
 260      7192C4E1 
 260      AC820746 
 260      D64BD7
 261 02a3 3C7B72AB 		.ascii	"<{r\253g\226\214U\377\373\335\222o\035(\320\020\244"
 261      67968C55 
 261      FFFBDD92 
 261      6F1D28D0 
 261      10A4
 262 02b5 130AD289 		.ascii	"\023\012\322\211@\244\223\004\251|\310\273G\317\236"
ARM GAS  C:\Users\Lena\AppData\Local\Temp\cczrZbpB.s 			page 20


 262      40A49304 
 262      A97CC8BB 
 262      47CF9E
 263 02c4 A1483B6A 		.ascii	"\241H;j\312\323\365\352\020pxJ\014\247^\252\203oj\333"
 263      CAD3F5EA 
 263      1070784A 
 263      0CA75EAA 
 263      836F6ADB 
 264 02d8 3DAC5C07 		.ascii	"=\254\\\007\035%a[\326KE0\315\243\301n\250Z!\256\016"
 264      1D25615B 
 264      D64B4530 
 264      CDA3C16E 
 264      A85A21AE 
 265 02ed 243E4D88 		.ascii	"$>M\210\3737=\255\320\260\227)qyFoq0,[\004,:R\255x\004"
 265      FB373DAD 
 265      D0B09729 
 265      7179466F 
 265      71302C5B 
 266 0308 5DF14ADF 		.ascii	"]\361J\337H\231\226\355$\276\232\243\225\275y\334\324"
 266      489996ED 
 266      24BE9AA3 
 266      95BD79DC 
 266      D4
 267 0319 9A8E7646 		.ascii	"\232\216vFg\374\003\207[\007R\317(\254\021Sk:\270_b"
 267      67FC0387 
 267      5B0752CF 
 267      28AC1153 
 267      6B3AB85F 
 268 032e E730282E 		.ascii	"\3470(.\002\315\207\025=\013+\032!\257h-DVCW\2648\277"
 268      02CD8715 
 268      3D0B2B1A 
 268      21AF682D 
 268      44564357 
 269 0345 E8AC919D 		.ascii	"\350\254\221\235`\011\303\356\0355\225\246)\206\307"
 269      6009C3EE 
 269      1D3595A6 
 269      2986C7
 270 0354 99BFFBB1 		.ascii	"\231\277\373\261\003W\315y`8\2470\000\341\364\024\377"
 270      0357CD79 
 270      6038A730 
 270      00E1F414 
 270      FF
 271 0365 9A9EA26D 		.ascii	"\232\236\242m|\353\220\306\2205Uf\004\317_i\014\272"
 271      7CEB90C6 
 271      90355566 
 271      04CF5F69 
 271      0CBA
 272 0377 800CF256 		.ascii	"\200\014\362V\355\317\361\0356\274U I\265x\203\375\266"
 272      EDCFF11D 
 272      36BC5520 
 272      49B57883 
 272      FDB6
 273 0389 186A2304 		.ascii	"\030j#\004\277F>J\256\232\344#\271\255Go\301\264+\275"
 273      BF463E4A 
 273      AE9AE423 
 273      B9AD476F 
 273      C1B42BBD 
ARM GAS  C:\Users\Lena\AppData\Local\Temp\cczrZbpB.s 			page 21


 274 039d 958711BB 		.ascii	"\225\207\021\273%\210d,\277\256=#$<\027\007\220\213"
 274      2588642C 
 274      BFAE3D23 
 274      243C1707 
 274      908B
 275 03af B5633272 		.ascii	"\265c2r\2324\240\360\2513\341F\307\376k\241@\324\003"
 275      9A34A0F0 
 275      A933E146 
 275      C7FE6BA1 
 275      40D403
 276 03c2 515ECA9B 		.ascii	"Q^\312\233\275U\362\314\301\357\321E\214\212\235I\003"
 276      BD55F2CC 
 276      C1EFD145 
 276      8C8A9D49 
 276      03
 277 03d3 3512F8A1 		.ascii	"5\022\370\241\035\327\266\261l>\205?\222\237\235\256"
 277      1DD7B6B1 
 277      6C3E853F 
 277      929F9DAE 
 278 03e3 95259EDB 		.ascii	"\225%\236\333\025\276u\275\264\204(\274\364\212\302"
 278      15BE75BD 
 278      B48428BC 
 278      F48AC2
 279 03f2 4B04A289 		.ascii	"K\004\242\211@<\315\032\271kd\013)\304\310Fou\220L\336"
 279      403CCD1A 
 279      B96B640B 
 279      29C4C846 
 279      6F75904C 
 280 0407 A1226FF6 		.ascii	"\241\"o\366\223\223\006j!3k\272\3337\033\325\271\303"
 280      9393066A 
 280      21336BBA 
 280      DB371BD5 
 280      B9C3
 281 0419 640A492B 		.ascii	"d\012I+\315\035\376\017\316\005\255w%\244v\306\260\212"
 281      CD1DFE0F 
 281      CE05AD77 
 281      25A476C6 
 281      B08A
 282 042b 739BECDC 		.ascii	"s\233\354\334F\234\357w\234le\331\012\252i\350\305w"
 282      469CEF77 
 282      9C6C65D9 
 282      0AAA69E8 
 282      C577
 283 043d 5521F430 		.ascii	"U!\3640\231\015\335\211\356\334\\==L<\270*\3675\216"
 283      990DDD89 
 283      EEDC5C3D 
 283      3D4C3CB8 
 283      2AF7358E 
 284 0451 ECE4D81A 		.ascii	"\354\344\330\032\352\373\344\330\306\347&\352\373\006"
 284      EAFBE4D8 
 284      C6E726EA 
 284      FB06
 285 045f 744B32C7 		.ascii	"tK2\307$\023\227I\022NH\303\325\213{\015g\037\305D\240"
 285      24139749 
 285      124E48C3 
 285      D58B7B0D 
 285      671FC544 
ARM GAS  C:\Users\Lena\AppData\Local\Temp\cczrZbpB.s 			page 22


 286 0474 ABB416DA 		.ascii	"\253\264\026\332\237U?7\260\365\004I\333S0<\240C\363"
 286      9F553F37 
 286      B0F50449 
 286      DB53303C 
 286      A043F3
 287 0487 2210E2C0 		.ascii	"\"\020\342\300\012\375\2077\003\247<\207\256\313\351"
 287      0AFD8737 
 287      03A73C87 
 287      AECBE9
 288 0496 80274F02 		.ascii	"\200'O\002\370\301\257\361\360tew\003\312\356&\341\351"
 288      F8C1AFF1 
 288      F0746577 
 288      03CAEE26 
 288      E1E9
 289 04a8 02DE4E20 		.ascii	"\002\336N \312\223\202\311\010^j\337\246\322`u=`\354"
 289      CA9382C9 
 289      085E6ADF 
 289      A6D26075 
 289      3D60EC
 290 04bb 0EF06B27 		.ascii	"\016\360k'\372\272qUP\225\330;\267q\337\236\020N\346"
 290      FABA7155 
 290      5095D83B 
 290      B771DF9E 
 290      104EE6
 291 04ce C87C2D07 		.ascii	"\310|-\007x7\034\351\3557\250\261{^\207]\327\237\351"
 291      78371CE9 
 291      ED37A8B1 
 291      7B5E875D 
 291      D79FE9
 292 04e1 9905EBDE 		.ascii	"\231\005\353\336\354\203\322\371^\227\356\361\245G\242"
 292      EC83D2F9 
 292      5E97EEF1 
 292      A547A2
 293 04f0 5BB04257 		.ascii	"[\260BW\240v\340tS\315\274\014#+\341\332\276Mj\300\177"
 293      A076E074 
 293      53CDBC0C 
 293      232BE1DA 
 293      BE4D6AC0 
 294 0505 3144BD7A 		.ascii	"1D\275z1D\321c\242\365\233\341\003z\266)\210n\342\372"
 294      3144D163 
 294      A2F59BE1 
 294      037AB629 
 294      886EE2FA 
 295 0519 2BB55AD5 		.ascii	"+\265Z\3251\361\376\356a,\356\036h\273\253l\342\250"
 295      31F1FEEE 
 295      612CEE1E 
 295      68BBAB6C 
 295      E2A8
 296 052b 198FFE3E 		.ascii	"\031\217\376>\0105J\336\305\2750xG>(\016l\331\257c\257"
 296      08354ADE 
 296      C5BD3078 
 296      473E280E 
 296      6CD9AF63 
 297 0540 538E73A7 		.ascii	"S\216s\247n\\\325\"n\336\264\000\375\323\000L\235(?"
 297      6E5CD522 
 297      6EDEB400 
 297      FDD3004C 
ARM GAS  C:\Users\Lena\AppData\Local\Temp\cczrZbpB.s 			page 23


 297      9D283F
 298 0553 5DC562EE 		.ascii	"]\305b\356\203\230\237\0241\367H\216\360(\020e\035m"
 298      83989F14 
 298      31F7488E 
 298      F0281065 
 298      1D6D
 299 0565 EBD2CE58 		.ascii	"\353\322\316XP\003\376\202\232OTe?l\331e\010\\^\345"
 299      5003FE82 
 299      9A4F5465 
 299      3F6CD965 
 299      085C5EE5 
 300 0579 E07E4096 		.ascii	"\340~@\226`\200\302C\007_a\343e\307\345\362\325Aw\264"
 300      6080C243 
 300      075F61E3 
 300      65C7E5F2 
 300      D54177B4 
 301 058d DC73C938 		.ascii	"\334s\3118#\333#?\333C\232\204'Y\031\243\362\245\253"
 301      23DB233F 
 301      DB439A84 
 301      275919A3 
 301      F2A5AB
 302 05a0 876E51DF 		.ascii	"\207nQ\337\336\034\003\335'\357\340Zk.=g\014\0243\010"
 302      DE1C03DD 
 302      27EFE05A 
 302      6B2E3D67 
 302      0C143308 
 303 05b4 608F09D8 		.ascii	"`\217\011\330\020\021\363\210\212\031\"b\2623\016\246"
 303      1011F388 
 303      8A192262 
 303      B2330EA6 
 304 05c4 EBD93B74 		.ascii	"\353\331;tc]\330^\270\335\000\367\212\017\356\225\201"
 304      635DD85E 
 304      B8DD00F7 
 304      8A0FEE95 
 304      81
 305 05d5 6AF651C9 		.ascii	"j\366Q\311F\251\031\356\225%\344;\004\015+\351\032\016"
 305      46A919EE 
 305      9525E43B 
 305      040D2BE9 
 305      1A0E
 306 05e7 BC5846C8 		.ascii	"\274XF\310\305R8\372l\223\211m\324\021\260\214\211\341"
 306      C55238FA 
 306      6C93896D 
 306      D411B08C 
 306      89E1
 307 05f9 1E930C36 		.ascii	"\036\223\0146~\235=X\321+Ip2l@\364s\345\211\202\366"
 307      7E9D3D58 
 307      D12B4970 
 307      326C40F4 
 307      73E58982 
 308 060e 2410ED29 		.ascii	"$\020\355)A\273\322Wkc\353\364\004\354`\331\367^\023"
 308      41BBD257 
 308      6B63EBF4 
 308      04EC60D9 
 308      F75E13
 309 0621 DB463B9B 		.ascii	"\333F;\233j\317\354\325\3017\000\032%;\024Fj\307\272"
 309      6ACFECD5 
ARM GAS  C:\Users\Lena\AppData\Local\Temp\cczrZbpB.s 			page 24


 309      C137001A 
 309      253B1446 
 309      6AC7BA
 310 0634 C3C84701 		.ascii	"\303\310G\001^V\3721s\326[2a\232\361\273\3529\271O\307"
 310      5E56FA31 
 310      73D65B32 
 310      619AF1BB 
 310      EA39B94F 
 311 0649 FCDF047D 		.ascii	"\374\337\004}{vzCe\255M/\330\234\342\256l\311\223.}"
 311      7B767A43 
 311      65AD4D2F 
 311      D89CE2AE 
 311      6CC9932E 
 312 065e 705E833D 		.ascii	"p^\203=\321\317~\255\350\031\250\3779P\3568\221\333"
 312      D1CF7EAD 
 312      E819A8FF 
 312      3950EE38 
 312      91DB
 313 0670 FCE84476 		.ascii	"\374\350Dv(\333\026L$\026m\310\231\324\311\200\217\253"
 313      28DB164C 
 313      24166DC8 
 313      99D4C980 
 313      8FAB
 314 0682 D9ACCD17 		.ascii	"\331\254\315\027)\340\022\022\373\013%\366\027\201`"
 314      29E01212 
 314      FB0B25F6 
 314      178160
 315 0691 1304AC27 		.ascii	"\023\004\254'\377\3366#\333M\301.\236*h\017R2y= \223"
 315      FFDE3623 
 315      DB4DC12E 
 315      9E2A680F 
 315      5232793D 
 316 06a7 BF2868BF 		.ascii	"\277(h\277\004\242M\242\271\014\307[\335)v\336\341r"
 316      04A24DA2 
 316      B90CC75B 
 316      DD2976DE 
 316      E172
 317 06b9 88C11FFD 		.ascii	"\210\301\037\375eUd|l,\343\370\360=\363\212\225\313"
 317      6555647C 
 317      6C2CE3F8 
 317      F03DF38A 
 317      95CB
 318 06cb 136074B5 		.ascii	"\023`t\265\333\374\241C\020S\034\211|\302\312eq\013"
 318      DBFCA143 
 318      10531C89 
 318      7CC2CA65 
 318      710B
 319 06dd FC3D737C 		.ascii	"\374=s|\222#\321\221 \246\332\034n\376\363\371\352\256"
 319      9223D191 
 319      20A6DA1C 
 319      6EFEF3F9 
 319      EAAE
 320 06ef D98ADB6E 		.ascii	"\331\212\333n!v\321\302\030\267\020cu;\235n\027\264"
 320      2176D1C2 
 320      18B71063 
 320      753B9D6E 
 320      17B4
ARM GAS  C:\Users\Lena\AppData\Local\Temp\cczrZbpB.s 			page 25


 321 0701 921D8931 		.ascii	"\222\035\2111B\2125\306\232\344\264;1i\264\225y\303"
 321      428A35C6 
 321      9AE4B43B 
 321      3169B495 
 321      79C3
 322 0713 9A140FAD 		.ascii	"\232\024\017\255\305\311\311n\353\342d\307\032\227\335"
 322      C5C9C96E 
 322      EBE264C7 
 322      1A97DD
 323 0722 B6542738 		.ascii	"\266T'8\276\262\363\3426d{\317\234\"\272\005\252\302"
 323      BEB2F3E2 
 323      36647BCF 
 323      9C22BA05 
 323      AAC2
 324 0734 26AB1044 		.ascii	"&\253\020D'\250\220{\224J\230R\241\352\232E\267;Y0\257"
 324      27A8907B 
 324      944A9852 
 324      A1EA9A45 
 324      B73B5930 
 325 0749 71A54692 		.ascii	"q\245F\222V\244%\305\031iw&\332m6\273\315\2740:.r\301"
 325      56A425C5 
 325      19697726 
 325      DA6D36BB 
 325      CDBC303A 
 326 0760 FCD8459F 		.ascii	"\374\330E\237\305\232A\226y\215\325j\206\367o\273\334"
 326      C59A4196 
 326      798DD56A 
 326      86F76FBB 
 326      DC
 327 0771 2EFBDB76 		.ascii	".\373\333vK\242\003;D\307\232\035.kr\252\315n\026D\230"
 327      4BA2033B 
 327      44C79A1D 
 327      2E6B72AA 
 327      CD6E1644 
 328 0786 B53A3A89 		.ascii	"\265::\211\011\177Uo\030\035\372\310.&\210\0261U\370"
 328      097F556F 
 328      181DFAC8 
 328      2E268816 
 328      3155F8
 329 0799 ABDE65FF 		.ascii	"\253\336e\377R\204\020Cx>\325\341\022\337\341\305\035"
 329      52841043 
 329      783ED5E1 
 329      12DFE1C5 
 329      1D
 330 07aa FFA3505E 		.ascii	"\377\243P^\016\301/\336i\001,\227\335\314C\010\226\324"
 330      0EC12FDE 
 330      69012C97 
 330      DDCC4308 
 330      96D4
 331 07bc 649117D3 		.ascii	"d\221\027\323\326\332\005\010F/\313\313\372\277\312"
 331      D6DA0508 
 331      462FCBCB 
 331      FABFCA
 332 07cb 13D20433 		.ascii	"\023\322\0043p"
 332      70
 333 07d0 D9400B68 		.ascii	"\331@\013h2\362|\222\335\262\226O\264\010v\236\327\331"
 333      32F27C92 
ARM GAS  C:\Users\Lena\AppData\Local\Temp\cczrZbpB.s 			page 26


 333      DDB2964F 
 333      B408769E 
 333      D7D9
 334 07e2 5D36C8A4 		.ascii	"]6\310\244A\036\204\036\317\203\307\352T\227\225\347"
 334      411E841E 
 334      CF83C7EA 
 334      549795E7 
 335 07f2 A317BEFB 		.ascii	"\243\027\276\373n\\\260\277\247\265&YR8\232\362\270"
 335      6E5CB0BF 
 335      A7B52659 
 335      52389AF2 
 335      B8
 336 0803 05BC18EC 		.ascii	"\005\274\030\354o\204X\223\022\322\204?\273\255\237"
 336      6F845893 
 336      12D2843F 
 336      BBAD9F
 337 0812 F2FFCDB2 		.ascii	"\362\377\315\262N\021c\344\010\240\240!\006\320\036"
 337      4E1163E4 
 337      08A0A021 
 337      06D01E
 338 0821 B2D69D22 		.ascii	"\262\326\235\"\362P\031\237:\177\205\015\204\301\205"
 338      F250199F 
 338      3A7F850D 
 338      84C185
 339 0830 98C52B96 		.ascii	"\230\305+\226\305/\373\022(\311\256\375|\221\223\346"
 339      C52FFB12 
 339      28C9AEFD 
 339      7C9193E6 
 340 0840 4CB08BFC 		.ascii	"L\260\213\374\037\026'\374\361\343\025K\215\226\344"
 340      1F1627FC 
 340      F1E3154B 
 340      8D96E4
 341 084f 2F2C6978 		.ascii	"/,ix-\223a\325?\373\025\224@y\307\304/KX\232\240d\300"
 341      2D9361D5 
 341      3FFB1594 
 341      4079C7C4 
 341      2F4B589A 
 342 0866 2938041E 		.ascii	")8\004\036v\021\250\011%\371^\345\302y\010%\031I%\355"
 342      7611A809 
 342      25F95EE5 
 342      C2790825 
 342      194925ED 
 343 087a 7F03F2E2 		.ascii	"\177\003\362\342+\220"
 343      2B90
 344              		.text
 345              		.section	.gnu.lto_.symtab.d26e37b5,"",%progbits
 346 0000 5F636F72 		.ascii	"_core_init\000"
 346      655F696E 
 346      697400
 347 000b 00       		.ascii	"\000"
 348 000c 00       		.ascii	"\000"
 349 000d 00       		.ascii	"\000"
 350 000e 00000000 		.ascii	"\000\000\000\000\000\000\000\000"
 350      00000000 
 351 0016 AE000000 		.ascii	"\256\000\000\000"
 352 001a 6368436F 		.ascii	"chCoreAllocAlignedI\000"
 352      7265416C 
ARM GAS  C:\Users\Lena\AppData\Local\Temp\cczrZbpB.s 			page 27


 352      6C6F6341 
 352      6C69676E 
 352      65644900 
 353 002e 00       		.ascii	"\000"
 354 002f 00       		.ascii	"\000"
 355 0030 00       		.ascii	"\000"
 356 0031 00000000 		.ascii	"\000\000\000\000\000\000\000\000"
 356      00000000 
 357 0039 BA000000 		.ascii	"\272\000\000\000"
 358 003d 6368436F 		.ascii	"chCoreAllocAligned\000"
 358      7265416C 
 358      6C6F6341 
 358      6C69676E 
 358      656400
 359 0050 00       		.ascii	"\000"
 360 0051 00       		.ascii	"\000"
 361 0052 00       		.ascii	"\000"
 362 0053 00000000 		.ascii	"\000\000\000\000\000\000\000\000"
 362      00000000 
 363 005b BC000000 		.ascii	"\274\000\000\000"
 364 005f 6368436F 		.ascii	"chCoreGetStatusX\000"
 364      72654765 
 364      74537461 
 364      74757358 
 364      00
 365 0070 00       		.ascii	"\000"
 366 0071 00       		.ascii	"\000"
 367 0072 00       		.ascii	"\000"
 368 0073 00000000 		.ascii	"\000\000\000\000\000\000\000\000"
 368      00000000 
 369 007b BF000000 		.ascii	"\277\000\000\000"
 370 007f 5F5F6865 		.ascii	"__heap_base__\000"
 370      61705F62 
 370      6173655F 
 370      5F00
 371 008d 00       		.ascii	"\000"
 372 008e 02       		.ascii	"\002"
 373 008f 00       		.ascii	"\000"
 374 0090 00000000 		.ascii	"\000\000\000\000\000\000\000\000"
 374      00000000 
 375 0098 CD000000 		.ascii	"\315\000\000\000"
 376 009c 5F5F6865 		.ascii	"__heap_end__\000"
 376      61705F65 
 376      6E645F5F 
 376      00
 377 00a9 00       		.ascii	"\000"
 378 00aa 02       		.ascii	"\002"
 379 00ab 00       		.ascii	"\000"
 380 00ac 00000000 		.ascii	"\000\000\000\000\000\000\000\000"
 380      00000000 
 381 00b4 D1000000 		.ascii	"\321\000\000\000"
 382              		.text
 383              		.section	.gnu.lto_.opts,"",%progbits
 384 0000 272D666D 		.ascii	"'-fmath-errno' '-fsigned-zeros' '-ftrapping-math' '"
 384      6174682D 
 384      6572726E 
 384      6F272027 
ARM GAS  C:\Users\Lena\AppData\Local\Temp\cczrZbpB.s 			page 28


 384      2D667369 
 385 0033 2D666E6F 		.ascii	"-fno-trapv' '-fno-openmp' '-fno-openacc' '-mcpu=cor"
 385      2D747261 
 385      70762720 
 385      272D666E 
 385      6F2D6F70 
 386 0066 7465782D 		.ascii	"tex-m7' '-mno-thumb-interwork' '-mthumb' '-ggdb' '-"
 386      6D372720 
 386      272D6D6E 
 386      6F2D7468 
 386      756D622D 
 387 0099 4F322720 		.ascii	"O2' '-fomit-frame-pointer' '-falign-functions=16' '"
 387      272D666F 
 387      6D69742D 
 387      6672616D 
 387      652D706F 
 388 00cc 2D666675 		.ascii	"-ffunction-sections' '-fdata-sections' '-fno-common"
 388      6E637469 
 388      6F6E2D73 
 388      65637469 
 388      6F6E7327 
 389 00ff 2720272D 		.ascii	"' '-flto'\000"
 389      666C746F 
 389      2700
 390              		.text
 391              		.comm	__gnu_lto_v1,1,1
 392              		.comm	__gnu_lto_slim,1,1
 393              		.ident	"GCC: (GNU Tools for ARM Embedded Processors 6-2017-q1-update) 6.3.1 20170215 (release) [AR
ARM GAS  C:\Users\Lena\AppData\Local\Temp\cczrZbpB.s 			page 29


DEFINED SYMBOLS
                            *ABS*:00000000 chmemcore.c
                            *COM*:00000001 __gnu_lto_v1
                            *COM*:00000001 __gnu_lto_slim

NO UNDEFINED SYMBOLS
