ARM GAS  C:\Users\Lena\AppData\Local\Temp\ccKVgtvt.s 			page 1


   1              		.cpu cortex-m7
   2              		.eabi_attribute 20, 1
   3              		.eabi_attribute 21, 1
   4              		.eabi_attribute 23, 3
   5              		.eabi_attribute 24, 1
   6              		.eabi_attribute 25, 1
   7              		.eabi_attribute 26, 1
   8              		.eabi_attribute 30, 2
   9              		.eabi_attribute 34, 1
  10              		.eabi_attribute 18, 4
  11              		.file	"chvt.c"
  12              		.text
  13              	.Ltext0:
  14              		.section	.gnu.lto_.profile.d26e3ad1,"",%progbits
  15 0000 789C6365 		.ascii	"x\234ce`b`a```dPW\001\000\000\362\000X"
  15      60626061 
  15      60606064 
  15      50570100 
  15      00F20058 
  16              		.text
  17              		.section	.gnu.lto_.icf.d26e3ad1,"",%progbits
  18 0000 789C6365 		.ascii	"x\234ce`b\020a@\000f\206\276\331\177\366\3613m\352\272"
  18      60621061 
  18      40006686 
  18      BED97FF6 
  18      F1336DEA 
  19 0015 FB949DF9 		.ascii	"\373\224\235\371\320\342=\0279\031\000`_\011\026"
  19      D0E23D17 
  19      39190060 
  19      5F0916
  20              		.text
  21              		.section	.gnu.lto_.jmpfuncs.d26e3ad1,"",%progbits
  22 0000 789C6365 		.ascii	"x\234ce`b\020e@\000f fba\004\002\376z `\0062\352\031"
  22      60621065 
  22      40006620 
  22      66626104 
  22      02FE7A20 
  23 0019 00174F02 		.ascii	"\000\027O\002\272"
  23      BA
  24              		.text
  25              		.section	.gnu.lto_.inline.d26e3ad1,"",%progbits
  26 0000 789C6365 		.ascii	"x\234ce`b(`@\000f\006\006v6F\006&\216\003v\014l\013"
  26      60622860 
  26      40006606 
  26      06763646 
  26      06268E03 
  27 0018 E4994062 		.ascii	"\344\231@bL\014\242G\031\200b\362\357^\2603p\257pc\202"
  27      4C0CA247 
  27      198062F2 
  27      EF5EB033 
  27      70AF7063 
  28 002d 28E4E365 		.ascii	"(\344\343edfP`\004i\021\000\222\016`\266\002\007\337"
  28      64665060 
  28      04691100 
  28      920E60B6 
  28      0207DF
  29 0040 865C068E 		.ascii	"\206\\\006\216\017zL\014\214/\330Y $\210\340\00039@"
ARM GAS  C:\Users\Lena\AppData\Local\Temp\ccKVgtvt.s 			page 2


  29      0F7A4C0C 
  29      8C2FD859 
  29      202488E0 
  29      00333940 
  30 0054 84009829 		.ascii	"\204\000\230)\000\266\017\000K\345\017E"
  30      00B60F00 
  30      4BE50F45 
  31              		.text
  32              		.section	.gnu.lto_.pureconst.d26e3ad1,"",%progbits
  33 0000 789C6365 		.ascii	"x\234ce`b`g```f\220b\222b\226\002\000\001\316\000e"
  33      60626067 
  33      60606066 
  33      90629262 
  33      96020001 
  34              		.text
  35              		.section	.gnu.lto__vt_init.d26e3ad1,"",%progbits
  36 0000 789C8D93 		.ascii	"x\234\215\223\313k\023A\034\307\347;\223&K\244\036\005"
  36      CB6B1341 
  36      1CC7E73B 
  36      93264BA4 
  36      1E05
  37 0012 69FF815E 		.ascii	"i\377\201^\\\037\240\340\325\342M\204\246'Y\0104\"]"
  37      5C1FA0E0 
  37      D5E24D84 
  37      A6275908 
  37      34225D
  38 0025 040349EC 		.ascii	"\004\003I\3545\333\242\3046\265\355\245\017\017\262"
  38      35DBA2C4 
  38      36B5EDA5 
  38      0F0FB2
  39 0034 C52A8D8F 		.ascii	"\305*\215\217\230\306g\327G\272F\275\211U\301\2237\025"
  39      98C667D7 
  39      47BA46BD 
  39      8955C193 
  39      3715
  40 0046 694B040F 		.ascii	"iK\004\017\275\030i\343\3577i!\027\327\014\014\363\370"
  40      BD1869E3 
  40      EF376921 
  40      17D70C0C 
  40      F3F8
  41 0058 EEFCBEDF 		.ascii	"\356\374\276\337\0173\333!\2448\257\204\260\204\020"
  41      0F33DB21 
  41      A438AF84 
  41      B08410
  42 0067 5DD4A104 		.ascii	"]\324\241\004\344\324{!\206\015\011\360\3041 \262\022"
  42      E4D47B21 
  42      860D09F0 
  42      C43120B2 
  42      12
  43 0078 594CAA59 		.ascii	"YL\252Y\205j\356\207'{\026\035j\376l}\277S\360\341\322"
  43      856AEE87 
  43      277B161D 
  43      6AFE6C7D 
  43      BF53F0E1 
  44 008d F16BD4B9 		.ascii	"\361k\324\271a\021=\202>\373Z\336\236\356\014\207\232"
  44      61113D82 
  44      3EFB5ADE 
ARM GAS  C:\Users\Lena\AppData\Local\Temp\ccKVgtvt.s 			page 3


  44      9EEE0C87 
  44      9A
  45 009e FB28200C 		.ascii	"\373( \014\032K\237\340;\333\215\234\343\327n\300=\031"
  45      1A4B9FE0 
  45      3BDB8D9C 
  45      E3D76EC0 
  45      3D19
  46 00b0 16628C64 		.ascii	"\026b\214d\366\310+\311\243Z\307H=\267\265\032\345\023"
  46      F6C82BC9 
  46      A35AC748 
  46      3DB7B51A 
  46      E513
  47 00c2 5465E672 		.ascii	"Te\346ru52\241\\\005pQ\317\253}\211d\267\034\2036\026"
  47      753532A1 
  47      5C057051 
  47      CFAB7D89 
  47      64B71C83 
  48 00d8 B830ED6D 		.ascii	"\2700\355m\274\373\374&\352\342:\245\220\270C)o\243"
  48      BCFBFC26 
  48      EAE23AA5 
  48      90B84329 
  48      6FA3
  49 00ea 5B0B13CB 		.ascii	"[\013\023\313K\243\206Y\344\240\363\373\\\245p\027."
  49      4BA38659 
  49      E4A0F3FB 
  49      5CA57017 
  49      2E
  50 00fb E6744C52 		.ascii	"\346tLR\337\216\177\274\271\253\246\\\025\302=\230s"
  50      DF8E7FBC 
  50      B9ABA65C 
  50      15C23D98 
  50      73
  51 010c 8A43A208 		.ascii	"\212C\242\010\263\035\257\373\377\360\332\220lVj5\313"
  51      B31DAFFB 
  51      FFF0DA90 
  51      6C566A35 
  51      CB
  52 011d 7FA84CEE 		.ascii	"\177\250L\356\245ZWH\256\220\334\201%\230\344TFVh\342"
  52      A55A5748 
  52      AE90DC81 
  52      2598E454 
  52      465668E2 
  53 0131 ABE50276 		.ascii	"\253\345\002v\220\377\353\373 \210\361a \343#f\224\314"
  53      90FFEBFB 
  53      2088F161 
  53      20E32366 
  53      94CC
  54 0143 F8B83DC6 		.ascii	"\370\270=\306'\201\214O\203\031\2275\243\327d\334\\"
  54      27818C4F 
  54      83199735 
  54      A3D764DC 
  54      5C
  55 0154 1BFD166D 		.ascii	"\033\375\026m\027\361Y\020\342\363\000\3040^0\242~s"
  55      17F15910 
  55      E2F300C4 
  55      305E30A2 
  55      7E73
ARM GAS  C:\Users\Lena\AppData\Local\Temp\ccKVgtvt.s 			page 4


  56 0166 2F35E2AD 		.ascii	"/5\342\255\372\237_\212_P\004\215\206B\205\252\256\243"
  56      FA9F5F8A 
  56      5F50048D 
  56      864285AA 
  56      AEA3
  57 0178 BAB9965F 		.ascii	"\272\271\226_\330\323n\232\225\2404~k\232\231\342\367"
  57      D8D36E9A 
  57      95A0347E 
  57      6B9A99E2 
  57      F7
  58 0189 10899786 		.ascii	"\020\211\227\206u\030\003\2578L\210\303Tu\230R\315\373"
  58      751803AF 
  58      384C88C3 
  58      54759852 
  58      CDFB
  59 019b DDD90C23 		.ascii	"\335\331\014#\360\232J\376\304\310\374\312\270\276z"
  59      F09A4AFE 
  59      C4C8FCCA 
  59      B8BE7A
  60 01aa FDF78CD1 		.ascii	"\375\367\214\321\013\244\337\200\256\350L\357q\253\257"
  60      0BA4DF80 
  60      AEE84CEF 
  60      71ABAF
  61 01b9 FF742C6E 		.ascii	"\377t,n_8\227\264z\355t&e\017\304c\375\247\216\034\336"
  61      5F3897B4 
  61      7AED7426 
  61      650FC463 
  61      FDA78E1C 
  62 01ce 5D592706 		.ascii	"]Y'\006\355\001;\226\271x\326N\306\207\016\266.\255"
  62      ED013B96 
  62      B978D64E 
  62      C6870EB6 
  62      2EAD
  63 01e0 04CF93E9 		.ascii	"\004\317\223\351C\307\216\232\311\264\231\312\230\351"
  63      43C78E9A 
  63      C9B499CA 
  63      98E9
  64 01ee 54C24C0C 		.ascii	"T\302L\014\016e\016$\304_\276<G\011"
  64      0E650E24 
  64      C45FBE3C 
  64      4709
  65              		.text
  66              		.section	.gnu.lto_chVTDoSetI.d26e3ad1,"",%progbits
  67 0000 789C9D55 		.ascii	"x\234\235U[L\234U\020>\363\317\277\373\357\215\256\251"
  67      5B4C9C55 
  67      103EF3CF 
  67      BFFBEF8D 
  67      AEA9
  68 0012 D0608386 		.ascii	"\320`\203\206\007\011\341A\327K\242\321W\233\350\213"
  68      0709E141 
  68      D74BA2D1 
  68      579BE88B 
  69 0022 31913E19 		.ascii	"1\221>\031\014\241T\354\232\006\310\262%\366\211\037"
  69      0CA154EC 
  69      9A06C8B2 
  69      25F6891F 
  70 0032 968BB4B5 		.ascii	"\226\213\264\2656*\027\221\315\222RB\253R\240\264\245"
ARM GAS  C:\Users\Lena\AppData\Local\Temp\ccKVgtvt.s 			page 5


  70      362A1791 
  70      CD925242 
  70      AB52A0B4 
  70      A5
  71 0043 602F5B0A 		.ascii	"`/[\012\005\352\026\004i\313E|\020\266\351\326\232\240"
  71      05EA1604 
  71      69CB457C 
  71      10B6E9D6 
  71      9AA0
  72 0055 B56D5223 		.ascii	"\265mR#8s\376]\266%\205*'\331\335s\346\234\371\346\373"
  72      3873FE5D 
  72      B625852A 
  72      27D9DD73 
  72      E69CF9E6 
  73 006a 66E69C35 		.ascii	"f\346\2345\011E<i\021b\267\020\342M\372\200Y\200r`D"
  73      09453C69 
  73      1162B710 
  73      E24DFA80 
  73      59807260 
  74 007f 88528B02 		.ascii	"\210R\213\002\2521Acr\336\242*\270oP\010\335f*\327\204"
  74      AA314163 
  74      72DEA22A 
  74      B86F5008 
  74      DD662AD7 
  75 0094 EE3001B0 		.ascii	"\3560\001\260]\267\200(QP5A\211\242\012c|\206u\010}"
  75      5DB78028 
  75      51503541 
  75      89A20A63 
  75      7C867508 
  76 00a9 55D77B94 		.ascii	"U\327{\224\214V\235F\260n\321\\\251W$\007P\210\257\320"
  76      8C569D46 
  76      B06ED15C 
  76      A9572407 
  76      5088AFD0 
  77 00bd 3803AD90 		.ascii	"8\003\255\220A\247\306\312;\032q?\006\020@\245\345\037"
  77      41A7C6CA 
  77      3B1A713F 
  77      061040A5 
  77      E51F
  78 00cf 971BE636 		.ascii	"\227\033\3466\360R\201TZ\266\316_\277\246\341\373 h"
  78      F0528154 
  78      5AB6CE5F 
  78      BFA6E1FB 
  78      2068
  79 00e1 7EE46CCF 		.ascii	"~\344l\317\2005\275E\327\313\364\340\304\227\250?\033"
  79      8035BD45 
  79      D7CBF4E0 
  79      C497A83F 
  79      1B
  80 00f2 40846F00 		.ascii	"@\204o\000\011\020\216@\012\034\206\024A&\001\337B:"
  80      09108E40 
  80      0A1C8614 
  80      412601DF 
  80      423A
  81 0104 1D1F58BA 		.ascii	"\035\037X\272\027t\032\300\012-\307\027B~\273\001\374"
  81      17741AC0 
  81      0A2DC717 
ARM GAS  C:\Users\Lena\AppData\Local\Temp\ccKVgtvt.s 			page 6


  81      427EBB01 
  81      FC
  82 0115 042D7DC7 		.ascii	"\004-}\307n\235\266a\216\004\016\3144\314\331\243\300"
  82      6E9DB661 
  82      8E040ECC 
  82      34CCD9A3 
  82      C0
  83 0126 A14AD413 		.ascii	"\241J\324\023\003\250\302Q\003\270\215\200\277\223\300"
  83      03A8C251 
  83      03B88D80 
  83      BF93C0
  84 0135 AA807609 		.ascii	"\252\200v\011\374\365\237\207\246\235\370\241t=8<Q\341"
  84      FCF59F87 
  84      A69DF8A1 
  84      743D383C 
  84      51E1
  85 0147 8CBA5E6C 		.ascii	"\214\272^lL\374\302\247\277\025@\023t\254de\022\320"
  85      4CFCC2A7 
  85      BF154013 
  85      74AC6465 
  85      12D0
  86 0159 299DDB9A 		.ascii	")\235\333\232n\373\021\363\245\363\211\356\252\0031"
  86      6EFB11F3 
  86      A5F389EE 
  86      AA0331
  87 0168 E7FE1A29 		.ascii	"\347\376\032)\310\014\307V\272RE\272 \235\317\337\030"
  87      C80CC756 
  87      BA5245BA 
  87      209DCFDF 
  87      18
  88 0179 BA1BB6A0 		.ascii	"\272\033\266\240G\372vVW}\252\2455K\337\253\215\233"
  88      47FA7656 
  88      577DAAA5 
  88      354BDFAB 
  88      8D9B
  89 018b 4B7DFA61 		.ascii	"K}\372a]e\336\307\037\346\315\203\216\207\202\325\355"
  89      5D65DEC7 
  89      1FE6CD83 
  89      8E8782D5 
  89      ED
  90 019c 36FC58BA 		.ascii	"6\374X\272.\216G\026LQ\327\221\306\344\317}\372\020"
  90      2E8E4716 
  90      4C51D791 
  90      C6E4CF7D 
  90      FA10
  91 01ae BB229C7C 		.ascii	"\273\"\234|8t\324\365\327\316\305\232\004\263\012\335"
  91      3874D4F5 
  91      D7CEC59A 
  91      04B30ADD 
  92 01be 90062720 		.ascii	"\220\006' \2559VB8\005f\020B\211m\264\217CP_\\\252\242"
  92      AD395642 
  92      38056610 
  92      42896DB4 
  92      8F43505F 
  93 01d5 44A4CC1E 		.ascii	"D\244\314\036\277\2731\031\004o)\2027U\340\252P\307"
  93      BFBB3119 
  93      046F2982 
ARM GAS  C:\Users\Lena\AppData\Local\Temp\ccKVgtvt.s 			page 7


  93      3755E0AA 
  93      50C7
  94 01e7 90140D38 		.ascii	"\220\024\0158\027V\340t\332\344\031;\311\324\034\362"
  94      1756E074 
  94      DAE4193B 
  94      C9D41CF2 
  95 01f7 60823438 		.ascii	"`\20248\271\220\211lM\342/!\366PDj\272\275\250\320\017"
  95      B990896C 
  95      4DE22F21 
  95      F650446A 
  95      BABDA8D0 
  96 020c 46A0AC21 		.ascii	"F\240\254!2\352\323\230\0021\254\255\350\033\325\270"
  96      32EAD398 
  96      0231ACAD 
  96      E81BD5B8 
  97 021c B428F5DD 		.ascii	"\264(\365\335\033\274\364\211#\000\376Rj\274\246\315"
  97      1BBCF489 
  97      2300FE52 
  97      6ABCA6CD 
  98 022c 01B4F829 		.ascii	"\001\264\370)-=,\2106g\317\314\235DW\0337e*\247\273"
  98      2D3D2C88 
  98      3667CFCC 
  98      9D44571B 
  98      37652AA7 
  99 0241 1702502F 		.ascii	"\027\002P/;\022\276\007\227\237\012%\301'\233c\340k"
  99      3B12BE07 
  99      979F0A25 
  99      C1279B63 
  99      E06B
 100 0253 A2B5CC97 		.ascii	"\242\265\314\227\035\325\226\321LpZ\242\001\243\235"
 100      1DD596D1 
 100      4C705AA2 
 100      01A39D
 101 0262 61344D84 		.ascii	"a4M\204\241\254\351v\315S2Y$\317\217V\016\320\0339\327"
 101      A1ACE976 
 101      CD533259 
 101      24CF8F56 
 101      0ED01B39 
 102 0277 026CF3A3 		.ascii	"\002l\363\243\355A\001V)\240\247\347\326\214V\362\217"
 102      ED410156 
 102      29A0A7E7 
 102      D68C56F2 
 102      8F
 103 0288 6E214333 		.ascii	"n!C3\243\221\355f\350J\277\215h@\000mp\016J\340l\224"
 103      A391ED66 
 103      E84ABF8D 
 103      6840006D 
 103      700E4AE0 
 104 029e C2FE531D 		.ascii	"\302\376S\035\325\026\203BS^\000\355\020\224\034\024"
 104      D5168342 
 104      535E00ED 
 104      10941C14 
 105 02ae A37803FB 		.ascii	"\243x\003\373\306\016\305v\017\002g\350<\270\352Q\326"
 105      C60EC576 
 105      0F0267E8 
 105      3CB8EA51 
 105      D6
ARM GAS  C:\Users\Lena\AppData\Local\Temp\ccKVgtvt.s 			page 8


 106 02bf AF0F5C92 		.ascii	"\257\017\\\222\336&I\256\233\311\331\310\276\227v\351"
 106      DE2649AE 
 106      9BC9D9C8 
 106      BE9776E9 
 107 02cf 9A53927D 		.ascii	"\232S\222}\365\225\263S;\015\232\016?*~\264\263Cj\\"
 107      F595B353 
 107      3B0D9A0E 
 107      3F2A7EB4 
 107      B3436A5C 
 108 02e3 8CC31033 		.ascii	"\214\303\0203\022\216\212IX\231\260\217\204\314\030"
 108      128E8A49 
 108      5899B08F 
 108      84CC18
 109 02f2 AC923184 		.ascii	"\254\2221\204\013\222-\277\033\320\037\345\363L\234"
 109      0B922DBF 
 109      1BD01FE5 
 109      F34C9C
 110 0301 4F82E4A3 		.ascii	"O\202\344\243\012zg0\014F+\021\021!\347\362\004\030"
 110      0A7A6730 
 110      0C462B11 
 110      1121E7F2 
 110      0418
 111 0313 0C4261B3 		.ascii	"\014Ba\263\301\300\276\202A\352\232\361U\030\220\361"
 111      C1C0BE82 
 111      41EA9AF1 
 111      551890F1 
 112 0323 4D1CFF22 		.ascii	"M\034\377\"\305\237\207\362\311\013\241\250\032)\230"
 112      C59F87F2 
 112      C90BA1A8 
 112      1A2998
 113 0332 C61D004A 		.ascii	"\306\035\000J\215r\277=\203\030\341t\327kw\200\266\254"
 113      8D72BF3D 
 113      8318E174 
 113      D76B7780 
 113      B6AC
 114 0344 4A43FB30 		.ascii	"JC\3730m8\260\267k\012\210\246)\332\232\265\221\351"
 114      6D38B0B7 
 114      6B0A88A6 
 114      29DA9AB5 
 114      91E9
 115 0356 9675740F 		.ascii	"\226ut\017\302`<\027C\334=Qm3\025\033\014>\316\377\245"
 115      C2603C17 
 115      43DC3D51 
 115      6D33151B 
 115      0C3ECEFF 
 116 036b 0D6158E2 		.ascii	"\015aX\342\231\031\357\022icj\303O\257\207\330\017q"
 116      9919EF12 
 116      69636AC3 
 116      4FAF87D8 
 116      0F71
 117 037d A0101373 		.ascii	"\240\020\023s\032\227\344\347\260\355Qh\036\243\346"
 117      1A97E4E7 
 117      B0ED5168 
 117      1EA3E6
 118 038c CE55E12E 		.ascii	"\316U\341.\307u\2160\234j\300\315\0325\\\011\267\361"
 118      C7758E30 
 118      9C6AC0CD 
ARM GAS  C:\Users\Lena\AppData\Local\Temp\ccKVgtvt.s 			page 9


 118      1A355C09 
 118      B7F1
 119 039e 312A47E3 		.ascii	"1*G\343\344~\\F\253\215\3742\260\216\032\2500\026\357"
 119      E47E5C46 
 119      AB8DFC32 
 119      B08E1AA8 
 119      3016EF
 120 03b1 87714653 		.ascii	"\207qFS\214\032\334\254\320\214\032$\376\247\032<\307"
 120      8C1ADCAC 
 120      D08C1A24 
 120      FEA71A3C 
 120      C7
 121 03c2 503FC5A1 		.ascii	"P?\305\241&d\372\351>E;+\211\200\242\330\265\326G\320"
 121      2664FAE9 
 121      3E453B2B 
 121      8980A2D8 
 121      B5D647D0 
 122 03d6 5C03F54A 		.ascii	"\\\003\365J\034\365*\023Lb\220\277n\374\266\\\213\307"
 122      1CF52A13 
 122      4C6290BF 
 122      6EFCB65C 
 122      8BC7
 123 03e8 BE1ED756 		.ascii	"\276\036\327Vy=6\361\3531\271\332\353\341\341\340S\374"
 123      793D36F1 
 123      EB31B9DA 
 123      EBE1E1E0 
 123      53FC
 124 03fa 78681C7B 		.ascii	"xh\034{\032\\\314\353\376\337\013\362\317[\203\245%"
 124      1A5CCCEB 
 124      FEDF0BF2 
 124      CF5B83A5 
 124      25
 125 040b 841942FD 		.ascii	"\204\031B\375\235npW\235\324)\377A\366\020\205r\215"
 125      9D6E7057 
 125      9DD429FF 
 125      41F61085 
 125      728D
 126 041d 00DFDBF2 		.ascii	"\000\337\333\362z\326\273[\337\311\314v\347\347\025"
 126      7AD6BB5B 
 126      DFC9CC76 
 126      E7E715
 127 042c 646D7117 		.ascii	"dmq\027y=\356m\331\231[\337~\371\245\330*\353\215\035"
 127      793DEE6D 
 127      D9995BDF 
 127      7EF9A5D8 
 127      2AEB8D1D 
 128 0440 EE6DEE4C 		.ascii	"\356m\356L\357\256\355\356\202\354\342\027\036\\f\345"
 128      EFAEEDEE 
 128      82ECE217 
 128      1E5C66E5 
 129 0450 F2BCA0E8 		.ascii	"\362\274\240\350\305W_q\025\024\271<^W\221'\327\225"
 129      C5575F71 
 129      1514B93C 
 129      5E579127 
 129      D795
 130 0462 BBA3D8FB 		.ascii	"\273\243\330\373|\256\300bo\241i\373\007;sv\233\213"
 130      7CAEC062 
ARM GAS  C:\Users\Lena\AppData\Local\Temp\ccKVgtvt.s 			page 10


 130      6FA169FB 
 130      073B7376 
 130      9B8B
 131 0474 BD79BBF2 		.ascii	"\275y\273\362s\2610\307\303\006o\016\024\376\013U\233"
 131      73B130C7 
 131      C3066F0E 
 131      14FE0B55 
 131      9B
 132 0485 B98F     		.ascii	"\271\217"
 133              		.text
 134              		.section	.gnu.lto_chVTDoResetI.d26e3ad1,"",%progbits
 135 0000 789C9594 		.ascii	"x\234\225\224ML\023A\024\307\347\355\333v\227\252\034"
 135      4D4C1341 
 135      14C7E7ED 
 135      DB7697AA 
 135      1C
 136 0011 8D510E1C 		.ascii	"\215Q\016\034L\010\361c\375H4\341*Wc\002\234L\015\206"
 136      4C08F163 
 136      FD4834E1 
 136      2A576302 
 136      9C4C0D86 
 137 0025 1A432FD6 		.ascii	"\032C/\326\264\225+K\025P4\340A\013\"\3156\201\246\240"
 137      B4952B4B 
 137      155034E0 
 137      410B22CD 
 137      3681A6A0 
 138 0039 02C54F8A 		.ascii	"\002\305O\212\212\025\251\244\0065\230\030\017\336\264"
 138      8A15A9A4 
 138      06359818 
 138      0FDEB4
 139 0048 41319A68 		.ascii	"A1\232h41\361\003|o\226Zb\212\201Mfv\336{3\277\371\277"
 139      3431F103 
 139      7C6F965A 
 139      628A814D 
 139      6676DE7B 
 140 0060 F9720845 		.ascii	"\371r\010E\370U!\016\013!6Q\001\024\240\234\177&D\223"
 140      F855210E 
 140      0B213651 
 140      0114A09C 
 140      7F264493 
 141 0074 AE0070C3 		.ascii	"\256\000p\303\324A4*\320\010\035\330\2110\321:\233T"
 141      D441342A 
 141      D0081DD8 
 141      8930D13A 
 141      9B54
 142 0086 CAE3267D 		.ascii	"\312\343&}\251\316_kZ\314\346\015\026\012q\211\012\177"
 142      A9CE5F6B 
 142      5ACCE60D 
 142      160A7189 
 142      0A7F
 143 0098 108772EA 		.ascii	"\020\207r\3525s*\321\203\355h!\200J\346\227\247\335"
 143      35732AD1 
 143      83ED6821 
 143      804AE697 
 143      A7DD
 144 00aa 6F8BD954 		.ascii	"o\213\331T\240\224\314xv\366\225\206\207@P{`<\231.*"
 144      A094CC78 
ARM GAS  C:\Users\Lena\AppData\Local\Temp\ccKVgtvt.s 			page 11


 144      76F69586 
 144      8740507B 
 144      603C992E 
 145 00bf 8B9966C8 		.ascii	"\213\231f\310Le/\240\271\331B\204+\200\004\204\001("
 145      4C652FA0 
 145      B9D94284 
 145      2B800484 
 145      0128
 146 00d1 817E2811 		.ascii	"\201~(\021\344\022p\025\312\270\377\233\221\371\213"
 146      E4127015 
 146      CAB8FF9B 
 146      91F98B
 147 00e0 EB9C6A6F 		.ascii	"\353\234jonN\270\006N\240\377\360\013H\231\363\013\255"
 147      6E4EB806 
 147      4EA0FFF0 
 147      0B4899F3 
 147      0BAD
 148 00f2 666A3A06 		.ascii	"fj:\006\311\252b\022O#\220\307\252T\251\016\256\234"
 148      C9AA6212 
 148      4F2390C7 
 148      AA54A90E 
 148      AE9C
 149 0104 5CE9EC73 		.ascii	"\\\351\354sI\250h\243\3029\236E\205\3778\007\241\261"
 149      49A868A3 
 149      C2399E45 
 149      85FF3807 
 149      A1B1
 150 0116 B98E2960 		.ascii	"\271\216)`j\0049\337p\363\304s\215\245\243\224\373}"
 150      6A0439DF 
 150      70F3C473 
 150      8DA5A394 
 150      FB7D
 151 0128 EAC9E9B5 		.ascii	"\352\311\351\265\026D\232(\377R\013\035\021Ji\220$r"
 151      16449A28 
 151      FF520B1D 
 151      114A6990 
 151      2472
 152 013a 2C960D0D 		.ascii	",\226\015\015i\306\240i\207\020\206\300\202.\271.0\014"
 152      69C6A069 
 152      871086C0 
 152      822EB92E 
 152      300C
 153 014c 86607666 		.ascii	"\206`vf\253MV\013\242\360\037\3246\013\235\220\220\024"
 153      AB4D560B 
 153      A2F01FD4 
 153      360B9D90 
 153      9014
 154 015e 4E114672 		.ascii	"N\021Fr\224\012\233\342X\225 '\\\317\243nH\324\311p"
 154      940A9BE2 
 154      58952027 
 154      5CCFA36E 
 154      48D4C970 
 155 0172 4BC661B3 		.ascii	"K\306a\263X\024\021\231\037.b\327\312\025\336\314co"
 155      58141199 
 155      1F2E62D7 
 155      CA15DECC 
 155      636F
ARM GAS  C:\Users\Lena\AppData\Local\Temp\ccKVgtvt.s 			page 12


 156 0184 81412829 		.ascii	"\201A()r\256;\267\214\372*\327\355\266\344)\314\273"
 156      72AE3BB7 
 156      8CFA2AD7 
 156      EDB6E429 
 156      CCBB
 157 0196 63671CCE 		.ascii	"cg\034\316l) )\352\027\222\244/K\032\315\357@\222\225"
 157      6C292029 
 157      EA1792A4 
 157      2F4B1ACD 
 157      EF409295 
 158 01aa A1ADEC72 		.ascii	"\241\255\354rN\231k\225\312\306\362\274\273+Q\346Z\226"
 158      4E996B95 
 158      CAC6F2BC 
 158      BB2B51E6 
 158      5A96
 159 01bc 742F9FE3 		.ascii	"t/\237\343}V\2463\354\333\373\236\270V\010\267\361\277"
 159      7D56A633 
 159      ECDBFB9E 
 159      B85608B7 
 159      F1BF
 160 01ce BA341897 		.ascii	"\2724\030\2274y\035\036\200\261\364\324j  E\243$\275"
 160      34791D1E 
 160      80B1F4D4 
 160      6A202045 
 160      A324BD
 161 01e1 FF9D6B91 		.ascii	"\377\235k\221\3767\256\313S\235L~|\2555\3766ur\364\362"
 161      FE37AECB 
 161      539D4C7E 
 161      7CAD35FE 
 161      367572F4 
 162 01f6 4E92EFC3 		.ascii	"N\222\357\303\364\313I\027\011\000\013\213`\202\256"
 162      F4CB4917 
 162      09000B8B 
 162      6082AE
 163 0205 FFC3C5C9 		.ascii	"\377\303\305\311\333G\023gt{\362\350z\213r|$g\2477\204"
 163      DB471367 
 163      747BF2E8 
 163      7A8B727C 
 163      2467A737 
 164 021a A3E97333 		.ascii	"\243\351s3}\271\250\237O\307$\030]t\256HZZJ\213\375"
 164      7DB9A89F 
 164      4FC72418 
 164      5D74AE48 
 164      5A5A4A8B 
 165 022f F8F9593E 		.ascii	"\370\371Y>\015*,, <&\352'\010E\277\366\311=\221\217"
 165      0D2A2C2C 
 165      203C26EA 
 165      270845BF 
 165      F6C93D91 
 166 0244 481B49A0 		.ascii	"H\033I\240\333H\253s\260\262\302]Us\240\272\326{\354"
 166      DB48AB73 
 166      B0B2C25D 
 166      5573A0BA 
 166      D67BEC
 167 0257 A8CF5DE9 		.ascii	"\250\317]\351\015\004\375\336\272\332\352\232\375\273"
 167      0D04FDDE 
 167      BADAEA9A 
ARM GAS  C:\Users\Lena\AppData\Local\Temp\ccKVgtvt.s 			page 13


 167      FDBB
 168 0265 77E52CF7 		.ascii	"w\345,\367\276zo\235\267:x\342\210\327W\333\260c\251"
 168      BE7A6F9D 
 168      B73A78E2 
 168      88D757DB 
 168      B063A9
 169 0278 E9F670DB 		.ascii	"\351\366p\333\027\330\271w\217\341\013\030\376\240\021"
 169      17D8B977 
 169      8FE10B18 
 169      FEA011
 170 0287 F07B0C4F 		.ascii	"\360{\014O}Cp\273G`C\360\370\0378N\210\231"
 170      7D4370BB 
 170      476043F0 
 170      F81F384E 
 170      8899
 171              		.text
 172              		.section	.gnu.lto_.symbol_nodes.d26e3ad1,"",%progbits
 173 0000 789C6365 		.ascii	"x\234ce`bp`\000\002\246\357\214\365\014\014\023\316"
 173      60627060 
 173      0002A6EF 
 173      8CF50C0C 
 173      13CE
 174 0012 313000A9 		.ascii	"10\000\251]\015\216\014\014\254\277\030\031\024@2?\030"
 174      5D0D8E0C 
 174      0CACBF18 
 174      19144032 
 174      3F18
 175 0024 EB195164 		.ascii	"\353\031Qd\230~2\3263\241\2100\000\000\024\037\017\341"
 175      987E32D6 
 175      33A18830 
 175      0000141F 
 175      0FE1
 176              		.text
 177              		.section	.gnu.lto_.refs.d26e3ad1,"",%progbits
 178 0000 789C15C7 		.ascii	"x\234\025\307\261\015\000 \014\304@\373\0114\231\200"
 178      B10D0020 
 178      0CC440FB 
 178      09349980 
 179 0010 96FD8744 		.ascii	"\226\375\207Di|\362&<\340\240\306I\306\245\225`\351"
 179      697CF226 
 179      3CE0A0C6 
 179      49C6A595 
 179      60E9
 180 0022 9D693E0A 		.ascii	"\235i>\012\330\000\200"
 180      D80080
 181              		.text
 182              		.section	.gnu.lto_.decls.d26e3ad1,"",%progbits
 183 0000 789CC53A 		.ascii	"x\234\305:YPTY\226y\337M\310$I\300A\247\302\210qf\214"
 183      59505459 
 183      9679DF4D 
 183      C82449C0 
 183      41A7C288 
 184 0017 0AAA8A98 		.ascii	"\012\252\212\230\256r)k\264\252\247c\246&\252c\272+"
 184      AE72296B 
 184      B4AAA763 
 184      A626AA63 
 184      BA2B
ARM GAS  C:\Users\Lena\AppData\Local\Temp\ccKVgtvt.s 			page 14


 185 0029 26AA27A2 		.ascii	"&\252'\242\266\230\230\246;\007!U\272\331:\363\241\326"
 185      B69898A6 
 185      3B072155 
 185      BAD93AF3 
 185      A1D6
 186 003b FC74B2B8 		.ascii	"\374t\262\270\340\006.\254B\211\340\002\002\242\270"
 186      E0062EAC 
 186      4289E002 
 186      02A2B8
 187 004a A0020A88 		.ascii	"\240\002\012\210\200\210\202\240\002\262\243\"\340\002"
 187      808882A0 
 187      02B2A322 
 187      E002
 188 0058 02856CC2 		.ascii	"\002\205l\302\234\273d\276\227\311K\313\217\256\231"
 188      9CBB64BE 
 188      97C94BCB 
 188      8FAE99
 189 0067 0C4EE63B 		.ascii	"\014N\346;\367\235{\366s\336\275\367\341\242\022T\346"
 189      F79D7BF6 
 189      73DEBDF7 
 189      E1A21254 
 189      E6
 190 0078 F755AA5F 		.ascii	"\367U\252_kU*\013R\251\346\340\243V\251T\371*\351\203"
 190      6B552A0B 
 190      52A9E6E0 
 190      A356A954 
 190      F92AE983 
 191 008c 014E0274 		.ascii	"\001N\002t\000\364\000\000\231\352\005R\331}~\007\270"
 191      00F40000 
 191      99EA0552 
 191      D97D7E07 
 191      B8
 192 009d 1BFC7E0B 		.ascii	"\033\374~\0130\002\327C\000\265\000M\200\217\302o%\374"
 192      3002D743 
 192      00B5004D 
 192      808FC26F 
 192      25FC
 193 00af BE0B500E 		.ascii	"\276\013P\016\327.\360;H\306\000\256\001T\000\\E\214"
 193      D72EF03B 
 193      48C600AE 
 193      0154005C 
 193      458C
 194 00c1 EF4927FC 		.ascii	"\357I'\374\213\001\327s\376\336\000\213T\2147\341[\004"
 194      8B01D773 
 194      FEDE008B 
 194      548C37E1 
 194      5B04
 195 00d3 F00DE77F 		.ascii	"\360\015\347\177\333A>\230\245j\006\270'\223y\027\256"
 195      DB413E98 
 195      A56A06B8 
 195      27937917 
 195      AE
 196 00e4 1B015A54 		.ascii	"\033\001ZTL6\342\266\011\0003h\276l\242\233\273\202"
 196      4C36E2B6 
 196      09003368 
 196      BE6CA29B 
 196      BB82
ARM GAS  C:\Users\Lena\AppData\Local\Temp\ccKVgtvt.s 			page 15


 197 00f6 6CAB3CAB 		.ascii	"l\253<\253\016r\271\256*{9V\371Vy=\\\036\026\346\313"
 197      0E72B9AE 
 197      2A7B3956 
 197      F956793D 
 197      5C1E16E6 
 198 010b 4BC2E8FC 		.ascii	"K\302\350\374\356\312R\241\023\265#\270\215\026\320"
 198      EECA52A1 
 198      13B523B8 
 198      8D16D0
 199 011a 5184D837 		.ascii	"Q\204\3307\242@\3219\353\007!:\016\243\202\212\013\260"
 199      A240D139 
 199      EB07213A 
 199      0EA3828A 
 199      0BB0
 200 012c 0E21EB0C 		.ascii	"\016!\353\014\216\013\034\0258K\372\307'#\031Gv\233"
 200      8E0B1C15 
 200      384BFAC7 
 200      27231947 
 200      769B
 201 013e 49B27E58 		.ascii	"I\262~Xl\330\005\235f\235\215\004I\000B\362\0112\206"
 201      6CD8059D 
 201      669D8D04 
 201      490042F2 
 201      093286
 202 0151 4C6D7EDF 		.ascii	"Lm~\337\246\237J2\016Y\255\177\221R\327\247\353B\035"
 202      A69F4A32 
 202      0E59AD7F 
 202      9152D7A7 
 202      EB421D
 203 0164 6434E353 		.ascii	"d4\343SD\307\266f\365Nyb\001\221\353\256\311\354\177"
 203      44C7B666 
 203      F54E7962 
 203      0191EBAE 
 203      C9EC7F
 204 0177 5B966761 		.ascii	"[\226ga\037\355\337Hn\2736\367\262\314k\017F\336:$\000"
 204      1FEDDF48 
 204      6EBB36F7 
 204      B2CC6B0F 
 204      46DE3A24 
 205 018c DA385C97 		.ascii	"\3328\\\227\356\016\350\"\035Z\000\350D\344\335r\335"
 205      EE0EE822 
 205      1D5A00E8 
 205      44E4DD72 
 205      DD
 206 019d E2443A2B 		.ascii	"\342D:+\332\262@@\337\276\205\362\320\022\224\213\226"
 206      DAB24040 
 206      DFBE85F2 
 206      D012948B 
 206      96
 207 01ae 80F07CB4 		.ascii	"\200\360|\264\030\276\327\252\031\247\302\332\242\\"
 207      18BED7AA 
 207      19A7C2DA 
 207      A25C
 208 01bc EDDB1996 		.ascii	"\355\333\031\226\214nK\331\343\314\277O\214\266d\303"
 208      8C6E4BD9 
 208      E3CCBF4F 
 208      8CB664C3 
ARM GAS  C:\Users\Lena\AppData\Local\Temp\ccKVgtvt.s 			page 16


 209 01cc ACA5840A 		.ascii	"\254\245\204\012\345 \214N\240eDc\270\204\357l\324\205"
 209      E5208C4E 
 209      A0654463 
 209      B884EF6C 
 209      D485
 210 01de D071D409 		.ascii	"\320q\324\011\366\234Do\303\354S\2451\365\032\034F\225"
 210      F69C446F 
 210      C3EC53A5 
 210      31F51A1C 
 210      4695
 211 01f0 3D99377D 		.ascii	"=\2317}J\247&q\374FO\330\303\320\355\230Si\230\251\251"
 211      4AA72671 
 211      FC464FD8 
 211      C3D0ED98 
 211      536998A9 
 212 0205 26E6DE4C 		.ascii	"&\346\336L}\340\311\324\\\252<\341\351\231\272\243\330"
 212      7DE0C9D4 
 212      5CAA3CE1 
 212      E999BAA3 
 212      D8
 213 0216 A9E667A9 		.ascii	"\251\346g\251\346g\020W\375lA]\272N\277\303b\211\262"
 213      E6671057 
 213      FD6C415D 
 213      BA4EBFC3 
 213      6289B2
 214 0229 C4475BDC 		.ascii	"\304G[\334~M\356\243B\240>M\251\317!=\327\036h\263\213"
 214      7E4DEEA3 
 214      42A03E4D 
 214      A9CF213D 
 214      D71E68B3 
 215 023e 0EE4BAE3 		.ascii	"\016\344\272\343\377!\212\012]\325\305\275\356H\357"
 215      FF218A0A 
 215      5DD5C5BD 
 215      EE48EF
 216 024d EB6426BA 		.ascii	"\353d&\272\200|e\223\217\021]\312\272\262W\034l ~)\202"
 216      807C6593 
 216      8F115DCA 
 216      BAB2571C 
 216      6C207E29 
 217 0262 1BE725BF 		.ascii	"\033\347%\277\000\035\0230\320v=\220\332B\010N!j\315"
 217      001D1330 
 217      D0763D90 
 217      DA42084E 
 217      216ACD
 218 0275 D1A9E961 		.ascii	"\321\251\351ab\376\273:47\207a\240\340\351\305I\017"
 218      62FEBB3A 
 218      34378761 
 218      A0E0E9C5 
 218      490F
 219 0287 3640EE5F 		.ascii	"6@\356_\271q\375\230\036\367#\252U\374\341\334\235n"
 219      B971FD98 
 219      1EF723AA 
 219      55FCE1DC 
 219      9D6E
 220 0299 48E7BB9D 		.ascii	"H\347\273\235h\005\306\273\370\252l\246\243\313\240"
 220      6805C6BB 
 220      F8AA6CA6 
ARM GAS  C:\Users\Lena\AppData\Local\Temp\ccKVgtvt.s 			page 17


 220      A3CBA0
 221 02a8 124C2242 		.ascii	"\022L\"BQ1\014^\202A\256\330\345w\223\266Y,\002*E:T"
 221      51310C5E 
 221      8241AED8 
 221      E57793B6 
 221      592C022A 
 222 02bf 2229F6AE 		.ascii	"\")\366\256\216\351uyo[\237\016\357\300T\306Lt\342\220"
 222      8EE97579 
 222      6F5B9F0E 
 222      EFC054C6 
 222      4C74E290 
 223 02d3 1AF9EAF8 		.ascii	"\032\371\352\370\324\301\017+\267\220\251\3450\365\212"
 223      D4C10F2B 
 223      B790A9E5 
 223      30F58A
 224 02e2 341538C1 		.ascii	"4\0258\301\217\242\036e\012z\200\220\270sm3^\370\220"
 224      8FA21E65 
 224      0A7A8090 
 224      B8736D33 
 224      5EF890
 225 02f5 9A0AC94E 		.ascii	"\232\012\311N?\370\314U\022\222\375\3211*\244\022\204"
 225      3FF8CC55 
 225      1292FDD1 
 225      312AA412 
 225      84
 226 0306 544842CA 		.ascii	"THB\312\235\013\271\252,$\257o\342&\246.&\254.2\027"
 226      9D0BB9AA 
 226      2C24AF6F 
 226      E226A62E 
 226      26AC2E32 
 227 031b 5B33DF9B 		.ascii	"[3\337\233e~j\361X\255\013C\265\200\366\344U\304\272"
 227      657E6AF1 
 227      58AD0B43 
 227      B580F6E4 
 227      55C4BA
 228 032e E21CAA17 		.ascii	"\342\034\252\027\352\257\031\177\244\305'\031\222Q\321"
 228      EAAF197F 
 228      A4C52719 
 228      9251D1
 229 033d F3013ECB 		.ascii	"\363\001>\313\256\343\333'K\334\361E\206\224\235\275"
 229      AEE3DB27 
 229      4BDCF145 
 229      86949DBD 
 230 034d 74468F2F 		.ascii	"tF\217/3\344\305Lz\221\033c\267\010\320W]\361\361\032"
 230      33E4C54C 
 230      7A911B63 
 230      B708D057 
 230      5DF1F11A 
 231 0361 96BF1908 		.ascii	"\226\277\031\010\360\374\214\321t\214\353\371\304\351"
 231      F0FC8CD1 
 231      748CEBF9 
 231      C4E9
 232 036f 0B6D7ADC 		.ascii	"\013mz\334D\021]Qm\317\035=Z\350\243\367\365\201\217"
 232      44115D51 
 232      6DCF1D3D 
 232      5AE8A3F7 
 232      F5818F
ARM GAS  C:\Users\Lena\AppData\Local\Temp\ccKVgtvt.s 			page 18


 233 0382 EFC2BDC4 		.ascii	"\357\302\275\304\027\361\026\313\247j\025\272\005&\335"
 233      17F116CB 
 233      A76A15BA 
 233      0526DD
 234 0391 2476DE01 		.ascii	"$v\336\001;\357\243\205\304P\324\012\327w\221\017j\001"
 234      3BEFA385 
 234      C450D40A 
 234      D777910F 
 234      6A01
 235 03a3 6804B807 		.ascii	"h\004\270\007\320\214|h\275g\022'\225u\245\341\344\334"
 235      D08C7C68 
 235      BD671227 
 235      9575A5E1 
 235      E4DC
 236 03b5 3DBB2C19 		.ascii	"=\273,\031\345\210:\340:\370\222\314\266\271\255\232"
 236      E5883AE0 
 236      3AF892CC 
 236      B6B9AD9A 
 237 03c5 66FD4AF8 		.ascii	"f\375J\370R\3112\3736\220H5\321D\323\325\226\323>i\373"
 237      52C932FB 
 237      36904835 
 237      D144D3D5 
 237      96D33E69 
 238 03da 2221A709 		.ascii	"\"!\247\011M\203\024\032\340*\227\272\347\306-\220Z"
 238      4D83141A 
 238      E02A97BA 
 238      E7C62D90 
 238      5A
 239 03eb 81C86474 		.ascii	"\201\310dt\203K\265\025\313r\233P6\341V\253\367\376"
 239      834BB515 
 239      CB729B50 
 239      36E156AB 
 239      F7FE
 240 03fd 684BCD0A 		.ascii	"hK\315\012Z\0075\216\324L\307B$\321w\266.b\364\320\003"
 240      5A07358E 
 240      D44CC742 
 240      24D177B6 
 240      2E62F4D0 
 241 0412 EA1DC9AB 		.ascii	"\352\035\311\253\220\003\367\251\377L\261\224\305`\252"
 241      9003F7A9 
 241      FF4CB194 
 241      C560AA
 242 0421 4AADA22A 		.ascii	"J\255\242*\21473\360y\313\202H\213\005Q\203\270q\344"
 242      8C3733F0 
 242      79CB8248 
 242      8B055183 
 242      B871E4
 243 0434 A3188C3A 		.ascii	"\243\030\214:\316\355\307\202\001\221\256=3\\\252\246"
 243      CEEDC782 
 243      0191AE3D 
 243      335CAAA6 
 244 0444 8948D4B8 		.ascii	"\211H\324\270\306\022\361\332\326\335Q\236N;W;\355\\"
 244      C612F1DA 
 244      D6DD519E 
 244      4E3B573B 
 244      ED5C
 245 0456 6DD6CE15 		.ascii	"m\326\316\025]\3329\206\241\351v\223\246\333\273\274"
ARM GAS  C:\Users\Lena\AppData\Local\Temp\ccKVgtvt.s 			page 19


 245      5DDA3986 
 245      A1E97693 
 245      A6DBBBBC 
 246 0466 A7D06281 		.ascii	"\247\320b\201\032\261\250\011\035*\220\"Q\340\330u;"
 246      1AB1A809 
 246      1D2A9022 
 246      51E0D875 
 246      3B
 247 0477 68D7EDED 		.ascii	"h\327\355\355/\035\324\342J\027\226\243I\347\257{\331"
 247      2F1DD4E2 
 247      4A1796A3 
 247      49E7AF7B 
 247      D9
 248 0488 B4616DB4 		.ascii	"\264am\264|K\376!\275Se\272\2512]Ve\272f\206\016\350"
 248      7C4BFE21 
 248      BD5365BA 
 248      A9325D56 
 248      65BA6686 
 249 049e B83223CB 		.ascii	"\2702#\313\301\277P\221P\257@\005\"m\252t:\252\322C"
 249      C1BF5091 
 249      50AF4005 
 249      226DAA74 
 249      3AAAD243 
 250 04b2 55691E7B 		.ascii	"Ui\036{Y\241\303\267\231*\215iQ\375\002+\2271\202Wt"
 250      59A1C3B7 
 250      992A8D69 
 250      51FD022B 
 250      97318257 
 251 04c7 65456A79 		.ascii	"eEjy\275h\000\237\033h\315\342\3454L\356\037\034\355"
 251      BD68009F 
 251      1B68CDE2 
 251      E5344CEE 
 251      1F1CED
 252 04da 18E0B82F 		.ascii	"\030\340\270/\240i]\025\235\034\255\244k\203\256\003"
 252      A0695D15 
 252      9D1CADA4 
 252      6B83AE03 
 253 04ea B17A3E9D 		.ascii	"\261z>\235<>\022\373n\216\270\341;LV\321\363\334\"\017"
 253      3C3E12FB 
 253      6E8EB8E1 
 253      3B4C56D1 
 253      F3DC220F 
 254 04fe 465C461B 		.ascii	"F\\F\033|_\332\036=\303?\006\364NC\347Q\214\273\030"
 254      7C5FDA1E 
 254      3DC33F06 
 254      F44E43E7 
 254      518CBB18 
 255 0512 6D474D4E 		.ascii	"mGMN.\351\303\357\221><7\347%\353\304\357\261N\334\030"
 255      2EE9C3EF 
 255      913E3C37 
 255      E725EBC4 
 255      EFB14EDC 
 256 0527 37724483 		.ascii	"7rD\203\373)\271\220R\333\\!\353\222\227\3779e\204t"
 256      FB29B990 
 256      52DB5C21 
 256      EB9297FF 
 256      39658474 
ARM GAS  C:\Users\Lena\AppData\Local\Temp\ccKVgtvt.s 			page 20


 257 053b FE175074 		.ascii	"\376\027PtC\222C\336\263\365/Zh*)\017\207!}\336\343"
 257      439243DE 
 257      B3F52F5A 
 257      682A290F 
 257      87217DDE 
 258 0550 FDEB390C 		.ascii	"\375\3539\014>c\375+\347\310\336LW<\312dT]nkQ[\273\275"
 258      3E63FD2B 
 258      E7C8DE4C 
 258      573CCA64 
 258      545D6E6B 
 259 0568 23833105 		.ascii	"#\2031\005\006\326\226\375v\025\355\246\243\240\314"
 259      06D696FD 
 259      7615EDA6 
 259      A3A0CC
 260 0577 88A4CC0B 		.ascii	"\210\244\314\013\304\333\275\345\300\364!\017<\303\204"
 260      C4DBBDE5 
 260      C0F4210F 
 260      3CC384
 261 0586 581E5D7B 		.ascii	"X\036]{$8\023\362\322\251\220\3075x{V\034I\307q\220"
 261      243813F2 
 261      D2A990C7 
 261      35787B56 
 261      1C49C771 
 262 059b F2832465 		.ascii	"\362\203$e\324*\245\375\314\356\253Z\374\312\225\372"
 262      D42AA5FD 
 262      CCEEAB5A 
 262      FCCA95FA 
 263 05ab 2EF765CC 		.ascii	".\367e\3149/\274Ec\027\226E<,S\373/\236s\307;\331\315"
 263      392FBC45 
 263      63179645 
 263      3C2C53FB 
 263      2F9E73C7 
 264 05c2 CA074D35 		.ascii	"\312\007M5.x/C.%\224<\323\342L\206\224\277jM\323\341"
 264      2E782F43 
 264      2E25943C 
 264      D3E24C86 
 264      94BF6A4D 
 265 05d8 42869CEF 		.ascii	"B\206\234\357\273^\245c<,\244\315\316\034\255o\321\342"
 265      BB5EA563 
 265      3C2CA4CD 
 265      CE1CAD6F 
 265      D1E2
 266 05ea 4BEC6671 		.ascii	"K\354fqQI\025\357\360+H%=L\357\361\304W\331\275\252"
 266      514915EF 
 266      F02B4825 
 266      3D4CEFF1 
 266      C457D9BD 
 267 05ff B8985D3A 		.ascii	"\270\230]:\\G\021!w\367\366\247N=\274Epf\374\375\305"
 267      5C471121 
 267      77F7F6A7 
 267      4E3DBC45 
 267      7066FCFD 
 268 0614 B0D24231 		.ascii	"\260\322B1\202\016E\013\363\015\317\2714z\324\025\267"
 268      820E450B 
 268      F30DCFB9 
 268      347AD415 
 268      B7
ARM GAS  C:\Users\Lena\AppData\Local\Temp\ccKVgtvt.s 			page 21


 269 0625 3071BD73 		.ascii	"0q\275s\263\177\300=\354:6/\266\312\023\0170$\363J\361"
 269      B37FC03D 
 269      EC3A362F 
 269      B6CA130F 
 269      3024F34A 
 270 063a 530D9E64 		.ascii	"S\015\236d\210u\321\343\315\026=\331\203]3\030o\327"
 270      8875D1E3 
 270      CD163DD9 
 270      835D3318 
 270      6FD7
 271 064c D27B3DED 		.ascii	"\322{=\355\325\247<\361\016\206\024\277<X\354\205\367"
 271      D5A73CF1 
 271      0E8614BF 
 271      3C58EC85 
 271      F7
 272 065d 32E4E683 		.ascii	"2\344\346\203\271\021\035NfHQ\352l\231\032\037b\310"
 272      B9111D4E 
 272      664851EA 
 272      6C991A1F 
 272      62C8
 273 066f 96DDF949 		.ascii	"\226\335\371I\304;\256,\231I]=\034\236:\257fC\304\206"
 273      C43BAE2C 
 273      99495D3D 
 273      1C9E3AAF 
 273      6643C486 
 274 0683 CD30949E 		.ascii	"\3150\224\236\322~\332\023g\321)\302\323\236X\220!%"
 274      D27EDA13 
 274      67D129C2 
 274      D39E5890 
 274      2125
 275 0695 F4EA9461 		.ascii	"\364\352\224a\222\320\007\300\310}\222\221\256<\241"
 275      92D007C0 
 275      C87D9291 
 275      AE3CA1
 276 06a4 2DF3BCB5 		.ascii	"-\363\274\265\037\274\345\312\275\265WX\202\342\005"
 276      1FBCE5CA 
 276      BDB55758 
 276      82E205
 277 06b3 9AD02393 		.ascii	"\232\320#\223\303g\3258\237\311\330\3213\362\312\213"
 277      C367D538 
 277      9FC9D8D1 
 277      33F2CA8B 
 278 06c3 B97B3E83 		.ascii	"\271{>\203$\005\006\2665\3109\232\320\211\240L\202\244"
 278      240506B6 
 278      35C8399A 
 278      D089A04C 
 278      82A4
 279 06d5 0CE8C63C 		.ascii	"\014\350\306<\336c\231N\321\343sLHq~\326v\235\315\020"
 279      DE63994E 
 279      D1E3734C 
 279      48717ED6 
 279      769DCD10 
 280 06e9 C8D3DD2C 		.ascii	"\310\323\335,OSar\26249QpjJ\212\262);\023\236\035\363"
 280      4F536172 
 280      B2343951 
 280      706A4A8A 
 280      B2293B13 
ARM GAS  C:\Users\Lena\AppData\Local\Temp\ccKVgtvt.s 			page 22


 281 0700 C4C5CCC3 		.ascii	"\304\305\314\303\323\375\007Z\021\213\230\036\320\250"
 281      D3FD075A 
 281      118B981E 
 281      D0A8
 282 070e E2D6BD5E 		.ascii	"\342\326\275^,\035\273i\257\230\332>\253\3065\214\266"
 282      2C1DBB69 
 282      AF98DA3E 
 282      ABC6358C 
 282      B6
 283 071f 7957539B 		.ascii	"yWS\233+n`\352M\016\326\344\273\333\324\253\245\231"
 283      2B6E60EA 
 283      4D0ED6E4 
 283      BBDBD4AB 
 283      A599
 284 0731 7418543B 		.ascii	"t\030T;\364F\252e(\253VU\2371\252\305\367\230\270\213"
 284      F446AA65 
 284      28AB5655 
 284      9F31AAC5 
 284      F798B88B 
 285 0745 7BF741D1 		.ascii	"{\367A\321\2643\2443yg\261;\036b\310\345\270\221\013"
 285      B433A433 
 285      7967B13B 
 285      1E62C8E5 
 285      B8910B
 286 0758 6E789C21 		.ascii	"nx\234!\333&zOy\3419\206\014F\227\365\250\361V7\212"
 286      DB267A4F 
 286      79E13986 
 286      0C4697F5 
 286      A8F15637 
 287 076d 146C7998 		.ascii	"\024ly\230CZ\362\022\310\036$\353\203KX\037<[6\232\257"
 287      435AF212 
 287      C81E24EB 
 287      834B581F 
 287      3C5B369A 
 288 0782 C63B29AD 		.ascii	"\306;)\255p\376\354\303T\235,m\226m\241\013\315<\260"
 288      70FEECC3 
 288      549D2C6D 
 288      966DA10B 
 288      CD3CB0
 289 0795 E88464D1 		.ascii	"\350\204d\321\022[\037\034\316\264\340\305*\264j\011"
 289      125B1F1C 
 289      CEB4E0C5 
 289      2AB46A09 
 290 07a5 5A01E6E4 		.ascii	"Z\001\346\344\2029K\27099`N63'\347Pv\245\007N`\022R"
 290      82394BB8 
 290      3939604E 
 290      363327E7 
 290      5076A507 
 291 07bd 12CACF7A 		.ascii	"\022\312\317z\312\326\243o\237\241\271P\000\022\362"
 291      CAD6A36F 
 291      9FA1B950 
 291      0012F2
 292 07cc 25097982 		.ascii	"%\011y\202"
 293 07d0 13112795 		.ascii	"\023\021'\225ED\355o\312s\303\351LDO\331\325}X\2362"
 293      4544ED6F 
 293      CA73C3E9 
 293      4C444FD9 
ARM GAS  C:\Users\Lena\AppData\Local\Temp\ccKVgtvt.s 			page 23


 293      D57D589E 
 294 07e5 B35324F7 		.ascii	"\263S$\367\013A\304)ID\2013\021\247\225E$\244\366-\306"
 294      0B41C429 
 294      49448133 
 294      11A79545 
 294      24A4F62D 
 295 07fa 47994B77 		.ascii	"G\231Kw\356\232-\3008\227\211K\277<\025'Y\324\253\371"
 295      EE9A2DC0 
 295      3897894B 
 295      BF3C1527 
 295      59D4ABF9 
 296 080e 149D0749 		.ascii	"\024\235\007Ig\337@\3229eI\035\351C\243j|\206\211:r"
 296      67DF40D2 
 296      3965491D 
 296      E943A36A 
 296      7C86893A 
 297 0823 B5E0B606 		.ascii	"\265\340\266\006_d\242\036\014\024Nx\330D\015\202\250"
 297      5F64A21E 
 297      0C144E78 
 297      D8440D82 
 297      A8
 298 0834 4B20EAC2 		.ascii	"K \352\302\033\210\272\250,\352y\314\243n\276\226^L"
 298      1B88BAA8 
 298      2CEA79CC 
 298      A36EBE96 
 298      5E4C
 299 0846 5AF781E4 		.ascii	"Z\367\201\344U\270\202\011~v\364V!y4\373\352\320\237"
 299      55B88209 
 299      7E76F456 
 299      217934FB 
 299      EAD09F
 300 0859 6559E3CB 		.ascii	"eY\343\313\262&moo\222\033\276\316\324\372\376iK\264"
 300      B2266D6F 
 300      6F921BBE 
 300      CED4FAFE 
 300      694BB4
 301 086c 872C6BDE 		.ascii	"\207,k\336M\247O\317r\320\355\212\244\233\257M\265\214"
 301      4DA74FCF 
 301      72D0ED8A 
 301      A49BAF4D 
 301      B58C
 302 087e 68CB5F45 		.ascii	"h\313_E\256T\241)\250\203j\272\307\000\355|\271v\227"
 302      AE54A129 
 302      A8836ABA 
 302      C700ED7C 
 302      B97697
 303 0891 41BB52A6 		.ascii	"A\273R\246\335\266\230\3548w|\207\011\271\326\266u\243"
 303      DDB698EC 
 303      38777C87 
 303      09B9D6B6 
 303      75A3
 304 08a3 7C1F53CD 		.ascii	"|\037S\315\266\030 \243B\222Q.8\027rUYHgA[\245\032w"
 304      B61820A3 
 304      4292512E 
 304      38177255 
 304      59486741 
 305 08bb 30218D49 		.ascii	"0!\215I[\207\\lR\252K]:\256\356 \335\246\032\304\\\223"
ARM GAS  C:\Users\Lena\AppData\Local\Temp\ccKVgtvt.s 			page 24


 305      5B875C6C 
 305      52AA4B5D 
 305      3AAEEE20 
 305      DDA61AC4 
 306 08d1 C454BE46 		.ascii	"\304T\276FL\225\262\230\354\241\201\353\236\362\235"
 306      4C95B298 
 306      ECA181EB 
 306      9EF29D
 307 08e0 2B6129AD 		.ascii	"+a)\255\322k\004=_jF\365\236\277\207p#s\363\335\211"
 307      D26B043D 
 307      5F6A46F5 
 307      9EBF8770 
 307      2373F3DD 
 308 08f5 D2293D6E 		.ascii	"\322)=n\246\210\272;k\344\011\354\262\226 \244\0038"
 308      A688BA3B 
 308      6BE409EC 
 308      B29620A4 
 308      0338
 309 0907 663D2350 		.ascii	"f=#P\241\233\300\252V\300\3263\226T\013h6\374g2\254"
 309      A19BC0AA 
 309      56C0D633 
 309      96540B68 
 309      36FC6732 
 310 091c 940A3740 		.ascii	"\224\0127@Ar\013V\302\240^\035\250\227\012M\213\214"
 310      41720B56 
 310      C2A05E1D 
 310      A8970A4D 
 310      8B8C
 311 092e 908DD1CD 		.ascii	"\220\215\321\315\303\007\335t|\326\366\327\316\002\352"
 311      C307DD74 
 311      7CD6F6D7 
 311      CE02EA
 312 093d E1D1F63B 		.ascii	"\341\321\366;\202\334\250z;\243\032lF\225\337\214\316"
 312      82DCA87A 
 312      3BA31A6C 
 312      4695DF8C 
 312      CE
 313 094e 71C7EDCC 		.ascii	"q\307\355\314\250\336W\207\037jp/C&\222\257\037\361"
 313      A8DE5787 
 313      1F6A702F 
 313      432692AF 
 313      1FF1
 314 0960 C0FD0CD9 		.ascii	"\300\375\014\331\227\327\320\354\212\2372\244\363\344"
 314      97D7D0EC 
 314      8A9F32A4 
 314      F3E4
 315 096e 6C892B1E 		.ascii	"l\211+\036b\310\241\366\027\371\032<B\021\241\374\356"
 315      62C8A1F6 
 315      17F91A3C 
 315      4211A1FC 
 315      EE
 316 097f E11C0FFB 		.ascii	"\341\034\017\373\335<\254vm]\265\005T\375\306~/\377"
 316      DD3CAC76 
 316      6D5DB505 
 316      54FDC67E 
 316      2FFF
 317 0991 3CEDEFE8 		.ascii	"<\355\357\350\266\240Y\320\243{R\034\277\341;\371\356"
ARM GAS  C:\Users\Lena\AppData\Local\Temp\ccKVgtvt.s 			page 25


 317      B6A059D0 
 317      A37B521C 
 317      BFE13BF9 
 317      EE
 318 09a2 A8AA262D 		.ascii	"\250\252&-\236f\242^<\2773\343\201\347\030b\231\274"
 318      9E66A25E 
 318      3CBF33E3 
 318      81E71862 
 318      99BC
 319 09b4 7CDF1547 		.ascii	"|\337\025G\273S\244-a\242\333\015oeH\315\335\235W\324"
 319      BB53A42D 
 319      61A2DB0D 
 319      6F6548CD 
 319      DD9D57D4 
 320 09c8 389621C7 		.ascii	"8\226!\307ot[\\\360.\206\224\354\2701\243\305q\014I"
 320      6F745B5C 
 320      F02E8694 
 320      ECB831A3 
 320      C5710C49 
 321 09dc BDB42D4A 		.ascii	"\275\264-J\207\3671$wn4N\217\023\0302Qr;\223/\235}\000"
 321      87F73124 
 321      776E344E 
 321      8F131832 
 321      51723B93 
 322 09f4 3D51B6B3 		.ascii	"=Q\266\263\006\363\245\257\220\204\335\0232\317Uz\""
 322      06F3A5AF 
 322      9084DD13 
 322      32CF557A 
 322      22
 323 0a05 1FF659E8 		.ascii	"\037\366Y\350\343\353\303\266C\365O]\006rk\331\356\214"
 323      E3EBC3B6 
 323      43F54F5D 
 323      06726BD9 
 323      EE8C
 324 0a17 58D306D6 		.ascii	"X\323\006\326<\021\346m\240\344\373\255\306\337\263"
 324      3C11E66D 
 324      A0E4FBAD 
 324      C6DFB3
 325 0a26 1D1421BF 		.ascii	"\035\024!\277\357H^,8\354\267*d\324\355\312\314e\324"
 325      EF485E2C 
 325      38ECB72A 
 325      64D4EDCA 
 325      CC65D4
 326 0a39 BD32EABB 		.ascii	"\2752\352\273\216\324;\034y\367\376N\242\356v\244v\334"
 326      8ED43B1C 
 326      79F7FE4E 
 326      A2EE76A4 
 326      76DC
 327 0a4b 560ECA88 		.ascii	"V\016\312\210\273\024\211\345FN\311\250;\034\251\345"
 327      BB1489E5 
 327      464EC9A8 
 327      3B1CA9E5 
 328 0a5b 7B50F956 		.ascii	"{P\371V\360\001\244r/(\211z\370\014\262\025|\006\351"
 328      F001A472 
 328      2F28897A 
 328      F80CB215 
 328      7C06E9
ARM GAS  C:\Users\Lena\AppData\Local\Temp\ccKVgtvt.s 			page 26


 329 0a6e D32FF8A0 		.ascii	"\323/\370\240\001\200\247\000\203\000}\000\017\001\036"
 329      0180A700 
 329      83007D00 
 329      0F011E
 330 0a7d 013C0778 		.ascii	"\001<\007x,\310\367\351#2\331\235\312\262WJ[\324[ml"
 330      2CC8F7E9 
 330      2332D99D 
 330      CAB2574A 
 330      5BD45B6D 
 331 0a92 8B0A54F2 		.ascii	"\213\012T\362-*\337\033wz\357\243{c\302\253U9X\314\016"
 331      2D2ADF1B 
 331      777AEFA3 
 331      7B63C2AB 
 331      553958CC 
 332 0aa7 4899FDB5 		.ascii	"H\231\375\265\373\367\250\345\345''V\241![\371u\226"
 332      FBF7A8E5 
 332      E5272756 
 332      A1215BF9 
 332      7596
 333 0ab9 64BEF4C0 		.ascii	"d\276\364\300qz\222w\270~(\255D\217|\026\3722\211\320"
 333      717A9277 
 333      B87E28AD 
 333      448F7C16 
 333      FA3289D0 
 334 0acd E4521FDD 		.ascii	"\344R\037\335`\011\0053\320\035\020:\242\034\227\275"
 334      60090533 
 334      D01D103A 
 334      A21C97BD 
 335 0add 7C0D435C 		.ascii	"|\015C\\'m}8=q\335(\270\356\005w\01576\207\031;bo,\251"
 335      276D7D38 
 335      3D71DD28 
 335      B8EE0577 
 335      0D373687 
 336 0af7 85A8C7CF 		.ascii	"\205\250\307\3170N\243:\241'}\271P\226\207\031\362x"
 336      304EA33A 
 336      A1277DB9 
 336      50968719 
 336      F278
 337 0b09 7CFC9E2B 		.ascii	"|\374\236+\316e\310\231\271\234\255\030\237\246\310"
 337      CE65C899 
 337      B99CAD18 
 337      9FA6C8
 338 0b18 2F7A761C 		.ascii	"/zv\034Ou\005\325\241\"\364\013\371\037`P\035\276\344"
 338      4F7505D5 
 338      A122F40B 
 338      F91F6050 
 338      1DBEE4
 339 0b2b 07BE17B1 		.ascii	"\007\276\027\261[P.>zz\022\343\353c\375\300]__\333\021"
 339      5B502E3E 
 339      7A7A12E3 
 339      EB63FDC0 
 339      5D5F5FDB 
 340 0b40 47FF357E 		.ascii	"G\3775~\304\001\235\027\225\200\015\223\316\034-O\230"
 340      C4019D17 
 340      95800D93 
 340      CE1C2D4F 
 340      98
ARM GAS  C:\Users\Lena\AppData\Local\Temp\ccKVgtvt.s 			page 27


 341 0b51 7E20784C 		.ascii	"~ xL\010~\3403\210\325\005\330\027\235\304>(\037 \017"
 341      087EE033 
 341      88D505D8 
 341      179DC43E 
 341      281F200F 
 342 0b65 2017E004 		.ascii	" \027\340\004@\016\300\004$K6\374\036\0078\006\260\037"
 342      400EC004 
 342      244B36FC 
 342      1E073806 
 342      B01F
 343 0b77 6037C056 		.ascii	"`7\300V\200-\0003p\177\032`\312.\241\032\177\303\022"
 343      802D0033 
 343      707F1A60 
 343      CA2EA11A 
 343      7FC312
 344 0b8a 0ABAD8B8 		.ascii	"\012\272\330\270\243j\203\216%\330y\223\037\277\220"
 344      A36A838E 
 344      25D87993 
 344      1FBF90
 345 0b99 ADDB53E4 		.ascii	"\255\333S\344@\376d^;\230\255\343\307/\257\300\362\011"
 345      40FE645E 
 345      3B98ADE3 
 345      C72FAFC0 
 345      F209
 346 0bab 657AC723 		.ascii	"ez\307#\245Y\273\304z\305\022K\356\2309\270I\232\003"
 346      A559BBC4 
 346      7AC5124B 
 346      EE9839B8 
 346      499A03
 347 0bbe B280BEB3 		.ascii	"\262\200\276\263\3341\205\340\230\323`d\024\300\234"
 347      DC3185E0 
 347      98D36064 
 347      14C09C
 348 0bcd 9D814D71 		.ascii	"\235\201Mq\232\331B\213%\326\025Y0;a\232uV\2572-\"\261"
 348      9AD9428B 
 348      25D61559 
 348      303B619A 
 348      7556AF32 
 349 0be4 5C0B98E9 		.ascii	"\\\013\230\351T\2133 \371\307\265\350M\302\226#\213"
 349      548B3320 
 349      F9C7B5E8 
 349      4DC29623 
 349      8B
 350 0bf5 5134A830 		.ascii	"Q4\2500\251\254\202\243\037b\3544 \023YN+\346\310)\020"
 350      A9AC82A3 
 350      1F62EC34 
 350      2013594E 
 350      2BE6C829 
 351 0c0a FCD3E508 		.ascii	"\374\323\345\010\344pM\016\317a\262w\215rL\224H\301"
 351      E4704D0E 
 351      CF61B277 
 351      8D724C94 
 351      48C1
 352 0c1c 2EF2508C 		.ascii	".\362P\214\215\377\036I\323j\033X\261\225\223\333\326"
 352      8DFF1E49 
 352      D36A1B58 
 352      B19593DB 
ARM GAS  C:\Users\Lena\AppData\Local\Temp\ccKVgtvt.s 			page 28


 352      D6
 353 0c2d 2D7D4E7A 		.ascii	"-}Nz\244\215`\027\230\020\213\2319;\341z\007\250\266"
 353      A48D6017 
 353      98108B99 
 353      393BE17A 
 353      07A8B6
 354 0c40 1DCB55BA 		.ascii	"\035\313U\272u\202g\026q\0149\253\213\305\312-[\221"
 354      75826716 
 354      710C39AB 
 354      8BC5CA2D 
 354      5B91
 355 0c52 FF0C9FE0 		.ascii	"\377\014\237\340\234\177\305?\260\262\210\34693\237"
 355      9C7FC53F 
 355      B0B288E6 
 355      39339F
 356 0c61 BDACCDCE 		.ascii	"\275\254\315\316\362\316\003D\362\316c=\007]\232J\317"
 356      F2CE0344 
 356      F2CE633D 
 356      075D9A4A 
 356      CF
 357 0c72 41892B5E 		.ascii	"A\211+^I\307\035\204\330\352-pp\236\325\301{\200l\233"
 357      49C71D84 
 357      D8EA2D70 
 357      709ED5C1 
 357      7B806C9B 
 358 0c86 A383FBD0 		.ascii	"\243\203\373\320\353;\343>0\"\236\033\264\027\256\343"
 358      EB3BE33E 
 358      30229E1B 
 358      B417AEE3 
 359 0c96 EC9D9523 		.ascii	"\354\235\225#s\026\261&^\331\032E\326\333\005\254\310"
 359      7316B126 
 359      5ED91A45 
 359      D6DB05AC 
 359      C8
 360 0ca7 9A5957C5 		.ascii	"\232YW\305M\217W6\335'%\236\230Nl\212\225\326B\361\366"
 360      4D8F5736 
 360      DD27259E 
 360      984E6C8A 
 360      95D642F1 
 361 0cbc A61FB29A 		.ascii	"\246\037\262\232~\000/B;\035M\337!\313\255}\012\012"
 361      7E002F42 
 361      3B1D4DDF 
 361      21CBAD7D 
 361      0A0A
 362 0cce AAE834A2 		.ascii	"\252\3504\242\335Q\320\356\010D2\013 \023\340{\200t"
 362      DD51D0EE 
 362      0844320B 
 362      2013E07B 
 362      8074
 363 0ce0 80248044 		.ascii	"\200$\200D\200\004;\247\014~\316\"L\022z\027\010%\\"
 363      80043BA7 
 363      0C7ECE22 
 363      4C127A17 
 363      08255C
 364 0cf3 9C2E109E 		.ascii	"\234.\020\236\327\310\032\331\356\037\243\356\375\027"
 364      D7C81AD9 
 364      EE1FA3EE 
ARM GAS  C:\Users\Lena\AppData\Local\Temp\ccKVgtvt.s 			page 29


 364      FD17
 365 0d01 C63A19DC 		.ascii	"\306:\031\334\275\3079\261\254\330S\354\212=y~\273I"
 365      BDC739B1 
 365      ACD853EC 
 365      8A3D797E 
 365      BB49
 366 0d13 87E5431A 		.ascii	"\207\345C\032Y>\034\004~)<\034i`\360A0,U2\014<\332\234"
 366      593E1C04 
 366      7E293C1C 
 366      6960F041 
 366      302C5532 
 367 0d2b AB191A79 		.ascii	"\253\031\032yh\261\354\323\323\223\2138>A\251\335\260"
 367      68B1ECD3 
 367      D3938B38 
 367      3E41A9DD 
 367      B0
 368 0d3c 09836F91 		.ascii	"\011\203o\221\326D\322s\0321Z[\2418fz\337V\027r\354"
 368      D644D273 
 368      1A315A5B 
 368      A138667A 
 368      DF561772 
 369 0d51 90821DD7 		.ascii	"\220\202\035\327\023,\222O\216\363H\222s\211\357\177"
 369      132C924F 
 369      8EF34892 
 369      7389EF7F 
 370 0d61 CC4DE3A5 		.ascii	"\314M\343\245\334\251\207\300O\231o\344\247\014\240"
 370      DCA987C0 
 370      4F996FE4 
 370      A70CA0
 371 0d70 94FC7488 		.ascii	"\224\374t\210\371\311I\323D\207\301=R\337\264\275iK"
 371      F9C949D3 
 371      4487C13D 
 371      52DFB4BD 
 371      694B
 372 0d82 6E213B46 		.ascii	"n!;F\302)KJ\311h\312\312\326\356\352\253\271!\360X<"
 372      C2294B4A 
 372      C968CACA 
 372      D6EEEAAB 
 372      B921F058 
 373 0d97 F25A3B48 		.ascii	"\362Z;H\015\224\360\247\"\261\372\350\217Q\327\376\023"
 373      0D94F0A7 
 373      22B1FAE8 
 373      8F51D7FE 
 373      13
 374 0da8 4B0E427C 		.ascii	"K\016B|\31491S\367\336%W\342o\240\231\277~\033/\360"
 374      CC393153 
 374      F7DE2557 
 374      E26FA099 
 374      BF7E1B2F 
 375 0dbd 1E8DB224 		.ascii	"\036\215\262$\257\240\247\015\307y\331\360-\024+\232"
 375      AFA0A70D 
 375      C779D9F0 
 375      2D142B9A 
 376 0dcd 3CD9A3B8 		.ascii	"<\331\243\270vy\222\245,\022\323\003\2033J\304\253d"
 376      767992A5 
 376      2C12D303 
 376      83334AC4 
ARM GAS  C:\Users\Lena\AppData\Local\Temp\ccKVgtvt.s 			page 30


 376      AB64
 377 0ddf CBE1658C 		.ascii	"\313\341e\214\226\354\370\213\224heA\234\315\343A\204"
 377      96ECF88B 
 377      94686541 
 377      9CCDE341 
 377      84
 378 0df0 1D18BAAE 		.ascii	"\035\030\272\256\274\270\221/\371\337\227\372\352mG"
 378      BCB8912F 
 378      F9DF97FA 
 378      EA6D47
 379 0dff EAF9FB89 		.ascii	"\352\371\373\211\251\237I\344\215\312\3442\327>\317"
 379      A99F49E4 
 379      8DCAE432 
 379      D73ECF
 380 0e0e E581208B 		.ascii	"\345\201 \213\304&G\362\371o\207z9w\262\232\031S&\227"
 380      C42647F2 
 380      F96F877A 
 380      3977B29A 
 380      19532697 
 381 0e22 71BFFF33 		.ascii	"q\277\3773\351\2216\215\034\036i\363\002\227\313\372"
 381      E991368D 
 381      1C1E69F3 
 381      0297CBFA 
 382 0e32 E2A4A0D8 		.ascii	"\342\244\240\330\027\177q\234\036v\221t})%!!\266Uq\234"
 382      177F719C 
 382      1E769174 
 382      7D292521 
 382      21B65571 
 383 0e47 666A2486 		.ascii	"fj$\206V\261U\340\354\353\004\336\332\206I\246\314*"
 383      56B155E0 
 383      ECEB04DE 
 383      DA8649A6 
 383      CC2A
 384 0e59 C9EB4BD4 		.ascii	"\311\353K\324\220{dM3+=\200f\2514X\367\016\365D\037"
 384      907B644D 
 384      332B3D80 
 384      66A93458 
 384      F70EF544 
 385 0e6e F1C2531E 		.ascii	"\361\302S\036\354\325\345\215\355\267\334\360,CN\305"
 385      ECD5E58D 
 385      EDB7DCF0 
 385      2C434EC5 
 386 0e7e 474662BC 		.ascii	"GFb\274\307\223\"\327\307b\237\323\035x\364\353w\340"
 386      C79322D7 
 386      C7629FD3 
 386      1D78F4EB 
 386      77E0
 387 0e90 38A1280F 		.ascii	"8\241(\017\244\301JY\361yr\016ct\2017\260KP\241\027"
 387      A4C14A59 
 387      F179720E 
 387      63748137 
 387      B04B50A1 
 388 0ea5 6DCD2B26 		.ascii	"m\315+&\232\326\336\256\335M\254\366\212 \350\3479\265"
 388      9AD6DEAE 
 388      DD4DACF6 
 388      8A20E8E7 
 388      39B5
ARM GAS  C:\Users\Lena\AppData\Local\Temp\ccKVgtvt.s 			page 31


 389 0eb7 D30AE9EB 		.ascii	"\323\012\351\353b\216\276\200\035W\375=\261?\024\250"
 389      628EBE80 
 389      1D57FD3D 
 389      B13F14A8 
 390 0ec7 7132555E 		.ascii	"q2U^x2\330[\357\211|\027Z\003\360~:}0\225\002\353bl"
 390      7832D85B 
 390      EF897C17 
 390      5A03F07E 
 390      3A7D3095 
 391 0edf 73C905FA 		.ascii	"s\311\005\372`RT\273\004TUR\033\004M&\017\304z\340\343"
 391      605254BB 
 391      04545552 
 391      1B044D26 
 391      0FC47AE0 
 392 0ef4 CC4B47CB 		.ascii	"\314KG\313\307\313t\370$G\272&z\334\3615\206\344\366"
 392      C7CB74F8 
 392      2447BA26 
 392      7ADCF135 
 392      86E4F6
 393 0f07 B5DCA7E7 		.ascii	"\265\334\247\347\035\321o\370N\332\365X\316\375\036"
 393      1DD16FF8 
 393      4EDAF558 
 393      CEFD1E
 394 0f16 0D62EF78 		.ascii	"\015b\357xm\255\351\222\343k\332j\254\374\232\2269\264"
 394      6DADE992 
 394      E36BDA6A 
 394      ACFC9A96 
 394      39B4
 395 0f28 F7B7C996 		.ascii	"\367\267\311\226\262(\214\312\261\016\225aEjy\233\030"
 395      B2288CCA 
 395      B10E9561 
 395      456A799B 
 395      18
 396 0f39 BFCFCBD9 		.ascii	"\277\317\313\331\372:\266Z\331\371\274\232\177k\377"
 396      FA3AB65A 
 396      D9F9BC9A 
 396      7F6BFF
 397 0f48 C2743EB1 		.ascii	"\302t>\261\335\013\323\373,T\325\330\351\013S\333c\356"
 397      DD0BD3FB 
 397      2C54D5D8 
 397      E90B53DB 
 397      63EE
 398 0f5a 0A5795B8 		.ascii	"\012W\225\270\273\012\334]\011\217\271k\000\025\000"
 398      BB0ADC5D 
 398      098FB96B 
 398      001500
 399 0f69 5725D7EF 		.ascii	"W%\327\357\257-\034\324\340\233,\306\211\217\232\357"
 399      AF2D1CD4 
 399      E09B2CC6 
 399      898F9AEF 
 400 0f79 6B6531FE 		.ascii	"ke1\3768\355\024\211q-\260\251\221b\\-\213\261\203\320"
 400      38ED1489 
 400      712DB0A9 
 400      91625C2D 
 400      8BB183D0 
 401 0f8d EB20E80D 		.ascii	"\353 \350\015\204^(}\366!;LYB\3364u\274("
 401      845E287D 
ARM GAS  C:\Users\Lena\AppData\Local\Temp\ccKVgtvt.s 			page 32


 401      F6213B4C 
 401      5942DE34 
 401      75BC28
 402 0fa0 E3FF1DD3 		.ascii	"\343\377\035\323M\316\274O\335\332\223\346\201\037\260"
 402      4DCEBC4F 
 402      DDDA93E6 
 402      811FB0
 403 0faf 98E7EF8D 		.ascii	"\230\347\357\215\334/\340\001\206\264n\033\253u\301"
 403      DC2FE001 
 403      86B46E1B 
 403      AB75C1
 404 0fbe 2F29A22D 		.ascii	"/)\242-?\023\271\035\3633\027Yt\333s\371\203\307\332"
 404      3F13B91D 
 404      F3331759 
 404      74DB73F9 
 404      83C7DA
 405 0fd1 939A9D3F 		.ascii	"\223\232\235?\272\311\272\244S\266\262\253\307\016\344"
 405      BAC9BAA4 
 405      53B6B2AB 
 405      C70EE4
 406 0fe0 F6DD177C 		.ascii	"\366\335\027|2\336\341\320 \025\270\313\033\344-9\373"
 406      32DEE1D0 
 406      2015B8CB 
 406      1BE42D39 
 406      FB
 407 0ff1 4647FA79 		.ascii	"FG\372y\375\267\023\330[\010\271\265c5+"
 407      FDB713D8 
 407      5B08B9B5 
 407      63352B
 408 1000 AF2518F3 		.ascii	"\257%\030\363{r\346\267\225\231\313\323\347^\007K\237"
 408      7B72E6B7 
 408      9599CBD3 
 408      E75E074B 
 408      9F
 409 1011 66E7E953 		.ascii	"f\347\351S\207\227\240\033\030f\337\342\256 \221\274"
 409      8797A01B 
 409      1866DFE2 
 409      AE2091BC 
 410 1021 0791BC03 		.ascii	"\007\221\274\003\021l\000h\004h\002\270\013p[\212\350"
 410      116C0068 
 410      046802B8 
 410      0B705B8A 
 410      E8
 411 1032 C3A1C401 		.ascii	"\303\241\304\0015\236ci\324u\267\251\322\003-\364Ud"
 411      359E6369 
 411      D475B7A9 
 411      D2032DF4 
 411      5564
 412 1044 7C1F98BD 		.ascii	"|\037\230\275)c[\263O\235!+\216V\230\326\"\345a3\346"
 412      29635BB3 
 412      4F9D212B 
 412      8E5698D6 
 412      22E56133 
 413 1059 EDB7612C 		.ascii	"\355\267a,+\326\025\357\362\2429R\221q\351oq\"\273\036"
 413      2BD615EF 
 413      F2A23952 
 413      9171E96F 
ARM GAS  C:\Users\Lena\AppData\Local\Temp\ccKVgtvt.s 			page 33


 413      7122BB1E 
 414 106d DB7FBFCB 		.ascii	"\333\177\277\313\023\2470d \277\251\011\343\014/\366"
 414      13A73064 
 414      20BFA909 
 414      E30C2FF6 
 415 107d F6714BC3 		.ascii	"\366qK\303EA\376\332a\222\276v\350\206\032\357\304\016"
 415      4541FEDA 
 415      6192BE76 
 415      E8861AEF 
 415      C40E
 416 108f EF1515DF 		.ascii	"\357\025\025\337Pva\245\227\3108/\271\351s\344\353\303"
 416      507661A5 
 416      97C8382F 
 416      B9E973E4 
 416      EBC3
 417 10a1 2BA8FA99 		.ascii	"+\250\372\231f\242\220\360}0o\271\007\341\353K\322\260"
 417      66A290F0 
 417      7D306FB9 
 417      07E1EB4B 
 417      D2B0
 418 10b3 E227523B 		.ascii	"\342'R;@\352\2037\337T\250(1\361a\017(\322+\005\342"
 418      40EA8337 
 418      DF54A828 
 418      31F1610F 
 418      28D22B05 
 419 10c8 4556FF5D 		.ascii	"EV\377]W\274m\001\265\262\377L\365N)\020\016\375\270"
 419      57BC6D01 
 419      B5B2FF4C 
 419      F54E2910 
 419      0EFDB8
 420 10db 0F262A31 		.ascii	"\017&*1\341\255f\015y\340=\202\373\017%\177<\340\036"
 420      E1AD660D 
 420      79E03D82 
 420      FB0F257F 
 420      3CE01E
 421 10ee D71C6FC8 		.ascii	"\327\034o\310\371A@\013\331\221\215<\314\017\201\373"
 421      F941400B 
 421      D9918D3C 
 421      CC0F81FB 
 422 10fe 03C2BD0D 		.ascii	"\003\302\275\015f=\346\334\237\000\367g\020\326A\200"
 422      663DE6DC 
 422      9F00F767 
 422      10D64180 
 423 110e 7E80A700 		.ascii	"~\200\247\000\003v+n\250\333\226|^\267\344\211r\226"
 423      03762B6E 
 423      A8DB967C 
 423      5EB7E489 
 423      7296
 424 1120 CF56DABE 		.ascii	"\317V\332\276\361E`(\363\035\321\260\335\221\372\221"
 424      F1456028 
 424      F31DD1B0 
 424      DD91FA91 
 425 1130 23756F30 		.ascii	"#uo0[y\220Nv\231S\333\232\226\374\374\210?\022\237\260"
 425      5B79904E 
 425      769953DB 
 425      9A96FCFC 
 425      883F129F 
ARM GAS  C:\Users\Lena\AppData\Local\Temp\ccKVgtvt.s 			page 34


 426 1145 4279ACB4 		.ascii	"By\254\264J\357{\306k\224\254=\006\020cf;G\350\263o"
 426      4AEF7BC6 
 426      6B94AC3D 
 426      06106366 
 426      3B47E8B3 
 427 115a 01405FC1 		.ascii	"\001@_\301e\223\354\275\311e\333\252A\2122\304\256t"
 427      6593ECBD 
 427      C965DBAA 
 427      418A32C4 
 427      AE74
 428 116c 4BCCB807 		.ascii	"K\314\270\007Nf\261{Q\326V\257w(\"\233w\207\301\243"
 428      4E66B17B 
 428      51D656AF 
 428      7728229B 
 428      7787C1A3 
 429 1180 6FE25DDB 		.ascii	"o\342]\333\006\372\3731\222\206C0\345\271\024\316\307"
 429      06FAFB31 
 429      92864330 
 429      E5B914CE 
 429      C7
 430 1191 D6024A3A 		.ascii	"\326\002J:Y\327\252\177'\313\322\315Bq\"\356\206\305"
 430      59D7AA7F 
 430      27CBD2CD 
 430      427122EE 
 430      86C5
 431 11a3 7258A0E4 		.ascii	"rX\240\344\275l\271c\023\255\"#\344?\032\360;\344\351"
 431      BD6CB963 
 431      13AD2223 
 431      E43F1AF0 
 431      3BE4E9
 432 11b6 5197DD86 		.ascii	"Q\227\335\206\344\207\232Cv\333\260\021\266\275 \277"
 432      E4879A43 
 432      76DBB011 
 432      B6BD20BF 
 433 11c6 E4597E62 		.ascii	"\344Y~b\272\320KN\\kG<\312\211G)\361@M\315\021\027|"
 433      BAD04B4E 
 433      5C6B473C 
 433      CA894729 
 433      F1404DCD 
 434 11dd 64017B8B 		.ascii	"d\001{\213\333\032s\221\277\361u'\357\333{\022\256\270"
 434      DB1A7391 
 434      BFF17527 
 434      EFDB7B12 
 434      AEB8
 435 11ef B107460B 		.ascii	"\261\007F\013\271}\370\346h\242\016\0272\332W\303\015"
 435      B97DF8E6 
 435      68A20E17 
 435      32DA57C3 
 435      0D
 436 1200 AFF83F9A 		.ascii	"\257\370?\232\350\310\303%\352T\227\213Nz\241K\306%"
 436      E8C8C325 
 436      EA54978B 
 436      4E7AA14B 
 436      C625
 437 1212 999398BC 		.ascii	"\231\223\230\274$Y\276\004M`\372\216\244u\317x\273\332"
 437      2459BE04 
 437      4D60FA8E 
ARM GAS  C:\Users\Lena\AppData\Local\Temp\ccKVgtvt.s 			page 35


 437      A475CF78 
 437      BBDA
 438 1224 3B9EBB7C 		.ascii	";\236\273|)\242ok\306!X?`B>\205\275\255\223\010\365"
 438      29A26F6B 
 438      C621583F 
 438      60423E85 
 438      BDAD9308 
 439 1239 D5D6B112 		.ascii	"\325\326\261\022\0179u\375k\251O\264Uj\300\311\015e"
 439      0F3975FD 
 439      6BA94FB4 
 439      556AC0C9 
 439      0D65
 440 124b E43F3957 		.ascii	"\344?9W\235\216*\263D\177\212\246\2617z\011!\351@o\313"
 440      9D8E2AB3 
 440      447F8AA6 
 440      B1377A09 
 440      21E9406F 
 441 1260 A68EC1C8 		.ascii	"\246\216\301\310\327\202\012\315P/\327l\251;\355\205"
 441      D7820ACD 
 441      502FD76C 
 441      A93BED85 
 442 1270 8B997D59 		.ascii	"\213\231}Y\203\027\257\362\177\260\360 \377\352\221"
 442      8317AFF2 
 442      7FB0F020 
 442      FFEA91
 443 127f 79E0A89A 		.ascii	"y\340\250\232\371\242\237Jyz\366\245\227S{-jno\032{"
 443      F9A29F4A 
 443      797AF6A5 
 443      97537B2D 
 443      6A6E6F1A 
 444 1294 2774A1E1 		.ascii	"'t\241\341\342AwG{\347@\215Y\252F\244\332\333:\211\036"
 444      E2417747 
 444      7BE7408D 
 444      59AA46A4 
 444      DADB3A89 
 445 12a9 EFB66E4D 		.ascii	"\357\266nMvs\264\327)ujmE\262'\267\267\366\343\310\214"
 445      7673B4D7 
 445      29756A6D 
 445      45B227B7 
 445      B7F6E3C8 
 446 12be B2C8A528 		.ascii	"\262\310\245(J\315\254\355\001k\245\211\257\270\265"
 446      4ACDACED 
 446      016BA589 
 446      AFB8B5
 447 12cd D1EA7754 		.ascii	"\321\352wTZ\303F\321\020\024\032$j\177\365\233o\226"
 447      5AC346D1 
 447      10141A24 
 447      6A7FF59B 
 447      6F96
 448 12df 7EB672A5 		.ascii	"~\266r\245\352\277~\371s\277/\277\376\217\257`t]\230"
 448      EABF7EF9 
 448      73BF2FBF 
 448      FE8FAF60 
 448      745D98
 449 12f2 DF2F83CC 		.ascii	"\337/\203\314\242)h\255\341\253\257\277X\365\241\025"
 449      A22968AD 
 449      E1ABAFBF 
ARM GAS  C:\Users\Lena\AppData\Local\Temp\ccKVgtvt.s 			page 36


 449      58F5A115 
 450 1302 F3FB6C43 		.ascii	"\363\373lC\320\332\240\257\304\210\300\2400\303\306"
 450      D0DAA0AF 
 450      C488C0A0 
 450      30C3C6
 451 1311 1572D42F 		.ascii	"\025r\324/\200\\\207\231W\256Y\275<\314\274\334$.7\233"
 451      805C8799 
 451      57AE59BD 
 451      3CCCBCDC 
 451      242E379B 
 452 1325 0296076C 		.ascii	"\002\226\007l\330(.\013P\351\0026|\373\365/\303\276"
 452      D8282E0B 
 452      50E90236 
 452      7CFBF52F 
 452      C3BE
 453 1337 328A9F6B 		.ascii	"2\212\237k7\212\353\"B\003\014b\340_X\\Ph@pD\240\021"
 453      378AEB22 
 453      42030C62 
 453      E05F585C 
 453      50684070 
 454 134e 449ABF33 		.ascii	"D\232\2773\213\337\205\033\315\3136\250t\006CDP\250"
 454      8BDF851B 
 454      CDCB36A8 
 454      74064344 
 454      50A8
 455 1360 B872B541 		.ascii	"\270r\265AL@\201?\3673\211af&0\220\0134\213! \220c\214"
 455      4C40813F 
 455      F7338961 
 455      66263090 
 455      0B348B21 
 456 1378 ABD92650 		.ascii	"\253\331&P\206\372\211aa\301f\277\365\241\021K\351\325"
 456      86FA8961 
 456      61C166BF 
 456      F5A1114B 
 456      E9D5
 457 138a 527F53C8 		.ascii	"R\177S\310Rc\310Zc`\2401\320o\365\262UK?\\\261r\315"
 457      5263C85A 
 457      6360A031 
 457      D06FF5B2 
 457      554B3F5C 
 458 13a1 9F56FAC1 		.ascii	"\237V\372\301\370\007\241a\241\306\017\214\376k\203"
 458      F807A161 
 458      A1C60F8C 
 458      FE6B83
 459 13b0 FCB8567E 		.ascii	"\374\270V~!\376\300+\324\350g\0104\256\363\217\010\026"
 459      21FEC02B 
 459      D4E86708 
 459      34AEF38F 
 459      0816
 460 13c2 0D560DB5 		.ascii	"\015V\015\265V\375v\374\277\352\007>\363\003Y\201\240"
 460      56FD76FC 
 460      BFEA073E 
 460      F3035981 
 460      A0
 461 13d3 0C28E546 		.ascii	"\014(\345F\\\030\024b4\210j\022,\227@c\260\350\257\016"
 461      5C181462 
 461      34886A12 
ARM GAS  C:\Users\Lena\AppData\Local\Temp\ccKVgtvt.s 			page 37


 461      2C974063 
 461      B0E8AF0E 
 462 13e7 371937AA 		.ascii	"7\0317\252C\215\233\305\005\001\033\014\033\203Lb\204"
 462      438D9BC5 
 462      05011B0C 
 462      1B834C62 
 462      84
 463 13f8 7FB08190 		.ascii	"\177\260\201\220\231p\270\277\311\313n\304 \376\367"
 463      9970B8BF 
 463      C9CB6EC4 
 463      20FEF7
 464 1407 4F17DF80 		.ascii	"O\027\337\200\015\201\240\244\236%\325\227F3\244\225"
 464      0D81A0A4 
 464      9E25D597 
 464      4633A495 
 465 1417 10B04117 		.ascii	"\020\260A\027\342\017\332o0\031\375\003\265\360\025"
 465      E20FDA6F 
 465      3019FD03 
 465      B5F015
 466 1426 1C6E0A0A 		.ascii	"\034n\012\012\343\361_\365\241A\324Z/4\"\271c\0207\377"
 466      E3F15FF5 
 466      A141D45A 
 466      2F3422B9 
 466      631037FF 
 467 143a 25150C08 		.ascii	"%\025\014\010\013\011\011\013]\036\036f\022\315\313"
 467      0B09090B 
 467      5D1E1E66 
 467      12CDCB
 468 1449 FFF5CB2F 		.ascii	"\377\365\313/>\373b3\031\013\017\0126\232\314\313\177"
 468      3EFB6233 
 468      190B0F0A 
 468      369ACCCB 
 468      7F
 469 145a F5D967A0 		.ascii	"\365\331g\240\2675\344\232\020qs0\010p\011\333\024j"
 469      B735E49A 
 469      10717330 
 469      087009DB 
 469      146A
 470 146c 34B9FC29 		.ascii	"4\271\374)\302\030a$.e\272\233\015t\300\313\016\003"
 470      C2186124 
 470      2E65BA9B 
 470      0D74C0CB 
 470      0E03
 471 147e AD432244 		.ascii	"\255C\"D\343f0\003\010\351\245\326\030n\014\205x\255"
 471      E3663003 
 471      08E9A5D6 
 471      186E0C85 
 471      78AD
 472 1490 77376E34 		.ascii	"w7n4\206\212!\376\346?\302\335\020\363z:A\263\311?H"
 472      868A21FE 
 472      E63FC2DD 
 472      10F37A3A 
 472      41B3C93F 
 473 14a5 849B5E32 		.ascii	"\204\233^2\276D\246\247\0341\210(\302\325\270\211Lu"
 473      BE44A6A7 
 473      1C318828 
 473      C2D5B889 
ARM GAS  C:\Users\Lena\AppData\Local\Temp\ccKVgtvt.s 			page 38


 473      4C75
 474 14b7 DD248256 		.ascii	"\335$\202V\341\360c6\206\204\343\200P\321\315`\260:"
 474      E1F06336 
 474      8684E380 
 474      50D1CD60 
 474      B03A
 475 14c9 8CFFBAC0 		.ascii	"\214\377\272\300\250A\004\267\033\200\306?|C\230\311"
 475      A84104B7 
 475      1B80C63F 
 475      7C4398C9 
 476 14d9 A83113D1 		.ascii	"\2501\023\321\346\365.\000@\260I\024M\341\336L\204\301"
 476      E6F52E00 
 476      40B04914 
 476      4DE1DE4C 
 476      84C1
 477 14eb 645C6734 		.ascii	"d\\g4\031C\003@y`\033\266\366\017\341Z\343\346 1 ,\320"
 477      19430340 
 477      79601BB6 
 477      F60FE15A 
 477      E3E62031 
 478 1502 E86A0AFC 		.ascii	"\350j\012\374\016f\250\201\304\354\306B\3641\310\261"
 478      0E66A881 
 478      C4ECC642 
 478      F431C8B1 
 479 1512 FE8A641C 		.ascii	"\376\212d\034\330\255\013\366_o\326\210!0\0030\263\350"
 479      D8AD0BF6 
 479      5F6FD688 
 479      21300330 
 479      B3E8
 480 1524 2F1AB522 		.ascii	"/\032\265\"\375!,\375\327\372\233\215<\300\253?\342"
 480      FD212CFD 
 480      D7FA9B8D 
 480      3CC0AB3F 
 480      E2
 481 1535 0126173A 		.ascii	"\001&\027:\263\370G\377\340\240\365\241\220\212?y\214"
 481      B3F847FF 
 481      E0A0F5A1 
 481      908A3F79 
 481      8C
 482 1546 3704801B 		.ascii	"7\004\200\033 \250\352P\377\020\243:`\203\277\311%,"
 482      20A8EA50 
 482      FF10A33A 
 482      6083BFC9 
 482      252C
 483 1558 3810C21A 		.ascii	"8\020\302\032j\334\004\205\021 n\026\314\341B\260\011"
 483      6ADC0485 
 483      11206E16 
 483      CCE142B0 
 483      09
 484 1569 52723D94 		.ascii	"Rr=\224\236A\304\246\225+\001V\010\246O\004\323\307"
 484      9E41C4A6 
 484      952B0156 
 484      08A64F04 
 484      D3C7
 485 157b 82698D60 		.ascii	"\202i\215`Z-\230\376Q0}\344N8\023\247\303\244\220\377"
 485      5A2D98FE 
 485      51307DE4 
ARM GAS  C:\Users\Lena\AppData\Local\Temp\ccKVgtvt.s 			page 39


 485      4E3813A7 
 485      C3A490FF 
 486 158f 1BC50D1B 		.ascii	"\033\305\015\033\327\204\220R\242\222\003\302B!\257"
 486      D7849052 
 486      A29203C2 
 486      4221AF
 487 159e 4435290F 		.ascii	"D5)\0177[\336\270\204\204C?\321\362\240\212\206\237"
 487      375BDEB8 
 487      8484433F 
 487      D1F2A08A 
 487      869F
 488 15b0 ACAC21FF 		.ascii	"\254\254!\377@\225\237\216?$-\360\307\201kiQ\220\016"
 488      40959F8E 
 488      3F242DF0 
 488      C7816B69 
 488      51900E
 489 15c3 670C8176 		.ascii	"g\014\201v\2746b\275[\270\177hP\200\0012\322S>\014I"
 489      BC3662BD 
 489      5BB87F68 
 489      50800132 
 489      D2533E0C 
 490 15d8 B6512475 		.ascii	"\266Q$u\362\226c\277c\345\243\341]\362\257\025\356A"
 490      F29663BF 
 490      63E5A3E1 
 490      5DF2AF15 
 490      EE41
 491 15ea BE9AC8AF 		.ascii	"\276\232\310\257\007L%\216\373\216\315\010\2100AI\210"
 491      074C258E 
 491      FB8ECD08 
 491      88304149 
 491      88
 492 15fb 7A69C820 		.ascii	"zi\310 \272\331\264\021\304\020\327\260u\353\240\237"
 492      BAD9B411 
 492      C410D7B0 
 492      75EBA09F 
 493 160b 694C222D 		.ascii	"iL\"-\266\337\377d\336\020\2113\026\210!\206\000(\225"
 493      B6DFFF64 
 493      DE108933 
 493      16882186 
 493      002895
 494 161e B5267F31 		.ascii	"\265&\1771(\014\352\305]\362\214\350a0\320'\265a\331"
 494      280CEAC5 
 494      5DF28CE8 
 494      6130D027 
 494      B561D9
 495 1631 EA4F3E59 		.ascii	"\352O>Y\241\265bv\303k\376\027\227\376\235\363"
 495      A1B56276 
 495      C36BFE17 
 495      97FE9DF3 
 496              		.text
 497              		.section	.gnu.lto_.symtab.d26e3ad1,"",%progbits
 498 0000 5F76745F 		.ascii	"_vt_init\000"
 498      696E6974 
 498      00
 499 0009 00       		.ascii	"\000"
 500 000a 00       		.ascii	"\000"
 501 000b 00       		.ascii	"\000"
ARM GAS  C:\Users\Lena\AppData\Local\Temp\ccKVgtvt.s 			page 40


 502 000c 00000000 		.ascii	"\000\000\000\000\000\000\000\000"
 502      00000000 
 503 0014 AE000000 		.ascii	"\256\000\000\000"
 504 0018 63685654 		.ascii	"chVTDoSetI\000"
 504      446F5365 
 504      744900
 505 0023 00       		.ascii	"\000"
 506 0024 00       		.ascii	"\000"
 507 0025 00       		.ascii	"\000"
 508 0026 00000000 		.ascii	"\000\000\000\000\000\000\000\000"
 508      00000000 
 509 002e DD000000 		.ascii	"\335\000\000\000"
 510 0032 63685654 		.ascii	"chVTDoResetI\000"
 510      446F5265 
 510      73657449 
 510      00
 511 003f 00       		.ascii	"\000"
 512 0040 00       		.ascii	"\000"
 513 0041 00       		.ascii	"\000"
 514 0042 00000000 		.ascii	"\000\000\000\000\000\000\000\000"
 514      00000000 
 515 004a E1000000 		.ascii	"\341\000\000\000"
 516 004e 636800   		.ascii	"ch\000"
 517 0051 00       		.ascii	"\000"
 518 0052 02       		.ascii	"\002"
 519 0053 00       		.ascii	"\000"
 520 0054 00000000 		.ascii	"\000\000\000\000\000\000\000\000"
 520      00000000 
 521 005c F1010000 		.ascii	"\361\001\000\000"
 522              		.text
 523              		.section	.gnu.lto_.opts,"",%progbits
 524 0000 272D666D 		.ascii	"'-fmath-errno' '-fsigned-zeros' '-ftrapping-math' '"
 524      6174682D 
 524      6572726E 
 524      6F272027 
 524      2D667369 
 525 0033 2D666E6F 		.ascii	"-fno-trapv' '-fno-openmp' '-fno-openacc' '-mcpu=cor"
 525      2D747261 
 525      70762720 
 525      272D666E 
 525      6F2D6F70 
 526 0066 7465782D 		.ascii	"tex-m7' '-mno-thumb-interwork' '-mthumb' '-ggdb' '-"
 526      6D372720 
 526      272D6D6E 
 526      6F2D7468 
 526      756D622D 
 527 0099 4F322720 		.ascii	"O2' '-fomit-frame-pointer' '-falign-functions=16' '"
 527      272D666F 
 527      6D69742D 
 527      6672616D 
 527      652D706F 
 528 00cc 2D666675 		.ascii	"-ffunction-sections' '-fdata-sections' '-fno-common"
 528      6E637469 
 528      6F6E2D73 
 528      65637469 
 528      6F6E7327 
 529 00ff 2720272D 		.ascii	"' '-flto'\000"
ARM GAS  C:\Users\Lena\AppData\Local\Temp\ccKVgtvt.s 			page 41


 529      666C746F 
 529      2700
 530              		.text
 531              		.comm	__gnu_lto_v1,1,1
 532              		.comm	__gnu_lto_slim,1,1
 533              		.ident	"GCC: (GNU Tools for ARM Embedded Processors 6-2017-q1-update) 6.3.1 20170215 (release) [AR
ARM GAS  C:\Users\Lena\AppData\Local\Temp\ccKVgtvt.s 			page 42


DEFINED SYMBOLS
                            *ABS*:00000000 chvt.c
                            *COM*:00000001 __gnu_lto_v1
                            *COM*:00000001 __gnu_lto_slim

NO UNDEFINED SYMBOLS
