ARM GAS  C:\Users\Lena\AppData\Local\Temp\ccXbhiwc.s 			page 1


   1              		.cpu cortex-m7
   2              		.eabi_attribute 20, 1
   3              		.eabi_attribute 21, 1
   4              		.eabi_attribute 23, 3
   5              		.eabi_attribute 24, 1
   6              		.eabi_attribute 25, 1
   7              		.eabi_attribute 26, 1
   8              		.eabi_attribute 30, 2
   9              		.eabi_attribute 34, 1
  10              		.eabi_attribute 18, 4
  11              		.file	"hal.c"
  12              		.text
  13              	.Ltext0:
  14              		.section	.gnu.lto_.profile.d26e3024,"",%progbits
  15 0000 789C6365 		.ascii	"x\234ce`b`a```d\260\347\000\000\001\006\000T"
  15      60626061 
  15      60606064 
  15      B0E70000 
  15      01060054 
  16              		.text
  17              		.section	.gnu.lto_.icf.d26e3024,"",%progbits
  18 0000 789C6365 		.ascii	"x\234ce`b\340`@\000F\206\267\217\026m\345c\000\000\020"
  18      6062E060 
  18      40004686 
  18      B78F166D 
  18      E5630000 
  19 0015 1F0345   		.ascii	"\037\003E"
  20              		.text
  21              		.section	.gnu.lto_.jmpfuncs.d26e3024,"",%progbits
  22 0000 789C6365 		.ascii	"x\234ce`b\320`@\000F(\315\3048\235\231\261\371\327\376"
  22      6062D060 
  22      40004628 
  22      CDC4389D 
  22      99B1F9D7 
  23 0015 CF7CF57F 		.ascii	"\317|\365\177\033$\34633,f\006\311.g\254g`d\001\262"
  23      1B24E633 
  23      332C6606 
  23      C92E67AC 
  23      67606401 
  24 002a 00B87808 		.ascii	"\000\270x\010\225"
  24      95
  25              		.text
  26              		.section	.gnu.lto_.inline.d26e3024,"",%progbits
  27 0000 789C6365 		.ascii	"x\234ce`b0f@\000F\006\006.{F\240 \003\003\333\002y&"
  27      60623066 
  27      40004606 
  27      062E7B46 
  27      A0200303 
  28 0018 B0101726 		.ascii	"\260\020\027&\301\304\015R\012f2\000\000?\336\001\224"
  28      C1C40D52 
  28      0A663200 
  28      003FDE01 
  28      94
  29              		.text
  30              		.section	.gnu.lto_.pureconst.d26e3024,"",%progbits
  31 0000 789C6365 		.ascii	"x\234ce`b`f```d\220\000\000\000\204\000$"
  31      60626066 
ARM GAS  C:\Users\Lena\AppData\Local\Temp\ccXbhiwc.s 			page 2


  31      60606064 
  31      90000000 
  31      840024
  32              		.text
  33              		.section	.gnu.lto_halInit.d26e3024,"",%progbits
  34 0000 789C7590 		.ascii	"x\234u\220;HBa\024\307\317\271\237\257 \245\241\241"
  34      3B484261 
  34      14C7CFB9 
  34      9FAF20A5 
  34      A1A1
  35 0012 B0A1D525 		.ascii	"\260\241\325%{@AkNA\004\351\024\027$\215\360R$\250\265"
  35      7B40416B 
  35      4E4104E9 
  35      1417248D 
  35      F05224A8 
  36 0027 DE6B1682 		.ascii	"\336k\026\202A\265\230\031\304\265\"\264,M\241\301)"
  36      41B59819 
  36      C4B522B4 
  36      2C4DA1C1 
  36      29
  37 0038 71AAA5A0 		.ascii	"q\252\245\240\306\246\"\032\262 h+\324\316g\017\034"
  37      C6A6221A 
  37      B220682B 
  37      D4CE670F 
  37      1C
  38 0049 ECC0E13B 		.ascii	"\354\300\341;\217\037\347\374\277\243\005\001.\020@"
  38      8F1FE7FC 
  38      BFA30501 
  38      2E1040
  39 0058 04003339 		.ascii	"\004\000392@a\343\012 h\020\020y\240\030\020d\001e\\"
  39      324061E3 
  39      0A206810 
  39      1079A018 
  39      10640165 
  40 006d 673186A5 		.ascii	"g1\206\245\360SA\260$\025\262b\354\255SI\025Qe\000q"
  40      F05341B0 
  40      2415B262 
  40      ECAD5349 
  40      15516500 
  41 0082 726E9844 		.ascii	"rn\230D\013\020\366\220\253F\215:\315w\035S\250\243"
  41      0B10F690 
  41      AB468D3A 
  41      CD771D53 
  41      A8A3
  42 0094 1590BDC1 		.ascii	"\025\220\275\301\242R\255\205\225\342\343\036\336\216"
  42      A252AD85 
  42      95E2E31E 
  42      DE8E
  43 00a2 1A0022D4 		.ascii	"\032\000\"\324\346;V\231\300_V\306P\342\323\314y>\244"
  43      E63B5699 
  43      C05F56C6 
  43      50E2D3CC 
  43      793EA4
  44 00b5 5078B9D3 		.ascii	"Px\271\323\313\025\305\2402\2143\232\200\207(\203Jl"
  44      CB15C5A0 
  44      328C339A 
  44      80872883 
ARM GAS  C:\Users\Lena\AppData\Local\Temp\ccXbhiwc.s 			page 3


  44      4A6C
  45 00c7 19971307 		.ascii	"\031\227\023\007\255M8\026\247.\340\021q\324\330\\)"
  45      AD4D3816 
  45      A72EE011 
  45      71D4D85C 
  45      29
  46 00d8 5DEBD798 		.ascii	"]\353\327\230\3124\310\323\320\307\371\273\211\270\016"
  46      CA34C8D3 
  46      D0C7F9BB 
  46      89B80E
  47 00e7 2AEC7361 		.ascii	"*\354saT\273\334N\317\252\270\023lS\231\026\217\351"
  47      54BBDC4E 
  47      CFAAB813 
  47      6C539916 
  47      8FE9
  48 00f9 9769ECAA 		.ascii	"\227i\354\2527j\317\371L\013\301[\212\322\315\007\234"
  48      376ACFF9 
  48      4C0BC15B 
  48      8AD2CD07 
  48      9C
  49 010a A08AF585 		.ascii	"\240\212\365\205\230AYe:\340Zw\215\315\265\322p\314"
  49      98415965 
  49      3AE05A77 
  49      8DCDB5D2 
  49      70CC
  50 011c FE690D25 		.ascii	"\376i\015%\316L\3159\015q\247\015\334}{sNK\\\256\201"
  50      CE4CCD39 
  50      0D71A70D 
  50      DC7D7B73 
  50      4E4B5CAE 
  51 0131 ABFCC3E9 		.ascii	"\253\374\303\351\210\313\377p\257\270\224HF\2775s\213"
  51      88CBFF70 
  51      AFB89448 
  51      46BF3573 
  51      8B
  52 0142 D005E9C6 		.ascii	"\320\005\351\306t\236I\333\2608\341\030\267;\245\371"
  52      749E49DB 
  52      B038E118 
  52      B73BA5F9 
  53 0152 19AF6893 		.ascii	"\031\257h\223\374\001\237\344r\332\035c\003\375\277"
  53      FC019FE4 
  53      72DA1D63 
  53      03FDBF
  54 0161 9938E291 		.ascii	"\2318\342\221\\\222=\2600-y\235\213\275\215\251\350"
  54      5C923DB0 
  54      302D799D 
  54      8BBD8DA9 
  54      E8
  55 0172 E6B1D7DF 		.ascii	"\346\261\327\33774h\365\372\255\236\2519\253\337\347"
  55      373468F5 
  55      FAAD9EA9 
  55      39ABDFE7 
  56 0182 E66F8F1B 		.ascii	"\346o\217\033\276\000\367k\266n"
  56      BE00F76B 
  56      B66E
  57              		.text
  58              		.section	.gnu.lto_.symbol_nodes.d26e3024,"",%progbits
ARM GAS  C:\Users\Lena\AppData\Local\Temp\ccXbhiwc.s 			page 4


  59 0000 789C55C9 		.ascii	"x\234U\311\273\021\2030\024D\321\253\025\302m\270\024"
  59      BB118330 
  59      1444D1AB 
  59      15C26DB8 
  59      14
  60 0011 53D95340 		.ascii	"S\331S@\001.\300\177S\001!1\261k\200\031\327\341\341"
  60      012EC07F 
  60      53012131 
  60      B16B8019 
  60      D7E1E1
  61 0024 5911DAE4 		.ascii	"Y\021\332\344\314\334M\210\021\237.28\177\300\231r\007"
  61      CCDC4D88 
  61      119F2E32 
  61      387FC099 
  61      7207
  62 0036 E92E8EFE 		.ascii	"\351.\216\376\204\267,\224\007r>yx\311T\205\247,V\341"
  62      84B72C94 
  62      07723E79 
  62      78C95485 
  62      A72C56E1 
  63 004a 216BAA70 		.ascii	"!k\252p\223\245*\\e\355>D\016\014\313/DZ\346b\342[l"
  63      93A52A5C 
  63      65ED3E44 
  63      0E0CCB2F 
  63      445AE662 
  64 0061 E8D7BF91 		.ascii	"\350\327\277\221\241(f\227\015W\235,/"
  64      A1286697 
  64      0D579D2C 
  64      2F
  65              		.text
  66              		.section	.gnu.lto_.refs.d26e3024,"",%progbits
  67 0000 789C6365 		.ascii	"x\234ce`b`c```d`bdb\000\000\000\275\000\024"
  67      60626063 
  67      60606064 
  67      60626462 
  67      000000BD 
  68              		.text
  69              		.section	.gnu.lto_.decls.d26e3024,"",%progbits
  70 0000 789CC556 		.ascii	"x\234\305V[PTG\032>}zf\230\031\206hA*\353\203\265KY"
  70      5B505447 
  70      1A3E7D7A 
  70      66981986 
  70      68412AEB 
  71 0018 A4E42101 		.ascii	"\244\344!\001\301DRy\3305\013\361\222\020\245\326$\017"
  71      C1445279 
  71      D8350BF1 
  71      9210A5D6 
  71      240F
  72 002a A9A99A1A 		.ascii	"\251\251\232\032\230Q\246\012ffg\206TR\373r\224;\011"
  72      9851A60A 
  72      66666786 
  72      5452FB72 
  72      943B09
  73 003d A2718D8B 		.ascii	"\242q\215\213\245\256\006\262BB\200\340%\210\267A#\""
  73      A5AE06B2 
  73      424280E0 
  73      2588B741 
ARM GAS  C:\Users\Lena\AppData\Local\Temp\ccXbhiwc.s 			page 5


  73      2322
  74 004f 721357C0 		.ascii	"r\023W\300\204\313,\"\321(7\203\002\312e\377\356>\207"
  74      84CB2C22 
  74      D1283783 
  74      02CA65FF 
  74      EE3E87
  75 0062 7318C843 		.ascii	"s\030\310Cj\265\366\324\374\247\317\337\377\327\337"
  75      6AB5F6D4 
  75      FCA7CFDF 
  75      FFD7DF
  76 0071 FFF5755A 		.ascii	"\377\365uZ\315\361\334\035\003\307\005\2529\256\230"
  76      CDF1DC1D 
  76      03C705AA 
  76      39AE98
  77 0080 E3B85978 		.ascii	"\343\270Yxx(\277\001C`\243\034{\002\300&\300\036\203"
  77      7828BF01 
  77      4360A31C 
  77      7B02C026 
  77      C01E83
  78 0093 4D81CD70 		.ascii	"M\201\315p\014\240\002\323 \206\325\"n\3363\212X\273"
  78      0CA002D3 
  78      2086D522 
  78      6EDE338A 
  78      58BB
  79 00a5 F7C174F0 		.ascii	"\367\301t\360=\016\245\0361\316\0210\214\346skD>B6#"
  79      3D0EA51E 
  79      31CE1130 
  79      8CE6736B 
  79      443E4236 
  80 00ba E679CC2D 		.ascii	"\346y\314-\316\275\017\243k\031\225\007\360N\214\202"
  80      CEBD0FA3 
  80      6B199507 
  80      F04E8C82 
  81 00ca F54805EE 		.ascii	"\365H\005\356h\323\376[\317\201\373\274\036\205\202"
  81      68D3FE5B 
  81      CF81FBBC 
  81      1E8582
  82 00d9 9B5F3AF3 		.ascii	"\233_:\363\007\026\374\007\017n\365\331\301h\346.\007"
  82      0716FC07 
  82      0F6EF5D9 
  82      C168E62E 
  82      07
  83 00ea AFA67BD4 		.ascii	"\257\246{\324\033\310\260>D\332\012\371\331\006\026"
  83      1BC8B03E 
  83      44DA0AF9 
  83      D90616
  84 00f9 9E20FE95 		.ascii	"\236 \376\225\366\203Cz\314#\222f(\343\266/\220\305"
  84      F683437A 
  84      CC239266 
  84      28E3B62F 
  84      90C5
  85 010b 9681DB36 		.ascii	"\226\201\3336\322xPt\227\202\333\225\233uH\203u\024"
  85      D2785074 
  85      9782DB95 
  85      9B754883 
  85      7514
  86 011d D95D5FFA 		.ascii	"\331]_\3725\021\264R\217\3100.\201\252\212\373\247&"
ARM GAS  C:\Users\Lena\AppData\Local\Temp\ccXbhiwc.s 			page 6


  86      3511B452 
  86      8FC8302E 
  86      81AA8AFB 
  86      A726
  87 012f 83581541 		.ascii	"\203X\025A\364N\226\254\213(\023\330\243\375\275\334"
  87      F44E96AC 
  87      8B2813D8 
  87      A3FDBDDC 
  88 013f 97B68207 		.ascii	"\227\266\202\007\305\001\370w\004\304\0276t\\P\241p"
  88      C501F877 
  88      04C41736 
  88      745C50A1 
  88      70
  89 0150 FDBF08C8 		.ascii	"\375\277\010\310\3331\266rw\266 \360\350$\322\243\343"
  89      DB31B672 
  89      77B620F0 
  89      E824D2A3 
  89      E3
  90 0161 08A36328 		.ascii	"\010\243c(\202\214\311J=\274s\004a\207\260+]\320m\340"
  90      828CC94A 
  90      3DBC7304 
  90      6187B02B 
  90      5DD06DE0 
  91 0175 50095A8E 		.ascii	"P\011Z\216\216\242\345\034:\201\302I>\202CUP\371-TB"
  91      8EA2E51C 
  91      3A81C249 
  91      3E824355 
  91      50F92D54 
  92 018a 8AD2E2DD 		.ascii	"\212\322\342\335_h\360)Ds\324\235\373\261S\205\364\341"
  92      5F68F029 
  92      4473D49D 
  92      FBB15385 
  92      F4E1
  93 019c 8B129C5A 		.ascii	"\213\022\234Z\204@\024S\275\242.\223\210\251\0061\337"
  93      84401453 
  93      BDA22E93 
  93      88A90631 
  93      DF
  94 01ad C962401B 		.ascii	"\311b@\033\353G_M\327v\0367\263\221\333\177z\254A\315"
  94      EB475F4D 
  94      D7761E37 
  94      B391DB7F 
  94      7AAC41CD 
  95 01c1 864A0BEE 		.ascii	"\206J\013\356\360\236KM<nc\261\201\316\364B\015\356"
  95      F09E4B4D 
  95      3C6E63B1 
  95      81CEF442 
  95      0DEE
  96 01d3 64CEAEE9 		.ascii	"d\316\256\351\233\202\006\373\230\223?<qD\205\177b\316"
  96      9B8206FB 
  96      98933F3C 
  96      7144857F 
  96      62CE
  97 01e5 CDF4F1F6 		.ascii	"\315\364\361\366 <H\035]VE\365q\003\012#OHXX\370\027"
  97      203C481D 
  97      5D5645F5 
  97      71030A23 
ARM GAS  C:\Users\Lena\AppData\Local\Temp\ccXbhiwc.s 			page 7


  97      4F485858 
  98 01fb 44BBB7A3 		.ascii	"D\273\267\243\347\245\372\007\375\202\360\231\201\212"
  98      E7A5FA07 
  98      FD82F099 
  98      818A
  99 0209 F282A83A 		.ascii	"\362\202\250:\024\"w\246\034^\034\212\202\027\307\032"
  99      142277A6 
  99      1C5E1C8A 
  99      8217C71A 
 100 0219 3CFE63A1 		.ascii	"<\376c\241\340\315\300\024}\336\037\035\351\007\376"
 100      E0CDC014 
 100      7DDE1F1D 
 100      E907FE
 101 0228 F94F32F8 		.ascii	"\371O2\370\214?\3704\245.A\012n\005\274\306\037^\341"
 101      8C3FF834 
 101      A52E410A 
 101      6E05BCC6 
 101      1F5EE1
 102 023b AFE40705 		.ascii	"\257\344\007\005\372\354\342\344\024\275\233\214\375"
 102      FAECE2E4 
 102      14BD9B8C 
 102      FD
 103 0248 2E4158AB 		.ascii	".AX\253\342\320\327\020\377\212\206\010\032\206\037"
 103      E2D0D710 
 103      FF8A8608 
 103      1A861F
 104 0257 5D81D9BA 		.ascii	"]\201\331\272\200\302\320e\260K`\027\301\276\007\253"
 104      80C2D065 
 104      B04B6017 
 104      C1BE07AB 
 105 0267 07AB4561 		.ascii	"\007\253Eat\205\261|\015\212|\347\026\355\271\262/\015"
 105      7485B17C 
 105      0D8A7CE7 
 105      16EDB9B2 
 105      2F0D
 106 0279 1B6474E5 		.ascii	"\033dt\345\342}ap\2664\206\316\005o\027\004D`\234\270"
 106      E27D6170 
 106      B63486CE 
 106      056F1704 
 106      44609CB8 
 107 028d 2CC4B57D 		.ascii	",\304\265}~&\243U\203\357`\272\360\212\363\032OjQH\370"
 107      7E26A355 
 107      83EF60BA 
 107      F08AF31A 
 107      4F6A5148 
 108 02a2 627D428D 		.ascii	"b}B\215\320\225\337\322-\226y\240^\003\233\011]\205"
 108      D095DFD2 
 108      2D9679A0 
 108      5E039B09 
 108      5D85
 109 02b4 860DF292 		.ascii	"\206\015\362\222$:hzi\257\007\213{=\273\351\341Q\036"
 109      243A687A 
 109      69AF078B 
 109      7B3DBBE9 
 109      E1511E
 110 02c7 3FA17250 		.ascii	"?\241rP\345\231\214\301\347X\320K\202\237d\026\344\006"
 110      E5998CC1 
ARM GAS  C:\Users\Lena\AppData\Local\Temp\ccXbhiwc.s 			page 8


 110      E758D04B 
 110      829F6416 
 110      E406
 111 02d9 E01D2A1A 		.ascii	"\340\035*\032\374\245\244\352\220\226\005KH\360\356"
 111      FCA5A4EA 
 111      9096054B 
 111      48F0EE
 112 02e8 74DD3D35 		.ascii	"t\335=5\316e\301\262\246\313]\342\351\223C\202\327\307"
 112      CE65C1B2 
 112      A6CB5DE2 
 112      E9934382 
 112      D7C7
 113 02fa 5BB3F578 		.ascii	"[\263\365x\027\013\316\336\275Y\244c\301\021\342\347"
 113      170BCEDE 
 113      BD59A463 
 113      C111E2E7 
 114 030a 9DD853B4 		.ascii	"\235\330S\264\004\357c\301\353\003G2\304\303\246\225"
 114      04EF63C1 
 114      EB034732 
 114      C4C3A695 
 115 031a F83B0B8E 		.ascii	"\370;\013\216}\253\307\207X\260d\340\300N1\370\032\270"
 115      7DABC787 
 115      58B064E0 
 115      C04E31F8 
 115      1AB8
 116 032c 279AAA7B 		.ascii	"'\232\252{\324\370K\026\353z\320\236\035\210\313\230"
 116      D4F84B16 
 116      EB7AD09E 
 116      1D88CB98 
 117 033c 5331F5F7 		.ascii	"S1\365\367\243\032|\2149\255\007\016J;\35589\355\362"
 117      A31A7C8C 
 117      39AD070E 
 117      4A3BED38 
 117      39EDF2
 118 034f 2B66B5EC 		.ascii	"+f\265\354x;\034B2\024vW\352q\015\305\006M\367\216\235"
 118      783B1C42 
 118      32147657 
 118      EA710DC5 
 118      064DF78E 
 119 0364 0F442161 		.ascii	"\017D!asOx\230r2z`2\272\351\354\372\304\231\270\007"
 119      734F7898 
 119      72327A60 
 119      32BAE9EC 
 119      FAC499B8 
 120 0379 33D107A3 		.ascii	"3\321\007\243>\000v\007\3546X?\330]\260\237\301\356"
 120      3E007607 
 120      EC36583F 
 120      D85DB09F 
 120      C1EE
 121 038b 83FD04F6 		.ascii	"\203\375\004\366\037\260[\362\202#3\323\034\274G\020"
 121      1FB05BF2 
 121      822333D3 
 121      1CBC4710 
 122 039b EA57D1B9 		.ascii	"\352W\321\271\371\006\346\206P\316\315v\331\374\355"
 122      F906E686 
 122      50CECD76 
 122      D9FCED
ARM GAS  C:\Users\Lena\AppData\Local\Temp\ccXbhiwc.s 			page 9


 123 03aa 03F80B6F 		.ascii	"\003\370\013om\247K\216\300\273\374\341\363\266&\001"
 123      6DA74B8E 
 123      C0BBFCE1 
 123      F3B62601 
 124 03ba 6F96C1BD 		.ascii	"o\226\301\275\376\340R\344\217\216\227\321\355\376\350"
 124      FEE052E4 
 124      8F8E97D1 
 124      EDFEE8
 125 03c9 1BFEE8BE 		.ascii	"\033\376\350\276\267et\247?\272c\201\356>\205\356\037"
 125      B76574A7 
 125      3FBA6381 
 125      EE3E85EE 
 125      1F
 126 03da FDE1E50B 		.ascii	"\375\341\345\013\273\271I\2067\373\303\233\026(Wh\371"
 126      BBB94986 
 126      37FBC39B 
 126      16285768 
 126      F9
 127 03eb C11F7D73 		.ascii	"\301\037}s\201rE?\377\355\217\276\276P\312;2\274\315"
 127      8172453F 
 127      FFED8FBE 
 127      BE50CA3B 
 127      32BCCD
 128 03fe 1F7E4D26 		.ascii	"\037~M&\027\367\370\025\266\307}\363\367\2708\331M\212"
 128      17F7F815 
 128      B6C77DF3 
 128      F7B838D9 
 128      4D8A
 129 0410 C96EF5E7 		.ascii	"\311n\365\347jQ\244\206\025Y;y?s\011\256\245+\222\237"
 129      6A51A486 
 129      15593B79 
 129      3F7309AE 
 129      A52B929F 
 130 0424 EEEA7FD5 		.ascii	"\356\352\177\325\357H\220V!\032\206\305\367\277,D&\274"
 130      EF489056 
 130      211A86C5 
 130      F7BF2C44 
 130      26BC
 131 0436 BD851E11 		.ascii	"\275\205\036\021C@4(\037\021>\351\2108\350\363\336R"
 131      43403428 
 131      1F113EE9 
 131      8838E8F3 
 131      DE52
 132 0448 8788F973 		.ascii	"\207\210\371s~-?\367\233\223\223\277\266\207\247\367"
 132      7E2D3FF7 
 132      9B9393BF 
 132      B687A7F7 
 133 0458 6243DEDC 		.ascii	"bC\336\334\337,\032Q\034\243\034\032E\006z\221\202\022"
 133      DF2C1A51 
 133      1CA31C1A 
 133      45067A91 
 133      8212
 134 046a C027F3BF 		.ascii	"\300'\363\277?\313\367\300\322\207\033\030ZJ)\020bo"
 134      3FCBF7C0 
 134      D2871B18 
 134      5A4A2910 
 134      626F
ARM GAS  C:\Users\Lena\AppData\Local\Temp\ccXbhiwc.s 			page 10


 135 047c 448DBAB3 		.ascii	"D\215\272\263\322\203\020\255\207Z\236\023\257`R\025"
 135      D28310AD 
 135      875A9E13 
 135      AF605215 
 136 048c 925A883E 		.ascii	"\222Z\210>/\272\274HI\177bc\244`da\226Iz\330\015\214"
 136      2FBABC48 
 136      497F6263 
 136      A4606461 
 136      96497AD8 
 137 04a2 7DD06652 		.ascii	"}\320fRk\304\313\011\020R6P\0202\331b|N\037'w\016IC"
 137      6BC4CB09 
 137      10523650 
 137      1032D962 
 137      7C4E1F27 
 138 04ba 355AD838 		.ascii	"5Z\3308\240\357\205a\207\232\303k\021\255\0339&\364"
 138      A0EF8561 
 138      879AC36B 
 138      11AD1B39 
 138      26F4
 139 04cc E9F15576 		.ascii	"\351\361Uv\312]\232\035\367.a\247\034\257\270\211=\317"
 139      CA5D9A1D 
 139      F72E61A7 
 139      1CAFB889 
 139      3DCF
 140 04de 6E6213DB 		.ascii	"nb\023\333o\324\352\227}N\257V\351\302R\036\275\377"
 140      6FD4EA97 
 140      7D4EAF56 
 140      E9C2521E 
 140      BDFF
 141 04f0 027A0403 		.ascii	"\002z\004\003\375\220\016\3648Z\006\357D\225\270\374"
 141      FD900EF4 
 141      385A06EF 
 141      4495B8FC 
 142 0500 5AF34FEB 		.ascii	"Z\363O\353W\034\026\016\373\004o\357~<Q\226%\264B\263"
 142      571C160E 
 142      FB046FEF 
 142      7E3C5196 
 142      25B442B3 
 143 0514 B51487C6 		.ascii	"\265\024\207\306\344%\002\237\360\376\005\016\030\364"
 143      E425029F 
 143      F0FE050E 
 143      18F4
 144 0522 00160507 		.ascii	"\000\026\005\007\327\303\025\344?\244j\250W\215\313"
 144      D7C315E4 
 144      3FA46AA8 
 144      578DCB
 145 0531 D554D6EE 		.ascii	"\325T\326\356\252\326>\014d>Xh\303\345\270<\275\356"
 145      AAD63E0C 
 145      643E5868 
 145      C3E5B83C 
 145      BDEE
 146 0543 53E10862 		.ascii	"S\341\010bT\2232\325$\241\"\037\217)E\343@\367\337\360"
 146      549332D5 
 146      24A1221F 
 146      8F2945E3 
 146      40F7DFF0 
 147 0557 3E0D6528 		.ascii	">\015e(\337\3332\034 2\\m\304\367&\373\205\034=#x\""
ARM GAS  C:\Users\Lena\AppData\Local\Temp\ccXbhiwc.s 			page 11


 147      DFDB321C 
 147      20325C6D 
 147      C4F726FB 
 147      851C3D23 
 148 056d 133C9108 		.ascii	"\023<\221\010\246(AKC\321T\020\336\033@\031>?S{U'2\334"
 148      A628414B 
 148      43D15410 
 148      DE1B4019 
 148      3E3F537B 
 149 0585 BA874B4B 		.ascii	"\272\207KK\263\274\011\214`Z&\230\226\010f(\301\320"
 149      B3BC098C 
 149      605A2698 
 149      96086628 
 149      C1D0
 150 0597 B5FE47F0 		.ascii	"\265\376G\360_\247\245\0045c\227\253\244N\\\317UO\026"
 150      5FA7A504 
 150      356397AB 
 150      A44E5CCF 
 150      554F16
 151 05aa CD11CCCA 		.ascii	"\315\021\314\312\004\263\022\201\300\023\202\257\312"
 151      04B31281 
 151      C01382AF 
 151      CA
 152 05b7 0A6FEBF0 		.ascii	"\012o\353\360 #(\2741~_\243\342\331Z&\003\015u\027\333"
 152      202328BC 
 152      317E5FA3 
 152      E2D95A26 
 152      030D7517 
 153 05cc 3A0B54BF 		.ascii	":\013T\277:%\351<\231\222\035\2748'\305-\323\337i%\005"
 153      3A25E93C 
 153      99921DBC 
 153      3827C52D 
 153      D3DF6925 
 154 05e1 3D2F7DCA 		.ascii	"=/}\312\024\000\010\301\215RR\000\237LA\006UPx\250\240"
 154      140008C1 
 154      8D525200 
 154      9F4C4106 
 154      555078A8 
 155 05f6 12E3274C 		.ascii	"\022\343'L\301g\373\247\232y\221\340b\251zfV\036\305"
 155      C167FBA7 
 155      9A7991E0 
 155      62A97A66 
 155      561EC5
 156 0609 4C992153 		.ascii	"L\231!Sb\310\242\014\365\027\313\037\005\342Iv\201\357"
 156      62C8A20C 
 156      F517CB1F 
 156      05E24976 
 156      81EF
 157 061b A9AB2F54 		.ascii	"\251\253/T\275X$\214\220\253n\317k\237\2447\013\302"
 157      BD58248C 
 157      90AB6ECF 
 157      6B9FA437 
 157      0BC2
 158 062d 119E6ED9 		.ascii	"\021\236n\331l\306\240\370{\314&D(\207\177\221\334\353"
 158      6CC6A0F8 
 158      7BCC2644 
 158      28877F91 
ARM GAS  C:\Users\Lena\AppData\Local\Temp\ccXbhiwc.s 			page 12


 158      DCEB
 159 063f 273A7A0C 		.ascii	"':z\014\312]N\222\312\273<\2277H\351\341\223\236\012"
 159      CA5D4E92 
 159      CABB3C97 
 159      3748E9E1 
 159      939E0A
 160 0652 FF6C5729 		.ascii	"\377lW)\361\244\2332>\217g\247\002)5\011o\305\231=f"
 160      F1A49B32 
 160      3E8F67A7 
 160      02293509 
 160      6FC5993D 
 161 0667 9579AB2B 		.ascii	"\225y\253+E\273~\323{\241\261QQ\234\336dJ\263\331=\253"
 161      45BB7ED3 
 161      7BA1B151 
 161      519CDE64 
 161      4AB3D93D 
 162 067c A34D9EBD 		.ascii	"\243M\236\275\310\362\272\321\345q\270M6\373V\207\321"
 162      C8F2BAD1 
 162      E571B84D 
 162      36FB5687 
 162      D1
 163 068d 62737B5C 		.ascii	"bs{\\\266D\223\333\223\272:Z\362\214I\311\266D\370L"
 163      B64493DB 
 163      93BA3A5A 
 163      F28C49C9 
 163      B644F84C 
 164 06a1 B3D81CA6 		.ascii	"\263\330\034\246\017W)]\243\307\341Hq\033\267\331\323"
 164      0F57295D 
 164      A3C7E148 
 164      711BB7D9 
 164      D3
 165 06b2 42E957A8 		.ascii	"B\351W\250\331\225\032jMM\264Z,V\213qM\304\352\320\350"
 165      D9951A6A 
 165      4D4DB45A 
 165      2C568B71 
 165      4DC4EAD0 
 166 06c7 5551317F 		.ascii	"UQ1\177\2152B\375\313v\207\335\372\262\325\234h3\332"
 166      8D3242FD 
 166      CB7687DD 
 166      FAB2D59C 
 166      6833DA
 167 06da EC492969 		.ascii	"\354I)i\026\2531\325\014\\v\253\321d\261n5\247\245x"
 167      16AB31D5 
 167      0C5C76AB 
 167      D164B16E 
 167      35A7A578 
 168 06ee 4C9E8F9D 		.ascii	"L\236\217\235VwD2\247\225\364\345\375_\365\271?v\033"
 168      56774432 
 168      A795F4E5 
 168      FD5FF5B9 
 168      3F761B
 169 0701 219705C4 		.ascii	"!\227\005\304\200(\354\260\270\324\3164\247\305\025"
 169      8028ECB0 
 169      B8D4CE34 
 169      A7C515
 170 0710 E0703BAD 		.ascii	"\340p;\255V\213K\343 \202]\352T\207\305\352\"c\234\234"
 170      568B4BE3 
ARM GAS  C:\Users\Lena\AppData\Local\Temp\ccXbhiwc.s 			page 13


 170      20825DEA 
 170      5487C5EA 
 170      22639C9C 
 171 0724 16F7BAF1 		.ascii	"\026\367\272\361/\357n\336\302\344\306\211r\267\274"
 171      2FEF6EDE 
 171      C2E4C689 
 171      72B7BC
 172 0733 FB0EC815 		.ascii	"\373\016\310\025=c,\321\267eN\256\302e\322\035\356\250"
 172      3D632CD1 
 172      B7654EAE 
 172      C265D21D 
 172      EEA8
 173 0745 9835910E 		.ascii	"\2305\221\016wd\2629%\322\351py\334\221\224 2>>.r}\302"
 173      7764B239 
 173      25D2E970 
 173      79DC9194 
 173      20323E3E 
 174 075d C6CD1F46 		.ascii	"\306\315\037F\223\220\311\011\226\222b\001e\301t<L\333"
 174      9390C909 
 174      96926201 
 174      65C1743C 
 174      4CDB
 175 076f 9CC0E8B6 		.ascii	"\234\300\350\266z\322\234&\217&a#\231xM\302\006V\254"
 175      7AD29C26 
 175      8F266123 
 175      99784DC2 
 175      0656AC
 176 0782 67C53A56 		.ascii	"g\305:V\274\311\2128V\304\262\342\317\254x\203\025o"
 176      BCC98A38 
 176      56C4B2E2 
 176      CFAC7883 
 176      156F
 177 0794 934297F0 		.ascii	"\223B\227\360F|\254\303\276\325\266-\0002n\264\333<"
 177      467CACC3 
 177      BED5B62D 
 177      00326EB4 
 177      DB3C
 178 07a6 1F3CED0E 		.ascii	"\037<\355\016\272]I\244\214H\3424n\017\311`~\332\031"
 178      BA5D49A4 
 178      8C48E234 
 178      6E0FC960 
 178      7EDA19
 179 07b9 C4D9A463 		.ascii	"\304\331\244c\346&\023\251Kt\230]\026\222\313\375\264"
 179      E62613A9 
 179      4B74985D 
 179      1692CBFD 
 179      B4
 180 07ca 73516632 		.ascii	"sQf2_\246"
 180      5FA6
 181 07d0 4DEFC5C6 		.ascii	"M\357\305\306\277\2719\352\225WL\353b\326\304|\260\221"
 181      BFB939EA 
 181      95574CEB 
 181      62D6C47C 
 181      B091
 182 07e2 8520BBC6 		.ascii	"\205 \273\306MS[\237i7\255.\033\214i2\027\260\315I\007"
 182      4D535B9F 
 182      6937AD2E 
ARM GAS  C:\Users\Lena\AppData\Local\Temp\ccXbhiwc.s 			page 14


 182      1B8C6932 
 182      17B0CD49 
 183 07f7 35F15966 		.ascii	"5\361Yf\203\034\220*HZ\220\220\303\3461$+\034\347\263"
 183      831C902A 
 183      485A9090 
 183      C3E63124 
 183      2B1CE7B3 
 184 080b DC15F4BD 		.ascii	"\334\025\364\275.\346\243\217\"\223\345\015A\244H\207"
 184      2EE6A38F 
 184      2293E50D 
 184      41A44887 
 185 081b 4A125DC0 		.ascii	"J\022]\300\377\005E\214w\217"
 185      FF05458C 
 185      778F
 186              		.text
 187              		.section	.gnu.lto_.symtab.d26e3024,"",%progbits
 188 0000 68616C49 		.ascii	"halInit\000"
 188      6E697400 
 189 0008 00       		.ascii	"\000"
 190 0009 00       		.ascii	"\000"
 191 000a 00       		.ascii	"\000"
 192 000b 00000000 		.ascii	"\000\000\000\000\000\000\000\000"
 192      00000000 
 193 0013 F8000000 		.ascii	"\370\000\000\000"
 194 0017 70616C5F 		.ascii	"pal_default_config\000"
 194      64656661 
 194      756C745F 
 194      636F6E66 
 194      696700
 195 002a 00       		.ascii	"\000"
 196 002b 02       		.ascii	"\002"
 197 002c 00       		.ascii	"\000"
 198 002d 00000000 		.ascii	"\000\000\000\000\000\000\000\000"
 198      00000000 
 199 0035 08010000 		.ascii	"\010\001\000\000"
 200 0039 7374496E 		.ascii	"stInit\000"
 200      697400
 201 0040 00       		.ascii	"\000"
 202 0041 02       		.ascii	"\002"
 203 0042 00       		.ascii	"\000"
 204 0043 00000000 		.ascii	"\000\000\000\000\000\000\000\000"
 204      00000000 
 205 004b FA000000 		.ascii	"\372\000\000\000"
 206 004f 626F6172 		.ascii	"boardInit\000"
 206      64496E69 
 206      7400
 207 0059 00       		.ascii	"\000"
 208 005a 02       		.ascii	"\002"
 209 005b 00       		.ascii	"\000"
 210 005c 00000000 		.ascii	"\000\000\000\000\000\000\000\000"
 210      00000000 
 211 0064 FC000000 		.ascii	"\374\000\000\000"
 212 0068 7364496E 		.ascii	"sdInit\000"
 212      697400
 213 006f 00       		.ascii	"\000"
 214 0070 02       		.ascii	"\002"
 215 0071 00       		.ascii	"\000"
ARM GAS  C:\Users\Lena\AppData\Local\Temp\ccXbhiwc.s 			page 15


 216 0072 00000000 		.ascii	"\000\000\000\000\000\000\000\000"
 216      00000000 
 217 007a FE000000 		.ascii	"\376\000\000\000"
 218 007e 67707449 		.ascii	"gptInit\000"
 218      6E697400 
 219 0086 00       		.ascii	"\000"
 220 0087 02       		.ascii	"\002"
 221 0088 00       		.ascii	"\000"
 222 0089 00000000 		.ascii	"\000\000\000\000\000\000\000\000"
 222      00000000 
 223 0091 00010000 		.ascii	"\000\001\000\000"
 224 0095 5F70616C 		.ascii	"_pal_lld_init\000"
 224      5F6C6C64 
 224      5F696E69 
 224      7400
 225 00a3 00       		.ascii	"\000"
 226 00a4 02       		.ascii	"\002"
 227 00a5 00       		.ascii	"\000"
 228 00a6 00000000 		.ascii	"\000\000\000\000\000\000\000\000"
 228      00000000 
 229 00ae 04010000 		.ascii	"\004\001\000\000"
 230 00b2 68616C5F 		.ascii	"hal_lld_init\000"
 230      6C6C645F 
 230      696E6974 
 230      00
 231 00bf 00       		.ascii	"\000"
 232 00c0 02       		.ascii	"\002"
 233 00c1 00       		.ascii	"\000"
 234 00c2 00000000 		.ascii	"\000\000\000\000\000\000\000\000"
 234      00000000 
 235 00ca 06010000 		.ascii	"\006\001\000\000"
 236              		.text
 237              		.section	.gnu.lto_.opts,"",%progbits
 238 0000 272D666D 		.ascii	"'-fmath-errno' '-fsigned-zeros' '-ftrapping-math' '"
 238      6174682D 
 238      6572726E 
 238      6F272027 
 238      2D667369 
 239 0033 2D666E6F 		.ascii	"-fno-trapv' '-fno-openmp' '-fno-openacc' '-mcpu=cor"
 239      2D747261 
 239      70762720 
 239      272D666E 
 239      6F2D6F70 
 240 0066 7465782D 		.ascii	"tex-m7' '-mno-thumb-interwork' '-mthumb' '-ggdb' '-"
 240      6D372720 
 240      272D6D6E 
 240      6F2D7468 
 240      756D622D 
 241 0099 4F322720 		.ascii	"O2' '-fomit-frame-pointer' '-falign-functions=16' '"
 241      272D666F 
 241      6D69742D 
 241      6672616D 
 241      652D706F 
 242 00cc 2D666675 		.ascii	"-ffunction-sections' '-fdata-sections' '-fno-common"
 242      6E637469 
 242      6F6E2D73 
 242      65637469 
ARM GAS  C:\Users\Lena\AppData\Local\Temp\ccXbhiwc.s 			page 16


 242      6F6E7327 
 243 00ff 2720272D 		.ascii	"' '-flto'\000"
 243      666C746F 
 243      2700
 244              		.text
 245              		.comm	__gnu_lto_v1,1,1
 246              		.comm	__gnu_lto_slim,1,1
 247              		.ident	"GCC: (GNU Tools for ARM Embedded Processors 6-2017-q1-update) 6.3.1 20170215 (release) [AR
ARM GAS  C:\Users\Lena\AppData\Local\Temp\ccXbhiwc.s 			page 17


DEFINED SYMBOLS
                            *ABS*:00000000 hal.c
                            *COM*:00000001 __gnu_lto_v1
                            *COM*:00000001 __gnu_lto_slim

NO UNDEFINED SYMBOLS
