ARM GAS  C:\Users\Lena\AppData\Local\Temp\cc0uZHtL.s 			page 1


   1              		.cpu cortex-m7
   2              		.eabi_attribute 20, 1
   3              		.eabi_attribute 21, 1
   4              		.eabi_attribute 23, 3
   5              		.eabi_attribute 24, 1
   6              		.eabi_attribute 25, 1
   7              		.eabi_attribute 26, 1
   8              		.eabi_attribute 30, 2
   9              		.eabi_attribute 34, 1
  10              		.eabi_attribute 18, 4
  11              		.file	"hal_pal.c"
  12              		.text
  13              	.Ltext0:
  14              		.section	.gnu.lto_.profile.d26e3967,"",%progbits
  15 0000 789C6365 		.ascii	"x\234ce`b`a```d\320\220\001\000\000\354\000Q"
  15      60626061 
  15      60606064 
  15      D0900100 
  15      00EC0051 
  16              		.text
  17              		.section	.gnu.lto_.icf.d26e3967,"",%progbits
  18 0000 789C6365 		.ascii	"x\234ce`b\020a@\000f\206\343\227n\235fc\334\276\377"
  18      60621061 
  18      40006686 
  18      E3976E9D 
  18      6663DCBE 
  19 0015 D00F76A6 		.ascii	"\320\017v\246u;\036\256\342e\000\000hQ\011\233"
  19      753B1EAE 
  19      E2650000 
  19      6851099B 
  20              		.text
  21              		.section	.gnu.lto_.jmpfuncs.d26e3967,"",%progbits
  22 0000 789C6365 		.ascii	"x\234ce`bPb@\000f\006FF\306zF&FF\346\372z&0\305\310"
  22      60625062 
  22      40006606 
  22      4646C67A 
  22      46264646 
  23 001b 069162AA 		.ascii	"\006\221b\252d\004Q\0009\324\002\300"
  23      64045100 
  23      39D402C0 
  24              		.text
  25              		.section	.gnu.lto_.inline.d26e3967,"",%progbits
  26 0000 789C6365 		.ascii	"x\234ce`b\370\316\200\000\314\014\014\234\034\214\314"
  26      6062F8CE 
  26      8000CC0C 
  26      0C9C1C8C 
  26      CC
  27 0011 0C0A8C20 		.ascii	"\014\012\214 &\210t\000\223\012\034l\037\364\030\330"
  27      26887400 
  27      930A1C6C 
  27      1FF418D8 
  28 0021 16C83331 		.ascii	"\026\310310\276`g\201\220 \202\003\314\344\000\021\002"
  28      30BE6067 
  28      81902082 
  28      03CCE400 
  28      1102
  29 0033 60A600C8 		.ascii	"`\246\000\310\030F\006>^F\026\210)\214@\022b\224\002"
ARM GAS  C:\Users\Lena\AppData\Local\Temp\cc0uZHtL.s 			page 2


  29      1846063E 
  29      5E461688 
  29      298C4012 
  29      629402
  30 0046 C4406EA6 		.ascii	"\304@n\246\013\374\030F\001\305P\014aY /\001b)010\357"
  30      0BFC1846 
  30      01C5500C 
  30      6159202F 
  30      01622930 
  31 005d 10576000 		.ascii	"\020W`\000Zo\0012\231\211\201[\030\305}PC9\201r\304"
  31      5A6F0132 
  31      9989815B 
  31      18C57D50 
  31      43398172 
  32 0072 390F6893 		.ascii	"9\017h\223\004\310$\026^\240w'\370\201 \003\000\006"
  32      04C82416 
  32      5EA07727 
  32      F8812003 
  32      0006
  33 0084 0820CB   		.ascii	"\010 \313"
  34              		.text
  35              		.section	.gnu.lto_.pureconst.d26e3967,"",%progbits
  36 0000 789C6365 		.ascii	"x\234ce`b`g```f\220b\224b\222\004\000\001\307\000b"
  36      60626067 
  36      60606066 
  36      90629462 
  36      92040001 
  37              		.text
  38              		.section	.gnu.lto_palReadBus.d26e3967,"",%progbits
  39 0000 789C9591 		.ascii	"x\234\225\221\313k\023q\020\307\347\273\223\354n\264"
  39      CB6B1371 
  39      10C7E7BB 
  39      93EC6EB4 
  40 0010 FA0FD843 		.ascii	"\372\017\330C\016B\351\305\365\001\012^-\336D0=\006"
  40      0E42E9C5 
  40      F5010A5E 
  40      2DDE4430 
  40      3D06
  41 0022 4392225D 		.ascii	"C\222\"](F\272\255\327\376\262\266U+>\0205\276\342\036"
  41      2846BAAD 
  41      D7FEB2B6 
  41      552B3E10 
  41      35BEE21E 
  42 0036 B4D4AA7D 		.ascii	"\264\324\252}\3728\364\024ZA\020|\264\027O\242\250\227"
  42      FA38F414 
  42      5A41107C 
  42      B4174FA2 
  42      A897
  43 0048 803D988B 		.ascii	"\200=\230\213\027\251\316l\032\310\301K\017;\277\231"
  43      17A9CE6C 
  43      1AC8C14B 
  43      0F3BBF99 
  44 0058 DFCC7C66 		.ascii	"\337\314|f\276\373K\222E\201E\324GD\273\344\003\023"
  44      BEFB4B92 
  44      458145D4 
  44      4744BBE4 
  44      0313
ARM GAS  C:\Users\Lena\AppData\Local\Temp\cc0uZHtL.s 			page 3


  45 006a AC6BEF89 		.ascii	"\254k\357\211\312\256\005\250c\\\320\210\205\021\\\345"
  45      CAAE05A8 
  45      635CD088 
  45      85115CE5 
  46 007a 0A637574 		.ascii	"\012cut\376>_\341H\312\022\022\376zw\367\373N\015\201"
  46      FE3E5FE1 
  46      48CA1212 
  46      FE7A77F7 
  46      FB4E0D81 
  47 008e B484F7CC 		.ascii	"\264\204\367\314\332E\247{\312\230\320\324*\327\355"
  47      DA45A77B 
  47      CA98D0D4 
  47      2AD7ED
  48 009d 078B1F4D 		.ascii	"\007\213\037M*b\213\356H\371ctb\012\235:c\032\335R<"
  48      2A628BEE 
  48      48F96374 
  48      620A9D3A 
  48      631ADD52 
  49 00b2 B65A1967 		.ascii	"\266Z\031g\316\203\304\377\374\345\353\264\3335\031"
  49      CE83C4FF 
  49      FCE5EBB4 
  49      DB3519
  50 00c1 37BEBEC1 		.ascii	"7\276\276\301fw\304\214'\340\366F\271\"<E\227\326\177"
  50      6677C48C 
  50      27E0F646 
  50      B9223C45 
  50      97D67F
  51 00d4 5BD8B8B9 		.ascii	"[\330\270\271\303N<dR\266 \237\301\206\234sk\250\231"
  51      C34E3C64 
  51      52B6209F 
  51      C1869C73 
  51      6BA899
  52 00e7 8DBFE74D 		.ascii	"\215\277\347M\355\347#T\217\246D\203t\260\364&\022b"
  52      EDE72354 
  52      8FA64483 
  52      74B0F426 
  52      1262
  53 00f9 924931B6 		.ascii	"\222I1\266\255\236\243\306%\335\216&\004\241R/I '\327"
  53      AD9EA3C6 
  53      25DD8E26 
  53      04A1522F 
  53      492027D7 
  54 010d 112ED52F 		.ascii	"\021.\325/\257\330J\255\262\312\2765\266\374\301Q\235"
  54      AFD84AAD 
  54      B2CABE35 
  54      B6FCC151 
  54      9D
  55 011e 1CAFFBFB 		.ascii	"\034\257\373\373\315\333\013\035\021\252ecL:b\247\312"
  55      CDDB0B1D 
  55      11AA6563 
  55      4C3A62A7 
  55      CA
  56 012f 1666549B 		.ascii	"\026fT\233\344&\177\204\263\2167c\232)\027\263\210p"
  56      E4267F84 
  56      B38E3763 
  56      9A2917B3 
  56      8870
ARM GAS  C:\Users\Lena\AppData\Local\Temp\cc0uZHtL.s 			page 4


  57 0141 5B7724CC 		.ascii	"[w$\314\301\243:\226\227RMp\242\035\354\376\017\234"
  57      C1A33A96 
  57      97524D70 
  57      A21DECFE 
  57      0F9C
  58 0153 92E998DF 		.ascii	"\222\351\230\337\004\177j4V:\004<Z\326\3246,\304`U\215"
  58      047F6A34 
  58      563A043C 
  58      5AD6D436 
  58      2CC46055 
  59 0168 C5181CB6 		.ascii	"\305\030\034\266\300\311-\255\270\035\317c\222\245\244"
  59      C0C92DAD 
  59      B81DCF63 
  59      92A5A4
  60 0177 1731E95C 		.ascii	"\0271\351\\c\034M\224\256)\300v\272\263%\272\205\227"
  60      631C4D94 
  60      AE29C076 
  60      BAB325BA 
  60      8597
  61 0189 313D7EA5 		.ascii	"1=~\245WM\372\237\026\335\215\0078\264\2160\275y\243"
  61      574DFA9F 
  61      16DD8D07 
  61      38B48E30 
  61      BD79A3
  62 019c 3F6A4254 		.ascii	"?jBT\311;\310B'{\016gO\364\036\317\344\374\323\247J"
  62      C93BC842 
  62      277B0E67 
  62      4FF41ECF 
  62      E4FCD3A7 
  63 01b1 D91E3F18 		.ascii	"\331\036?\030\032\364\013\271L\357\261\003\373[Q\366"
  63      1AF40BB9 
  63      4CEFB103 
  63      FB5B51F6 
  64 01c1 48BF5FF0 		.ascii	"H\277_\3603C\303}~)wvo{\230-\252_\012\366\035:\350\225"
  64      3343C37D 
  64      7E297776 
  64      6F7B982D 
  64      AA5F0AF6 
  65 01d9 02AF3F3F 		.ascii	"\002\257??\340\005\203E=sg\362\003{\212\304\205\341"
  65      E0058345 
  65      3D7367F2 
  65      037B8AC4 
  65      85E1
  66 01eb E01FA17F 		.ascii	"\340\037\241\177\341\307"
  66      E1C7
  67              		.text
  68              		.section	.gnu.lto_palWriteBus.d26e3967,"",%progbits
  69 0000 789C9553 		.ascii	"x\234\225SKh\023Q\024}g\336d2i&\352R\260\213.\204\320"
  69      4B681351 
  69      147D67DE 
  69      64326926 
  69      EA52B08B 
  70 0017 8DE30714 		.ascii	"\215\343\007\024\334Z\334\251`\272\014\206&*\035(F\232"
  70      DC5ADCA9 
  70      60BA0C86 
  70      262A1D28 
  70      469A
ARM GAS  C:\Users\Lena\AppData\Local\Temp\cc0uZHtL.s 			page 5


  71 0029 D66D27B1 		.ascii	"\326m'\261i\245\305\017H\223*\015#J\255Q\373\363\337"
  71      69A5C50F 
  71      48932A0D 
  71      234AAD51 
  71      FBF3DF
  72 003c 2EA4D445 		.ascii	".\244\324EA\252\322.tcQ\264\012]\010\265\010\272\220"
  72      41AAD22E 
  72      746351B4 
  72      0A5D08B5 
  72      08BA90
  73 004f D47BDF34 		.ascii	"\324{\3374Z\305M\037\274\373\336\375\235w\357\2713\001"
  73      5AC54D1F 
  73      BCFBDEFD 
  73      9D77EFB9 
  73      3301
  74 0061 A189C352 		.ascii	"\241\211\303R\010G\010\261\2156\244\200v\351\245\020"
  74      084708B1 
  74      8D36A480 
  74      76E9A510 
  75 0071 595303F8 		.ascii	"YS\003\370\342\232\020\035\032:pQ\026%\246\273?Oh\365"
  75      E29A101D 
  75      1A3A7051 
  75      1625A6BB 
  75      3F4F68F5 
  76 0085 432EADA9 		.ascii	"C.\255\251\3427\243\313\315o\365(\375\012m^\030B=E\315"
  76      E237A3CB 
  76      CD6FF528 
  76      FD0A6D5E 
  76      18423D45 
  77 009a 758E0DC8 		.ascii	"u\216\015\310\013\322\223\200N\352\327\027W?nbUC\035"
  77      0BD29380 
  77      4EEAD717 
  77      573F6E62 
  77      55431D
  78 00ad A9F9B962 		.ascii	"\251\371\271b\227\224M\020t_x\367\276lF\007]7\347N\315"
  78      97944D10 
  78      745F78F7 
  78      BE6C4607 
  78      5D37E74E 
  79 00c2 5E96EE76 		.ascii	"^\226\356vOJ\334\206$@\224Q\213[\250\025d\022\270\203"
  79      4F4ADC86 
  79      24409451 
  79      8B5BA815 
  79      6412B883 
  80 00d6 2885972A 		.ascii	"(\205\227*\327g\302\362\204J\235\360\006\312\306Z\352"
  80      D767C2F2 
  80      844A9DF0 
  80      06CAC65A 
  80      EA
  81 00e7 DB3E95AA 		.ascii	"\333>\225\252\343\356\277\251\272\3000\242\034\377a"
  81      E3EEBFA9 
  81      BAC030A2 
  81      1CFF61
  82 00f6 BCD21731 		.ascii	"\274\322\0271\364\033\325r1\002\003t\216\316c\312\255"
  82      F41BD572 
  82      31020374 
  82      8ECE63CA 
ARM GAS  C:\Users\Lena\AppData\Local\Temp\cc0uZHtL.s 			page 6


  82      AD
  83 0107 AC765301 		.ascii	"\254vS\0017\261zp3\365M\217I\312\015\350\340\344\000"
  83      37B17A70 
  83      33F54D8F 
  83      49CA0DE8 
  83      E0E400
  84 011a 5D0D8345 		.ascii	"]\015\203E\220\205I\"\030bQ\303j\230\205\305\"\302B"
  84      90854922 
  84      186251C3 
  84      6A9885C5 
  84      22C242
  85 012d 881E0267 		.ascii	"\210\036\002g\342z\245\306\247\\Bnr\351i\212\237+I\346"
  85      E27AA5C6 
  85      A75C426E 
  85      72E9698A 
  85      9F2B49E6 
  86 0141 B0909F7E 		.ascii	"\260\220\237~\025d:\244\352\343\373\314\363s\226\207"
  86      15643AA4 
  86      EAE3FBCC 
  86      F3739687 
  87 0151 529638AD 		.ascii	"R\2268\255\363\244Y\"\232F\251v\366\015.\346F\202\366"
  87      F3A45922 
  87      9A46A976 
  87      F60D2EE6 
  87      4682F6
  88 0164 B0EBBB42 		.ascii	"\260\353\273B\030\203\207~\3055\306a\013\202\256t\301"
  88      1883877E 
  88      C535C661 
  88      0B82AE74 
  88      C1
  89 0175 470E94A8 		.ascii	"G\016\224\250W~+\344\353\306\206\240u\334S\320L\010"
  89      577E2BE4 
  89      EBC686A0 
  89      75DC53D0 
  89      4C08
  90 0187 EE2BE8B3 		.ascii	"\356+\350\263?\253\320A\205n\254G77\204^\203\007\012"
  90      3FABD041 
  90      856EAC47 
  90      3737845E 
  90      83070A
  91 019a 5D63F487 		.ascii	"]c\364\207>z\241\212\036\362\321\346\227gKaf%\210-x"
  91      3E7AA18A 
  91      1EF2D1E6 
  91      97674B61 
  91      6625882D 
  92 01af 443014B3 		.ascii	"D0\024\263\\\215\251QE\204\376\252*L\015\373U\375\211"
  92      5C8DA951 
  92      4584FEAA 
  92      2A4C0DFB 
  92      55FD89
  93 01c2 B394D964 		.ascii	"\263\224\331d\333\217\252-\242\322-\262M\027T\365\353"
  93      DB8FAA2D 
  93      A2D22DB2 
  93      4D1754F5 
  93      EB
  94 01d3 4710FADF 		.ascii	"G\020\372\337\010\010B\342\361Z'oVV\236Y\324Ig\226]"
  94      080842E2 
ARM GAS  C:\Users\Lena\AppData\Local\Temp\cc0uZHtL.s 			page 7


  94      F15A276F 
  94      56569E59 
  94      D4496796 
  95 01e8 169EA84E 		.ascii	"\026\236\250Nx\006\344\354]\374\364:\360\333\031\301"
  95      7806E4EC 
  95      5DFCF43A 
  95      F0DB19C1 
  96 01f8 04EC7E1A 		.ascii	"\004\354~\032\003u9\011\233\236\026_\220\273\266z^U"
  96      03753909 
  96      9B9E165F 
  96      90BBB67A 
  96      5E55
  97 020a A27E901E 		.ascii	"\242~\220\036b\230>\012\"\342X\303\376\370\321\306#"
  97      62983E0A 
  97      22E258C3 
  97      FEF8D1C6 
  97      23
  98 021b B18473EA 		.ascii	"\261\204s\352d:\336\340d\332Z\235d\"\326xh\317\356\252"
  98      643ADEE0 
  98      64DA5A9D 
  98      6422D678 
  98      68CFEEAA 
  99 022f 163FD0EC 		.ascii	"\026?\320\354$\235X[\373q'\2358\263s\275\032O\361=\235"
  99      249D585B 
  99      FB71279D 
  99      38B373BD 
  99      1A4FF13D 
 100 0244 D9B56FAF 		.ascii	"\331\265o\257\235\316\330\315M-v\2465\305g\342tS\313"
 100      9DCED8CD 
 100      4D2D76A6 
 100      35C567E2 
 100      7453CB
 101 0257 8E9490C9 		.ascii	"\216\224\220\311\366\214\236t\3322\277\000\271*\"E"
 101      F68C9E74 
 101      DA32BF00 
 101      B92A2245 
 102              		.text
 103              		.section	.gnu.lto_palSetBusMode.d26e3967,"",%progbits
 104 0000 789C9592 		.ascii	"x\234\225\222Mh\023A\024\307\337\177\337&\273\261\255"
 104      4D681341 
 104      14C7DF7F 
 104      DF26BBB1 
 104      AD
 105 0011 67C11E72 		.ascii	"g\301\036r\020B/\306\017P\360j\301\223\010\246\007\017"
 105      10422FC6 
 105      0F50F06A 
 105      C19308A6 
 105      070F
 106 0023 C1908F4A 		.ascii	"\301\220\217J\027\252\221n\3535\323hR\251\320\012\245"
 106      17AA916E 
 106      EB35D368 
 106      52A9D00A 
 106      A5
 107 0034 C68A6105 		.ascii	"\306\212a\005\011\265j\277\254\012Q\204\320\213\340"
 107      09B56ABF 
 107      AC0A5184 
 107      D08BE0
ARM GAS  C:\Users\Lena\AppData\Local\Temp\cc0uZHtL.s 			page 8


 108 0043 27ED558B 		.ascii	"'\355U\213\242\"\024-(\036\274h\365\315\304\202z\353"
 108      A222142D 
 108      281EBC68 
 108      F5CDC482 
 108      7AEB
 109 0055 C0ECBC37 		.ascii	"\300\354\2747\363\376\277y\363gCdQ\316\"\362\210h\273"
 109      F3FEBF79 
 109      F3674364 
 109      51CE22F2 
 109      8868BB
 110 0068 4C30C1BA 		.ascii	"L0\301\272\370\202h\320\265\000\035(\027T\260P\300("
 110      F88268D0 
 110      B5001D28 
 110      1754B050 
 110      C028
 111 007a 57188B43 		.ascii	"W\030\213C\037\353V\307\244\222\321\250,;eU\332\026"
 111      1FEB56C7 
 111      A492D1A8 
 111      2C3B6555 
 111      DA16
 112 008c 30D1844C 		.ascii	"0\321\204L=0\211\016\251Z:7w\225G8`\300\226\364\353"
 112      3D30890E 
 112      A95A3A37 
 112      77954738 
 112      60C096F4 
 113 00a1 F32BEFB7 		.ascii	"\363+\357\267\352\324BT\322\322R\245\314\234\006I\274"
 113      EAD44254 
 113      D2D252A5 
 113      CC9C0649 
 113      BC
 114 00b2 F2E6ED94 		.ascii	"\362\346\355\224\033\253)UT\215\327c\254v\004\314\270"
 114      1BAB2955 
 114      548DD763 
 114      AC7604CC 
 114      B8
 115 00c3 091620A6 		.ascii	"\011\026 \246\320\216\033h'\331\"\334BL\312\277-\324"
 115      D08E1B68 
 115      27D922DC 
 115      424CCABF 
 115      2DD4
 116 00d5 C65AB8DB 		.ascii	"\306Z\270\333H\237\216<:\366G\371l\334(m\334\376_i\023"
 116      489F8E3C 
 116      3AF647F9 
 116      6CDC286D 
 116      DCFE5F69 
 117 00ea A611D3E5 		.ascii	"\246\021\323\345\357\346\327\307\333\302\366\365\215"
 117      EFE6D7C7 
 117      DBC2F6F5 
 117      8D
 118 00f7 6E318330 		.ascii	"n1\2030d\235]FC\255\377\032R\215\0375\254\034\212\310"
 118      649D5D46 
 118      43ADFF1A 
 118      528D1F35 
 118      AC1C8AC8 
 119 010b B3E52E16 		.ascii	"\263\345.\026m\310\226O8$\037'\254#\007\206E\303\"\327"
 119      6DC8964F 
 119      38241F27 
ARM GAS  C:\Users\Lena\AppData\Local\Temp\cc0uZHtL.s 			page 9


 119      AC230786 
 119      45C322D7 
 120 011f CE5C604B 		.ascii	"\316\\`K\257\274\212\342\203\325\265\254\006VY\233t"
 120      AFBC8AE2 
 120      83D5B5AC 
 120      0656599B 
 120      74
 121 0130 A9B4F8D2 		.ascii	"\251\264\370\322\321\357e\323\350\367\307O\316\267\006"
 121      D1EF65D3 
 121      E8F7C74F 
 121      CEB706
 122 013f A80E8A69 		.ascii	"\250\016\212i\321\200\335\252\3700+\335\351\263\332"
 122      D180DDAA 
 122      F8302BDD 
 122      E9B3DA
 123 014e 87E28C13 		.ascii	"\207\342\214\023\237V\315\243\010\346\020\340\2621\023"
 123      9F56CDA3 
 123      08E610E0 
 123      B23113
 124 015d F3889346 		.ascii	"\363\210\223FG\232`{S\244-\270cH\372\205X\370\227\024"
 124      479A607B 
 124      53A42DB8 
 124      6348FA85 
 124      58F89714 
 125 0171 DA14A905 		.ascii	"\332\024\251\005w\015\311\322\244{\206t\366K\031M\224"
 125      770DC9D2 
 125      A47B8674 
 125      F64B194D 
 125      94
 126 0182 EE4B80F4 		.ascii	"\356K\200\364\011\345\250\336\321\362z\375\363+\247"
 126      09E5A8DE 
 126      D1F27AFD 
 126      F32BA7
 127 0191 F053B901 		.ascii	"\360S\271\001\267N\350\006p\037\005\022gL\271\023p\033"
 127      B74EE806 
 127      701F0512 
 127      674CB913 
 127      701B
 128 01a3 ADA178ED 		.ascii	"\255\241x\355\341\250a\230\337fX\312\304I\271\342x\347"
 128      E1A86198 
 128      DF6658CA 
 128      C449B9E2 
 128      78E7
 129 01b5 81E4D1AE 		.ascii	"\201\344\321\256#\211\224w\352D>\331\351\371\375}^&"
 129      23899477 
 129      EA443ED9 
 129      E9F9FD7D 
 129      5E26
 130 01c7 95E83ABC 		.ascii	"\225\350:\274w\317F\226<\330\343e\274D\377@\316\313"
 130      77CF4696 
 130      3CD8E365 
 130      BC44FF40 
 130      CECB
 131 01d9 A7CEECFA 		.ascii	"\247\316\354\372;Mfu\234\367w\357\337\027\317\373\361"
 131      3B4D6675 
 131      9CF777EF 
 131      DF17CFFB 
ARM GAS  C:\Users\Lena\AppData\Local\Temp\cc0uZHtL.s 			page 10


 131      F1
 132 01ea 9E746FDC 		.ascii	"\236to\334\357\313\3525u:\335\2733K\234\031\360\355"
 132      EFCBEA35 
 132      753ADDBB 
 132      334B9C19 
 132      F0ED
 133 01fc 93F95CF7 		.ascii	"\223\371\\\367o\266\332\337\267"
 133      6FB6DADF 
 133      B7
 134              		.text
 135              		.section	.gnu.lto_.symbol_nodes.d26e3967,"",%progbits
 136 0000 789C6365 		.ascii	"x\234ce`b\010d\000\002\2469L\365\014\014\023\31610\000"
 136      60620864 
 136      0002A639 
 136      4CF50C0C 
 136      13CE3130 
 137 0015 A95D0D8E 		.ascii	"\251]\015\216@\221\271L\365\214\250\"\363\230\352\231"
 137      4091B94C 
 137      F58CA822 
 137      F398EA99 
 138 0025 50441817 		.ascii	"PD\030\0272\3253\203E\030\030\032\032\034\030\030\230"
 138      32D53383 
 138      4518181A 
 138      1A1C1818 
 138      98
 139 0036 99981996 		.ascii	"\231\230\031\226<\374\307\310\000\000A\023\024\024"
 139      3CFCC7C8 
 139      00004113 
 139      1414
 140              		.text
 141              		.section	.gnu.lto_.refs.d26e3967,"",%progbits
 142 0000 789C6365 		.ascii	"x\234ce`b`d\000\002\000\000I\000\011"
 142      60626064 
 142      00020000 
 142      490009
 143              		.text
 144              		.section	.gnu.lto_.decls.d26e3967,"",%progbits
 145 0000 789CC558 		.ascii	"x\234\305X{PT\327\031\277\337=\273\260\\\026t\300\246"
 145      7B5054D7 
 145      19BFDF3D 
 145      BBB05C16 
 145      74C0A6
 146 0013 CEC46468 		.ascii	"\316\304dhJt\333iDtF\333<fl\202i25\305YM\322\316\354"
 146      4A74DB69 
 146      447446DB 
 146      3C666C82 
 146      693235C5 
 147 002c 7407D935 		.ascii	"t\007\33152E\326\262Kf\362W/\260\3067\202\032T|\024"
 147      3245D6B2 
 147      4B66F257 
 147      2FB0C637 
 147      821A547C 
 148 0041 C117A242 		.ascii	"\301\027\242B\214\017\010\240\024\360\021\020T\"\362"
 148      8C0F08A0 
 148      14F01110 
 148      5422F2
 149 0050 10041FF8 		.ascii	"\020\004\037\370\210D\021\211\"F\350w\316\271\273\367"
ARM GAS  C:\Users\Lena\AppData\Local\Temp\cc0uZHtL.s 			page 11


 149      88441189 
 149      2246E877 
 149      CEB9BBF7 
 150 0060 BAD9CD74 		.ascii	"\272\331\315t\246\231\311\035\316\336\363\235\373;\337"
 150      A699C91D 
 150      CEDEF39D 
 150      FB3BDF
 151 006f F7FB1EE7 		.ascii	"\367\373\036\347\334s\321\013\242\020\032)\010\321:"
 151      DC73D10B 
 151      A2101A29 
 151      08D13A
 152 007e 41904110 		.ascii	"A\220A\020F\361\302\256\260_P/*\207\342\263\261\330"
 152      46F1C2AE 
 152      B05F502F 
 152      2A87E2B3 
 152      B1D8
 153 0090 C6637B11 		.ascii	"\306c{\021\204\037\\\277\024\005\301\210\367\010l\343"
 153      841F5CBF 
 153      1405C188 
 153      F7086CE3 
 154 00a0 B0956333 		.ascii	"\260\225c3 n\020\357\223\260\305c\013F\371\021\336\007"
 154      206E10EF 
 154      93B0C563 
 154      0B46F911 
 154      DE07
 155 00b2 B01DC336 		.ascii	"\260\035\3036\242\350\006\034\277C\225\340]\004vc\366"
 155      A2E8061C 
 155      BF4395E0 
 155      5D047663 
 155      F6
 156 00c3 E8FD151F 		.ascii	"\350\375\025\037[\277B;\341x\377@c\213\332\241\366\374"
 156      5BBF423B 
 156      E178FF40 
 156      638BDAA1 
 156      F6FC
 157 00d5 D91A51EC 		.ascii	"\331\032Q\354\265+6\365\212=j\207\032\270\213\2676\336"
 157      B52B36F5 
 157      8A3D6A87 
 157      1AB88BB7 
 157      36DE
 158 00e7 65FED1FB 		.ascii	"e\376\321\373T\037\233\261\001lF\006\360\257\\\261;"
 158      541F9BB1 
 158      016C4606 
 158      F0AF5CB1 
 158      3B
 159 00f8 0DE517B0 		.ascii	"\015\345\027\260\021\037\233\250\316\033G:\364\232\217"
 159      111F9BA8 
 159      CE1B473A 
 159      F49A8F
 160 0107 BD0D048E 		.ascii	"\275\015\004\216\254\256\253\022/C' \026\306\262Q\000"
 160      ACAEAB12 
 160      2F432720 
 160      16C6B251 
 160      00
 161 0118 FE0BAC31 		.ascii	"\376\013\2541q\324s\001\260q\034\025\005E\251g\010<"
 161      71D47301 
 161      B0711C15 
ARM GAS  C:\Users\Lena\AppData\Local\Temp\cc0uZHtL.s 			page 12


 161      0545A967 
 161      083C
 162 012a 33145954 		.ascii	"3\024YTDQQ\311\376\224\311\240\321\310\037sK\236\213"
 162      445151C9 
 162      FE94C9A0 
 162      D1C81F73 
 162      4B9E8B
 163 013d D3E71D36 		.ascii	"\323\347\0356\3153\033D\325\000\200v\202F!\247\255<"
 163      CD331B44 
 163      D5008076 
 163      824621A7 
 163      AD3C
 164 014f F7F21354 		.ascii	"\367\362\023T\347\300\343\375\375MgnH\335\320EG\363"
 164      E7C0E3FD 
 164      FD4D676E 
 164      48DDD045 
 164      47F3
 165 0161 67021BBB 		.ascii	"g\002\033\273\322\\\371\324@0\204\330\357~\274\347\355"
 165      D25CF9D4 
 165      403084D8 
 165      EF7EBCE7 
 165      ED
 166 0172 C9FB647E 		.ascii	"\311\373d~\031^P\303v\336]\272\205d\021\210\220@G\365"
 166      195E50C3 
 166      76DE5DBA 
 166      85641188 
 166      904047F5 
 167 0186 34E65D0B 		.ascii	"4\346]\013Gq\234\004Q(\346U\014\326\353\371S\003\212"
 167      47719C04 
 167      5128E655 
 167      0CD6EBF9 
 167      53038A
 168 0199 A3BB4A97 		.ascii	"\243\273J\227\033\310sLc\327\351\242b:q\222\004\224"
 168      1BC8734C 
 168      63D7E9A2 
 168      623A7192 
 168      0494
 169 01ab EC181C2A 		.ascii	"\354\030\034*\351+\177\034\306\207(\242y\315\300\216"
 169      E92B7F1C 
 169      C68728A2 
 169      79CDC08E 
 170 01bb 60F23CED 		.ascii	"`\362<\355\213\233\352[kt`\222vQ\373\325\217\006'\345"
 170      8B9BEA5B 
 170      6B746092 
 170      7651FBD5 
 170      8F0627E5 
 171 01cf 2C956511 		.ascii	",\225e\021\276\000\011>\007\002{a2\365f\222\204\277"
 171      BE00093E 
 171      07027B61 
 171      32F56692 
 171      84BF
 172 01e1 CB643943 		.ascii	"\313d9C\316\316\224C\336\021`\037L\200b\230 \300A0Q"
 172      CECE9443 
 172      DE11601F 
 172      4C806298 
 172      20C04130 
 173 01f6 B51407A5 		.ascii	"\265\024\007\2458X\202\203h\242hGNA\020\251\002f\343"
ARM GAS  C:\Users\Lena\AppData\Local\Temp\cc0uZHtL.s 			page 13


 173      38588283 
 173      68A26847 
 173      4E4110A9 
 173      0266E3
 174 0209 E4B14B6D 		.ascii	"\344\261Km:\220L~\025\034\361\243@!S\366\322\311%\224"
 174      3A904C7E 
 174      151CF1A3 
 174      402153F6 
 174      D2C92594 
 175 021d CC612473 		.ascii	"\314a$sH%\203\334x\210\334u\017s\302H3\013\244\230u"
 175      482583DC 
 175      7888DC75 
 175      0F73C248 
 175      330BA498 
 176 0232 E2D463BD 		.ascii	"\342\324c\275\327\221\321K\257\237\275 \313QP\216s\217"
 176      D791D14B 
 176      AF9FBD20 
 176      CB51508E 
 176      738F
 177 0244 AA730F43 		.ascii	"\252s\017C@O\312\374{\322r\177 7\234\264\020\026\271"
 177      404FCAFC 
 177      7BD2727F 
 177      20379CB4 
 177      1016B9
 178 0257 CD0FBA6E 		.ascii	"\315\017\272n\207\360\260\2334I\211\340I\031\332~}\255"
 178      87F0B09B 
 178      344989E0 
 178      4919DA7E 
 178      7DAD
 179 0269 483A3974 		.ascii	"H:9t\331\276\254Z\"\241\245\314\377\311e\234Q:\272\276"
 179      D9BEAC5A 
 179      22A1A5CC 
 179      FFC9659C 
 179      513ABABE 
 180 027d 278C5CE1 		.ascii	"'\214\\\341\323\357\272{{B\271\352\361(\356\037\352"
 180      D3EFBA7B 
 180      7B42B9EA 
 180      F128EE1F 
 180      EA
 181 028e 3EA22737 		.ascii	">\242'7\370\263\325\353kjt\344\016\027\0127\345,\325"
 181      F8B3D5EB 
 181      6B6A74E4 
 181      0E170A37 
 181      E52CD5
 182 02a1 937E2E14 		.ascii	"\223~.\024\255\315.\225\310\000\027\232\373\317l\015"
 182      ADCD2E95 
 182      C800179A 
 182      FBCF6C0D 
 183 02b1 E5253316 		.ascii	"\345%3\026\305\023\243\217\252\307p\215\"\212\033\367"
 183      C513A38F 
 183      AAC7708D 
 183      228A1BF7 
 184 02c1 B60E8790 		.ascii	"\266\016\207\220A\016\3359\374\244\237\326\314DZ3DS"
 184      410EDD39 
 184      FCA49FD6 
 184      CC445A33 
 184      4453
ARM GAS  C:\Users\Lena\AppData\Local\Temp\cc0uZHtL.s 			page 14


 185 02d3 311379C5 		.ascii	"1\023y\305\034o\370j\227\221\0143\260\230\275\275xe"
 185      1C6FF86A 
 185      97910C33 
 185      B098BDBD 
 185      7865
 186 02e5 88279DE8 		.ascii	"\210'\235\350\236\336$\300\011t\343$\365\355\014\372"
 186      9EDE24C0 
 186      0974E324 
 186      F5ED0CFA 
 187 02f5 3651F1ED 		.ascii	"6Q\361\355+\034<\255\246\363\320\213\345\262<\026\032"
 187      2B1C3CAD 
 187      A6F3D08B 
 187      E5B23C16 
 187      1A
 188 0306 3023F56A 		.ascii	"0#\365jF&*\311<\226s\351\206D\226\350\230\211\3573s"
 188      46262AC9 
 188      3C9673E9 
 188      864496E8 
 188      9889EF33 
 189 031b EF69AAB2 		.ascii	"\357i\252\262lj\035+\204\2638\265Q\235\332\240&\323"
 189      6C6A1D2B 
 189      84B338B5 
 189      519DDAA0 
 189      26D3
 190 032d 9746931F 		.ascii	"\227F\223\037\032h$c\250\240\322@\262\230\021\335\203"
 190      1A682463 
 190      A8A0D240 
 190      B29811DD 
 190      83
 191 033e 87AB3A24 		.ascii	"\207\253:$\210\214\2166\345P3\331\262<ST\263$\300y\210"
 191      888C8E36 
 191      E55033D9 
 191      B23C5354 
 191      B324C079 
 192 0353 A40AE002 		.ascii	"\244\012\340\002\352\372\032\242\241\031\242\331\342"
 192      EAFA1AA2 
 192      A119A2D9 
 192      E2
 193 0360 2CA006B1 		.ascii	",\240\006\261\302\242\253\006zdy\205\221\321:\205\264"
 193      C2A2AB06 
 193      7A647985 
 193      91D13A85 
 193      B4
 194 0371 E8042F83 		.ascii	"\350\004/\203\030\252\342\004U\244L\250yc\243\\\235"
 194      18AAE204 
 194      55A44CA8 
 194      7963A35C 
 194      9D
 195 0382 4118FA9C 		.ascii	"A\030\372\234_t,\005s\227G*%\334\016(FP\274\345\333"
 195      5F742C05 
 195      7397472A 
 195      25DC0E28 
 195      4650BCE5 
 196 0397 82EEC2E5 		.ascii	"\202\356\302\345\273k\001\242\307\231\242\013\030\360"
 196      BB6B01A2 
 196      C799A20B 
 196      18F0
ARM GAS  C:\Users\Lena\AppData\Local\Temp\cc0uZHtL.s 			page 15


 197 03a5 6255783A 		.ascii	"bUx:SK\325\325\241\332\2130N\2554U\355Z\346b\246<S\247"
 197      534BD5D5 
 197      A1DA8B30 
 197      4EAD3455 
 197      ED5AE662 
 198 03bd 759182A9 		.ascii	"u\221\202\251\213\255\350b\033\272\330\242\270\310I"
 198      8BADE862 
 198      1BBAD8A2 
 198      B8C849
 199 03cc DCAD1C9F 		.ascii	"\334\255\034\237.\313@QZ\026\334\235\207\225\021\353"
 199      2ECB4051 
 199      5A16DC9D 
 199      879511EB 
 200 03dc 32E5D353 		.ascii	"2\345\323S\330\352\254\015l\030\243>P\331pF\034\207"
 200      D8EAAC0D 
 200      6C18A33E 
 200      50D97046 
 200      1C87
 201 03ee 0CD20332 		.ascii	"\014\322\0032\020\2361\257)\336\010^\274\356\332\226"
 201      109E31AF 
 201      29DE085E 
 201      BCEEDA96 
 202 03fe C346B296 		.ascii	"\303F\262\226%\016z\033J2\014$\227\013\333\032\0174"
 202      250E7A1B 
 202      4A320C24 
 202      970BDB1A 
 202      0F34
 203 0410 E8491E17 		.ascii	"\350I\036\027*\212\0174\213$\237\013\373\312\373W\002"
 203      2A8A0F34 
 203      8B249F0B 
 203      FBCAFB57 
 203      02
 204 0421 D9C385FB 		.ascii	"\331\303\205\373KK\\\244\204\367\335[\263\317\212\\"
 204      4B4B5CA4 
 204      84F7DD5B 
 204      B3CF8A5C 
 205 0431 F7EF50CC 		.ascii	"\367\357P\314]\276\245G\307\327I\017]\031\007/\356\251"
 205      5DBEA547 
 205      C7D7490F 
 205      5D19072F 
 205      EEA9
 206 0443 3090C30C 		.ascii	"0\220\303\014\033\226]\224}T\202h\274\"\243\371e*\220"
 206      1B965D94 
 206      7D548268 
 206      BC22A3F9 
 206      652A90
 207 0456 DD9998CE 		.ascii	"\335\231\230\316\3277\311\325n\254[t\277\033\335\277"
 207      D737C9D5 
 207      6EAC5B74 
 207      BF1BDDBF 
 208 0466 85F17FD6 		.ascii	"\205\361\177\326\375}J\362)z\370\015\025}\315\027]\001"
 208      FD7D4AF2 
 208      297AF80D 
 208      157DCD17 
 208      5D01
 209 0478 DE6871F4 		.ascii	"\336hq\3647\032\364q_t\245/z@\203\256\362\217\346T\274"
 209      371AF471 
ARM GAS  C:\Users\Lena\AppData\Local\Temp\cc0uZHtL.s 			page 16


 209      5F74A52F 
 209      7A4083AE 
 209      F28FE654 
 210 048d 658E19B8 		.ascii	"e\216\031\270\212\200+\354\331-\245\314\373\261\006"
 210      8A802BEC 
 210      D92DA5CC 
 210      FBB106
 211 049c FA3009D7 		.ascii	"\3720\011\327\261\335\306\366-\266;\330\356a\273\213"
 211      B1DDC6F6 
 211      2DB63BD8 
 211      EE61BB8B 
 212 04ac ED1B6C37 		.ascii	"\355\033l7\260\335\304\326\353]\012\224@\275&\024\227"
 212      B0DDC4D6 
 212      EB5D0A94 
 212      40BD2614 
 212      97
 213 04bd 7D09ECF7 		.ascii	"}\011\354\367\245{UC\367?\276\350j\360\215\\\207Fy\247"
 213      A57B5543 
 213      F73FBEE8 
 213      6AF08D5C 
 213      874679A7 
 214 04d1 2FBCC357 		.ascii	"/\274\303W\371\360k*\272\307oV4\340f\215\352.\377\274"
 214      F9F06B2A 
 214      BAC76F56 
 214      34E0668D 
 214      EA2EFFBC 
 215 04e5 BD4C7091 		.ascii	"\275Lp\221]\256\2228\276\035k\266\306?s\215\366\033"
 215      5DAE9238 
 215      BE1D6BB6 
 215      C63F738D 
 215      F61B
 216 04f7 9E0542D5 		.ascii	"\236\005B\325_\362\317\234\253WV[E\004[m\267|\327<T"
 216      5FF2CF9C 
 216      AB57565B 
 216      45045B6D 
 216      B77CD73C 
 217 050c 370E1DD2 		.ascii	"7\016\035\322\223r\2765\336\336|\2538\030\"M\376\222"
 217      9372BE35 
 217      DEDE7CAB 
 217      3818224D 
 217      FE92
 218 051e 090F3087 		.ascii	"\011\0170\207\377O>9\223\223\307\202\350\3463\200\212"
 218      FF4F3E39 
 218      9393C782 
 218      E8E63380 
 218      8A
 219 052f EEABBB2D 		.ascii	"\356\253\273-\345\305\350\254\250\357X\023n\\\341}\207"
 219      E5C5E8AC 
 219      A8EF5813 
 219      6E5CE17D 
 219      87
 220 0540 32A0BAA2 		.ascii	"2\240\272\242\007\301\250LA\354\321\345\033o\206\221"
 220      07C1A84C 
 220      41ECD1E5 
 220      1B6F8691 
 221 0550 939C7A4B 		.ascii	"\223\234zK\323\375\362p0\031\271\225\246\216\261\231"
 221      D3FDF270 
ARM GAS  C:\Users\Lena\AppData\Local\Temp\cc0uZHtL.s 			page 17


 221      3019B995 
 221      A68EB199 
 222 0560 D4DF4788 		.ascii	"\324\337G\210\377N5\203\323\361\026@;<D\247\2361\360"
 222      FF4E3583 
 222      D3F11640 
 222      3B3C44A7 
 222      9E31F0
 223 0573 E4D6FA76 		.ascii	"\344\326\372v\340k\331H7\370\212\366\2341\312Z\246\217"
 223      E06BD948 
 223      37F88AF6 
 223      9C31CA5A 
 223      A68F
 224 0585 07D77574 		.ascii	"\007\327ut\207\223\363\272gNF\361?<\031\305\363\367"
 224      8793F3BA 
 224      674E46F1 
 224      3F3C19C5 
 224      F3F7
 225 0597 5CDFB9B3 		.ascii	"\\\337\271\263_\003i\343t\353\266];\030\024\350\330"
 225      5F0369E3 
 225      74EBB65D 
 225      3B1814E8 
 225      D8
 226 05a8 328A44E2 		.ascii	"2\212D\342\225\027\314\3678\370\304\373\236\273\267"
 226      9517CCF7 
 226      38F8C4FB 
 226      9EBBB7
 227 05b7 E5D77D23 		.ascii	"\345\327}#\364\3501\202y\177\252:\026\317_t\372\013"
 227      F4E83182 
 227      797FAA3A 
 227      16CF5F74 
 227      FA0B
 228 05c9 55F51BF5 		.ascii	"U\365\033\365tG\2114\361\235\364f\025)\333\331\264J"
 228      74478934 
 228      F19DF466 
 228      1529DBD9 
 228      B44A
 229 05db CEAF0136 		.ascii	"\316\257\0016g\030\347d\212\201\226\020\2351\360\033"
 229      6718E764 
 229      8A819610 
 229      9D31F01B 
 230 05eb 5E883474 		.ascii	"^\2104t_\372\242c|\300W\177\313\301\364$t\300/\370\207"
 230      5FFAA263 
 230      7CC0577F 
 230      CBC1F424 
 230      74C02FF8 
 231 0600 BBC3637C 		.ascii	"\273\303c|>\304\254R4\255&\267h\202t1\0322\260\311\242"
 231      3EC4AC52 
 231      34AD26B7 
 231      68827431 
 231      1A32B0C9 
 232 0615 B65A2E16 		.ascii	"\266Z.\026\361\272E\244O\335>.z0H\310\331 ~>\273;\224"
 232      F1BA45A4 
 232      4FDD3E2E 
 232      7A3048C8 
 232      D9207E3E 
 233 062c 670053A4 		.ascii	"g\000S\244\222\374bVbKQ\373\022\321\033\"\252\302?\021"
 233      92FC6256 
ARM GAS  C:\Users\Lena\AppData\Local\Temp\cc0uZHtL.s 			page 18


 233      624B51FB 
 233      12D11B22 
 233      AAC23F11 
 234 0640 F814EDFF 		.ascii	"\370\024\355\377\030\0274w1;kO\250\266.\227\212\332"
 234      18173477 
 234      313B6B4F 
 234      A8B62E97 
 234      8ADA
 235 0652 BA5C261A 		.ascii	"\272\\&\032\025\340\227mw\256\213:\221\217\301|\035"
 235      15E0976D 
 235      77AE8B3A 
 235      918FC17C 
 235      1D
 236 0663 1D5BB9A6 		.ascii	"\035[\271\246jG\310\370\\v\014\317\224\307\212,\\\236"
 236      6A47C8F8 
 236      5C760CCF 
 236      94C78A2C 
 236      5C9E
 237 0675 D7B3002B 		.ascii	"\327\263\000+\304\361\370\273\\\324q\015\313:\313N\301"
 237      C4F1F8BB 
 237      5CD4710D 
 237      CB3ACB4E 
 237      C1
 238 0686 4BF9727E 		.ascii	"K\371r~\017\346\273\203,\257=\205\351\203\231\024\006"
 238      0FE6BB83 
 238      2CAF3D85 
 238      E9839914 
 238      06
 239 0697 456ACAB1 		.ascii	"Ej\312\261\213\277{\360\375\000\273qg\024`\245\370\022"
 239      8BBF7BF0 
 239      FD00BB71 
 239      671460A5 
 239      F812
 240 06a9 CEDEBD31 		.ascii	"\316\336\2751\263!\224\034\012f%\227\327\325y]bd\250"
 240      B321941C 
 240      0A662597 
 240      D7D5795D 
 240      6264A8
 241 06bc 454EE67C 		.ascii	"EN\346|\327\231\257t^\202\253E6\370u\305\356j\203\226"
 241      D799AF74 
 241      5E82AB45 
 241      36F875C5 
 241      EE6A8396 
 242 06d0 E107CF69 		.ascii	"\341\007\317i\010\256a\004\263<\004[2\032\312\211B\360"
 242      08AE6104 
 242      B33C045B 
 242      321ACA89 
 242      42F0
 243 06e2 E2662356 		.ascii	"\342f#V\000\236\221\360\004\2050X\245\006\034\273\317"
 243      009E91F0 
 243      04853058 
 243      A5061CBB 
 243      CF
 244 06f3 12CC6604 		.ascii	"\022\314f\004\237^\2766 \222jNpoc\321\367:\322\304\004"
 244      9F5EBE36 
 244      20926A4E 
 244      706F63D1 
ARM GAS  C:\Users\Lena\AppData\Local\Temp\cc0uZHtL.s 			page 19


 244      F73AD2C4 
 245 0708 7175CD96 		.ascii	"qu\315\226>c\2405\261^\014t\224\037\2754\245\215\035"
 245      3E63A035 
 245      B15E0C74 
 245      941FBD34 
 245      A58D1D
 246 071b C7D78912 		.ascii	"\307\327\211\022\254\025}\216\3434%kv\016\021\3461E"
 246      AC157D8E 
 246      E334256B 
 246      760E11E6 
 246      3145
 247 072d F02874CB 		.ascii	"\360(t\313\003}\304\033\205\317x\024z\357\015o\010\016"
 247      037DC41B 
 247      85CF7814 
 247      7AEF0D6F 
 247      080E
 248 073f 18850D2C 		.ascii	"\030\205\015,\012\271\236(\224m\356\334\026\254\246"
 248      0AB99E28 
 248      946DEEDC 
 248      16ACA6
 249 074e E9766DAF 		.ascii	"\351vm\257,K:\212\202\034\225D\216o\0206\262 |\2733"
 249      2C4B3A8A 
 249      821C9544 
 249      8E6F1036 
 249      B2207CBB 
 250 0763 73DD18D2 		.ascii	"s\335\030\322\312\203\340\217\337wK{\233\300\233\271"
 250      CA83E08F 
 250      DF774B7B 
 250      9BC09BB9 
 251 0773 3CCE6F7B 		.ascii	"<\316o{\333\265\255\341l\220.\316\315|\260)wg=\011H"
 251      DBB5ADE1 
 251      6C902ECE 
 251      CD7CB029 
 251      77673D09 
 252 0788 7A2B23BD 		.ascii	"z+#\275\305C\372\376\371\276\375AH\272\207\307mU\346"
 252      C543FAFE 
 252      F9BEFD41 
 252      48BA87C7 
 252      6D55E6
 253 079b C955F276 		.ascii	"\311U\362v`0\330\244\262\336DY\323\3166\306\366\214"
 253      6030D8A4 
 253      B2DE4459 
 253      D3CE36C6 
 253      F68C
 254 07ad ECAE3792 		.ascii	"\354\2567\222o9\333\326vw\271\262)\206\322M\370\312"
 254      6F39DBD6 
 254      7677B9B2 
 254      2986D24D 
 254      F8CA
 255 07bf 67C743F8 		.ascii	"g\307C\370\246\330\30686>\310\225\310\023\216}\332"
 255      A6D8C638 
 255      363EC895 
 255      C8138E7D 
 255      DA
 256 07d0 7FEEA991 		.ascii	"\177\356\251\221c%\352hFi\267\236~\266\310\312\"\302"
 256      6325EA68 
 256      4669B79E 
ARM GAS  C:\Users\Lena\AppData\Local\Temp\cc0uZHtL.s 			page 20


 256      7EB6C8CA 
 256      22C2
 257 07e2 71750DED 		.ascii	"qu\015\355\0201_\270i@\241\310?\216\206\252\206\215"
 257      10315FB8 
 257      6940A1C8 
 257      3F8E86AA 
 257      868D
 258 07f4 C46D60E7 		.ascii	"\304m`\347\351\236\302\201;A`\232\000 a\333\345\371"
 258      E99EC281 
 258      3B41609A 
 258      002061DB 
 258      E5F9
 259 0806 A6C5D062 		.ascii	"\246\305\320b\310v*t\361\312\223Q}\377\277\3500?\274"
 259      C8762A74 
 259      F1CA9351 
 259      7DFFBFE8 
 259      303FBC
 260 0819 F717C864 		.ascii	"\367\027\310d\274\000\323&\300\024\254\242]XE{\230\235"
 260      BC00D326 
 260      C014ACA2 
 260      5D58457B 
 260      989D
 261 082b 227102EC 		.ascii	"\"q\002\354FCy\270S\320\0214\330\236\365\260S\027\221"
 261      464379B8 
 261      53D01134 
 261      D89EF5B0 
 261      531791
 262 083e ADEC1051 		.ascii	"\255\354\020Q\300toG\\\276H\371\355\025#<,):\273q\373"
 262      C0746F47 
 262      5CBE48F9 
 262      ED15233C 
 262      2C293ABB 
 263 0854 E61049B1 		.ascii	"\346\020I\261\261\354Gm \272\266}\2602L\253\273\370"
 263      B1EC476D 
 263      20BAB67D 
 263      B0324CAB 
 263      BBF8
 264 0866 C7742F69 		.ascii	"\307t/i=\326+\275\\(\237\253f\265\265\362\232[N\377"
 264      3DD62BBD 
 264      5C289FAB 
 264      66B5B5F2 
 264      9A5B4EFF 
 265 087a 14B7C17D 		.ascii	"\024\267\301}b\004\024`\232p\251k&\377\033G\346\341"
 265      62041460 
 265      9A70A96B 
 265      26FF1B47 
 265      E6E1
 266 088c D7C57EF1 		.ascii	"\327\305~\361e\3725w\366\336`\010Y\316\302\006\331\015"
 266      65FA3577 
 266      F6DE6008 
 266      59CEC206 
 266      D90D
 267 089e DD7F0D18 		.ascii	"\335\177\015\030\360\022O\300\3639\307\364\007\205w"
 267      F0124FC0 
 267      F339C7F4 
 267      078577
 268 08ad C27CFD57 		.ascii	"\302|\375Ww\353R\306\261\304\303\2615\377f\235\321\327"
ARM GAS  C:\Users\Lena\AppData\Local\Temp\cc0uZHtL.s 			page 21


 268      77EB52C6 
 268      B1C4C3B1 
 268      35FF669D 
 268      D1D7
 269 08bf A380E8EB 		.ascii	"\243\200\350\353\205\247\216\023\305\243\253\317\247"
 269      85A78E13 
 269      C5A3ABCF 
 269      A7
 270 08cc E757A747 		.ascii	"\347W\247G\301\347\2127\270/h&\036P\2749\310\2749}\252"
 270      C1E78A37 
 270      B82F6826 
 270      1E50BC39 
 270      C8BC397D 
 271 08e1 A68568F7 		.ascii	"\246\205h\367]Z\251\252\013_\360}\227\336\351a\273m"
 271      5D5AA9AA 
 271      0B5FF07D 
 271      97DEE961 
 271      BB6D
 272 08f3 687718D9 		.ascii	"hw\030\331\300]\177\332\231>\242\034\304\303\351\177"
 272      C05D7FDA 
 272      993EA21C 
 272      C4C3E97F 
 273 0903 316EB717 		.ascii	"1n\267\027*u\332\317>m\277)\257U\376\311\021\206\342"
 273      2A75DACF 
 273      3E6DBF29 
 273      AF55FEC9 
 273      1186E2
 274 0916 485D7F6B 		.ascii	"H]\177kX\300H\225y\"u\224GjMkWF\210o\244\216`B\016\263"
 274      58C04895 
 274      79227594 
 274      476A4D6B 
 274      5746886F 
 275 0930 849433DF 		.ascii	"\204\2243\337\313<\276\327]p_\"\276\221\012\210\276"
 275      CB3CBED7 
 275      5D705F22 
 275      BE910A88 
 275      BE
 276 0941 5AB6A460 		.ascii	"Z\266\244`\214\022\251\216\027y\244\276T\"\205\233\207"
 276      8C12A98E 
 276      1779A4BE 
 276      5422859B 
 276      87
 277 0952 66E22125 		.ascii	"f\342!%R\025\342\313\202\2648!\331lO\260\275\231\346"
 277      5215E2CB 
 277      82B43821 
 277      D96C4FB0 
 277      BD99E6
 278 0965 34FCE92F 		.ascii	"4\374\351/\357G\275\025\033+\350\026%8\377!Y\255iI)"
 278      EF47BD15 
 278      1B2BE816 
 278      2538FF21 
 278      59AD6949 
 279 097a AE6953AD 		.ascii	"\256iS\255\256\317\300\366\252%\325\345pZ\223R\0268"
 279      AECFC0F6 
 279      AA25D5E5 
 279      705A9352 
 279      1638
ARM GAS  C:\Users\Lena\AppData\Local\Temp\cc0uZHtL.s 			page 22


 280 098c 2CB624A7 		.ascii	",\266$\247+5i\276\325\351Z4m\252G\262$.L\232\217\335"
 280      2B3569BE 
 280      D5E95A34 
 280      6DAA47B2 
 280      242E4C9A 
 281 09a2 345B92C3 		.ascii	"4[\222\303\372\361\024\255hq9\034\311N\313G)iQ\254\027"
 281      FAF114AD 
 281      6871391C 
 281      C94ECB47 
 281      296951AC 
 282 09b7 9590BA28 		.ascii	"\225\220\272(\312\276h\276\335f\263\333,\323'O\213\232"
 282      CABE68BE 
 282      DD66B3DB 
 282      2CD3274F 
 282      8B9A
 283 09c9 3A2576C6 		.ascii	":%v\306?c-8\376J\212#\305\376\212=a~\222%)%19\315f\267"
 283      3F632D38 
 283      FE4A8A23 
 283      C5FE8A3D 
 283      617E9225 
 284 09e4 2C4A405D 		.ascii	",J@])v\213\325f_\220\220\226\354\262\272>YlwN^(\030"
 284      29768BD5 
 284      665F9090 
 284      96ECB2BA 
 284      3E596C77 
 285 09fc 3CFC56FC 		.ascii	"<\374V\374\254\374\234\2378-h\313\206d\220\2241\311"
 285      ACFC9C9F 
 285      382D68CB 
 285      86649094 
 285      31C9
 286 0a0e B1D891EA 		.ascii	"\261\330\221\352\242\021\264\272\322\342^\265\230\347"
 286      A211B4BA 
 286      D2E25EB5 
 286      98E7
 287 0a1c C5CFE5BC 		.ascii	"\305\317\345\274\342\024^s\347\275\207\274\024\311\362"
 287      E2145E73 
 287      E7BD87BC 
 287      14C9F2
 288 0a2b 162532D7 		.ascii	"\026%2\327\313K#r\216\016g\354\214\3511\016g\314\302"
 288      CB4B2372 
 288      8E0E67EC 
 288      8CE9310E 
 288      67CCC2
 289 0a3e 84E418AA 		.ascii	"\204\344\030\252\332\031\303\024\304\314\236\035\027"
 289      DA19C314 
 289      C4CC9E1D 
 289      17
 290 0a4b F3A739EF 		.ascii	"\363\2479\357\306\177<\225>\262b\036\255\311\3116\244"
 290      C67F3C95 
 290      3EB2621E 
 290      ADC9C936 
 290      A4
 291 0a5c 10445149 		.ascii	"\020DQI6\335\037\3376\277C\177f\353f\277\365g\263\356"
 291      36DD1FDF 
 291      36BF437F 
 291      66EB66BF 
 291      F567B3EE 
ARM GAS  C:\Users\Lena\AppData\Local\Temp\cc0uZHtL.s 			page 23


 292 0a70 CDB96633 		.ascii	"\315\271f3|\010\357\350\023\223\355\011\251Jzc\247["
 292      7C08EFE8 
 292      1393ED09 
 292      A94A7A63 
 292      A75B
 293 0a82 5D064F87 		.ascii	"]\006O\2078\355.\022\037g&\357\306\231\365s\336\237"
 293      38ED2E12 
 293      1F6726EF 
 293      C699F573 
 293      DE9F
 294 0a94 13670E8E 		.ascii	"\023g\016\216\237;g\326\2548sP\374\274\277\315\231e"
 294      9F3B67D6 
 294      AC387350 
 294      FCBCBFCD 
 294      9965
 295 0aa6 D6BF171F 		.ascii	"\326\277\027\0377\313L\3364\233\215,\270\326\217\026"
 295      37CB4CDE 
 295      349B8D2C 
 295      B8D68F16 
 296 0ab6 236B97C4 		.ascii	"#k\227\304}N\262Y]A\216\005\013P\213\221\252\264.Hp"
 296      7D4EB259 
 296      5D418E05 
 296      0B508B91 
 296      AAB42E48 
 297 0acb BA7E6F75 		.ascii	"\272~ou-\371y\323\343\311\314\374\237:\031\212\005O"
 297      2DF979D3 
 297      E3C9CCFC 
 297      9F3A198A 
 297      054F
 298 0add F4D184FE 		.ascii	"\364\321\204\376\335x\\G\177\377\251\0159S\023\275F"
 298      DD785C47 
 298      7FFFA90D 
 298      395313BD 
 298      46
 299 0aee 128550BC 		.ascii	"\022\205P\274}\230\232\344\262\243\2510\354\317\265"
 299      7D989AE4 
 299      B2A3A930 
 299      ECCFB5
 300 0afd BBB0F79E 		.ascii	"\273\260\367\236\303f7$9\026\341\315\352\372\205\247"
 300      C3663724 
 300      3916E1CD 
 300      EAFA85A7 
 301 0b0d 1AAC988B 		.ascii	"\032\254\230\213\217R\035i\213\351x\230\325\272 -%\321"
 301      8F521D69 
 301      8BE97898 
 301      D5BA202D 
 301      25D1
 302 0b1f 6A9D3C63 		.ascii	"j\235<c\372\037b\015\036I\227\2700!\365\231g\3235\322"
 302      FA1F620D 
 302      1E4997B8 
 302      3021F599 
 302      67D335D2 
 303 0b33 8C29B1FF 		.ascii	"\214)\261\377\005\206l\320\032"
 303      05866CD0 
 303      1A
 304              		.text
 305              		.section	.gnu.lto_.symtab.d26e3967,"",%progbits
ARM GAS  C:\Users\Lena\AppData\Local\Temp\cc0uZHtL.s 			page 24


 306 0000 70616C52 		.ascii	"palReadBus\000"
 306      65616442 
 306      757300
 307 000b 00       		.ascii	"\000"
 308 000c 00       		.ascii	"\000"
 309 000d 00       		.ascii	"\000"
 310 000e 00000000 		.ascii	"\000\000\000\000\000\000\000\000"
 310      00000000 
 311 0016 0B010000 		.ascii	"\013\001\000\000"
 312 001a 70616C57 		.ascii	"palWriteBus\000"
 312      72697465 
 312      42757300 
 313 0026 00       		.ascii	"\000"
 314 0027 00       		.ascii	"\000"
 315 0028 00       		.ascii	"\000"
 316 0029 00000000 		.ascii	"\000\000\000\000\000\000\000\000"
 316      00000000 
 317 0031 10010000 		.ascii	"\020\001\000\000"
 318 0035 70616C53 		.ascii	"palSetBusMode\000"
 318      65744275 
 318      734D6F64 
 318      6500
 319 0043 00       		.ascii	"\000"
 320 0044 00       		.ascii	"\000"
 321 0045 00       		.ascii	"\000"
 322 0046 00000000 		.ascii	"\000\000\000\000\000\000\000\000"
 322      00000000 
 323 004e 18010000 		.ascii	"\030\001\000\000"
 324 0052 5F70616C 		.ascii	"_pal_lld_setgroupmode\000"
 324      5F6C6C64 
 324      5F736574 
 324      67726F75 
 324      706D6F64 
 325 0068 00       		.ascii	"\000"
 326 0069 02       		.ascii	"\002"
 327 006a 00       		.ascii	"\000"
 328 006b 00000000 		.ascii	"\000\000\000\000\000\000\000\000"
 328      00000000 
 329 0073 1E010000 		.ascii	"\036\001\000\000"
 330              		.text
 331              		.section	.gnu.lto_.opts,"",%progbits
 332 0000 272D666D 		.ascii	"'-fmath-errno' '-fsigned-zeros' '-ftrapping-math' '"
 332      6174682D 
 332      6572726E 
 332      6F272027 
 332      2D667369 
 333 0033 2D666E6F 		.ascii	"-fno-trapv' '-fno-openmp' '-fno-openacc' '-mcpu=cor"
 333      2D747261 
 333      70762720 
 333      272D666E 
 333      6F2D6F70 
 334 0066 7465782D 		.ascii	"tex-m7' '-mno-thumb-interwork' '-mthumb' '-ggdb' '-"
 334      6D372720 
 334      272D6D6E 
 334      6F2D7468 
 334      756D622D 
 335 0099 4F322720 		.ascii	"O2' '-fomit-frame-pointer' '-falign-functions=16' '"
ARM GAS  C:\Users\Lena\AppData\Local\Temp\cc0uZHtL.s 			page 25


 335      272D666F 
 335      6D69742D 
 335      6672616D 
 335      652D706F 
 336 00cc 2D666675 		.ascii	"-ffunction-sections' '-fdata-sections' '-fno-common"
 336      6E637469 
 336      6F6E2D73 
 336      65637469 
 336      6F6E7327 
 337 00ff 2720272D 		.ascii	"' '-flto'\000"
 337      666C746F 
 337      2700
 338              		.text
 339              		.comm	__gnu_lto_v1,1,1
 340              		.comm	__gnu_lto_slim,1,1
 341              		.ident	"GCC: (GNU Tools for ARM Embedded Processors 6-2017-q1-update) 6.3.1 20170215 (release) [AR
ARM GAS  C:\Users\Lena\AppData\Local\Temp\cc0uZHtL.s 			page 26


DEFINED SYMBOLS
                            *ABS*:00000000 hal_pal.c
                            *COM*:00000001 __gnu_lto_v1
                            *COM*:00000001 __gnu_lto_slim

NO UNDEFINED SYMBOLS
