ARM GAS  C:\Users\Lena\AppData\Local\Temp\ccwDCOca.s 			page 1


   1              		.cpu cortex-m7
   2              		.eabi_attribute 20, 1
   3              		.eabi_attribute 21, 1
   4              		.eabi_attribute 23, 3
   5              		.eabi_attribute 24, 1
   6              		.eabi_attribute 25, 1
   7              		.eabi_attribute 26, 1
   8              		.eabi_attribute 30, 2
   9              		.eabi_attribute 34, 1
  10              		.eabi_attribute 18, 4
  11              		.file	"hal_pal_lld.c"
  12              		.text
  13              	.Ltext0:
  14              		.section	.gnu.lto_.profile.d26e21b9,"",%progbits
  15 0000 789C6365 		.ascii	"x\234ce`b`c```dx\317\370\226\021\000\006H\001\355"
  15      60626063 
  15      60606064 
  15      78CFF896 
  15      11000648 
  16              		.text
  17              		.section	.gnu.lto_.icf.d26e21b9,"",%progbits
  18 0000 789C6365 		.ascii	"x\234ce`b\340c@\000&\206'\315{\233\370\030\257?^\373"
  18      6062E063 
  18      40002686 
  18      27CD7B9B 
  18      F818AF3F 
  19 0016 90950100 		.ascii	"\220\225\001\000.\012\006\032"
  19      2E0A061A 
  20              		.text
  21              		.section	.gnu.lto_.jmpfuncs.d26e21b9,"",%progbits
  22 0000 789C6365 		.ascii	"x\234ce`b\020`@\000&\006FF\306zFf \311^__\317\000\000"
  22      60621060 
  22      40002606 
  22      4646C67A 
  22      466620C9 
  23 001a 0D4C0227 		.ascii	"\015L\002'"
  24              		.text
  25              		.section	.gnu.lto_.inline.d26e21b9,"",%progbits
  26 0000 789C6365 		.ascii	"x\234ce`b\330\305\200\000L\014\014\213\031\02712\262"
  26      6062D8C5 
  26      80004C0C 
  26      0C8B1917 
  26      3132B2
  27 0013 33283032 		.ascii	"3(020+\200I\0070\231\000&\033\030\301\324\002\010u\000"
  27      302B8049 
  27      07309900 
  27      261B18C1 
  27      D4020875 
  28 0028 423108BC 		.ascii	"B1\010\274a|\260\231\217\301g\302!\026&\006\306\027"
  28      617CB099 
  28      8FC167C2 
  28      21162606 
  28      C617
  29 003a EC501244 		.ascii	"\354P\022Dp\200\231\034 B\000\314\024\000\021\012`\246"
  29      7080991C 
  29      204200CC 
  29      1400110A 
ARM GAS  C:\Users\Lena\AppData\Local\Temp\ccwDCOca.s 			page 2


  29      60A6
  30 004c 02887000 		.ascii	"\002\210p\0003\035@D\003#\023\204\002\223L\020\016\023"
  30      331D4044 
  30      03231384 
  30      02934C10 
  30      0E13
  31 005e C8598C0C 		.ascii	"\310Y\214\014\347\030\3662122\001\255c`\316k9\257\300"
  31      E718F632 
  31      31323201 
  31      AD6360CE 
  31      6B39AFC0 
  32 0072 2031E722 		.ascii	" 1\347\"3\023\203\330\234]L,`\227\003\0000\" \263"
  32      331383D8 
  32      9C5D4C2C 
  32      60970300 
  32      302220B3 
  33              		.text
  34              		.section	.gnu.lto_.pureconst.d26e21b9,"",%progbits
  35 0000 789C6365 		.ascii	"x\234ce`b`e`\000\222R\214R\000\001\005\000D"
  35      60626065 
  35      60009252 
  35      8C520001 
  35      050044
  36              		.text
  37              		.section	.gnu.lto__pal_lld_init.d26e21b9,"",%progbits
  38 0000 789CA59B 		.ascii	"x\234\245\233yTU\345\032\207\317\267\367\006\231\325"
  38      795455E5 
  38      1A87CFB7 
  38      F70699D5 
  39 0010 B4B4B2B2 		.ascii	"\264\264\262\262\222L-Q\0334\233\315\262A\263\322\376"
  39      924C2D51 
  39      1B349BCD 
  39      B241B3D2 
  39      FE
  40 0021 732DEFAD 		.ascii	"s-\357\255V\345Z\255te\335u\377\363\200\2508\317\003"
  40      56E55AAD 
  40      7465DD75 
  40      FFF380A8 
  40      38CF03
  41 0034 2A42A202 		.ascii	"*B\242\002\242\242\"N\210\"\012\342\204\0038\317\003"
  41      A2A2224E 
  41      88220AE2 
  41      840338CF 
  41      03
  42 0045 2039A0E2 		.ascii	" 9\240\342\214\302\375\336\337\371>\276}\204\2638\373"
  42      8CC2FDDE 
  42      DFF93EBE 
  42      7D84B338 
  42      FB
  43 0056 BBAEE52B 		.ascii	"\273\256\345+\347\260y\366s\366y}\204\203\004\270\014"
  43      E7B079F6 
  43      73F6797D 
  43      848304B8 
  43      0C
  44 0067 D7CFBD5C 		.ascii	"\327\317\275\\\256X\227\313\365,\377\315L\0273\246\024"
  44      AE5897CB 
  44      F52CFFCD 
ARM GAS  C:\Users\Lena\AppData\Local\Temp\ccwDCOca.s 			page 3


  44      4C1733A6 
  44      14
  45 0078 B95CD141 		.ascii	"\271\\\321A\006c\364\206;\210\271F\030l\004\233l\316"
  45      0663F486 
  45      3B88B946 
  45      186C049B 
  45      6CCE
  46 008a 3659DE98 		.ascii	"6Y\336\230\262\015F\207\0247\377\225;\373z\340h\367"
  46      B20D4687 
  46      1437FF95 
  46      3BFB7AE0 
  46      68F7
  47 009c A8D689A6 		.ascii	"\250\326\211\246\313\025\317\177\323/\226\302:\360\243"
  47      CB15CF7F 
  47      D32F96C2 
  47      3AF0A3
  48 00ab 0EC4AE9C 		.ascii	"\016\304\256\234oN2\023M\306,~\363\306\336\271\027\""
  48      6F4E3213 
  48      4DC62C7E 
  48      F3C6DEB9 
  48      1722
  49 00bd E8A6C1DA 		.ascii	"\350\246\301\332\362\233\0255\031\345\226\371_\346\342"
  49      F29B1535 
  49      19E596F9 
  49      5FE6E2
  50 00cc 6FA79D9E 		.ascii	"o\247\235\236\367m\373\305nw\214;\367\312\014\323\335"
  50      F76DFBC5 
  50      6E778C3B 
  50      F7CA0CD3 
  50      DD
  51 00dd 2ED134D9 		.ascii	".\3214\331Rfr\036KcmX*k\343\342w\271X:kO\207\237_U3"
  51      5266721E 
  51      4B636D58 
  51      2A6BE3E2 
  51      77B9583A 
  52 00f8 333CD0F2 		.ascii	"3<\320\362\234\217-c\201\214\377\231q\220\345\272kj"
  52      9C8F2D63 
  52      818CFF99 
  52      7190E5BA 
  52      6B6A
  53 010a C770C462 		.ascii	"\307p\304bv\340\313df\360\217\261L\032\0014\002i\004"
  53      76E0CB64 
  53      66F08FB1 
  53      4C1A0134 
  53      026904
  54 011d 316204D3 		.ascii	"1b\004\323\233!4Bi\204\321\010\247\021A\243)\215f4\232"
  54      9B213442 
  54      6984D108 
  54      A71141A3 
  54      298D6634 
  55 0132 D3788246 		.ascii	"\323x\202F\013\032-i<I\343)\032\255h\264\246\3614\215"
  55      0B1A2D69 
  55      3C49E329 
  55      1AAD68B4 
  55      A6F1348D 
  56 0146 67683C4B 		.ascii	"gh<K\203d\255\347h<O\343\005\032mi\274H\343%\032/\323"
  56      8364ADE7 
ARM GAS  C:\Users\Lena\AppData\Local\Temp\ccwDCOca.s 			page 4


  56      683C4FE3 
  56      051A6D69 
  56      BC48E325 
  57 015d 68472392 		.ascii	"hG#\222\306+4\332\323x\225F\007\032\035it\242\361\032"
  57      C62B34DA 
  57      D3789546 
  57      071A1D69 
  57      74A2F11A 
  58 0171 8DD76974 		.ascii	"\215\327it\246\021E\243\013\215\2564\272\321x\203\306"
  58      A61145A3 
  58      0B8DAE34 
  58      BAD17883 
  58      C6
  59 0182 9B34DEA2 		.ascii	"\2334\336\242\3616\215\3564z\320x\207FO\032\357\322"
  59      F1368DEE 
  59      347AD078 
  59      87464F1A 
  59      EFD2
  60 0194 788FC6FB 		.ascii	"x\217\306\3734>\240\361!\215\217h|L\243\027\215Oh\364"
  60      343EA0F1 
  60      218D8F68 
  60      7C4CA317 
  60      8D4F68F4 
  61 01a8 A6F1298D 		.ascii	"\246\361)\215\317h\364\241\3619\215/h|I\343+\032}i\364"
  61      CF68F4A1 
  61      F1398D2F 
  61      687C49E3 
  61      2B1A7D69 
  62 01bd A3F1358D 		.ascii	"\243\3615\215\3764\276\241\361-\215\357h\014\2401\220"
  62      FE34BEA1 
  62      F12D8DEF 
  62      680CA031 
  62      90
  63 01ce C6F7345C 		.ascii	"\306\3674\\\256q\374\251\243\275\032o\032\364\247Y\301"
  63      AE71FCA9 
  63      A3BD1A6F 
  63      1AF4A759 
  63      C1
  64 01df F236561C 		.ascii	"\3626V\034\335\026B\317f\202i\360'y\326\250\274}Mh]"
  64      DD1642CF 
  64      668269F0 
  64      2779D6A8 
  64      BC7D4D68 
  65 01f4 02B022B1 		.ascii	"\002\260\"\261\011\371e\301\236\233\356\353qnZ\250\313"
  65      09F965C1 
  65      9E9BEEEB 
  65      716E5AA8 
  65      CB
  66 0205 67AA3704 		.ascii	"g\2527\004$\262\204h\276\206m\023\315@\266\202\357\312"
  66      24B28468 
  66      BE866D13 
  66      CD40B682 
  66      EFCA
  67 0217 72BE2B74 		.ascii	"r\276+t\374\315Y\373\317\206E-w\307\262D\263\011\313"
  67      FCCD59FB 
  67      CF86452D 
  67      77C7B244 
ARM GAS  C:\Users\Lena\AppData\Local\Temp\ccwDCOca.s 			page 5


  67      B309CB
  68 022a 60896C0E 		.ascii	"`\211l\016\266\223\255dQ\256\0126\362\336h\3469\227"
  68      B693AD64 
  68      51AE0A36 
  68      F2DE68E6 
  68      3997
  69 023c E939DDE2 		.ascii	"\3519\335\342\212\344\333\330N\213\3256e\2538\205+\315"
  69      8AE4DBD8 
  69      4E8BD536 
  69      65AB3885 
  69      2BCD
  70 024e 0AA6639C 		.ascii	"\012\246c\234\235j\265:U&\213\342|\002mL;fzN\027\340"
  70      9D6AB53A 
  70      55268BE2 
  70      7C026D4C 
  70      3B667A4E 
  71 0264 8CB60634 		.ascii	"\214\266\0064\332o\226\365\2308\301\376\037\321\265"
  71      DA6F96F5 
  71      9838C1FE 
  71      1FD1B5
  72 0273 0ABD8E44 		.ascii	"\012\275\216D\003]\245,&)y\262)PG\026n\236\036\3211"
  72      035DA52C 
  72      262979B2 
  72      29504716 
  72      6E9E1ED1 
  73 0288 157FC90B 		.ascii	"\025\177\311\0136\032\361IA\211f\220K\374\015_\317:"
  73      361AF149 
  73      41896690 
  73      4BFC0D5F 
  73      CF3A
  74 029a DA9F2313 		.ascii	"\332\237#\023\317\321\335\035\273\342\302\304\3119\210"
  74      CFD1DD1D 
  74      BBE2C2C4 
  74      C93988
  75 02a9 362E38C1 		.ascii	"6.8\301\014b\033\304\371\027\314Y_\025\301\317?\005"
  75      0C621BC4 
  75      F917CC59 
  75      5F15C1CF 
  75      3F05
  76 02bb 6E216C23 		.ascii	"n!l#\014\014\027\336\231\265i{\317\021\217\350}I\021"
  76      0C0C17DE 
  76      99B5697B 
  76      CF118FE8 
  76      7D4911
  77 02ce FC442C9B 		.ascii	"\374D,\233E\221\210\213mb#\310\254\255\320\032_\232"
  77      4591888B 
  77      6D6223C8 
  77      ACADD01A 
  77      5F9A
  78 02e0 1A6D9823 		.ascii	"\032m\230#p\302\312\003[G\262\310d\204\243`^X\274;7"
  78      70C2CA03 
  78      5B47B2C8 
  78      6484A360 
  78      5E58BC3B 
  79 02f5 96834359 		.ascii	"\226\203CY\216w;`\274\231E\362\217\270u\342|\021#\343"
  79      8E773B60 
  79      BC9945F2 
ARM GAS  C:\Users\Lena\AppData\Local\Temp\ccwDCOca.s 			page 6


  79      8FB875E2 
  79      7C1123E3 
  80 0309 50E676F3 		.ascii	"P\346v\3635b[\370\373\275\037\367\314\232Q)!\365\240"
  80      35625BF8 
  80      FBBD1FF7 
  80      CC9A5129 
  80      21F5A0
  81 031c 418F0709 		.ascii	"A\217\007\011\320\\\026I\227\202?\0051\033+j\377\254"
  81      D05C1649 
  81      97823F05 
  81      311B2B6A 
  81      FFAC
  82 032e 6B53ACE7 		.ascii	"kS\254\347\252-\010\304\021\374\324\310T\274\3472\311"
  82      AA2D08C4 
  82      11FCD4C8 
  82      54BCE732 
  82      C9
  83 033f 7CB1ADFC 		.ascii	"|\261\255\374\341\271X\036=\231\375\355W3\310\353j\362"
  83      E1B9581E 
  83      3D99FDED 
  83      5733C8EB 
  83      6AF2
  84 0351 272B8CAE 		.ascii	"'+\214\256\342\266\372W1\251\266\230\037\036\316\266"
  84      E2B6FA57 
  84      31A9B698 
  84      1F1ECEB6 
  85 0361 E3429A1E 		.ascii	"\343B\232\036\"\313\307\242\344\315\332\331\221\330"
  85      22CBC7A2 
  85      E4CDDAD9 
  85      91D8
  86 036f 767028C0 		.ascii	"vp(\300\321Y\027\247\206x\300\021\364\370Y\201 ?\272"
  86      D15917A7 
  86      8678C011 
  86      F4F85981 
  86      203FBA
  87 0382 776E6A53 		.ascii	"wnjS\332\217hw\322\017\264\";\300\025\246\254\220\266"
  87      DA8F6877 
  87      D20FB422 
  87      3BC015A6 
  87      AC90B6
  88 0395 A4BFE7B1 		.ascii	"\244\277\347\261\306m\213\360\210\177\343\237i[\322"
  88      C66D8BF0 
  88      887FE39F 
  88      695BD2
  89 03a4 DC095C80 		.ascii	"\334\011\\\200\300\355z\\\323\177\257\335\000\005\012"
  89      C0ED7A5C 
  89      D37FAFDD 
  89      00050A
  90 03b3 D01EF2FA 		.ascii	"\320\036\362\372\306\3435Vz}\353\300k/pM\004\256H\337"
  90      C6E33556 
  90      7A7DEBC0 
  90      6B2F704D 
  90      04AE48DF 
  91 03c7 6B1F4041 		.ascii	"k\037@A\002\264\237\274\276\365x\215\223^\3379\360:"
  91      02B49FBC 
  91      BEF5788D 
  91      935EDF39 
ARM GAS  C:\Users\Lena\AppData\Local\Temp\ccwDCOca.s 			page 7


  91      F03A
  92 03d9 005CB0C0 		.ascii	"\000\\\260\300\035\324\367*\006(D\200J\310\353;\217"
  92      1DD4F72A 
  92      06284480 
  92      4AC8EB3B 
  92      8F
  93 03ea D778E935 		.ascii	"\327x\3515\300\201\327!\340B\005\356\260\276\327\021"
  93      C081D721 
  93      E04205EE 
  93      B0BED711 
  94 03fa 80C204E8 		.ascii	"\200\302\004\350(y\015\360xM\220^\003\035x\035\003."
  94      28790DF0 
  94      784D905E 
  94      031D781D 
  94      032E
  95 040c 5CE08EEB 		.ascii	"\\\340\216\353{\235\000(B\200N\222\327@\217\327D\351"
  95      7B9D0028 
  95      42804E92 
  95      D7408FD7 
  95      44E9
  96 041e F5BD03AF 		.ascii	"\365\275\003\257S\3005\025\270\323\372^g\000j&@g\311"
  96      53C03515 
  96      B8D3FA5E 
  96      67006A26 
  96      4067C9
  97 0431 EB7B7BBD 		.ascii	"\353{{\275P\232\272XR{p+iyS\177\232~\016M\367\212xF"
  97      509ABA58 
  97      527B702B 
  97      6979537F 
  97      9A7E0E4D 
  98 0449 E3113F0F 		.ascii	"\343\021?\017\247\346\015G\374\202\214\370E\357\210"
  98      A7E60D47 
  98      FC828CF8 
  98      45EF88
  99 0458 3B097729 		.ascii	";\011w)\302=7\257z[\260\010w\034\205\273L\204;C+\334"
  99      C23D37AF 
  99      7A5BB008 
  99      771C85BB 
  99      4C843B43 
 100 046e E53CCBE7 		.ascii	"\345<\313\347|\206\3734\0177\035Q\352#\334\227\020\356"
 100      7C86FB34 
 100      0F371D51 
 100      EA23DC97 
 100      10EE
 101 0480 0ADA83CF 		.ascii	"\012\332\203\317\371\375\245;\247\217\016\363\204\273"
 101      F9FDA53B 
 101      A78F0EF3 
 101      84BB
 102 048e 0DBF797D 		.ascii	"\015\277y}\352\326*f[\213\177\304\225\3335yQ|\230w\270"
 102      EAD62A66 
 102      5B8B7FC4 
 102      95DB3579 
 102      517C9877 
 103 04a3 2FCB7013 		.ascii	"/\313p\023\221]Q\233Q\201G\024s(\2412\\nF\231m3\312"
 103      915D519B 
 103      51814714 
 103      7328A132 
ARM GAS  C:\Users\Lena\AppData\Local\Temp\ccwDCOca.s 			page 8


 103      5C6E4699 
 104 04ba B68F5960 		.ascii	"\266\217Y`\3317\343\252,5@\327h3>W\245\206\351\027\376"
 104      D937E3AA 
 104      2C3540D7 
 104      68333E57 
 104      A586E917 
 105 04cf A961632B 		.ascii	"\251ac+e\251\201\273\256\357uC\226\032\240\233\344\365"
 105      65A981BB 
 105      AEEF7543 
 105      961AA09B 
 105      E4F5
 106 04e1 852A35BC 		.ascii	"\205*5\274\276t\340U%K\015\334-}\257\333\262\324\000"
 106      BE74E055 
 106      254B0DDC 
 106      2D7DAFDB 
 106      B2D400
 107 04f4 DD21AF2F 		.ascii	"\335!\257/U\251\341\365\225\003\257\273\262\324\300"
 107      55A9E1F5 
 107      9503AFBB 
 107      B2D4C0
 108 0503 DDD3F7BA 		.ascii	"\335\323\367\272/K\015\320\003\362\372J\225\032^}\035"
 108      2F4B0DD0 
 108      03F2FA4A 
 108      951A5E7D 
 108      1D
 109 0514 7855CB52 		.ascii	"xU\313R\003\367P\337\353\221,5@5\344\325W\225\032^\375"
 109      03F750DF 
 109      EB912C35 
 109      4035E4D5 
 109      57951A5E 
 110 0529 1C78D5CA 		.ascii	"\034x\325\312R\003\3476\264\275\242\015Qj\200b\014\356"
 110      5203E736 
 110      B4BDA20D 
 110      516A8062 
 110      0CEE
 111 053b D54F951A 		.ascii	"\325O\225\032^_;\360\032i\210R\003\027\253\3575\312"
 111      5E5F3BF0 
 111      1A698852 
 111      0317ABEF 
 111      35CA
 112 054d 10A50668 		.ascii	"\020\245\006h4y}m\317\025\322\242J].K\275\301\257R\217"
 112      34797D6D 
 112      CF15D2A2 
 112      4A5D2E4B 
 112      BDC1AF52 
 113 0562 31EA953A 		.ascii	"1\352\225:\273\361R\307\301\351\211\206K=\326\020\245"
 113      BBF152C7 
 113      C1E98986 
 113      4B3DD610 
 113      A5
 114 0573 1E676897 		.ascii	"\036gh\227z\274A\245\236\221\027_\022.J=\205J=\301\360"
 114      7ABC41A5 
 114      9E91175F 
 114      122E4A3D 
 114      854A3DC1 
 115 0588 943A5BAB 		.ascii	"\224:[\253\324\023\215Hz\274>J}\207\227\232\216\340"
 115      D4138D48 
ARM GAS  C:\Users\Lena\AppData\Local\Temp\ccwDCOca.s 			page 9


 115      7ABC3E4A 
 115      7D87979A 
 115      8EE0
 116 059a A76EB0D4 		.ascii	"\247n\260\324\223\014*\365d\203\357\301\307T\352\203"
 116      930C2AF5 
 116      6483EFC1 
 116      C754EA83 
 117 05aa 6B774478 		.ascii	"kwDxJ\335\203\376\345u\237Xl\377\007|\212\341\271rc"
 117      4ADD83FE 
 117      E5759F58 
 117      6CFF077C 
 117      8AE1B972 
 118 05bf 0B175C0B 		.ascii	"\013\027\\\013\365.\365TC\224\232\210l\232\332\014\316"
 118      F52EF554 
 118      43949A88 
 118      6C9ADA0C 
 118      CE
 119 05d0 A6A7AB2C 		.ascii	"\246\247\253,Y\375\033\316\037p\335f,\2755!3\330\276"
 119      59FD1BCE 
 119      1F70DD66 
 119      2CBD3521 
 119      33D8BE
 120 05e3 19D30D51 		.ascii	"\031\323\015Qj\200f\320f|\254J\015\323^\376\251acg\032"
 120      6A8066D0 
 120      667CAC4A 
 120      0DD35EFE 
 120      A9616367 
 121 05f8 A2D4C0CD 		.ascii	"\242\324\300\315\322\367\232m\210R\0034\207\274z\251"
 121      D2F79A6D 
 121      88520334 
 121      87BC7AA9 
 122 0608 52C3EB13 		.ascii	"R\303\353\023\007^\361\206(5ps\365\275\346\031\242\324"
 122      075EF186 
 122      28357073 
 122      F5BDE619 
 122      A2D4
 123 061a 00CD27AF 		.ascii	"\000\315'\257OT\251\341\325\333\201W\202!J\015\334\002"
 123      4F54A9E1 
 123      D5DB8157 
 123      82214A0D 
 123      DC02
 124 062c 7DAF4443 		.ascii	"}\257DC\224\032\240$\362\352\255J\015\257O\035x\375"
 124      941AA024 
 124      F2EAAD4A 
 124      0DAF4F1D 
 124      78FD
 125 063e 6D885203 		.ascii	"m\210R\003\267P\337+\331\020\245\006h\021y}\252J\015"
 125      B750DF2B 
 125      D910A506 
 125      6811797D 
 125      AA4A0D
 126 0651 AFCF1C78 		.ascii	"\257\317\034x-6D\251\201[\242\357\225\"K\015P*y}\246"
 126      2D3644A9 
 126      815BA2EF 
 126      95224B0D 
 126      502A797D 
 127 0666 4A0DAF3E 		.ascii	"J\015\257>\016\274\322d\251\201[\252\357\225.K\015\320"
ARM GAS  C:\Users\Lena\AppData\Local\Temp\ccwDCOca.s 			page 10


 127      0EBCD264 
 127      A9815BAA 
 127      EF952E4B 
 127      0DD0
 128 0678 32F2EA63 		.ascii	"2\362\352c\317\025\322\242J=Q\334J*\365\253\324\313"
 128      CF15D2A2 
 128      4A3D51DC 
 128      4A2AF5AB 
 128      D4CB
 129 068a EB97BABC 		.ascii	"\353\227\272\274\361R\257\200S\213\206K\235!K\275R\277"
 129      F152AF80 
 129      538B864B 
 129      9D214BBD 
 129      52BF
 130 069c D4AB50EA 		.ascii	"\324\253P\352\270\364\031\311\246(\365\034*\365jQ\352"
 130      B8F419C9 
 130      A628F51C 
 130      2AF56A51 
 130      EA
 131 06ad 72AD5267 		.ascii	"r\255Rg\362\016/\367Y\352\242\304@\034\261\312G\251"
 131      F20E2FF7 
 131      59EAA2C4 
 131      401CB1CA 
 131      47A9
 132 06bf D7A0D459 		.ascii	"\327\240\324Y\264\007=\371\375\0172WT\210\317\251K\350"
 132      B4073DF9 
 132      FD0F3257 
 132      5488CFA9 
 132      4BE8
 133 06d1 B8E2DB99 		.ascii	"\270\342\333\231\025\001\266\275X+\366\342\237\312\325"
 133      1501B6BD 
 133      582BF6E2 
 133      9FCAD5
 134 06e0 0521DEA9 		.ascii	"\005!\336\251^'SMH\266^\255F\026Vc\336\370\232\322@"
 134      5E27534D 
 134      48B65EAD 
 134      46165663 
 134      DEF89AD2 
 135 06f5 B91AAB6D 		.ascii	"\271\032\253m\253q\250j\363\344@\373jl\220\251\006h"
 135      AB71A86A 
 135      F3E440FB 
 135      6A6C90A9 
 135      0668
 136 0707 23AD464F 		.ascii	"#\255FO\225j\250\276\353\237\032V6[\246\032\270M\372"
 136      956AA8BE 
 136      EB9F1A56 
 136      365BA61A 
 136      B84DFA
 137 071a 5E3932D5 		.ascii	"^92\325\000m&\257wU\252\341\365\236\003\257-2\325\300"
 137      006D26AF 
 137      7755AAE1 
 137      F59E03AF 
 137      2D32D5C0 
 138 072e E5EA7B6D 		.ascii	"\345\352{m\225\251\006(\217\274\336S\251\206\327\373"
 138      95A90628 
 138      8FBCDE53 
 138      A986D7FB 
ARM GAS  C:\Users\Lena\AppData\Local\Temp\ccwDCOca.s 			page 11


 139 073e 0EBCB6C9 		.ascii	"\016\274\266\311T\003\267]\337+_\246\032\240\002\362"
 139      5403B75D 
 139      DF2B5FA6 
 139      1AA002F2 
 140 074e 7A5FA51A 		.ascii	"z_\245\032^\0378\360\332!S\015\\\241\276\327N\231j\200"
 140      5E1F38F0 
 140      DA21530D 
 140      5CA1BED7 
 140      4E996A80 
 141 0762 7691D707 		.ascii	"v\221\327\007*\325\360\372\320\201\327n\231j\340\366"
 141      2AD5F0FA 
 141      D081D76E 
 141      996AE0F6 
 142 0772 E87BED95 		.ascii	"\350{\355\225\251\006\250\210\274>T\251\206\327G\016"
 142      A906A888 
 142      BC3E54A9 
 142      86D7470E 
 143 0782 BCF6C954 		.ascii	"\274\366\311T\003\267_\337\353\200L5@\007\311\353#{"
 143      03B75FDF 
 143      EB804C35 
 143      4007C9EB 
 143      237B
 144 0794 AFD01695 		.ascii	"\257\320\026\225\352L\231\352\033~\245\272\270~\252"
 144      EA4C99EA 
 144      1B7EA5BA 
 144      B87EAA
 145 07a3 AB1A4F75 		.ascii	"\253\032Ou\011\234Z6\234\352C2\325\207\365S}\004\251"
 145      099C5A36 
 145      9CEA4332 
 145      D587F553 
 145      7D04A9
 146 07b6 3E91B1F7 		.ascii	">\221\261\367r\220Hu\022\245\372\250Hu\225V\252\217"
 146      72904875 
 146      12A5FAA8 
 146      48759556 
 146      AA8F
 147 07c8 F11017FB 		.ascii	"\361\020\027\373Lu\031O"
 147      4C75194F 
 148 07d0 351D71C4 		.ascii	"5\035q\304G\252\217#\325'h\017\336\340\367\237\213\336"
 148      47AA8F23 
 148      D527680F 
 148      DEE0F79F 
 148      8BDE
 149 07e2 7729D493 		.ascii	"w)\324\223\352\353\270\012\253\026\025\007\331\366\342"
 149      EAEBB80A 
 149      AB161507 
 149      D9F6E2
 150 07f1 A4DC8B8A 		.ascii	"\244\334\213\212\025\027\003\275S}J\246\232\220\354"
 150      151703BD 
 150      537D4AA6 
 150      9A90EC
 151 0800 B45A8D13 		.ascii	"\264Z\215\023X\215\363\205\343\352\276\334:j\333\214"
 151      588DF385 
 151      E3EABEDC 
 151      3A6ADB8C 
 152 0810 AD932E2D 		.ascii	"\255\223.-\011\367zaL\226\032\234\263\264\031o\250R"
 152      09F77A61 
ARM GAS  C:\Users\Lena\AppData\Local\Temp\ccwDCOca.s 			page 12


 152      4C961A9C 
 152      B3B4196F 
 152      A852
 153 0822 C3F44DFF 		.ascii	"\303\364M\377\314\260\261\347d\251\201;\257\255uA\206"
 153      CCB0B1E7 
 153      64A9813B 
 153      AFAD7541 
 153      86
 154 0833 1A9C8BA4 		.ascii	"\032\234\213\244\365\246\0125\264\336r\240U*C\015\\"
 154      F5A60A35 
 154      B4DE72A0 
 154      552A430D 
 154      5C
 155 0844 99B656B9 		.ascii	"\231\266V\271\35448\227H\353-\325ih\275\355@\253Bv\032"
 155      EC343897 
 155      48EB2DD5 
 155      6968BDED 
 155      40AB4276 
 156 0859 B87FB4B5 		.ascii	"\270\177\264\265.\313L\203s\205\264\336V\231\206Vw\007"
 156      2ECB4C83 
 156      7385B4DE 
 156      56998656 
 156      7707
 157 086b 5A5765A6 		.ascii	"ZWe\246\201\273\246\255U)+\015\316u\322\352\256*\015"
 157      81BBA6AD 
 157      55292B0D 
 157      CE75D2EA 
 157      AE2A0D
 158 087e AD1E0EB4 		.ascii	"\255\036\016\264n\310J\003wS[\253JF\032\234[\244\325"
 158      6EC84A03 
 158      77535BAB 
 158      4A461A9C 
 158      5BA4D5
 159 0891 43451A5A 		.ascii	"CE\032Z\3578\320\272-#\015\334\035m\255\273\262\321"
 159      EF38D0BA 
 159      2D230DDC 
 159      1D6DADBB 
 159      B2D1
 160 08a3 E0DC23AD 		.ascii	"\340\334#\255w\354\241BTT\243\217\311F?\362\253\321"
 160      77ECA142 
 160      5454A38F 
 160      C9463FF2 
 160      ABD1
 161 08b5 F7EB37BA 		.ascii	"\367\3537\272\266\361F?\200\323\223\0157\272Z6\372\241"
 161      B6F1463F 
 161      80D3930D 
 161      37BA5A36 
 161      FAA1
 162 08c7 7EA31FA1 		.ascii	"~\243\037\241\321\373S\312\343\002D\243S\251\3215\242"
 162      D1FB53CA 
 162      E30244A3 
 162      53A9D135 
 162      A2
 163 08d8 D1B55A8D 		.ascii	"\321\265Z\215\256\345\005\276\357\263\3215\274\321t"
 163      AEE505BE 
 163      EFB3D135 
 163      BCD174
ARM GAS  C:\Users\Lena\AppData\Local\Temp\ccwDCOca.s 			page 13


 164 08e7 C4231F8D 		.ascii	"\304#\037\215v\233\324\350h\372.\361k\374\376\025w\227"
 164      769BD4E8 
 164      68FA2EF1 
 164      6BFCFE15 
 164      7797
 165 08f9 EC649E46 		.ascii	"\354d\236FO`\364\350r\012\334Mmk\021cz.]E\362\264\345"
 165      4F60F4E8 
 165      720ADC4D 
 165      6D6B1163 
 165      7A2E5D45 
 166 0910 8FBDF231 		.ascii	"\217\275\3621\322\024\215&$\2135\3536\203\303\351\245"
 166      D2148D26 
 166      248B35EB 
 166      3683C3E9 
 166      A5
 167 0921 AFA929A7 		.ascii	"\257\251)\247\202\345j\324\330V\343\346\215#{\203\274"
 167      82E56AD4 
 167      D856E3E6 
 167      8D237B83 
 167      BC
 168 0932 5E133345 		.ascii	"^\0233E\244\001\032m\362\325xME\032\252\257\373\247"
 168      A4011A6D 
 168      F2D5784D 
 168      451AAAAF 
 168      FBA7
 169 0944 868D1D63 		.ascii	"\206\215\035c\212H\003\027\247\3575\326\024\225\006"
 169      8A480317 
 169      A7EF35D6 
 169      149506
 170 0953 681C79BD 		.ascii	"h\034y\275\256*\015\257\316\016\274\306\233\242\322"
 170      AE2A0DAF 
 170      CE0EBCC6 
 170      9BA2D2
 171 0962 C04DD0F7 		.ascii	"\300M\320\367\232h\212L\0034\211\274:\253L\303+\312"
 171      9A688A4C 
 171      033489BC 
 171      3AAB4CC3 
 171      2BCA
 172 0974 81D76453 		.ascii	"\201\327dSd\032\270)\372^SM\321i\200\246\221W\224\352"
 172      641AB829 
 172      FA5E534D 
 172      D16980A6 
 172      915794EA 
 173 0988 34BCBA38 		.ascii	"4\274\2728\360\232n\212N\0037C\337k\246)B\015\320,\362"
 173      F09A6E8A 
 173      4E033743 
 173      DF6BA629 
 173      420DD02C 
 174 099d EAA2420D 		.ascii	"\352\242B\015\257\256\016\274f\233\"\324\300\315\321"
 174      AFAE0EBC 
 174      669B22D4 
 174      C0CDD1
 175 09ac F78A3745 		.ascii	"\367\2127E\251\001\232K^]U\251\341\325\315\201\327<"
 175      A9019A4B 
 175      5E5D55A9 
 175      E1D5CD81 
 175      D73C
ARM GAS  C:\Users\Lena\AppData\Local\Temp\ccwDCOca.s 			page 14


 176 09be 53941AB8 		.ascii	"S\224\032\270\371\372^\011\246H5@\013\310\253\233\275"
 176      F9FA5E09 
 176      A6483540 
 176      0BC8AB9B 
 176      BD
 177 09cf 57688B4A 		.ascii	"Wh\213Ju\255LuZK\177R\235h\326Ku\372\214FS\235\004\247"
 177      75AD4C75 
 177      5A4B7F52 
 177      9D68D64B 
 177      75FA8C46 
 178 09e7 A71A4EF5 		.ascii	"\247\032N\365\337\246H\365BS;\325\311&\245z\372\355"
 178      DFA648F5 
 178      42533BD5 
 178      C926A57A 
 178      FAED
 179 09f9 947332D5 		.ascii	"\224s2\325+)\325\213LO\252\323g\350\244z\261\031I\217"
 179      2B29D58B 
 179      4C4FAAD3 
 179      67E8A47A 
 179      B119498F 
 180 0a0d D747AA0F 		.ascii	"\327G\252\017\247\006\342\010~\352\006S\275\004\251"
 180      A706E208 
 180      7EEA0653 
 180      BD04A9
 181 0a1c 4EA13D20 		.ascii	"N\241= \267\322\332Z\323S\352T*\365\375\333\373W\206"
 181      B7D2DA5A 
 181      D353EA54 
 181      2AF5FDDB 
 181      FB5786
 182 0a2f D8D62255 		.ascii	"\330\326\"U\254\305\303\271g\0167\361.u\232,5\021\331"
 182      ACC5C3B9 
 182      670E37F1 
 182      2E759A2C 
 182      3511D9
 183 0a42 52B51929 		.ascii	"R\265\031)\330\214\234i\231k\353^\023\343\017\270n3"
 183      D88C9C69 
 183      996BEB5E 
 183      13E30FB8 
 183      6E33
 184 0a54 926F2ECB 		.ascii	"\222o.\313\366\372B+]\226\032\240e\264\031\221\252\324"
 184      F6FA422B 
 184      5D961AA0 
 184      65B41991 
 184      AAD4
 185 0a66 307DC53F 		.ascii	"0}\305?5l\354rYj\340V\350{e\310R\003\264\222\274^Q\245"
 185      356CEC72 
 185      596AE056 
 185      E87B65C8 
 185      5203B492 
 186 0a7e 86577B07 		.ascii	"\206W{\007^\253d\251\201[\255\357\225)K\015\320\032"
 186      5EAB64A9 
 186      815BADEF 
 186      95294B0D 
 186      D01A
 187 0a90 F26AAF4A 		.ascii	"\362j\257J\015\257W\035xe\311R\003\267V\337k\235,5@"
 187      0DAF571D 
 187      7865C952 
ARM GAS  C:\Users\Lena\AppData\Local\Temp\ccwDCOca.s 			page 15


 187      03B756DF 
 187      6B9D2C35 
 188 0aa5 EBC9EB55 		.ascii	"\353\311\353UUjxup\340\265A\226\032\270\215\372^\331"
 188      556A7875 
 188      70E0B541 
 188      961AB88D 
 188      FA5ED9
 189 0ab8 B2D4006D 		.ascii	"\262\324\000m\"\257\016\252\324\360\352\350\300+G\226"
 189      22AF0EAA 
 189      D4F0EAE8 
 189      C02B4796 
 190 0ac8 1AB8CDFA 		.ascii	"\032\270\315\372^[d\251\001\312%\257\216\252\324\360"
 190      5E5B64A9 
 190      01CA25AF 
 190      8EAAD4F0 
 191 0ad8 EAE4C06B 		.ascii	"\352\344\300k\253,5py\372^\333d\251\001\332N^\235\354"
 191      AB2C3570 
 191      79FA5EDB 
 191      64A901DA 
 191      4E5E9DEC 
 192 0aec B9425A54 		.ascii	"\271BZT\251\027\213[IY~\225:\277~\251\3275^\352\002"
 192      A9178B5B 
 192      49597E95 
 192      3ABF7EA9 
 192      D7355EEA 
 193 0b01 38B56AB8 		.ascii	"8\265j\270\324;d\251\013\365K\275\0235\314_\223^\"K"
 193      D43B64A9 
 193      0BF54BBD 
 193      1335CC5F 
 193      935E224B 
 194 0b15 BD9E4ABD 		.ascii	"\275\236J\275K\224z\235V\251w\363\016\347\373,\3655"
 194      4B947A9D 
 194      56A977F3 
 194      0EE7FB2C 
 194      F535
 195 0b27 5E6A3A62 		.ascii	"^j:b\247\217R\357A\251\367\322\036<O/P\245Gg\006yR\275"
 195      A78F52EF 
 195      41A9F7D2 
 195      1E3C4F2F 
 195      50A54767 
 196 0b3f 9D527DE7 		.ascii	"\235R}\347\376\243N\266\265(\022k\221\2305\216\1771"
 196      FEA34EB6 
 196      B528126B 
 196      9198358E 
 196      7F31
 197 0b51 EB55EA7D 		.ascii	"\353U\352}\262\324Dd\373\325f\354\305f\\\251\316\251"
 197      B2D44464 
 197      FBD566EC 
 197      C5665CA9 
 197      CEA9
 198 0b63 A87B496C 		.ascii	"\250{Il\227m3F\256()\367\372>\363\001Yj\200\016\322"
 198      976D3346 
 198      AE2829F7 
 198      FA3EF301 
 198      596A800E 
 199 0b78 663CAF4A 		.ascii	"f<\257J\015\323\027\3742\303\302\026\313P\203V\242\257"
 199      0DD317FC 
ARM GAS  C:\Users\Lena\AppData\Local\Temp\ccwDCOca.s 			page 16


 199      32C3C216 
 199      CB508356 
 199      A2AF
 200 0b8a 7548861A 		.ascii	"uH\206\032\240\303\244\365\202\0125\264\332\372\257"
 200      A0C3A4F5 
 200      820A35B4 
 200      DAFAAF
 201 0b99 7544761A 		.ascii	"uDv\032\264\243\372Z\307d\247\001:NZmU\247\241\365\242"
 201      B4A3FA5A 
 201      C764A701 
 201      3A4E5A6D 
 201      55A7A1F5 
 202 0bae FF5A2764 		.ascii	"\377Z'd\246A;\251\257uJf\032\240\323\244\365\242\312"
 202      A6413BA9 
 202      AF754A66 
 202      1AA0D3A4 
 202      F5A2CA
 203 0bc1 34B45EF2 		.ascii	"4\264^\362_\353\214\2544hg\365\265\316\311J\003t\236"
 203      5FEB8CAC 
 203      346867F5 
 203      B5CEC94A 
 203      03749E
 204 0bd4 B45E5295 		.ascii	"\264^R\225\206\326\313\376k]\220\221\006\355\242\276"
 204      86D6CBFE 
 204      6B5D9091 
 204      06EDA2BE 
 205 0be4 56A98C34 		.ascii	"V\251\2144@e\244\365\262\2124\264\332\371\257U.\033"
 205      4065A4F5 
 205      B28A34B4 
 205      DAF9AF55 
 205      2E1B
 206 0bf6 0DDA257D 		.ascii	"\015\332%}\255\012\331h\200\376!\255v\366P!*\252\321"
 206      AD0AD968 
 206      80FE21AD 
 206      76F65021 
 206      2AAAD1
 207 0c09 BB65A3CF 		.ascii	"\273e\243\317\371\325\350\313\365\033}\241\361F_\201"
 207      F9D5E8CB 
 207      F51B7DA1 
 207      F1465F81 
 208 0c19 53EB861B 		.ascii	"S\353\206\033}U6\372\232~\243+\321\350\007\245\371\343"
 208      7D5536FA 
 208      9A7EA32B 
 208      D1E807A5 
 208      F9E3
 209 0c2b E58BD3B9 		.ascii	"\345\213\323\271\324\350\353\242\321\027\264\032}\203"
 209      D4E8EBA2 
 209      D117B41A 
 209      7D83
 210 0c39 17F8B2CF 		.ascii	"\027\370\262\317F\027\244\005\342\210J\037\215\276\211"
 210      4617A405 
 210      E2884A1F 
 210      8DBE89
 211 0c48 4657D11A 		.ascii	"FW\321\032\264\342\367\037.\311\371[\274\360q\226\032"
 211      B4E2F71F 
 211      2EC9F95B 
 211      BCF07196 
ARM GAS  C:\Users\Lena\AppData\Local\Temp\ccwDCOca.s 			page 17


 211      1A
 212 0c59 5D9CBD87 		.ascii	"]\234\275\207>\273\255\333\213[b/fg\034\217~\354\323"
 212      3EBBADDB 
 212      8B5B622F 
 212      66671C8F 
 212      7EECD3
 213 0c6c E9DB32D2 		.ascii	"\351\3332\322\204dw\324jTa5f>\274H\257\345yV\343\272"
 213      846477D4 
 213      6A546135 
 213      663EBC48 
 213      AFE57956 
 214 0c82 6D35AAE3 		.ascii	"m5\252\343\316\306z}\241uWF\032\240{\264\032\255T\244"
 214      CEC67A7D 
 214      A1755746 
 214      1AA07BB4 
 214      1AAD54A4 
 215 0c96 A1DADA3F 		.ascii	"\241\332\332?5\254\354}Yi\340\036\350{U\313J\003\364"
 215      35ACEC7D 
 215      5969E01E 
 215      E87B55CB 
 215      4A03F4
 216 0ca9 90BC5AAB 		.ascii	"\220\274Z\253J\303\353i\007^\217d\246\201\253\321\367"
 216      4AC3EB69 
 216      075E8F64 
 216      A681ABD1 
 216      F7
 217 0cba AA959906 		.ascii	"\252\225\231\006\310mq\257\247U\246\341\365\214\003"
 217      C86D71AF 
 217      A755A6E1 
 217      F58C03
 218 0cc9 AF684B74 		.ascii	"\257hKt\032\270\030K\333k\244%:\015P,y=\243:\015\257"
 218      1AB8184B 
 218      DB6BA425 
 218      3A0D502C 
 218      793DA33A 
 219 0cdf 671D788D 		.ascii	"g\035x\215\262D\250\201\033\255\3575\306\022\241\006"
 219      B244A881 
 219      1BADEF35 
 219      C612A106 
 220 0cef 288EBC9E 		.ascii	"(\216\274\236U\241\206W\033\007^c-Qj\340\306\351{\215"
 220      55A18657 
 220      1B075E63 
 220      2D516AE0 
 220      C6E97B8D 
 221 0d03 B744A901 		.ascii	"\267D\251\001\232@^mT\251\341\365\234\003\257\211\226"
 221      9A405E6D 
 221      54A9E1F5 
 221      9C03AF89 
 221      96
 222 0d14 48357093 		.ascii	"H5p\223\364\275&[\"\325\000M!\257\347\354\275B[T\252"
 222      F4BD265B 
 222      22D5004D 
 222      21AFE7EC 
 222      BD425B54 
 223 0d29 6FC8545F 		.ascii	"o\310T_\365+\325S\255z\251\256l<\325\323\340\364t\303"
 223      F52BD553 
 223      AD7AA9AE 
ARM GAS  C:\Users\Lena\AppData\Local\Temp\ccwDCOca.s 			page 18


 223      6C3CD5D3 
 223      E0F474C3 
 224 0d3d A99E6E89 		.ascii	"\251\236n\211T\317\260\264S=\323\242TO=\233\360/Q\352"
 224      54CFB0B4 
 224      533DD3A2 
 224      544F3D9B 
 224      F02F51EA 
 225 0d51 422AF52C 		.ascii	"B*\365,\313S\352J\255R\317\266\"\351\341\372\372_\324"
 225      CB53EA4A 
 225      AD52CFB6 
 225      22E9E1FA 
 225      FA5FD4
 226 0d64 BCD47404 		.ascii	"\274\324t\004?s\203\245\236cQ\251\343-\276\006\315\370"
 226      3F7383A5 
 226      9E6351A9 
 226      E32DBE06 
 226      CDF8
 227 0d76 FDB796AD 		.ascii	"\375\267\226\255\034\023\354)\365C*\365\266\230\303"
 227      1C13EC29 
 227      F5432AF5 
 227      B698C3
 228 0d85 E5966D2D 		.ascii	"\345\226m-\346Z\236+\267\373\330\346\365\226w\251\347"
 228      E65A9E2B 
 228      B7FBD8E6 
 228      F59677A9 
 228      E7
 229 0d96 59A2D484 		.ascii	"Y\242\324\204d\363\325fp8\377\21051\213\026\324\275"
 229      64F3D566 
 229      7038FF88 
 229      35318B16 
 229      D4BD
 230 0da8 24C61F71 		.ascii	"$\306\037q\335f\244\027\025^\362\372\317@\011\226(5"
 230      DD66A417 
 230      155EF2FA 
 230      CF400996 
 230      2835
 231 0dba 400B6833 		.ascii	"@\013h3\232\251RC\265\271\177j\330\330DK\224\032\270"
 231      9AA95243 
 231      B5B97F6A 
 231      D8D8444B 
 231      941AB8
 232 0dcd 247DAFBF 		.ascii	"$}\257\277-Qj\200\026\222WsUjx=\341\300+\331\022\245"
 232      2D516A80 
 232      16925773 
 232      556A783D 
 232      E1C02BD9 
 233 0de3 066E91BE 		.ascii	"\006n\221\276\327bK\224\032\240%\344\365\204*5\274Z"
 233      D7624B94 
 233      1AA025E4 
 233      F5842A35 
 233      BC5A
 234 0df5 38F04A91 		.ascii	"8\360J\221\245\006.U\337+M\226\032\240\245\344\325B"
 234      A5062E55 
 234      DF2B4D96 
 234      1AA0A5E4 
 234      D542
 235 0e07 951A5E2D 		.ascii	"\225\032^-\035x\245\313R\003\267L\337k\271,5@+\310\253"
ARM GAS  C:\Users\Lena\AppData\Local\Temp\ccwDCOca.s 			page 19


 235      1D78A5CB 
 235      5203B74C 
 235      DF6BB92C 
 235      35402BC8 
 236 0e1c A52A35BC 		.ascii	"\245*5\274\236t\340\225!K\015\334J}\257U\262\324\000"
 236      9E74E095 
 236      214B0DDC 
 236      4A7DAF55 
 236      B2D400
 237 0e2f AD26AF27 		.ascii	"\255&\257'U\251\341\365\224\003\257LYj\340\326\350{"
 237      55A9E1F5 
 237      9403AF4C 
 237      596AE0D6 
 237      E87B
 238 0e41 65C95203 		.ascii	"e\311R\003\264\226\274\236\262\367\012mQ\245\236-n%"
 238      B496BC9E 
 238      B2F70A6D 
 238      51A59E2D 
 238      6E25
 239 0e53 DDF7ABD4 		.ascii	"\335\367\253\324\353\352\227\272\272\361R\257\207\323"
 239      EBEA97BA 
 239      BAF152AF 
 239      87D3
 240 0e61 330D977A 		.ascii	"3\015\227z\203,\365F\375Rg\243\324\361\353f\027\004"
 240      832CF546 
 240      FD5267A3 
 240      D4F1EB66 
 240      1704
 241 0e73 8A54EFA7 		.ascii	"\212T\357\247To\022\251\256\326Ju\016\017\361:\237\251"
 241      546F12A9 
 241      AED64A75 
 241      0E0FF13A 
 241      9FA9
 242 0e85 BEC3534D 		.ascii	"\276\303SMGd\373H\365f\244z\013\355A0\277\177N\314\344"
 242      4764FB48 
 242      F566A47A 
 242      0BED4130 
 242      BF7F4ECC 
 243 0e9a 699627D5 		.ascii	"i\226'\325s\350\207g'\355.8d\377&s\256\330\213S\027"
 243      73E88767 
 243      27ED2E38 
 243      64FF2673 
 243      AED88B53 
 244 0eaf 66153EF6 		.ascii	"f\025>\366I\365V\231jB\262<\265\032[\260\032\011\031"
 244      49F55699 
 244      6A42B23C 
 244      B51A5BB0 
 244      1A0919
 245 0ec2 37F7D57D 		.ascii	"7\367\325}\243y\223m5\346\347\237\337\352\375\232\230"
 245      A379936D 
 245      35E6E79F 
 245      DFEAFD9A 
 245      98
 246 0ed3 4C3540DB 		.ascii	"L5@\333i5\202U\252\241\032\342\237\032V6_\246\032\270"
 246      69358255 
 246      AAA11AE2 
 246      9F1A5636 
ARM GAS  C:\Users\Lena\AppData\Local\Temp\ccwDCOca.s 			page 20


 246      5FA61AB8 
 247 0ee7 027DAF1D 		.ascii	"\002}\257\0352\325\000\025\222W\210J5\274B\035x\355"
 247      32D50015 
 247      9257884A 
 247      35BC421D 
 247      78ED
 248 0ef9 94A9066E 		.ascii	"\224\251\006n\227\276\327n\231j\200\366\220W\250J5\274"
 248      97BED76E 
 248      996A80F6 
 248      9057A84A 
 248      35BC
 249 0f0b C21C78ED 		.ascii	"\302\034x\355\225\251\006\256H\337k\237L5@\373\311+"
 249      95A906AE 
 249      48DF6B9F 
 249      4C3540FB 
 249      C92B
 250 0f1d 4CA51A5E 		.ascii	"L\245\032^\341\016\274\016\310T\003wP\337\253X\246\032"
 250      E10EBC0E 
 250      C8540377 
 250      50DFAB58 
 250      A61A
 251 0f2f A012F20A 		.ascii	"\240\022\362\012W\251\206W\204\003\257C2\325\300\035"
 251      57A98657 
 251      8403AF43 
 251      32D5C01D 
 252 0f3f D6F73A22 		.ascii	"\326\367:\"S\015\320Q\362\212P\251\206WS\007^\307d\252"
 252      530DD051 
 252      F28A50A9 
 252      86575307 
 252      5EC764AA 
 253 0f53 813BAEEF 		.ascii	"\201;\256\357uB\246\032\240\223\344\325\324\336+\264"
 253      7542A61A 
 253      A093E4D5 
 253      D4DE2BB4 
 254 0f63 45A53A87 		.ascii	"E\245:\207n]\245\037]\234\211\237gG\245\306\361\354"
 254      6E5DA51F 
 254      5D9C899F 
 254      6747A5C6 
 254      F1EC
 255 0f75 4C297219 		.ascii	"L)r\031.\327_\275{\016\372n`\377\001\203\207\374\376"
 255      2ED75FBD 
 255      7B0EFA6E 
 255      60FF0183 
 255      87FCFE
 256 0f88 F3D041BD 		.ascii	"\363\320A\275\207\014\377\363\217!?\014\0360\260\337"
 256      870CFFF3 
 256      8F213F0C 
 256      1E30B0DF 
 257 0f98 1BDDE4AD 		.ascii	"\033\335\344\255A\237\374:"
 257      419FFC3A 
 258 0fa0 E4872103 		.ascii	"\344\207!\003\376\374\353\247!C\007\377\247\213\375"
 258      FEFCEBA7 
 258      214307FF 
 258      A78BFD
 259 0faf E6A01FE9 		.ascii	"\346\240\037\351\355\241\303\273v\177;j\350\360\250"
 259      EDA1C3BB 
 259      767F3B6A 
ARM GAS  C:\Users\Lena\AppData\Local\Temp\ccwDCOca.s 			page 21


 259      E8F0A8
 260 0fbe 5FFFFD5B 		.ascii	"_\377\375[\324\260\241\177\3749<\012\200\250\276}{G"
 260      D4B0A17F 
 260      FC393C0A 
 260      80A8BE7D 
 260      7B47
 261 0fd0 F5F9E68B 		.ascii	"\365\371\346\213\376\377\351F\357\032<\214\377\376\355"
 261      FEFFE946 
 261      EF1A3C8C 
 261      FFFEED
 262 0fdf B79F3AFF 		.ascii	"\267\237:\377\350\012\374q\350\357?\017\371%\340\227"
 262      E80AFC71 
 262      E8EF3F0F 
 262      F925E097 
 263 0fef 6143860E 		.ascii	"aC\206\016\373\037?\027#\204"
 263      FB1F3F17 
 263      2384
 264              		.text
 265              		.section	.gnu.lto__pal_lld_setgroupmode.d26e21b9,"",%progbits
 266 0000 789CA557 		.ascii	"x\234\245W{P\225\307\025\337\363\355w\037\\\356\005"
 266      7B5095C7 
 266      15DFF3ED 
 266      771F5CEE 
 266      05
 267 0011 1FA9214A 		.ascii	"\037\251!J\014I\244D\203\240\230(c\034u\"\216\217\001"
 267      0C49A444 
 267      83A09828 
 267      631C7522 
 267      8E8F01
 268 0024 C1983FFA 		.ascii	"\301\230?\372\2073V\203\035\231B`\000\235t&m\257\200"
 268      87335683 
 268      1D994260 
 268      009D7426 
 268      6DAF80
 269 0037 17543436 		.ascii	"\027T46\276*\023\012mc\210\017\020\002F\240\332\"\240"
 269      BE2A130A 
 269      6D63880F 
 269      100246A0 
 269      DA22A0
 270 004a 880918A3 		.ascii	"\210\011\030\243i\002\304D|\200WCU\320\212\204G\317"
 270      6902C444 
 270      7C805743 
 270      55D08A84 
 270      47CF
 271 005c D9FD2EF7 		.ascii	"\331\375.\367\341\3558\014\314|\207\375\316\376~g\317"
 271      E1ED380C 
 271      CC7C87FD 
 271      CEFE7E67 
 271      CF
 272 006d 6FF7EC7E 		.ascii	"o\367\354~{uLa\033\3071v\2221v\034\037\360g\240\354"
 272      7B754C61 
 272      1BC73176 
 272      9231761C 
 272      1FF067A0 
 273 0082 6A666CB3 		.ascii	"jfl\263Q\001.\033\\QsB\230\325d&kV\025\335\275_\340"
 273      51012E1B 
 273      5C517342 
ARM GAS  C:\Users\Lena\AppData\Local\Temp\ccwDCOca.s 			page 22


 273      98D56426 
 273      6B5615DD 
 274 0099 9B4F6124 		.ascii	"\233Oa$\276\351\024\275\3503\210>=\030%\305\340h\030"
 274      BEE914BD 
 274      E833883E 
 274      3D1825C5 
 274      E06818
 275 00ac C12C1B3E 		.ascii	"\301,\033>\212I\000}\005\320\344p\373:\032f\305/\313"
 275      8A49007D 
 275      05D0E470 
 275      FB3A1A66 
 275      C52FCB
 276 00bf 80FD96DC 		.ascii	"\200\375\226\334\006\206\000\213\034\374\264\321\017"
 276      0686008B 
 276      1CFCB4D1 
 276      0F
 277 00cc 801A5623 		.ascii	"\200\032V#\260?*\\\325\351\015F\037\223\257\331\342"
 277      B03F2A5C 
 277      D5E90D46 
 277      1F93AFD9 
 277      E2
 278 00dd 07F8CAE4 		.ascii	"\007\370\312\344\337\007|?\207\332\354\216*ej\221\025"
 278      DF077C3F 
 278      87DAEC8E 
 278      2A656A91 
 278      15
 279 00ee FF6AF60F 		.ascii	"\377j\366\017\232l\326-\001\005\0108\240\201\240\010"
 279      9A6CD62D 
 279      01050838 
 279      A081A008 
 280 00fe A622EA62 		.ascii	"\246\"\352bV\351G|'/\340\000*\276\336o\312\273\356G"
 280      56E9477C 
 280      272FE000 
 280      2ABEDE6F 
 280      CABBEE47 
 281 0112 AF0A04E1 		.ascii	"\257\012\004\341k]\363P\245\211\277\007\014\333\031"
 281      6B5DF350 
 281      A589BF07 
 281      0CDB19
 282 0121 7F3B506F 		.ascii	"\177;Po\0119h\265fXk\372\367p\353\224\002\316\3410p"
 282      093968B5 
 282      66586BFA 
 282      F770EB94 
 282      02CEE130 
 283 0136 0C088720 		.ascii	"\014\010\207 \020>\205@\206.\006G \004\341C\237\224"
 283      103E8540 
 283      862E0647 
 283      2004E143 
 283      9F94
 284 0148 6E35F2DF 		.ascii	"n5\362\337\013\352\343\275\347\362A\243\236=:no\246"
 284      0BEAE3BD 
 284      E7F241A3 
 284      9E3D3A6E 
 284      6FA6
 285 015a 75690157 		.ascii	"ui\001W\341\250'YeP,\310=\345\007w\373\362\014\020\354"
 285      E1A82759 
 285      65502CC8 
ARM GAS  C:\Users\Lena\AppData\Local\Temp\ccwDCOca.s 			page 23


 285      3DE50777 
 285      FBF20C10 
 286 016f 2F769EFA 		.ascii	"/v\236\372\225Fn>:q\217 \353\240\304\223\254cp\014B"
 286      95466E3E 
 286      3A718F20 
 286      EBA0C493 
 286      AC63700C 
 287 0184 8890BBF9 		.ascii	"\210\220\273\371\320U\316\263%\373\346\245\353\267 "
 287      D055CEB3 
 287      25FBE6A5 
 287      EBB720
 288 0193 F8EF72EC 		.ascii	"\370\357r\354\342\200?eZ\317Y\325\002\256\207R\367\000"
 288      E2803F65 
 288      5ACF59D5 
 288      02AE8752 
 288      F700
 289 01a5 F487F043 		.ascii	"\364\207\360CC\027>4\362\355\222\373\363W\3756\243\306"
 289      43173E34 
 289      F2ED92FB 
 289      F357FD36 
 289      A3C6
 290 01b7 ED0B3D60 		.ascii	"\355\013=`\255\311\012\"\346g^\231ww\237iR\370.\311"
 290      ADC90A22 
 290      E6675E99 
 290      77779F69 
 290      52F82EC9 
 291 01cb DC59D0D4 		.ascii	"\334Y\320\324\356\2471\273\235\314\012\257\314\216\357"
 291      EEA731BB 
 291      9DCC0AAF 
 291      CC8EEF
 292 01da 320FE8F9 		.ascii	"2\017\350\371>\311\274\275\263\342\222Ic\336v2?\367"
 292      3EC9BCBD 
 292      B3E29249 
 292      63DE7632 
 292      3FF7
 293 01ec CADC35D0 		.ascii	"\312\3345\320b\325\363\277H\346\305\236\362\303\252"
 293      62D5F3BF 
 293      48E6C59E 
 293      F2C3AA
 294 01fb C6BCE664 		.ascii	"\306\274\346dVze\356\270\333\373W\225\037\224\314\206"
 294      567A65EE 
 294      B8DBFB57 
 294      951F94CC 
 294      86
 295 020c EF2FDE72 		.ascii	"\357/\336rd\333\352dV{e^+\033\334k\321\253\360\017\010"
 295      64DBEA64 
 295      567B655E 
 295      2B1BDC6B 
 295      D1ABF00F 
 296 0221 862A7C4E 		.ascii	"\206*|N\340s\034\237r|\312 X\026\030\234\004=0f\372"
 296      E0731C9F 
 296      727CCA20 
 296      5816189C 
 296      043D3066 
 297 0236 7F288C33 		.ascii	"\177(\2143`/;b\342Gd\006\237\234\034\330\341\310\340"
 297      602F3B62 
 297      E2476406 
ARM GAS  C:\Users\Lena\AppData\Local\Temp\ccwDCOca.s 			page 24


 297      9F9C1CD8 
 297      E1C8E0
 298 0249 87E2311F 		.ascii	"\207\3421\037\016\257\322\251's\200\177\012\376^{G\231"
 298      0EAFD2A9 
 298      2773807F 
 298      0AFE5E7B 
 298      4799
 299 025b CA2B24BF 		.ascii	"\312+$\277{\360\354\217\216U\276\274\233[?\266*\304"
 299      7BF0EC8F 
 299      8E55BEBC 
 299      9B5B3FB6 
 299      2AC4
 300 026d FE971776 		.ascii	"\376\227\027v\215`\357\270\363\301v\340'$\273\323v'"
 300      8D60EFB8 
 300      F3C176E0 
 300      2724BBD3 
 300      7627
 301 027f D3ACB11F 		.ascii	"\323\254\261\0378\331\247\275\260k\005;\267\275\260"
 301      38D9A7BD 
 301      B06B053B 
 301      B7BDB0
 302 028e C887574B 		.ascii	"\310\207WK\366\266\312\033\277t\014\275g\230\\\347\205"
 302      F6B6CA1B 
 302      BF740CBD 
 302      67985CE7 
 302      85
 303 029f 5C0FC1C7 		.ascii	"\\\017\301\307\276\206\032\353\340P6\326rh[\305\345"
 303      BE861AEB 
 303      E05036D6 
 303      72685BC5 
 303      E5
 304 02b0 F16F81A8 		.ascii	"\361o\201\250y\205\321L!\036\347\012w\001\316\026\226"
 304      7985D14C 
 304      211EE70A 
 304      7701CE16 
 304      96
 305 02c1 33CE979E 		.ascii	"3\316\227\236\321l\231\200J\333W`\314X\352\006\213\000"
 305      D16C9980 
 305      4ADB5760 
 305      CC58EA06 
 305      8B00
 306 02d3 FA51D35F 		.ascii	"\372Q\323_\240\307Ps\254\240\214\243\346xF3\375\014"
 306      A0C75073 
 306      ACA08CA3 
 306      E6784633 
 306      FD0C
 307 02e5 50EC09E4 		.ascii	"P\354\011\344x\226L\000\231\347\304\004N\304\246q\222"
 307      78964C00 
 307      99E7C404 
 307      4EC4A671 
 307      92
 308 02f6 980DDA3C 		.ascii	"\230\015\332<\206\347\351}\262\320\367\0025\203D\266"
 308      86E7E97D 
 308      B2D0F702 
 308      358344B6 
 309 0306 2F02EDE6 		.ascii	"/\002\355\346\227\010\3602\231)d\202\311\204\220y\205"
 309      9708F032 
ARM GAS  C:\Users\Lena\AppData\Local\Temp\ccwDCOca.s 			page 25


 309      99296482 
 309      C9849079 
 309      85
 310 0317 CC5432D3 		.ascii	"\314T2\323\310\204\222\231N&\214\314\01423\311D\220"
 310      C8849299 
 310      4E268CCC 
 310      0C3233C9 
 310      4490
 311 0329 9945E675 		.ascii	"\231E\346u2\263\311\314!\023If.\2317\310\314#3\237\314"
 311      32B3C9CC 
 311      21134966 
 311      2E9937C8 
 311      CC23339F 
 312 033e 02320BC9 		.ascii	"\0022\013\311\274If\021\231(2\213\311,!\263\224\314"
 312      BC496611 
 312      9928328B 
 312      C92C21B3 
 312      94CC
 313 0350 3232CBC9 		.ascii	"22\313\311D\213y\214\021\023\263B\314I\254\230\2168"
 313      448B798C 
 313      1113B342 
 313      CC49AC98 
 313      8E38
 314 0362 316B2BC5 		.ascii	"1k+\305<2\266\015\213\023\217\325\355\\\301\177\334"
 314      3C32B60D 
 314      8B138FD5 
 314      ED5CC17F 
 314      DC
 315 0373 0E99FDB6 		.ascii	"\016\231\375\266S-)T\255\371\3347\237\233\350\334\354"
 315      532D2954 
 315      ADF9DC37 
 315      9F9BE8DC 
 315      EC
 316 0384 2E2D32D3 		.ascii	".-2\323\021h\000\016gp\351nBF\220\250g\214\203(\206"
 316      1168000E 
 316      6770E96E 
 316      424690A8 
 316      678C8328 
 317 0399 AC6E5B53 		.ascii	"\254n[SK)\2274\263\244\235\031zT\343O4#(p\026i\"x\243"
 317      4B299734 
 317      B3A49D19 
 317      7A54E34F 
 317      34232870 
 318 03b2 06B2200E 		.ascii	"\006\262 \016A\025\365\0156\243\214\015\320\340\032"
 318      4115F50D 
 318      36A38C0D 
 318      D0E01A
 319 03c1 BB8A625B 		.ascii	"\273\212b[d\354+-\025\032\315\017cC\250G,\177\364\273"
 319      64EC2B2D 
 319      151ACD0F 
 319      6343A847 
 319      2C7FF4BB 
 320 03d5 277682C8 		.ascii	"'v\202\310\376\222\3345\234\330\030\231X\343\307\325"
 320      FE92DC35 
 320      9CD81899 
 320      58E3C7D5 
 321 03e5 FD669998 		.ascii	"\375f\231\230\016\316y&6\026q\356\301\216S\260\2612"
ARM GAS  C:\Users\Lena\AppData\Local\Temp\ccwDCOca.s 			page 26


 321      0ECE7926 
 321      361671EE 
 321      C18E53B0 
 321      B132
 322 03f7 D840CB55 		.ascii	"\330@\313U\0157N\006{\260m\313#.\203\031\240\3213\330"
 322      0D374E06 
 322      7BB06DCB 
 322      232E8319 
 322      A0D133D8 
 323 040b 78C421A8 		.ascii	"x\304!\250\244\373A\211^\252\364\207\363\256\261\313"
 323      A4FB4189 
 323      5EAAF487 
 323      F3AEB1CB 
 324 041b 29F6787A 		.ascii	")\366xz/l\237 <\362,\330\267\245\366\202\201\030xh\300"
 324      2F6C9F20 
 324      3CF22CD8 
 324      B7A5F682 
 324      81187868 
 325 0430 1762BB6C 		.ascii	"\027b\273l\307O\011~\350\370MP\304\332\345s=\023m\221"
 325      C74F097E 
 325      E8F84D50 
 325      C4DAE573 
 325      3D136D91 
 326 0444 9F4EB685 		.ascii	"\237N\266\205pU\266\305\014r\331\026+\245\3106VE>\007"
 326      7055B6C5 
 326      0C72D916 
 326      2BA5C836 
 326      56453E07 
 327 0458 996871DB 		.ascii	"\231hq\333\3732\323\011\350\022\013p\003\262\332\352"
 327      FB32D309 
 327      E8120B70 
 327      03B2DAEA 
 328 0468 EA41F362 		.ascii	"\352A\363b*\307~\252zl\221\3113\370R\356\334\207\000"
 328      2AC77EAA 
 328      7A6C91C9 
 328      33F852EE 
 328      DC8700
 329 047b F9FC1985 		.ascii	"\371\374\031\205\345\363hK\337\365\213\360\020\024,"
 329      E5F3684B 
 329      DFF58BF0 
 329      10142C
 330 048a 04A5EFB3 		.ascii	"\004\245\357\263v\364\307Y\252;[\320\305q\375\224\274"
 330      76F4C759 
 330      AA3B5BD0 
 330      C571FD94 
 330      BC
 331 049b 7272C558 		.ascii	"rr\305X\316w\240G\305EQ\016\227\243c\205\245\257\303"
 331      CE77A047 
 331      C545510E 
 331      97A36385 
 331      A5AFC3
 332 04ae 8E1E1DCE 		.ascii	"\216\036\035\316\254\322*0\261\226<A\323\223^%\357s"
 332      ACD22A30 
 332      B1963C41 
 332      D3935E25 
 332      EF73
 333 04c0 F2ADB4B4 		.ascii	"\362\255\264\264v\236\006\224\256\262\234\020Y\235W"
ARM GAS  C:\Users\Lena\AppData\Local\Temp\ccwDCOca.s 			page 27


 333      769E0694 
 333      AEB29C10 
 333      599D57
 334 04cf DA0A1597 		.ascii	"\332\012\025\227C\027w.mY\332\246\264?\3059\213\007"
 334      4317772E 
 334      6D59DAA6 
 334      B43FC539 
 334      8B07
 335 04e1 4B1365FF 		.ascii	"K\023e\377,N\221\353\022\031p\211\232\345\022\345\331"
 335      2C4E91EB 
 335      12197089 
 335      9AE512E5 
 335      D9
 336 04f2 5A7C2428 		.ascii	"Z|$(\000q\256\237}\003\250pA\202\356\331\266\352$\350"
 336      0071AE9F 
 336      7D03A870 
 336      4182EED9 
 336      B6EA24E8 
 337 0506 39B19401 		.ascii	"9\261\224\001r\335\320C\303\242W\202\272\332\336\223"
 337      72DDD043 
 337      C3A25782 
 337      BADADE93 
 338 0516 A889F06A 		.ascii	"\250\211\360j \255\212\0352\272\263\017q\351\234\204"
 338      20AD8A1D 
 338      32BAB30F 
 338      71E99C84 
 339 0526 7E27AF86 		.ascii	"~'\257\206x\223d\006\003m\225 1\2012\321\341\035c\300"
 339      78936406 
 339      036D9520 
 339      318132D1 
 339      E11D63C0 
 340 053a 1DF39523 		.ascii	"\035\363\225#\007\273\026\350y\254{\204\272G\237\214"
 340      07BB16E8 
 340      79AC7B84 
 340      BA479F8C 
 341 054a 7E67F45A 		.ascii	"~g\364Z\212>Y\322v\\y_B^p-@#\026\340E\010$-nq\202\020"
 341      8A3E59D2 
 341      765C795F 
 341      425E702D 
 341      402316E0 
 342 0566 E78C534F 		.ascii	"\347\214SOq\202\020Q[m\267o\361\227\220\227\\\313\222"
 342      71821051 
 342      5B6DB76F 
 342      F1979097 
 342      5CCB92
 343 0579 8B83FE51 		.ascii	"\213\203\376Q\303\371\034s\001\344o\306+\025~ }\362"
 343      C3F91C73 
 343      01E46FC6 
 343      2B157E20 
 343      7DF2
 344 058b F98BF035 		.ascii	"\371\213\3605U\010\366}\333\335]g\016/\266fm\246.\023"
 344      5508F67D 
 344      DBDD5D67 
 344      0E2FB666 
 344      6DA62E13 
 345 059f 5C8202F8 		.ascii	"\\\202\002\370\263\270j\301e\010\247\321\007m\217\265"
 345      B3B86AC1 
ARM GAS  C:\Users\Lena\AppData\Local\Temp\ccwDCOca.s 			page 28


 345      6508A7D1 
 345      076D8FB5 
 346 05af 3578599B 		.ascii	"5xY\233\223\376\341U\231\202\343\241\237\234\275\266"
 346      93FEE155 
 346      9982E3A1 
 346      9F9CBDB6 
 347 05bf 465FE9A4 		.ascii	"F_\351\244r\306.\312k_\343t\362y\344P\370.{J\026\337"
 347      72C62ECA 
 347      6B5FE374 
 347      F279E450 
 347      F82E7B4A 
 348 05d5 38B3F837 		.ascii	"8\263\3707\204cH)\362\266Cd\310\010U}+\342\001\305\373"
 348      84634829 
 348      F2B64364 
 348      C808557D 
 348      2BE201C5 
 349 05ea CEA16AAB 		.ascii	"\316\241j\253\226\356+\332Z\364\333\354\232\252\251"
 349      96EE2BDA 
 349      5AF4DBEC 
 349      9AAAA9
 350 05f9 3800FAA5 		.ascii	"8\000\372\245\252\026\0156\0157,v\215FU\2133\213VR5"
 350      AA160D36 
 350      0D372C76 
 350      8D46558B 
 350      338B5652 
 351 060e 4DAABAE3 		.ascii	"M\252\272\343P\025:BUm\"\236B\361\276\027\252\350H\323"
 351      50153A42 
 351      556D229E 
 351      42F1BE17 
 351      AAE848D3 
 352 0622 344C17C2 		.ascii	"4L\027\302B\245\206*MC\030\036@\3305\032\015W\234c\376"
 352      42A5862A 
 352      4D43181E 
 352      40D8351A 
 352      0D579C63 
 353 0637 401AC2E8 		.ascii	"@\032\302\350$j\255\353(yM\016\341+v\004\023\007\241"
 353      246AADEB 
 353      28794D0E 
 353      E12B7604 
 353      1307A1
 354 064a 8EF59A38 		.ascii	"\216\365\2328v_\250\033,\211\224\3354`\343\371\375\237"
 354      765FA81B 
 354      2C8994DD 
 354      3460E3F9 
 354      FD9F
 355 065c 9AE5A169 		.ascii	"\232\345\241i\200\037\207\321zvR\307\305\204\364\036"
 355      801F87D1 
 355      7A7652C7 
 355      C584F41E 
 356 066c D42664C6 		.ascii	"\324&d\306\010'\344\252HN\334\343\332\035\313\354X\324"
 356      0827E4AA 
 356      484EDCE3 
 356      DA1DCBEC 
 356      58D4
 357 067e 9972ABB8 		.ascii	"\231r\253\270LQ\004\016\200~\367)\232%N\221\0109Ea\336"
 357      4C51040E 
 357      807EF729 
ARM GAS  C:\Users\Lena\AppData\Local\Temp\ccwDCOca.s 			page 29


 357      9A254E91 
 357      08394561 
 358 0693 A6E80F4F 		.ascii	"\246\350\017O\233\242k\316,\256\323\024\315\022\362"
 358      9BA26BCE 
 358      2CAED314 
 358      CD12F2
 359 06a2 0CC3F2FA 		.ascii	"\014\303\362\372\034\362^\037\241\274\033\"\260J\201"
 359      1CF25E1F 
 359      A1BC1B22 
 359      B04A81
 360 06b1 6F7ACA9B 		.ascii	"oz\312\233\375\204\27498\000\372\335\345E\012ysF#\257"
 360      FD84BC39 
 360      3800FADD 
 360      E5450A79 
 360      734623AF 
 361 06c5 C3994527 		.ascii	"\303\231E'\311\213\024\362\214\264\326B\336\317g4ys"
 361      C98B14F2 
 361      8CB4D642 
 361      DECF6734 
 361      7973
 362 06d7 4728EF96 		.ascii	"G(\357\226\010\254\243\300vG9;\344\275!\312y\256\373"
 362      08ACA3C0 
 362      7647393B 
 362      E4BD21CA 
 362      79AEFB
 363 06ea 969C87DF 		.ascii	"\226\234\207\337J\354\222b\302\275\211\331\36441\267"
 363      4AEC9262 
 363      C2BD89D9 
 363      F43431B7 
 364 06fa 9D63DE21 		.ascii	"\235c\336!1\363\204\030\037\266+P\212\311i\320\304\314"
 364      31F38418 
 364      1FB62B50 
 364      8AC969D0 
 364      C4CC
 365 070c 1FA1989F 		.ascii	"\037\241\230\237\234\201\273<\305,\020b\346\273\213"
 365      9C81BB3C 
 365      C52C1062 
 365      E6BB8B
 366 071b 5928C42C 		.ascii	"Y(\304,\030\215\230\3778\307\274Kb\0262\261\371\232"
 366      188D98FF 
 366      38C7BC4B 
 366      621632B1 
 366      F99A
 367 072d 2B1D9BCF 		.ascii	"+\035\233\317e\267\231X\216\237\224\270\255H\223\370"
 367      65B79958 
 367      8E9F94B8 
 367      AD4893F8 
 368 073d E60825DE 		.ascii	"\346\010%\336s\326\371}\317r\\\364D9F\341\000\350w/"
 368      73D6F97D 
 368      CF725CF4 
 368      443946E1 
 368      00E8772F 
 369 0751 C7C5A21C 		.ascii	"\307\305\242\034\243FS\216\335\316,zH\364b!\317wX^\256"
 369      A346538E 
 369      DDCE2C7A 
 369      48F46221 
 369      CF77585E 
ARM GAS  C:\Users\Lena\AppData\Local\Temp\ccwDCOca.s 			page 30


 370 0766 43DE9211 		.ascii	"C\336\222\021\312{\340\254\363\207\236\362\226>!o\031"
 370      CA7BE0AC 
 370      F3879EF2 
 370      963E216F 
 370      19
 371 0777 0E807E77 		.ascii	"\016\200~wy\313\205\274e\243\221\367_g\026\217H\336"
 371      79CB85BC 
 371      65A391F7 
 371      5F67168F 
 371      48DE
 372 0789 7221CF2C 		.ascii	"r!\317,\256\230\362\252{\177\203\274\004F\323\325\360"
 372      AE98F2AA 
 372      7B7F83BC 
 372      0446D3D5 
 372      F0
 373 079a 55974BAB 		.ascii	"U\227K\253\270@F\313\363\371l\325\014\015\345z=P\361"
 373      B84046CB 
 373      F3F96CD5 
 373      0C0DE57A 
 373      3D50F1
 374 07ad AAD83B5C 		.ascii	"\252\330;\\\022\026\226\333 \202\336\263\025\367h\277"
 374      121696DB 
 374      2082DEB3 
 374      15F768BF 
 375 07bd 2D62F05B 		.ascii	"-b\360[\356\026T\334Vc\344\335\345TO\272D\255\300"
 375      EE1654DC 
 375      5663E4DD 
 375      E5544FBA 
 375      44ADC0
 376 07d0 6FA3F8ED 		.ascii	"o\243\370\355\340~\263_!aM=\211\022\026\213\237\037"
 376      E07EB35F 
 376      21614D3D 
 376      8912168B 
 376      9F1F
 377 07e2 7798B813 		.ascii	"w\230\270\023\307J\3307i\022\025\207\033\301\035%n\305"
 377      C74AD837 
 377      69121587 
 377      1BC11D25 
 377      6EC5
 378 07f4 7184DA67 		.ascii	"q\204\332g\353\352\371\265\204\255\224\037\223\343\331"
 378      EBEAF9B5 
 378      84AD941F 
 378      93E3D9
 379 0803 5F9699E4 		.ascii	"_\226\231\344\307\004\340\261+K\334\275W\012e~\364\243"
 379      C704E0B1 
 379      2B4BDCBD 
 379      570A657E 
 379      F4A3
 380 0815 A90B2FEF 		.ascii	"\251\013/\357\235\037\031\344\315\223\321O*@7~\3116"
 380      9D1F19E4 
 380      CD93D14F 
 380      2A40377E 
 380      C936
 381 0827 46CD5DFD 		.ascii	"F\315]\375\326\333\261\253\326$\274\373\233\344\325"
 381      D6DBB1AB 
 381      D624BCFB 
 381      9BE4D5
ARM GAS  C:\Users\Lena\AppData\Local\Temp\ccwDCOca.s 			page 31


 382 0836 510969E9 		.ascii	"Q\011i\351\251\011\353\326\254z;fV\204\343m\365\242"
 382      A909EBD6 
 382      AC7A3B66 
 382      5684E36D 
 382      F5A2
 383 0848 0D09EB12 		.ascii	"\015\011\353\022V\245o\214OH^\263i\206\353\353\352w"
 383      56A56F8C 
 383      4F485EB3 
 383      6986EBEB 
 383      EA77
 384 085a A89D9C36 		.ascii	"\250\235\2346s\316\354\360\344\264\360\015k\023\303"
 384      73CEECF0 
 384      E4B4F00D 
 384      6B13C3
 385 0869 539253D3 		.ascii	"S\222S\323\323\302E\200\360\350\350\250\360%q\313b7"
 385      D3C24580 
 385      F0E8E8A8 
 385      F02571CB 
 385      6237
 386 087b 4550D79A 		.ascii	"EP\327\232\024|\022\023\343\303\336a*\241\324\244\265"
 386      147C1213 
 386      E3C3DE61 
 386      2AA1D4A4 
 386      B5
 387 088c 69BF5593 		.ascii	"i\277U\223\222\343\327\363u\011\351\352\332\304\364"
 387      92E3D7F3 
 387      7509E9EA 
 387      DAC4F4
 388 089b 545DCAC6 		.ascii	"T]\312\306\224\370TCrZ\312\372\365\361\251\372\344\364"
 388      94F85443 
 388      725ACAFA 
 388      F5F1A9FA 
 388      E4F4
 389 08ad DFA5AC4F 		.ascii	"\337\245\254O\325\021$\325H\375\304P\222f*I\021J\322"
 389      D51124D5 
 389      48FDC450 
 389      92662A49 
 389      114AD2
 390 08c0 6BFF03DE 		.ascii	"k\377\003\3361\031:"
 390      31193A
 391              		.text
 392              		.section	.gnu.lto_.symbol_nodes.d26e21b9,"",%progbits
 393 0000 789C6365 		.ascii	"x\234ce`bPc\000\002\246\271L\365\014\014\023\31610\000"
 393      60625063 
 393      0002A6B9 
 393      4CF50C0C 
 393      13CE3130 
 394 0015 A95D0D8E 		.ascii	"\251]\015\216@\221yL\365\214(\"\014\000\271[\011 "
 394      4091794C 
 394      F58C2822 
 394      0C00B95B 
 394      0920
 395              		.text
 396              		.section	.gnu.lto_.refs.d26e21b9,"",%progbits
 397 0000 789C6365 		.ascii	"x\234ce`b`d\000\002\000\000I\000\011"
 397      60626064 
 397      00020000 
ARM GAS  C:\Users\Lena\AppData\Local\Temp\ccwDCOca.s 			page 32


 397      490009
 398              		.text
 399              		.section	.gnu.lto_.decls.d26e21b9,"",%progbits
 400 0000 789CCD59 		.ascii	"x\234\315YyP\225\311\265\377\372\353{/pY\264\320\244"
 400      795095C9 
 400      B5FFFAEB 
 400      7B2F7059 
 400      B4D0A4
 401 0013 7CF5A65E 		.ascii	"|\365\246^\250\011o\206z\311\014\202\211\223J^\026\005"
 401      A8096F86 
 401      7AC90C82 
 401      89934A5E 
 401      1605
 402 0025 1433CC48 		.ascii	"\0243\314H]\314\244RE\025\205\2023T\220\313\203K\312"
 402      5DCCA452 
 402      45158582 
 402      335490CB 
 402      834BCA
 403 0038 FCF1AA3E 		.ascii	"\374\361\252>\026eQdWQq\\p\004Eq\003e\023\006\220U\220"
 403      16655164 
 403      5751715C 
 403      70044571 
 403      03651306 
 404 004f 01454450 		.ascii	"\001EDPd\023\025\221\305\005\0205\247\273\277\313m\276"
 404      64131591 
 404      C5051035 
 404      A7BBBFCB 
 404      6DBE
 405 0061 7BA92495 		.ascii	"{\251$\225T%_qn\367\351\376}\247O\237s\272\373\364\207"
 405      54255F71 
 405      6EF7E9FE 
 405      7DA74F9F 
 405      73BAFBF4 
 406 0076 5A108581 		.ascii	"Z\020\205\201\037\010\302\367\324\202\020\204\004\341"
 406      1F08C2F7 
 406      D4821084 
 406      04E1
 407 0084 1D3C5810 		.ascii	"\035<X\020\2043\202\351\021\201f\200~\205\004\263g\012"
 407      843382E9 
 407      11816680 
 407      7E8504B3 
 407      670A
 408 0096 DA9640F9 		.ascii	"\332\226@\371\005\220#\320r\240\347@\037\002eB_:\220"
 408      059023D0 
 408      72A0E740 
 408      1F026542 
 408      5F3A90
 409 00a9 06682FD0 		.ascii	"\006h/\320\024\264\355\203\362g@Y@\373\201V\003\375"
 409      14B4ED83 
 409      F2674059 
 409      40FB8156 
 409      03FD
 410 00bb 27B42742 		.ascii	"'\264'B\271\035h\010\352M@.Po\200\362#(\353\240t\203"
 410      B91D6808 
 410      EA4D402E 
 410      506F80F2 
 410      2328EBA0 
ARM GAS  C:\Users\Lena\AppData\Local\Temp\ccwDCOca.s 			page 33


 411 00d1 B21ECA55 		.ascii	"\262\036\312UP6C\371?P\326B\371#(\257A\271\022\312G"
 411      503643F9 
 411      3F50D642 
 411      F92328AF 
 411      41B912CA 
 412 00e6 503E011A 		.ascii	"P>\001\032\001z\0104\012\364\024\350\031\320c\240A\240"
 412      017A0834 
 412      0AF414E8 
 412      19D063A0 
 412      41A0
 413 00f8 616E3E39 		.ascii	"an>9\026\346\363\377\320i\253\230\317/\000\207\200\346"
 413      16E6F3FF 
 413      D069AB98 
 413      CF2F0087 
 413      80E6
 414 010a A05E26CF 		.ascii	"\240^&\317\315W`\272\223\271id}\211\256DO\242\033\321"
 414      CD5760BA 
 414      93B96964 
 414      7D89AE44 
 414      4FA21BD1 
 415 011e 8BE88416 		.ascii	"\213\350\204\026\261\333>\214\212\223k+\304{\250\007"
 415      B1DB3E8C 
 415      8A936B2B 
 415      C47BA807 
 416 012e C1906829 		.ascii	"\301\220h)mE\210\375\"J\224}g|\020\242\355\320*\012"
 416      6D4588FD 
 416      224A947D 
 416      677C10A2 
 416      EDD02A0A 
 417 0142 B2606313 		.ascii	"\262`c\0232\276!\363\242\314\212\262H\372'\277\2148"
 417      32BE21F3 
 417      A2CC8AB2 
 417      48FA27BF 
 417      8C38
 418 0154 89AC9B8D 		.ascii	"\211\254\233\215d|\004\006g\232\010T:{\033\211\246\001"
 418      647C0406 
 418      679A0854 
 418      3A7B1B89 
 418      A601
 419 0166 10E25FE0 		.ascii	"\020\342_\340\0042\265\345\376y\375\004\323\344\220"
 419      0432B5E5 
 419      FE79FD04 
 419      D3E490
 420 0175 71F613D9 		.ascii	"q\366\023\331\327\207\265\367Q/i=\362\033D\333N\025"
 420      D787B5F7 
 420      512F693D 
 420      F21B44DB 
 420      4E15
 421 0187 640FD960 		.ascii	"d\017\331`\021\221\372\375\231\274u\037\027H\354\261"
 421      1191FAFD 
 421      99BC751F 
 421      1748ECB1 
 422 0197 763199ED 		.ascii	"v1\231\355\273\270s\207\360\036\214\034\265HE\344\264"
 422      BBB87387 
 422      F01E8C1C 
 422      B54845E4 
 422      B4
ARM GAS  C:\Users\Lena\AppData\Local\Temp\ccwDCOca.s 			page 34


 423 01a8 1C187000 		.ascii	"\034\030p\000v\271\0269\001\233\234\377\366\007\254"
 423      76B91639 
 423      019B9CFF 
 423      F607AC
 424 01b7 73BF08EC 		.ascii	"s\277\010\354\225\212\247\356\214}\017\270\322\336\211"
 424      958AA7EE 
 424      8C7D0FB8 
 424      D2DE89
 425 01c6 2A5B86ED 		.ascii	"*[\206\355C\344])9\336\216uO\023\276\2613gL\213\377"
 425      43E45D29 
 425      39DE8E75 
 425      4F13BEB1 
 425      33674C8B 
 426 01db 838E3F16 		.ascii	"\203\216?\0267\324g\313\372V\000\333>~=Gf\227\002\333"
 426      37D467CB 
 426      FA5600DB 
 426      3E7E3D47 
 426      669702DB 
 427 01ef 93B8F3B0 		.ascii	"\223\270\363\260\006;QdoC\376i\242\320\207ZD\214\260"
 427      063B5164 
 427      6F43FE69 
 427      A2D0875A 
 427      448CB0
 428 0202 049A0A47 		.ascii	"\004\232\012GKf\354Y\023A\264\247L\346Z\341\377&u1\273"
 428      4B66EC59 
 428      1341B4A7 
 428      4CE65AE1 
 428      FF267531 
 429 0217 E976B50A 		.ascii	"\351v\265\012\271h\277!\363\252\252\177\371aZ\274$\211"
 429      B968BF21 
 429      F3AAAA7F 
 429      F9615ABC 
 429      2489
 430 0229 A80469D1 		.ascii	"\250\004i\321e\004&@\037\023+}\250\205\337\004I\212"
 430      65042640 
 430      1F132B7D 
 430      A885DF04 
 430      498A
 431 023b 91526325 		.ascii	"\221Rc%\033o\001\025\240\367\320i\364\236\200\256 \027"
 431      1B6F0115 
 431      A0F7D069 
 431      F49E80AE 
 431      2017
 432 024d 2296E050 		.ascii	"\"\226\340P14\026A#\014\221\237\233vL\203\353\021\035"
 432      31341641 
 432      230C919F 
 432      9B764C83 
 432      EB111D
 433 0260 A3EEEADD 		.ascii	"\243\356\352\335.\025\322\272X\024PnA\200\254L\351\373"
 433      2E15D2BA 
 433      5814506E 
 433      4180AC4C 
 433      E9FB
 434 0272 753B8832 		.ascii	"u;\2102e\240L\251I\031\320\215\231\276\277\264'Z\304"
 434      65A04CA9 
 434      4919D08D 
 434      99BEBFB4 
ARM GAS  C:\Users\Lena\AppData\Local\Temp\ccwDCOca.s 			page 35


 434      275AC4
 435 0285 3DCC4107 		.ascii	"=\314A\007\312\2367\251\231E\254\201}\226q\255E\304"
 435      CA9E37A9 
 435      9945AC81 
 435      7D9671AD 
 435      45C4
 436 0297 7DAC6FB8 		.ascii	"}\254o\270+6[\203\207\031\223\372\346\216\244\301c\214"
 436      2B365B83 
 436      871993FA 
 436      E68EA4C1 
 436      638C
 437 02a9 497E367D 		.ascii	"I~6}T\205_0\346N\354\253N{\374\23226;\013\257\\\262"
 437      54855F30 
 437      E64EECAB 
 437      4E7BFC9A 
 437      32363B0B 
 438 02c0 43CEE459 		.ascii	"C\316\344Y\346\354\354r\214\350^U?\362\343\206\311A"
 438      E6ECEC72 
 438      8CE85E55 
 438      3FF2E386 
 438      C941
 439 02d2 494AB7A3 		.ascii	"IJ\267\243J\325\200R\215h\231i2\027\340G@n\360#\260"
 439      4AD58052 
 439      8D689969 
 439      3217E047 
 439      406EF023 
 440 02e7 17667F95 		.ascii	"\027f\177\225-U\305a\212\256V\242]\025\340\307\2776"
 440      2D55C561 
 440      8AAE56A2 
 440      5D15E0C7 
 440      BF36
 441 02f9 812B95E0 		.ascii	"\201+\225\340\253Tt\001\342ds\360\012%\374\242R\223"
 441      AB547401 
 441      E26473F0 
 441      0A25FCA2 
 441      5293
 442 030b 6E0E5D65 		.ascii	"n\016]eY8E\247\021\333\247J\322oT\002*\204\376\263\264"
 442      593845A7 
 442      11DBA74A 
 442      D26F5402 
 442      2A84FEB3 
 443 0320 8BA0C1FC 		.ascii	"\213\240\301\374\350:x\353\032rFM@\015@u@\365@\315@"
 443      E83A78EB 
 443      1A72464D 
 443      400D4075 
 443      40F540CD 
 444 0335 B5C8992E 		.ascii	"\265\310\231.\0126^\0237\336\267\026g\316\317\245\311"
 444      0A365E13 
 444      37DEB716 
 444      67CECFA5 
 444      C9
 445 0346 DB84BE64 		.ascii	"\333\204\276dy.\014\316Bc\354\252c\264$!\002\023\344"
 445      792E0CCE 
 445      4263ECAA 
 445      63B42421 
 445      0213E4
 446 0359 B0909763 		.ascii	"\260\220\227c\345\333\2706\015~\211i\340\345&]/\266"
ARM GAS  C:\Users\Lena\AppData\Local\Temp\ccwDCOca.s 			page 36


 446      E5DBB836 
 446      0D7E8969 
 446      E0E5265D 
 446      2FB6
 447 036b 46CB5C2C 		.ascii	"F\313\\,\315\011\335\200\251\374=\323b#\0177h`\375\243"
 447      CD09DD80 
 447      A9FC3DD3 
 447      62230F37 
 447      6860FDA3 
 448 037f 5678B1C5 		.ascii	"Vx\261\305\024\222D\017:\274qI;\312K:\276\345\305I\021"
 448      1492440F 
 448      3ABC7149 
 448      3BCA4B3A 
 448      BEE5C549 
 449 0394 27AA687C 		.ascii	"'\252h|\235+\217{\352\300:\253H\347\256\035)\211V8\225"
 449      9D2B8F7B 
 449      EAC03AAB 
 449      48E7AE1D 
 449      29895638 
 450 03a9 754EE55D 		.ascii	"uN\345]8l\315:\363H\347\2437uO\324x\037\353,h\251\357"
 450      386CCD3A 
 450      F348E7A3 
 450      37754FD4 
 450      781FEB2C 
 451 03c0 91379904 		.ascii	"\2217\231\004\322\331\361\252-^\213\017\263\316w\217"
 451      D2D9F1AA 
 451      2D5E8B0F 
 451      B3CE778F 
 452 03d0 EE1CB761 		.ascii	"\356\034\267a\235\343\204O*\3128\276\004\237`\235\035"
 452      9DE3844F 
 452      2ACA38BE 
 452      049F609D 
 452      1D
 453 03e1 C347E3E4 		.ascii	"\303G\343\344=\245\215\360{R.\236\327\342\002\326\231"
 453      3DA58DF0 
 453      7B522E9E 
 453      D7E202D6 
 453      99
 454 03f2 377C688F 		.ascii	"7|h\217\334\3713`\213Z\256\334S\343\213\254\257g\262"
 454      DCF93360 
 454      8B5AAEDC 
 454      53E38BAC 
 454      AF67B2
 455 0405 33DE1697 		.ascii	"3\336\026\2272\246p.\363\244\006\177\313\230\266C9\306"
 455      32A6702E 
 455      F3A4067F 
 455      CB98B643 
 455      39C6
 456 0417 9576896C 		.ascii	"\225v\211lj\311\205\357\254\331.vd\031\031!\273\367"
 456      6AC985EF 
 456      ACD92E76 
 456      64191921 
 456      BBF7
 457 0429 9C163750 		.ascii	"\234\0267P\254\375\233\373\317+m\3212\347\371\307\305"
 457      ACFD9BFB 
 457      CF2B6DD1 
 457      32E7F9C7 
ARM GAS  C:\Users\Lena\AppData\Local\Temp\ccwDCOca.s 			page 37


 457      C5
 458 043a 9977C603 		.ascii	"\231w\306\003pF\037\365\356\200\354\2111\360\304\020"
 458      70461FF5 
 458      EE80EC89 
 458      31F0C410 
 459 044a 58FD11D0 		.ascii	"X\375\021\320\023\240\021\240\207@\243@O\201\236\001"
 459      13A011A0 
 459      8740A340 
 459      4F819E01 
 460 045a 3D061A04 		.ascii	"=\006\032\004\0326\005\034\361L\253c\206$5\254\244\276"
 460      1A36051C 
 460      F14CAB63 
 460      862435AC 
 460      A4BE
 461 046c 390FBE21 		.ascii	"9\017\276!\"\347\275}n\341\362\001|\365o\243i\310\021"
 461      22E7BD7D 
 461      6EE1F201 
 461      7CF56FA3 
 461      69C811
 462 047f F87D257C 		.ascii	"\370}%|\301\322$\340\215&p\277\022|\006)\321>&\364\035"
 462      C1D224E0 
 462      8D2670BF 
 462      127C0629 
 462      D13E26F4 
 463 0494 25BA4B89 		.ascii	"%\272K\211\356\377\324\204\276\253Dw\233\351\335\317"
 463      EEFFD484 
 463      BEAB4477 
 463      9BE9DDCF 
 464 04a4 E97D4F09 		.ascii	"\351}O\011\277`>\315\317M\360\357\224\36063\3159]z\225"
 464      BF603ECD 
 464      CF4DF0EF 
 464      94F03633 
 464      CD395D7A 
 465 04b9 E81E33CD 		.ascii	"\350\0363\315\271y\336V\242;\315U\371\314\004\277\245"
 465      B979DE56 
 465      A23BCD55 
 465      F9CC04BF 
 465      A5
 466 04ca 84DF3409 		.ascii	"\204\3374\011\227\327x#[\343\003\013\327\270\354\354"
 466      97D77823 
 466      5BE3030B 
 466      D7B8ECEC 
 467 04da 16CED91D 		.ascii	"\026\316\331\035JY\355\334\320\020\221\337\316\214\356"
 467      4A59EDDC 
 467      D01091DF 
 467      CE8CEE
 468 04e9 58826FD0 		.ascii	"X\202o\320\210\024\337\364\014\376T\261%\030\243\020"
 468      8814DFF4 
 468      0CFE54B1 
 468      2518A310 
 469 04f9 4D42F0FD 		.ascii	"MB\360\375#\201\310\024\357\274A\267\210\011\0204n\332"
 469      2381C814 
 469      EFBC41B7 
 469      88091034 
 469      6EDA
 470 050b 22068C5B 		.ascii	"\"\006\214[DN_\325\200z\231<~\302b\343\013\177\367\340"
 470      444E5FD5 
ARM GAS  C:\Users\Lena\AppData\Local\Temp\ccwDCOca.s 			page 38


 470      807A993C 
 470      7EC262E3 
 470      0B7FF7E0 
 471 051f E4687B51 		.ascii	"\344h{Q\226\205\355\222\346\217Y4\305m\243\002z\216"
 471      9685ED92 
 471      E68F5934 
 471      C56DA302 
 471      7A8E
 472 0531 EC6460F6 		.ascii	"\354d`\366\255W\243\032\225\310\332\320f\025i\273\366"
 472      AD57A31A 
 472      95C8DAD0 
 472      661569BB 
 472      F6
 473 0542 EE55D512 		.ascii	"\356U\325\022\266\254E.\303X\3162\214\232\366\256\024"
 473      B6AC452E 
 473      C358CE32 
 473      8C9AF6AE 
 473      14
 474 0553 D58ABD34 		.ascii	"\325\212\2754\375\211\225\226\212\350\213\357\243W "
 474      FD899596 
 474      8AE88BEF 
 474      A35720
 475 0562 F925953C 		.ascii	"\371%\225<\215V\300\357\013\244\222\015\336\232\327"
 475      8D56C0EF 
 475      0BA4920D 
 475      DE9AD7
 476 0571 67F5FE11 		.ascii	"g\365\376\021\351H\237Tu\343 \276R3$IZ\025A\241|\223"
 476      E9489F54 
 476      75E320BE 
 476      52332449 
 476      5A1541A1 
 477 0587 45A00ABF 		.ascii	"E\240\012\277y\260\370\320I\210d\001\315\240\367\341"
 477      79B0F8D0 
 477      49886401 
 477      CDA0F7E1 
 478 0597 E5A72762 		.ascii	"\345\247'b3\300[j\272\327\234j\311\237S\341!\312\210"
 478      33C05B6A 
 478      BAD79C6A 
 478      C99F53E1 
 478      21CA88
 479 05aa C9D58746 		.ascii	"\311\325\207F\355\026\313#\336,\236G\214\254\354\272"
 479      ED16CB23 
 479      DE2C9E47 
 479      8CACECBA 
 480 05ba 29494E68 		.ascii	")INh\016\016\227\327\246\361\313\214yDi\312\211iL\255"
 480      0E0E97D7 
 480      A6F1CB8C 
 480      794469CA 
 480      89694CAD 
 481 05ce 4110CC1A 		.ascii	"A\020\314\032q\265/\323\354\361\030\033x\317\265\372"
 481      71B52FD3 
 481      ECF1181B 
 481      78CFB5FA 
 482 05de 19F57C92 		.ascii	"\031\365|\2224\273\221\2707Z\204\374J)\314\242f\222"
 482      34BB91B8 
 482      375A84FC 
 482      4A29CCA2 
ARM GAS  C:\Users\Lena\AppData\Local\Temp\ccwDCOca.s 			page 39


 482      6692
 483 05f0 6831457A 		.ascii	"h1Ez\021?\324\212\350\250D\324[D\207=8\325\373H\336"
 483      113FD48A 
 483      E8A844D4 
 483      5B44873D 
 483      38D5FB48 
 484 0605 CB5DB86C 		.ascii	"\313]\270l\322\221e\223\323G\007\323E\374\232\231&\241"
 484      D2916593 
 484      D34707D3 
 484      45FC9A99 
 484      26A1
 485 0617 604F0DD6 		.ascii	"`O\015\326&\020w\374-9\0259\177\336e\366\331cIC_?3}"
 485      261077FC 
 485      2D391539 
 485      7FDE65F6 
 485      D9634943 
 486 062f BF588D77 		.ascii	"\277X\215w0&9\263\272Z\205\223\030s<;-^\215S\030\223"
 486      302639B3 
 486      BA5A8593 
 486      18733C3B 
 486      2D5E8D53 
 487 0645 9F9E0ABB 		.ascii	"\237\236\012\273y\032c\366\237\272=k\2033\030sb\366"
 487      791A63F6 
 487      9FBA3D6B 
 487      83331873 
 487      62F6
 488 0657 F5383993 		.ascii	"\36589\223> y&\346\262\314\017X\226Y\331\334\370\215"
 488      3E207926 
 488      E6B2CC0F 
 488      589659D9 
 488      DCF88D
 489 066a 1DCEA660 		.ascii	"\035\316\246`1\365\350\351]6F\327\201\306j\027a>|P\032"
 489      31F5E8E9 
 489      5D3646D7 
 489      81C66A17 
 489      613E7C50 
 490 067f 18E80359 		.ascii	"\030\350\003Y\335=\342{(Y\234w]\361\177\225H\322R\224"
 490      DD3DE27B 
 490      28599C77 
 490      5DF17F95 
 490      48D25294 
 491 0693 0A164A11 		.ascii	"\012\026J\021\347\215\375\201\354\270\253iw\207\265"
 491      E78DFD81 
 491      ECB8AB69 
 491      7787B5
 492 06a2 38970D31 		.ascii	"8\227\0151\027\273\367\031\227\311\226\272\327\322\344"
 492      17BBF719 
 492      97C996BA 
 492      D7D2E4
 493 06b1 31135E4D 		.ascii	"1\023^M7\275\012\222\214~R\252\221aA\015\030$f\372X"
 493      37BD0A92 
 493      8C7E52AA 
 493      9161410D 
 493      182466FA 
 494 06c6 B9353E43 		.ascii	"\2715>C\007QM\275\334\335\255%\347\231i\003\021\005"
 494      07514DBD 
 494      DCDDAD25 
ARM GAS  C:\Users\Lena\AppData\Local\Temp\ccwDCOca.s 			page 40


 494      E7996903 
 494      1105
 495 06d8 6E89ED15 		.ascii	"n\211\355\025\331\356\221\015\262\366\213\316h\237\310"
 495      D9EE910D 
 495      B2F68BCE 
 495      689FC8
 496 06e7 E744F523 		.ascii	"\347D\365#\316\025\223}\222\224dG\325\332\015j\221\027"
 496      CE15937D 
 496      92946447 
 496      D5DA0D6A 
 496      9117
 497 06f9 E635A0A7 		.ascii	"\3465\240\247\316+.-\252\376\345~\251*\006St\226E4\267"
 497      CE2B2E2D 
 497      AAFEE57E 
 497      A92A0653 
 497      74964534 
 498 070e 61BE2DD7 		.ascii	"a\276-\327\222\300\004\314\302\234Hu\363\336X:B\316"
 498      92C004CC 
 498      C29C4875 
 498      F3DE583A 
 498      42CE
 499 0720 CB5D9CD9 		.ascii	"\313]\234\331\346\331Y\341\020M\305\022q\273@\354Aq"
 499      E6D959E1 
 499      104DC512 
 499      71BB40EC 
 499      4171
 500 0732 B9A5AC34 		.ascii	"\271\245\2544\235N1\226\356\221\246)\0220\231\342!\230"
 500      9D4E3196 
 500      EE91A629 
 500      123099E2 
 500      2198
 501 0744 620E4CF1 		.ascii	"b\016L\361\200\310o~c\345+\350\256\015(\305\256\015"
 501      80C86F7E 
 501      63E52BE8 
 501      AE0D28C5 
 501      AE0D
 502 0756 D37959EE 		.ascii	"\323yY\356\230\021Kvm\222\346%->0X}\262\274\371\272"
 502      98114B76 
 502      6D92E625 
 502      2D3E3058 
 502      7DB2BCF9 
 503 076b B81C3488 		.ascii	"\270\0344\210^T\003a\301\360d\315\326\334*\262\303\347"
 503      5E540361 
 503      C1F064CD 
 503      D6DC2AB2 
 503      C3E7
 504 077d 59780E35 		.ascii	"Yx\0165\027\306X\343\"\306\034n9\333\254\306%\214);"
 504      17C658E3 
 504      22C61C6E 
 504      39DBACC6 
 504      258C293B 
 505 0791 7DB65DC4 		.ascii	"}\266]\304\225\214)(\031\337\205p=c&\342\013\015\270"
 505      958C2928 
 505      19DF8570 
 505      3D6326E2 
 505      0B0DB8
 506 07a4 95D5E372 		.ascii	"\225\325\343rRo\210l\351\375\030\330\275\211\207\372"
ARM GAS  C:\Users\Lena\AppData\Local\Temp\ccwDCOca.s 			page 41


 506      526F886C 
 506      E9FD18D8 
 506      BD8987FA 
 507 07b4 54F25D8D 		.ascii	"T\362]\215l\217\027:\363\312\254\361M\212\265O\315O"
 507      6C8F173A 
 507      F3CAACF1 
 507      4D8AB54F 
 507      CD4F
 508 07c6 BDAC45F2 		.ascii	"\275\254E\362U\201\2459\307\244"
 508      5581A539 
 508      C7A4
 509 07d0 B858F0DF 		.ascii	"\270X\360\337\377\262\264v'\370\3578\314\267@\\,\011"
 509      FFB2B476 
 509      27F8EF38 
 509      CCB7405C 
 509      2C09
 510 07e2 26E8D95F 		.ascii	"&\350\331_\232\320'\225\350X\221;|\011\3721\207\216"
 510      9AD02795 
 510      E858913B 
 510      7C09FA31 
 510      878E
 511 07f4 57A2E394 		.ascii	"W\242\343\224\350I\016\275\3032\232\251\302\037\214"
 511      E8490EBD 
 511      C3329AA9 
 511      C21F8C
 512 0803 DFC02A38 		.ascii	"\337\300*8\301\372\344\270\276\004N?\007V\317\003:\003"
 512      C1FAE4B8 
 512      BE044E3F 
 512      0756CF03 
 512      3A03
 513 0815 741EA810 		.ascii	"t\036\250\020\350\"\320\005\240\263@\247\200N\003\345"
 513      E822D005 
 513      A0B340A7 
 513      804E03E5 
 514 0825 CFC73E51 		.ascii	"\317\307>Q\240\2113\3051\245\002\334\375\203\241\373"
 514      A08933C5 
 514      31A502DC 
 514      FD83A1FB 
 515 0835 39751394 		.ascii	"9u\023\224\350\205I\016\201ws\302\217(\341\027\225\302"
 515      E885490E 
 515      817773C2 
 515      8F28E117 
 515      95C2
 516 0847 677F6142 		.ascii	"g\177aB\347Z\364\012\007n\347D\037\265\254\367\274&"
 516      E75AF40A 
 516      076EE744 
 516      1FB5ACF7 
 516      BC26
 517 0859 B0AAEE55 		.ascii	"\260\252\356Uh\031\3760\004i\242e\3159\351\303\306\025"
 517      6819FE30 
 517      0469A265 
 517      CD39E9C3 
 517      C615
 518 086b 41C47F6D 		.ascii	"A\304\177mY\363\005\027\2372\226\024\025(\0279\252j"
 518      59F30517 
 518      9F329614 
 518      15281739 
ARM GAS  C:\Users\Lena\AppData\Local\Temp\ccwDCOca.s 			page 42


 518      AA6A
 519 087d 99BEA4C6 		.ascii	"\231\276\244\306]l/|tp\344\264\225\"\3131:\023]\006"
 519      5D6C2F7C 
 519      7470E4B4 
 519      9522CB31 
 519      3A135D06 
 520 0891 1FFE23FE 		.ascii	"\037\376#\376d\232\324]\245YN1\010*2m\257D/\252NRSw"
 520      649AD45D 
 520      A5594E31 
 520      082A326D 
 520      AF442FAA 
 521 08a9 8A039F8A 		.ascii	"\212\003\237\212\024\213|*rE\264\223_\001\354\345\304"
 521      148B7C2A 
 521      7245B493 
 521      5F01ECE5 
 521      C4
 522 08ba FD0FEDF1 		.ascii	"\375\017\355\361\020S\375V\353D\211\003r\261c\243\264"
 522      1053FD56 
 522      EB448903 
 522      72B163A3 
 522      B4
 523 08cb 762F8D25 		.ascii	"v/\215%\363-\003|\211i\030x\035\212E\244\243R\230\324"
 523      F32D037C 
 523      89691878 
 523      1D8A45A4 
 523      A35298D4 
 524 08df 82018E76 		.ascii	"\202\001\216v\015\3448\320\243\226\310\211\021\351Q"
 524      0DE438D0 
 524      A396C889 
 524      11E951
 525 08ee DBBAF744 		.ascii	"\333\272\367D\023^4\243\251\020IFS.\312\031\315\\Y\374"
 525      135E34A3 
 525      A9104946 
 525      532ECA19 
 525      CD5C59FC 
 526 0902 B0CA94D1 		.ascii	"\260\312\224\321T^c\031\015\240\320\254)\011\230Uf4"
 526      545E6319 
 526      0DA0D0AC 
 526      29099855 
 526      6634
 527 0914 574592D1 		.ascii	"WE\222\321L\325\346M\311\231U*\271\2755\234\312\274"
 527      4CD5E64D 
 527      C999552A 
 527      B9BD359C 
 527      CABC
 528 0926 6583C7D9 		.ascii	"e\203\307\331>sd\177C\214\210g\030S<\334X\247eH\211"
 528      3E73647F 
 528      438C8867 
 528      18533CDC 
 528      58A76548 
 529 093b 2073AFF4 		.ascii	" s\257\364\315!\034gE;\253\352v?E8\2051\011\017\342"
 529      CD211C67 
 529      453BABEA 
 529      763F4538 
 529      8531090F 
 530 0950 3B64E434 		.ascii	";d\3444\265\341\330\351\313\366l\177\252\242\227\302"
 530      B5E1D8E9 
ARM GAS  C:\Users\Lena\AppData\Local\Temp\ccwDCOca.s 			page 43


 530      CBF66C7F 
 530      AAA297C2 
 531 0960 EA575DF6 		.ascii	"\352W]\3668\213\201\223\212;\356\251H\252 \311\346\202"
 531      388B8193 
 531      8A3BEEA9 
 531      48AA20C9 
 531      E682
 532 0972 B74CBE68 		.ascii	"\267L\276h G\"\304=ZI\317\273\254\212\254\"\007\307"
 532      204722C4 
 532      3D5A49CF 
 532      BBAC8AAC 
 532      2207C7
 533 0985 5439729C 		.ascii	"T9r\234Tt\263\256\203\340a\301\336(:\032\337!\350}%"
 533      5474B3AE 
 533      83E061C1 
 533      DE283A1A 
 533      DF21E87D 
 534 099a FDE30EF8 		.ascii	"\375\343\016\370k6NZ\315\213)[|\2341=\3072O\250\230"
 534      6B364E5A 
 534      CD8B295B 
 534      7C9C313D 
 534      C7324FA8 
 535 09af 862334EF 		.ascii	"\206#4\357\235\233\213S\341<\326\031Sv'M6I\037\375$"
 535      9D9B8B53 
 535      E13CD619 
 535      5376274D 
 535      36491FFD 
 536 09c4 159391AB 		.ascii	"\025\223\221\253\301\027X\347\353\261\223\343\032\\"
 536      C11758E7 
 536      EBB193E3 
 536      1A5C
 537 09d2 CE98CB0F 		.ascii	"\316\230\313\017\262*\345\214\250\213\3605S\207&\354"
 537      B22AE58C 
 537      A88BF035 
 537      538726EC 
 538 09e2 701DEBDC 		.ascii	"p\035\353\334\221{s\267\025nc\314\324\335\344:;\334"
 538      917B73B7 
 538      156E63CC 
 538      D4DDE43A 
 538      3BDC
 539 09f4 CD98DA86 		.ascii	"\315\230\332\206\201\016k<\310\230]\327\212\352\344"
 539      810E6B3C 
 539      C8985DD7 
 539      8AEAE4
 540 0a03 EB7303E1 		.ascii	"\353s\003\341\243G\316\305c<&\017 [\316Q\266\334D[M"
 540      A347CEC5 
 540      633C260F 
 540      205BCE51 
 540      B6DC445B 
 541 0a18 920D9E66 		.ascii	"\222\015\236f\235-\211\351p\356B\234S\233\036\034\317"
 541      9D2D89E9 
 541      70EE429C 
 541      539B1E1C 
 541      CF
 542 0a29 B1C3098C 		.ascii	"\261\303\011\214)?\276#\337\032\2473\246\354ry\235|"
 542      293FBE23 
 542      DF1AA733 
ARM GAS  C:\Users\Lena\AppData\Local\Temp\ccwDCOca.s 			page 44


 542      A6EC7279 
 542      9D7C
 543 0a3b 255E49CE 		.ascii	"%^I\316\216\326\344\036;|\200\365\235\035\211\257\262"
 543      8ED6E41E 
 543      3B7C80F5 
 543      9D1D89AF 
 543      B2
 544 0a4c C2C7E4B7 		.ascii	"\302\307\344\267Zf\012\034\360)\231\271[\344\212/\261"
 544      5A660A1C 
 544      F02999B9 
 544      5BE48A2F 
 544      B1
 545 0a5d FAD19112 		.ascii	"\372\321\221\022\310z+\030\363\240\367a\222\003\256"
 545      C87A2B18 
 545      F3A0F761 
 545      9203AE
 546 0a6c 63CCCECA 		.ascii	"c\314\316\312\254\012\033\334\306\230\332>\270\362\335"
 546      AC0A1BDC 
 546      C698DA3E 
 546      B8F2DD
 547 0a7b 61F52749 		.ascii	"a\365'IUwD\334\317\230\374\222\344\007j\374\2041\003"
 547      557744DC 
 547      CF98FC92 
 547      E4076AFC 
 547      843103
 548 0a8e 97E35EAA 		.ascii	"\227\343^\252\3603\306\234\236;\334f\203\2373\246\255"
 548      F033C69C 
 548      9E3BDC66 
 548      839F33A6 
 548      AD
 549 0a9f B46FC801 		.ascii	"\264o\310\001\3171\346q\345\316A\331\011\231$\332\012"
 549      CF31E671 
 549      E5CE41D9 
 549      099924DA 
 549      0A
 550 0ab0 6EF5F521 		.ascii	"n\365\365!\371&oC\372w\035\316U\341w\024\374\303\251"
 550      F9266F43 
 550      FA771DCE 
 550      55E17714 
 550      FCC3A9
 551 0ac3 A1D8DB1A 		.ascii	"\241\330\333\032d\272\310\317\037up\245_\360\260\215"
 551      64BAC8CF 
 551      1F7570A5 
 551      5FF0B08D 
 552 0ad3 AD3E5F7D 		.ascii	"\255>_}\265$\2671Z\312]A\367\266ZX\2743\374\"\255V\236"
 552      B524B731 
 552      5ACA5D41 
 552      F7B65A58 
 552      BC33FC22 
 553 0aea 50EDD7B1 		.ascii	"P\355\327\261i\247}\252\204W\232\301\2338\370\035%\274"
 553      69A77DAA 
 553      84579AC1 
 553      9B38F81D 
 553      25BC
 554 0afc 4B343B22 		.ascii	"K4;\"\0329\374\003%>\316\014_\315\343\007\225x\263\215"
 554      1A39FC03 
 554      253ECE0C 
ARM GAS  C:\Users\Lena\AppData\Local\Temp\ccwDCOca.s 			page 45


 554      5FCDE307 
 554      9578B38D 
 555 0b10 BCA99983 		.ascii	"\274\251\231\203\337P\302[\315\304\317\362\370\032\313"
 555      DF50C25B 
 555      CDC4CFF2 
 555      F81ACB
 556 0b1f C6E1EFCE 		.ascii	"\306\341\357\316\217\2331\273<\303\372C\3652\336\270"
 556      8F9B31BB 
 556      3CC3FA43 
 556      F532DEB8 
 557 0b2f 2AD135A5 		.ascii	"*\3215\245u\372\0338\361#J\361f\307m7\017\177\244\204"
 557      75FA1B38 
 557      F1234AF1 
 557      66C76D37 
 557      0F7FA484 
 558 0b43 9B252AFD 		.ascii	"\233%*\375\274\355o)\341\335\226?&\216\202\262O\250"
 558      BCED6F29 
 558      E1DD963F 
 558      268E82B2 
 558      4FA8
 559 0b55 9E33F2E1 		.ascii	"\2363\362\341\023\203]P2vF\257\340py\011\024\015\365"
 559      13835D50 
 559      327646AF 
 559      E0707909 
 559      140DF5
 560 0b68 9D40BB80 		.ascii	"\235@\273\200&\201\337\003e*\320\004\324\337\002%B\375"
 560      2681DF03 
 560      652AD004 
 560      D4DF0225 
 560      42FD
 561 0b7a 0D94F150 		.ascii	"\015\224\361P\306\002I@\343\300'@9\015\345\016(\347"
 561      C6024940 
 561      E3C02740 
 561      390DE50E 
 561      28E7
 562 0b8c A0DC0D65 		.ascii	"\240\334\015e\022\320\024\324S\240\234\205\362\035\320"
 562      12D014D4 
 562      53A09C85 
 562      F21DD0
 563 0b9b 0BA031A0 		.ascii	"\013\2401\240\347@\257\201\342\240\357\331\202$\245"
 563      E740AF81 
 563      E2A0EFD9 
 563      8224A5
 564 0baa 9BF74AB3 		.ascii	"\233\367J\263YP)\315V\315\207\354\267Jx\247\022>\311"
 564      595029CD 
 564      56CD87EC 
 564      B74A78A7 
 564      123EC9
 565 0bbd 9BAD4309 		.ascii	"\233\255C\011\377\316,e\343#\360\236\022\336k\026\""
 565      FFCE2C65 
 565      E323F09E 
 565      12DE6B16 
 565      22
 566 0bce FD8D5C88 		.ascii	"\375\215\\\210\364)C\304,\177\354\347\347\332dy\256"
 566      F42943C4 
 566      2C7FECE7 
 566      E7DA6479 
ARM GAS  C:\Users\Lena\AppData\Local\Temp\ccwDCOca.s 			page 46


 566      AE
 567 0bdf BCD39B78 		.ascii	"\274\323\233x\355\273-/8>=\345C\352\241\345\010\344"
 567      EDBB2D2F 
 567      383E3DE5 
 567      43EAA1E5 
 567      08E4
 568 0bf1 339B3A82 		.ascii	"3\233:\202\207\253\336\214\250\374\334\003\027\207\272"
 568      87ABDE8C 
 568      A8FCDC03 
 568      1787BA
 569 0c00 269C7F41 		.ascii	"&\234\177A\222\0225\3640\272\253\224\326c\256,\357\231"
 569      921235F4 
 569      30BAAB94 
 569      D663AE2C 
 569      EF99
 570 0c12 2ACB9EE1 		.ascii	"*\313\236\341\361\217\371\311\335\264\034\321<~\222"
 570      F18FF9C9 
 570      DDB41CD1 
 570      3C7E92
 571 0c21 9FDDB012 		.ascii	"\237\335\260\022o\236q\362\256\354\261\254>\367]\255"
 571      6F9E71F2 
 571      AEECB1AC 
 571      3EF75DAD 
 572 0c31 BB89F3E4 		.ascii	"\273\211\363\344m\245';\315L\315K\277o9P\370\250\345"
 572      6DA5273B 
 572      CD4CCD4B 
 572      BF6F3950 
 572      F8A8E5
 573 0c44 1DDF6679 		.ascii	"\035\337fy\253\342u\347\247:dy\252\013\376-a4%qU\273"
 573      ABE275E7 
 573      A73A6479 
 573      AA0BFE2D 
 573      61342571 
 574 0c5a E528E74D 		.ascii	"\345(\347M\331\316\313\177lq\357\341\376\215\321\324"
 574      D9CECB7F 
 574      6C71EFE1 
 574      FE8DD1D4 
 575 0c6a C8491FB0 		.ascii	"\310I\037\260\274-\363\213\242\235\3377[\224\246\274"
 575      BC2DF38B 
 575      A29DDF37 
 575      5B94A6BC 
 576 0c7a 6E76AAF0 		.ascii	"nv\252\360\246\354\267|J\030\257\250/\012\012zmq4\375"
 576      A6ECB77C 
 576      4A18AFA8 
 576      2F0A0A7A 
 576      6D7134FD 
 577 0c8e DA21EE3B 		.ascii	"\332!\356;\232Pd\243\310\270\215;\036\312\200\215\356"
 577      9A5064A3 
 577      C8B88D3B 
 577      1ECA808D 
 577      EE
 578 0c9f DF71D393 		.ascii	"\337q\323\223\377\245q\035\323\034;\035/Cix>\231\235"
 578      FFA5711D 
 578      D31C3B1D 
 578      2F436978 
 578      3E999D
 579 0cb2 31A6F203 		.ascii	"1\246\362\003'F\213\026\244\362\004hJ\03731\375\252"
ARM GAS  C:\Users\Lena\AppData\Local\Temp\ccwDCOca.s 			page 47


 579      27468B16 
 579      A4F20468 
 579      4A1F3331 
 579      FDAA
 580 0cc4 484AF209 		.ascii	"HJ\362\0112\276\343\241\375\202\257\233\226\376\341"
 580      32BEE3A1 
 580      FD82AF9B 
 580      96FEE1
 581 0cd3 22FCD5FF 		.ascii	"\"\374\325\377\266\200\250\321\271\033\215V\374\270"
 581      B680A8D1 
 581      B91B8D56 
 581      FCB8
 582 0ce1 590BC6DD 		.ascii	"Y\013\306\335+\217\273\227\216{\2415/\313\306\342\270"
 582      2B8FBB97 
 582      8E7BA135 
 582      2FCBC6E2 
 582      B8
 583 0cf2 C2DF3E28 		.ascii	"\302\337>($A\344?\030#\023\303\331\266Z\371[^\302_\375"
 583      2441E43F 
 583      182313C3 
 583      D9B65AF9 
 583      5B5EC25F 
 584 0d07 B286F663 		.ascii	"\262\206\366c-I\262w>\273\215q2\373\370\365u\272t\236"
 584      2D49B277 
 584      3EBB8D71 
 584      32FBF8F5 
 584      75BA749E 
 585 0d1b 7D6005F5 		.ascii	"}`\005\365\344O\212\263\335\373n\252i\033\271\234\034"
 585      E44F8AB3 
 585      DDFB6EAA 
 585      691BB99C 
 585      1C
 586 0d2c C0B47157 		.ascii	"\300\264qWGA\276\375\242\267\220C\230\334B\016b\371"
 586      4741BEFD 
 586      A2B79043 
 586      98DC420E 
 586      62F9
 587 0d3e 165298D9 		.ascii	"\026R\230\331\324\217\340\026R\305n!oJ\007%\011\354"
 587      D48FE016 
 587      52C56E21 
 587      6F4A0725 
 587      09EC
 588 0d50 A3521120 		.ascii	"\243R\021 \3126\371\016\252\013/\"9\370}\301> <04 4"
 588      CA36F90E 
 588      AA0B2F22 
 588      39F87DC1 
 588      3E203C30 
 589 0d67 34282024 		.ascii	"4( $,\304`\275\376\363\3379y\270\271\011\032\337\337"
 589      2CC460BD 
 589      FEF3DF39 
 589      79B8B909 
 589      1ADFDF
 590 0d7a 7A061A02 		.ascii	"z\006\032\002U\201[#B\265\001\001Q!a\206U\356\001\206"
 590      55815B23 
 590      42B50101 
 590      51216186 
 590      55EE0186 
ARM GAS  C:\Users\Lena\AppData\Local\Temp\ccwDCOca.s 			page 48


 591 0d8e 2C14F473 		.ascii	",\024\364s\377\010\203>\022\320[\365\376A!\221\206\210"
 591      FF08833E 
 591      12D05BF5 
 591      FE412191 
 591      8688
 592 0da0 90CD0191 		.ascii	"\220\315\001\221\206m\253\334\215\234\377\226\257B6"
 592      866DABDC 
 592      8D9CFF96 
 592      AF4236
 593 0daf 43352A28 		.ascii	"C5*(D\037\360\247\225<\353o\320\353C#\375\277\014\213"
 593      441FF0A7 
 593      953CEB6F 
 593      D0EB4323 
 593      FDBF0C8B 
 594 0dc3 72A235A7 		.ascii	"r\2425\247\300\210mN\301\3336\007\007\005\005\007\371"
 594      C0886D4E 
 594      C1DB3607 
 594      07050507 
 594      F9
 595 0dd4 AFFE7895 		.ascii	"\257\376x\225\223\373J\267O\376\317\315\037\332?\012"
 595      93FB4AB7 
 595      4FFECFCD 
 595      1FDA3F0A 
 596 0de4 D387057F 		.ascii	"\323\207\005\177\024\034\2709\304?$lKhTP\260\377\266"
 596      141CB839 
 596      C43F246C 
 596      4B685450 
 596      B0FFB6
 597 0df7 40901516 		.ascii	"@\220\025\026\354\037\020\024\27450*\324\020`\370sx"
 597      EC1F1014 
 597      BC35302A 
 597      D41060F8 
 597      7378
 598 0e09 70E4C75F 		.ascii	"p\344\307_\011\326F\375\222\376\245\372E\3769\322\037"
 598      09D646FD 
 598      92FEA5FA 
 598      45FE39D2 
 598      1F
 599 0e1a C60A0265 		.ascii	"\306\012\002e@)\254\017\212P\207G\205\007EX\351#\303"
 599      4029AC0F 
 599      8A508747 
 599      85074558 
 599      E923C3
 600 0e2d 83838322 		.ascii	"\203\203\203\"4z\242p\204z\233>(8\202\230\366\253(\317"
 600      347AA270 
 600      847A9B3E 
 600      28388298 
 600      F6AB28CF 
 601 0e41 9FFBEB36 		.ascii	"\237\373\3536m\364c\352z\312\352\372m\372\014\324\225"
 601      6DF463EA 
 601      7ACAEAFA 
 601      6DFA0CD4 
 601      95
 602 0e52 397F0FA2 		.ascii	"9\177\017\242\237\337\274\272\034\313T\327G\272}\262"
 602      9FDFBCBA 
 602      1CCB54D7 
 602      47BA7DB2 
ARM GAS  C:\Users\Lena\AppData\Local\Temp\ccwDCOca.s 			page 49


 603 0e62 DA551FE9 		.ascii	"\332U\037\351\372U`\250k\270>\302\020\351J\005\270\372"
 603      FA5560A8 
 603      6BB83EC2 
 603      10E94A05 
 603      B8FA
 604 0e74 F878BAAE 		.ascii	"\370x\272\256\367\335\260\361O\356\244\313\350g\320"
 604      F7DDB0F1 
 604      4FEEA4CB 
 604      E867D0
 605 0e83 CC91DA23 		.ascii	"\314\221\332#\340\313p\220\030\031l\210\012\0170h|7"
 605      E0CB7090 
 605      18196C88 
 605      0A0F3068 
 605      7C37
 606 0e95 107F6B7C 		.ascii	"\020\177k|\275Y\261\236\025\353X\341\305\012OVx\260"
 606      BD59B19E 
 606      15EB58E1 
 606      C50A4F56 
 606      78B0
 607 0ea7 622D2BD6 		.ascii	"b-+\326\260\342SR\330\370\256\361\361\320\207m\015\371"
 607      B0E25352 
 607      D8F8AEF1 
 607      F1D0876D 
 607      0DF9
 608 0eb9 F25F31B1 		.ascii	"\362_1\261-\302\367\346\203\031\246\365e\204>*\234\230"
 608      2DC2F7E6 
 608      8319A6F5 
 608      65843E2A 
 608      9C98
 609 0ecb DA3A444F 		.ascii	"\332:DO\212\000\203]\210\236\210\331\026\030\371\307"
 609      8A00835D 
 609      889E88D9 
 609      1618F9C7 
 610 0edb 00836ACD 		.ascii	"\000\203j\315:\2357\371\361Q\371x|\252S\255\365\323"
 610      3A9D37F9 
 610      F151F978 
 610      7CAA53AD 
 610      F5D3
 611 0eed E9D0EF91 		.ascii	"\351\320\357\221\267zKhp`\204\034\363n\253\003\014\326"
 611      B77A4B68 
 611      7060841C 
 611      F36EAB03 
 611      0CD6
 612 0eff C60A06A1 		.ascii	"\306\012\006\241x\243\247\016o\360\324\251}\177\347"
 612      78A3A70E 
 612      6FF0D4A9 
 612      7D7FE7
 613 0f0e EBA9B3DA 		.ascii	"\353\251\263\332\350\347\353\345\345\251\323l\334\364"
 613      E8E7EBE5 
 613      E5A9D36C 
 613      DCF4
 614 0f1c 075F2F9D 		.ascii	"\007_/\235\372\263\215\236^:\274V\247\263\343,l\320"
 614      FAB38D9E 
 614      5E3ABC56 
 614      A7B3E32C 
 614      6CD0
 615 0f2e B2614382 		.ascii	"\262aC\202@\226\247\307\247\036\353\326\353\334\264"
ARM GAS  C:\Users\Lena\AppData\Local\Temp\ccwDCOca.s 			page 50


 615      4096A7C7 
 615      A71EEBD6 
 615      EBDCB4
 616 0f3d BE3E3E7E 		.ascii	"\276>>~k6\220:\251np\367#U\265\237\237\307z\235\215"
 616      6B36903A 
 616      A96E70F7 
 616      2355B59F 
 616      9FC77A9D 
 617 0f52 CECBCF4B 		.ascii	"\316\313\317K\367\205\227\347j\354\341\007\212yz\230"
 617      F78597E7 
 617      6AECE107 
 617      8A797A98 
 618 0f62 9A7E6AB3 		.ascii	"\232~j\263\306w\255\273\217\257\327\347:Rsc5c\357Ol"
 618      C677ADBB 
 618      8FAFD7E7 
 618      3A527363 
 618      3563EF4F 
 619 0f77 D678AF5D 		.ascii	"\326x\257]%\367z\317\343\274\225\270UVD\012\264\220"
 619      25F77ACF 
 619      E3BC95B8 
 619      5556440A 
 619      B490
 620 0f89 D28DEF71 		.ascii	"\322\215\357q\267\"\022h\217\267\214\360^\210p\263&"
 620      B7221268 
 620      8FB78CF0 
 620      5E8870B3 
 620      26
 621 0f9a EFEAFC36 		.ascii	"\357\352\3746\351H"
 621      E948
 622 0fa0 C58D54E6 		.ascii	"\305\215T\346\373VZ\223\267Y\237\267\021\344\315@\330"
 622      FB565A93 
 622      B7599FB7 
 622      11E4CD40 
 622      D8
 623 0fb1 63834E45 		.ascii	"c\203NE&i\005\363%\245\350\2413\232\303}\373?3\\\266"
 623      266905F3 
 623      25A5E8A1 
 623      339AC37D 
 623      FB3F335C 
 624 0fc6 E8B76DD3 		.ascii	"\350\267m\323\207\271\006o7\270z|\346\267\301\017\242"
 624      87B9066F 
 624      37B87A7C 
 624      E6B7C10F 
 624      A2
 625 0fd7 8605CEBA 		.ascii	"\206\005\316\272O\266ow\245\236\331\372\311j\250\303"
 625      4FB66F77 
 625      A59ED9FA 
 625      C96AA8C3 
 626 0fe7 52B0D579 		.ascii	"R\260\325yx\004l\202U\351\031\274\325\232\354\200\304"
 626      78046C82 
 626      55E919BC 
 626      D59AEC80 
 626      C4
 627 0ff8 657F017D 		.ascii	"e\177\001}\231\211p"
 627      998970
 628              		.text
 629              		.section	.gnu.lto_.symtab.d26e21b9,"",%progbits
ARM GAS  C:\Users\Lena\AppData\Local\Temp\ccwDCOca.s 			page 51


 630 0000 5F70616C 		.ascii	"_pal_lld_init\000"
 630      5F6C6C64 
 630      5F696E69 
 630      7400
 631 000e 00       		.ascii	"\000"
 632 000f 00       		.ascii	"\000"
 633 0010 00       		.ascii	"\000"
 634 0011 00000000 		.ascii	"\000\000\000\000\000\000\000\000"
 634      00000000 
 635 0019 F9000000 		.ascii	"\371\000\000\000"
 636 001d 5F70616C 		.ascii	"_pal_lld_setgroupmode\000"
 636      5F6C6C64 
 636      5F736574 
 636      67726F75 
 636      706D6F64 
 637 0033 00       		.ascii	"\000"
 638 0034 00       		.ascii	"\000"
 639 0035 00       		.ascii	"\000"
 640 0036 00000000 		.ascii	"\000\000\000\000\000\000\000\000"
 640      00000000 
 641 003e 3E010000 		.ascii	">\001\000\000"
 642              		.text
 643              		.section	.gnu.lto_.opts,"",%progbits
 644 0000 272D666D 		.ascii	"'-fmath-errno' '-fsigned-zeros' '-ftrapping-math' '"
 644      6174682D 
 644      6572726E 
 644      6F272027 
 644      2D667369 
 645 0033 2D666E6F 		.ascii	"-fno-trapv' '-fno-openmp' '-fno-openacc' '-mcpu=cor"
 645      2D747261 
 645      70762720 
 645      272D666E 
 645      6F2D6F70 
 646 0066 7465782D 		.ascii	"tex-m7' '-mno-thumb-interwork' '-mthumb' '-ggdb' '-"
 646      6D372720 
 646      272D6D6E 
 646      6F2D7468 
 646      756D622D 
 647 0099 4F322720 		.ascii	"O2' '-fomit-frame-pointer' '-falign-functions=16' '"
 647      272D666F 
 647      6D69742D 
 647      6672616D 
 647      652D706F 
 648 00cc 2D666675 		.ascii	"-ffunction-sections' '-fdata-sections' '-fno-common"
 648      6E637469 
 648      6F6E2D73 
 648      65637469 
 648      6F6E7327 
 649 00ff 2720272D 		.ascii	"' '-flto'\000"
 649      666C746F 
 649      2700
 650              		.text
 651              		.comm	__gnu_lto_v1,1,1
 652              		.comm	__gnu_lto_slim,1,1
 653              		.ident	"GCC: (GNU Tools for ARM Embedded Processors 6-2017-q1-update) 6.3.1 20170215 (release) [AR
ARM GAS  C:\Users\Lena\AppData\Local\Temp\ccwDCOca.s 			page 52


DEFINED SYMBOLS
                            *ABS*:00000000 hal_pal_lld.c
                            *COM*:00000001 __gnu_lto_v1
                            *COM*:00000001 __gnu_lto_slim

NO UNDEFINED SYMBOLS
