ARM GAS  C:\Users\Lena\AppData\Local\Temp\ccmYL8yg.s 			page 1


   1              		.cpu cortex-m7
   2              		.eabi_attribute 20, 1
   3              		.eabi_attribute 21, 1
   4              		.eabi_attribute 23, 3
   5              		.eabi_attribute 24, 1
   6              		.eabi_attribute 25, 1
   7              		.eabi_attribute 26, 1
   8              		.eabi_attribute 30, 2
   9              		.eabi_attribute 34, 1
  10              		.eabi_attribute 18, 4
  11              		.file	"hal_st_lld.c"
  12              		.text
  13              	.Ltext0:
  14              		.section	.gnu.lto_.profile.d26e2911,"",%progbits
  15 0000 789C6365 		.ascii	"x\234ce`b`a```d\320\344\001\000\000\336\000B"
  15      60626061 
  15      60606064 
  15      D0E40100 
  15      00DE0042 
  16              		.text
  17              		.section	.gnu.lto_.icf.d26e2911,"",%progbits
  18 0000 789C6365 		.ascii	"x\234ce`b\340c@\000&\206E\013g\257\342g|\333\326\370"
  18      6062E063 
  18      40002686 
  18      450B67AF 
  18      E2677CDB 
  19 0016 8D8D0100 		.ascii	"\215\215\001\000*\234\005\240"
  19      2A9C05A0 
  20              		.text
  21              		.section	.gnu.lto_.jmpfuncs.d26e2911,"",%progbits
  22 0000 789C6365 		.ascii	"x\234ce`b0g@\000&0\311\310\300\300\3028\235\231\361"
  22      60623067 
  22      40002630 
  22      C9C8C0C0 
  22      C2389D99 
  23 0015 F78F737B 		.ascii	"\367\217s{\331\373\230\347330r3.g\224\001\312\000E\273"
  23      D9FB98E7 
  23      33333072 
  23      332E6794 
  23      01CA0045 
  24 002a 7E5DEFE3 		.ascii	"~]\357\343\200\210r0\256\000\2112\000\000M\332\013\372"
  24      80887230 
  24      AE008932 
  24      00004DDA 
  24      0BFA
  25              		.text
  26              		.section	.gnu.lto_.inline.d26e2911,"",%progbits
  27 0000 789C6365 		.ascii	"x\234ce`b\260d@\000&\006\006v\011F\006&\226\005\362"
  27      6062B064 
  27      40002606 
  27      06760946 
  27      06269605 
  28 0015 0C6C0BE4 		.ascii	"\014l\013\344\231@b\214\\p\202\201S\020(\311\366A\017"
  28      9940628C 
  28      5C708281 
  28      531028C9 
  28      F6410F
ARM GAS  C:\Users\Lena\AppData\Local\Temp\ccmYL8yg.s 			page 2


  29 0028 2EC9CC03 		.ascii	".\311\314\003\326\304\000\000\206\345\004\037"
  29      D6C40000 
  29      86E5041F 
  30              		.text
  31              		.section	.gnu.lto_.pureconst.d26e2911,"",%progbits
  32 0000 789C6365 		.ascii	"x\234ce`b`c`\000\222\273\030\031\245\000\003\273\000"
  32      60626063 
  32      600092BB 
  32      1819A500 
  32      03BB00
  33 0013 E6       		.ascii	"\346"
  34              		.text
  35              		.section	.gnu.lto_SysTick_Handler.d26e2911,"",%progbits
  36 0000 789CB553 		.ascii	"x\234\265SKL\023Q\024\275w^\241\025PY\232\310\242,H"
  36      4B4C1351 
  36      14BD775E 
  36      A1155059 
  36      9AC8A22C 
  37 0015 24210C68 		.ascii	"$!\014h\"\304\235\201\015\011\015\011eI\322\300P\354"
  37      22C49D81 
  37      0D090D09 
  37      6549D2C0 
  37      50EC
  38 0027 242D839D 		.ascii	"$-\203\235\322\300\212\241@*h\224\370\343\317\0205\001"
  38      D2C08AA1 
  38      402A6894 
  38      F8E3CF10 
  38      3501
  39 0039 3F7C15B1 		.ascii	"?|\025\261\362\261\202\272\361\027\011&$\270P\010\022"
  39      F2B182BA 
  39      F1170926 
  39      24B85008 
  39      12
  40 004a 01A3B862 		.ascii	"\001\243\270b#\372\336\243%\330&\272\301\227\314\274"
  40      23FADEA3 
  40      25D826BA 
  40      C197CCBC 
  41 005a B9EFDC7B 		.ascii	"\271\357\334{\356}\347db@\200\005\002\220%\000\034\005"
  41      EE7DE764 
  41      62408005 
  41      02902500 
  41      1C05
  42 006c 00248042 		.ascii	"\000$\200B\313\033\200:\223\200\310>4\023B\255\200\265"
  42      CB1B803A 
  42      9380C83E 
  42      341342AD 
  42      80B5
  43 007e 7889B412 		.ascii	"x\211\264\022\234\361\177\016\010\251}\032]\301\326"
  43      9CF17F0E 
  43      08A97D1A 
  43      5DC1D6
  44 008d AD43755A 		.ascii	"\255CuZ\343\021\235\226\267\323\207-\354\303T\240iK"
  44      E3119D96 
  44      B7D3872D 
  44      ECC354A0 
  44      694B
  45 009f 23DBD70E 		.ascii	"#\333\327\016\306\032v\316\261\037c\221\356Cs\030\324"
ARM GAS  C:\Users\Lena\AppData\Local\Temp\ccmYL8yg.s 			page 3


  45      C61A76CE 
  45      B11F6391 
  45      EE437318 
  45      D4
  46 00b0 B67FF9B5 		.ascii	"\266\177\371\265\340\207[\330Y\020\013\320La\326\343"
  46      E0875BD8 
  46      59100BD0 
  46      4C61D6E3 
  47 00c0 3C11D84E 		.ascii	"<\021\330NVP`\325\357\032\206\273\310E\242\023D\003"
  47      565060D5 
  47      EF1A86BB 
  47      C845A213 
  47      4403
  48 00d2 0D375F77 		.ascii	"\0157_w,\037b\241\200f\032\256N\372\347\221x\221e\216"
  48      2C1F62A1 
  48      80661AAE 
  48      4EFAE791 
  48      7891658E 
  49 00e6 4D2FB4C5 		.ascii	"M/\264\305\245\334\3244\237\026\\\325\217u\324\277\274"
  49      A5DCD434 
  49      9F165CD5 
  49      8F75D4BF 
  49      BC
  50 00f7 A0F5FA12 		.ascii	"\240\365\372\022uB\360.\022\332\035\357`\022\336\306"
  50      7542F02E 
  50      12DA1DEF 
  50      6012DEC6 
  51 0107 A49DE9EE 		.ascii	"\244\235\351\356a\012-\362\177\321\246\014\214\217\240"
  51      610A2DF2 
  51      7FD1A60C 
  51      8C8FA0
  52 0116 190728B6 		.ascii	"\031\007(\266\206\276\245\365\236\3419\334\235\274\201"
  52      86BEA5F5 
  52      9EE139DC 
  52      9DBC81
  53 0125 5FF04ACB 		.ascii	"_\360J\313a>|;A\210\200\226\027\323\316Q\366A\006\012"
  53      613E7C3B 
  53      41888096 
  53      17D3CE51 
  53      F641060A 
  54 0139 51E037B3 		.ascii	"Q\3407\263\023p\210a$\012\323\323\250`8\314@C$8\327"
  54      13708861 
  54      240AD3D3 
  54      A86038CC 
  54      40432438 
  55 014e 49D88C80 		.ascii	"I\330\214\200#\014\216\331\253$\216\"\025\014\3573)"
  55      230C8ED9 
  55      AB248E22 
  55      150CEF33 
  55      29
  56 015f 11BA982E 		.ascii	"\021\272\230.7\364\321\255\270\344\001\203\256\265\231"
  56      37F4D1AD 
  56      B8E40183 
  56      AEB599
  57 016e F51DB281 		.ascii	"\365\035\262\201\345\011\315d\240^\342\003L\006v\362"
  57      E509CD64 
  57      A05EE203 
ARM GAS  C:\Users\Lena\AppData\Local\Temp\ccmYL8yg.s 			page 4


  57      4C0676F2 
  58 017e 7D637E51 		.ascii	"}c~Q\240'8\206\006~Y\300\207\\\325\376\351\331\225\204"
  58      A0273886 
  58      067E59C0 
  58      875CD5FE 
  58      E9D99584 
  59 0192 E4E15035 		.ascii	"\344\341P5\357\365cp\364}<\257\036g\325\370\010\015"
  59      EFF56370 
  59      F47D3CAF 
  59      1E67D5F8 
  59      080D
  60 01a4 B0823E33 		.ascii	"\260\202>3\027\016`\035\353?n\016\214\226G\252t9\254"
  60      170E601D 
  60      EB3F6E0E 
  60      8C9647AA 
  60      7439AC
  61 01b7 52EC1F03 		.ascii	"R\354\037\003\007\370\300\217\221\237\006\002\033\213"
  61      07F8C08F 
  61      919F0602 
  61      1B8B
  62 01c5 C6DA9F9A 		.ascii	"\306\332\237\232I'4\321\310A\234\300Z\320\211\021B\266"
  62      492734D1 
  62      C8419CC0 
  62      5AD08911 
  62      42B6
  63 01d7 4798D9FD 		.ascii	"G\230\331\375\0173'\271\231\327\033g\336\032w\314\004"
  63      0F3327B9 
  63      99D71B67 
  63      DE1A77CC 
  63      04
  64 01e8 9CFA9B99 		.ascii	"\234\372\233\231W\303c\232\242\315\314n\242\354\323"
  64      57C3639A 
  64      A2CDCC6E 
  64      A2ECD3
  65 01f7 0C3C106D 		.ascii	"\014<\020mfv\005\340\023\206\305E\233\231\335O\013\203"
  65      667605E0 
  65      1386C545 
  65      9B99DD4F 
  65      0B83
  66 0209 0C8C8F04 		.ascii	"\014\214\217\004\327\272\011\233\021\360i\264\2313\\"
  66      D7BA099B 
  66      11F069B4 
  66      99335C
  67 0218 9BD93D66 		.ascii	"\233\331=fn\353\237\246\343\303>Mq\237\236q\237\"My"
  67      6EEB9FA6 
  67      E3C33E4D 
  67      719F9E71 
  67      9F224D79 
  68 022c BE6BCA64 		.ascii	"\276k\312d\330\224\246WFv\263h\235\023h\376\213\220"
  68      D894A657 
  68      4676B368 
  68      9D1368FE 
  68      8B90
  69 023e C85FD1D7 		.ascii	"\310_\321\327;\336\203<\221\255f*\030\375\347(\261\232"
  69      3BDE833C 
  69      91AD662A 
  69      18FDE728 
ARM GAS  C:\Users\Lena\AppData\Local\Temp\ccmYL8yg.s 			page 5


  69      B19A
  70 0250 7BAAB8B0 		.ascii	"{\252\270\260\250\300j\223+\312\225\342\\Y\365\270\345"
  70      A8C06A93 
  70      2BCA95E2 
  70      5C59F5B8 
  70      E5
  71 0261 529BB5C8 		.ascii	"R\233\265\310r\342x8*\316q\310\245\262\325SU&+6o\306"
  71      72E27838 
  71      2ACE71C8 
  71      A5B2D553 
  71      55262B36 
  72 0277 DEB05862 		.ascii	"\336\260Xb\337\212\232\231uRTT\321Q\342\024+\025\267"
  72      DF8A9A99 
  72      75525454 
  72      D151E214 
  72      2B15B7
  73 028a 47153981 		.ascii	"G\0259\201\230\237\237+\026\345Y\274\231\014\261\251"
  73      989F9F2B 
  73      16E559BC 
  73      990CB1A9 
  74 029a 1E9BD359 		.ascii	"\036\233\323Y\226.A\214\267\304Yew\355ggIq\271\224\212"
  74      962E418C 
  74      B7C45965 
  74      77ED6767 
  74      4971B994 
  75 02af 50F3D385 		.ascii	"P\363\323\205\226\034K\265(9$\305m\267y\263\\\351\016"
  75      961C4BB5 
  75      283924C5 
  75      6DB779B3 
  75      5CE90E
  76 02c2 38FB1FBA 		.ascii	"8\373\037\272\331\253=b\216\305\232g\025\345\012\311"
  76      D9AB3D62 
  76      8EC59A67 
  76      15E50AC9 
  77 02d2 59556617 		.ascii	"YUf\027%\227*\253\2663\222D;\332\366[YE\245/\267\207"
  77      25972AAB 
  77      B6339244 
  77      3BDAF65B 
  77      5945A52F 
  78 02e8 EFFBCD4F 		.ascii	"\357\373\315Oiw\357\340PkT\312\237h\261\026\232KKT{"
  78      6977EFE0 
  78      506B54CA 
  78      9F68B116 
  78      9A4B4B54 
  79 02fd A55B4E33 		.ascii	"\245[N3\247d\200\340\006\243\313\356R\3345\360\033\342"
  79      A76480E0 
  79      06A3CBEE 
  79      52DC35F0 
  79      1BE2
  80 030f CA0CD1   		.ascii	"\312\014\321"
  81              		.text
  82              		.section	.gnu.lto_st_lld_init.d26e2911,"",%progbits
  83 0000 789C9D91 		.ascii	"x\234\235\221KhSA\024\206\317?\223&W\245\012\256\204"
  83      4B685341 
  83      1486CF3F 
  83      932657A5 
  83      0AAE84
ARM GAS  C:\Users\Lena\AppData\Local\Temp\ccmYL8yg.s 			page 6


  84 0013 66D16D37 		.ascii	"f\321m7^\253\240\340\326l\204\026\241\3112p\351\203"
  84      5EABA0E0 
  84      D66C8416 
  84      A1C93270 
  84      E983
  85 0025 D22BC12B 		.ascii	"\322+\301+\275i\267\231hci\204\032\020\215]\224\233"
  85      BD69B799 
  85      68636984 
  85      1A108D5D 
  85      949B
  86 0037 52488CDA 		.ascii	"RH\214\332\326\372\250D\020cp\341\252\265.|\340B\020"
  86      D6FAA844 
  86      106370E1 
  86      AAB52E7C 
  86      E04210
  87 004a 14C5C7AA 		.ascii	"\024\305\307\252\240X\332:gB\304\255\036\030f\316\177"
  87      A058DA3A 
  87      6742C4AD 
  87      1E1866CE 
  87      7F
  88 005b E67CE71F 		.ascii	"\346|\347\037\246\215\004\355\023DcD\324\241\027$A\024"
  88      A68D04ED 
  88      13446344 
  88      D4A11724 
  88      4114
  89 006d 5689B296 		.ascii	"V\211\262\226\000\370\240,PF \203K\262(\321\230\374"
  89      00F8A02C 
  89      50462083 
  89      4BB228D1 
  89      98FC
  90 007f 58135D15 		.ascii	"X\023]\025\245\243^\\\331\177A\345\016\004\222hF/\016"
  90      A5A35E5C 
  90      D97F41E5 
  90      0E049268 
  90      462F0E
  91 0092 54D045FA 		.ascii	"T\320E\372\332\373\345\355+\355\341PS\307u\204\241\367"
  91      DAFBE5ED 
  91      2BEDE150 
  91      53C77584 
  91      A1F7
  92 00a4 A517A8AB 		.ascii	"\245\027\250\253\355\235IU\177:\217\365x\230(\257\313"
  92      ED9D4955 
  92      7F3A8FF5 
  92      789828AF 
  92      CB
  93 00b5 3CE3A214 		.ascii	"<\343\242\024\274\313\317hl|Z\253\356\346\016M\271\232"
  93      BCCBCF68 
  93      6C7C5AAB 
  93      EEE60E4D 
  93      B99A
  94 00c7 6BAC45A6 		.ascii	"k\254E\246e \001\206\276\373^\330\331\325L\013\365\363"
  94      65200186 
  94      BEFB5ED8 
  94      D9D54C0B 
  94      F5F3
  95 00d9 6AAF962E 		.ascii	"j\257\226.\277|\3600\024`6\253\375\224NS \005n \212"
  95      BF7CF030 
ARM GAS  C:\Users\Lena\AppData\Local\Temp\ccmYL8yg.s 			page 7


  95      146036AB 
  95      FD944E53 
  95      20056E20 
  96 00ee 2AA2C41D 		.ascii	"*\242\304\035s\317\312O,{AMdUg %n\"\3005c\025\267`\353"
  96      73CFCA4F 
  96      2C7B414D 
  96      64556720 
  96      256E22C0 
  97 0108 0BEBCFCB 		.ascii	"\013\353\317\313\037B\214\224x\\l\307\202\3563\036^"
  97      1F428C94 
  97      785C6CC7 
  97      82EE331E 
  97      5E
  98 0119 4FB53CFC 		.ascii	"O\265<\374\343\204E3\201_\213%3\341\317\033\264\210"
  98      E3844533 
  98      815F8B25 
  98      33E1CF1B 
  98      B488
  99 012b DB2DFE9B 		.ascii	"\333-\376\233\352\177\362\227\015_0\377\216\341o\344"
  99      EA7FF297 
  99      0D5F30FF 
  99      8EE16FE4 
 100 013b 733F24F3 		.ascii	"s?$\363C\210\340\256\356\372\202\\i\263,\031\317\200"
 100      4388E0AE 
 100      EEFA825C 
 100      69B32C19 
 100      CF80
 101 014d 5AEDEBDB 		.ascii	"Z\355\353\333HfKY\201l\233ac\270\207\014\0276\177\256"
 101      48664B59 
 101      816C9B61 
 101      63B8870C 
 101      17367FAE 
 102 0161 3E32C6C2 		.ascii	">2\306\302\330\203\373\210j)\377\353\325\264\325\224"
 102      D883FB88 
 102      6A29FFEB 
 102      D5B4D594 
 103 0171 2CAC201A 		.ascii	",\254 \032\310\010}\303\271\322|\005\006\307\221\327"
 103      C8087DC3 
 103      B9D27C05 
 103      06C791D7 
 104 0181 0CFD55DA 		.ascii	"\014\375U\332\201\037;\236\354K\234\212;\356\231a/\031"
 104      811F3B9E 
 104      EC4B9C8A 
 104      3BEE9961 
 104      2F19
 105 0193 73FDF4A8 		.ascii	"s\375\364\250;\340\304\023\275G\016\267\262\344\211"
 105      3BE0C413 
 105      BD470EB7 
 105      B2E489
 106 01a2 1177C08D 		.ascii	"\021w\300\215\247\307\206\\\317\031?\364w\232\034\344"
 106      A7C7865C 
 106      CF193FF4 
 106      779A1CE4 
 107 01b2 B3E7771F 		.ascii	"\263\347w\037;j{\276=\322\237\262\317z\243i\3376\000"
 107      3B6A7BBE 
 107      3DD29FB2 
 107      CF7AA369 
ARM GAS  C:\Users\Lena\AppData\Local\Temp\ccmYL8yg.s 			page 8


 107      DF3600
 108 01c5 BBA72766 		.ascii	"\273\247'f'N\366\216ws\305\361\323N*5tp\220~\003\371"
 108      274EF68E 
 108      7773C5F1 
 108      D34E2A35 
 108      7470907E 
 109 01db ABD77C   		.ascii	"\253\327|"
 110              		.text
 111              		.section	.gnu.lto_.symbol_nodes.d26e2911,"",%progbits
 112 0000 789C6365 		.ascii	"x\234ce`b(d\000\002\2469L\365\014\014\023\31610\000"
 112      60622864 
 112      0002A639 
 112      4CF50C0C 
 112      13CE3130 
 113 0015 A95D0D8E 		.ascii	"\251]\015\216@\221\271L\365\214(\"\214\363\230\352\231"
 113      4091B94C 
 113      F58C2822 
 113      8CF398EA 
 113      99
 114 0026 C0220C0C 		.ascii	"\300\"\014\014\015\015\016@\201\371L\365\314(\002\013"
 114      0D0D0E40 
 114      81F94CF5 
 114      CC28020B 
 115 0036 98EA5990 		.ascii	"\230\352Y\220\005\230\201\260\345\341?Ff\240=-mo\344"
 115      059881B0 
 115      E5E13F46 
 115      66A03D2D 
 115      6D6FE4
 116 0049 991959C0 		.ascii	"\231\031Y\300|\006\000 \302\033\237"
 116      7C060020 
 116      C21B9F
 117              		.text
 118              		.section	.gnu.lto_.refs.d26e2911,"",%progbits
 119 0000 789C6365 		.ascii	"x\234ce`b`d\000\002\000\000I\000\011"
 119      60626064 
 119      00020000 
 119      490009
 120              		.text
 121              		.section	.gnu.lto_.decls.d26e2911,"",%progbits
 122 0000 789CC556 		.ascii	"x\234\305V]PS\327\026>+;\374\205\3603\350t|\360\201"
 122      5D5053D7 
 122      163E2B3B 
 122      FC85F033 
 122      E8747CF0 
 123 0015 71989197 		.ascii	"q\230\221\227\032\320\231z\247OR\274\2752\203W\007\250"
 123      1AD0997A 
 123      A74F52BC 
 123      BD328357 
 123      07A8
 124 0027 4F993983 		.ascii	"O\2319\203I\224\214\371\321$x\353S\217\"V\320Z\251\266"
 124      49948CF9 
 124      D12478EB 
 124      538F2256 
 124      D05AA9B6 
 125 003b 56AB578A 		.ascii	"V\253W\212VAA\203\266ZQ\020\201\" -\362\243PE\240\212"
 125      56414183 
 125      B65A5110 
ARM GAS  C:\Users\Lena\AppData\Local\Temp\ccmYL8yg.s 			page 9


 125      8122202D 
 125      F2A35045 
 126 0051 60C51F04 		.ascii	"`\305\037\004\025\004\225\273\366\336\347pB.\316\370"
 126      150495BB 
 126      F6DEE770 
 126      422ECEF8 
 127 0061 60EF3D93 		.ascii	"`\357=\223ur\326:k\177\353[?{'\001\202Fh\016\025\204"
 127      7572D63A 
 127      6B7FEB5B 
 127      3F7B2701 
 127      8246680E 
 128 0077 750182A0 		.ascii	"u\001\202\240\005A\230\300\213\010\202P\202\202\252"
 128      054198C0 
 128      8B088250 
 128      8282AA
 129 0086 E015F885 		.ascii	"\340\025\370\205\257\205\237Q\312P.\240T\240T\013\377"
 129      AF859F51 
 129      CA502EA0 
 129      54A0540B 
 129      FF
 130 0097 7DADC345 		.ascii	"}\255\303E\301\370\275\002%\012e\246\214\321\200\322"
 130      C1F8BD02 
 130      250A65A6 
 130      8CD180D2 
 131 00a7 847215E5 		.ascii	"\204r\025\345\254\354\033&c\266\240\264\241\\G\351@"
 131      ACEC1B26 
 131      63B6A0B4 
 131      A15C47E9 
 131      40
 132 00b8 E942E991 		.ascii	"\351B\351\221c\334F\351E\351C\271'\307\366\2772}b\216"
 132      63DC46E9 
 132      45E943B9 
 132      27C7F6BF 
 132      327D628E 
 133 00cc A38CA10C 		.ascii	"\243\214\241\014\240\314Ey)\307\257B\241y\015\243\014"
 133      A0CC4579 
 133      29C7AF42 
 133      A1790DA3 
 133      0C
 134 00dd A13C47D1 		.ascii	"\241<G\321\310\371L\227\307\036\002\267\352\212\216"
 134      C8F94C97 
 134      C71E02B7 
 134      EA8A8E
 135 00ec 931D04E6 		.ascii	"\223\035\004\346\352\200V%\002M'\037\234{\021\306M\324"
 135      EA805625 
 135      024D271F 
 135      9C7B11C6 
 135      4DD4
 136 00fe A3FB45E1 		.ascii	"\243\373E\341\307\363\212%~\005k\324\245-_\016\035\016"
 136      C7F38A25 
 136      7E056BD4 
 136      A52D5F0E 
 136      1D0E
 137 0110 22A1CCA9 		.ascii	"\"\241\314\251y\263w?\205\211\322\201\026\325'\277\356"
 137      79B3773F 
 137      8589D281 
 137      16D527BF 
ARM GAS  C:\Users\Lena\AppData\Local\Temp\ccmYL8yg.s 			page 10


 137      EE
 138 0121 BB138EEA 		.ascii	"\273\023\216\352L\035D\357!\232\275\015\355UZ\210\325"
 138      4C1D44EF 
 138      219ABD0D 
 138      ED555A88 
 138      D5
 139 0132 1DA11095 		.ascii	"\035\241\020\225#Cs\363>\227$\015\234\000\035\034\003"
 139      234373F3 
 139      3E97240D 
 139      9C001D1C 
 139      03
 140 0143 0245308F 		.ascii	"\002E0\2176b\256\016\357[%i\223\2643K\012Y\"@1\314\206"
 140      3662AE0E 
 140      EF5B2569 
 140      93B4334B 
 140      0A592240 
 141 015a E3305B80 		.ascii	"\3430[\200\022\210\245l\250\037\024\242\361(\0321J\321"
 141      1288A56C 
 141      A81F14A2 
 141      F1281A31 
 141      4AD1
 142 016c E1BC8240 		.ascii	"\341\274\202@R\002\224\201\246\266\342f\207\026t\261"
 142      52029481 
 142      A6B6E266 
 142      871674B1 
 143 017c D302944E 		.ascii	"\323\002\224N\003 \22391\2476\233\222\361\"\231\223"
 143      03209339 
 143      31A7369B 
 143      92F12299 
 143      93
 144 018d 2A19E446 		.ascii	"*\031\344F\277\320\212\201\316|QS\256\351\202N\300\354"
 144      BFD08A81 
 144      CE7C5153 
 144      AEE9824E 
 144      C0EC
 145 019f 2192E50F 		.ascii	"!\222\345\017\300\357\300\204\251\023\312\005\300\354"
 145      C0EFC084 
 145      A913CA05 
 145      C0EC
 146 01ad 68D5B03B 		.ascii	"h\325\260;wd&PV\310\272FV52$\373\310\213\301\007\221"
 146      77642650 
 146      56C8BA46 
 146      56353224 
 146      FBC88BC1 
 147 01c3 BFE69194 		.ascii	"\277\346\221\224\213\017/\177`\313\224\325\240Q\003"
 147      8B0F2F7F 
 147      60CB94D5 
 147      A05103
 148 01d2 00F82EF0 		.ascii	"\000\370.\360\001\344\264\345\367\223\374\00459P\372"
 148      01E4B4E5 
 148      F793FC04 
 148      353950FA 
 149 01e2 FC646F63 		.ascii	"\374doc\237\256\033nQk\376\"`\266\272\354\323#\341\244"
 149      9FAE1B6E 
 149      516BFE22 
 149      60B6BAEC 
 149      D323E1A4 
ARM GAS  C:\Users\Lena\AppData\Local\Temp\ccmYL8yg.s 			page 11


 150 01f6 4AC39AFF 		.ascii	"J\303\232\377\313\304He\004o\276\206\316\305`\343\201"
 150      CBC44865 
 150      046FBE86 
 150      CEC560E3 
 150      81
 151 0207 50DEFC48 		.ascii	"P\336\374HTG7^\273\244\233\365\015\033\237,)R\003+\336"
 151      5447375E 
 151      BBA49BF5 
 151      0D1B9F2C 
 151      2952032B 
 152 021c 8333D883 		.ascii	"\2033\330\203\237\260\007\002\234\205Yx_\251\345\241"
 152      9FB00702 
 152      9C855978 
 152      5FA9E5A1 
 153 022c 4A6BFBCA 		.ascii	"Jk\373\312\264s\362\245\374\036\251\262\375F\334\371"
 153      B473F2A5 
 153      FC1EA9B2 
 153      FD46DCF9 
 154 023c 822DD255 		.ascii	"\202-\322U\\\266\210\371\301\217j{\360\021\357\247\241"
 154      5CB688F9 
 154      C18F6A7B 
 154      F011EFA7 
 154      A1
 155 024d 1BE01474 		.ascii	"\033\340\024t!\363\237a\016\245\272\375q~\004\251%\214"
 155      21F39F61 
 155      0EA5BAFD 
 155      717E04A9 
 155      258C
 156 025f 56CDAE03 		.ascii	"V\315\256\003\267\003e\260\256z\375^\251r\223D;M\241"
 156      B70365B0 
 156      AE7AFD5E 
 156      A9729344 
 156      3B4DA1
 157 0272 CEA950E7 		.ascii	"\316\251P\347\374\241\312\030T\367\340\360\345P\322"
 157      FCA1CA18 
 157      54F7E0F0 
 157      E550D2
 158 0281 C2A1761D 		.ascii	"\302\241v\035\275\361\271\006\241zpb\036\277\214}\345"
 158      BDF1B906 
 158      A17A7062 
 158      1EBF8C7D 
 158      E5
 159 0292 ED95B6EA 		.ascii	"\355\225\266\3528\251\363*\322y\212D\037.0\204\234\263"
 159      38A9F32A 
 159      D2798A44 
 159      1F2E3084 
 159      9CB3
 160 02a4 D55F10D2 		.ascii	"\325_\020\322\252e\010\303\227\307\263\203e\204\341"
 160      AA6508C3 
 160      97C7B383 
 160      6584E1
 161 02b3 FDE441D1 		.ascii	"\375\344A\321\226\312\345\034\240\\\005(W\000*\030@"
 161      96CAE51C 
 161      A05C0528 
 161      57002A18 
 161      40
 162 02c4 E9E84016 		.ascii	"\351\350@\026!\265\001\014\240\352Ew\244V\303G\222\326"
ARM GAS  C:\Users\Lena\AppData\Local\Temp\ccmYL8yg.s 			page 12


 162      21B5010C 
 162      A0EA4577 
 162      A456C347 
 162      92D6
 163 02d6 0B4DB93F 		.ascii	"\013M\271?\324\217\221I[%0\343\225\346\241v\375\033"
 163      D48F9149 
 163      5B2530E3 
 163      95E6A176 
 163      FD1B
 164 02e8 CB5DC5CA 		.ascii	"\313]\305\312}\011\344z\017}Uy0Hfu\363\002)<\304X\241"
 164      7D09E47A 
 164      0F7D5579 
 164      30486675 
 164      F302293C 
 165 02ff 135C5459 		.ascii	"\023\\TY]TXU3V\271gZ\273\264\272\255\024\237m3\332v"
 165      5D545855 
 165      3356B967 
 165      5ABBB4BA 
 165      AD149F6D 
 166 0316 65A30950 		.ascii	"e\243\011PC\367\015\030fC\034\333\242\327F\313\307\364"
 166      43F70D18 
 166      66431CDB 
 166      A2D746CB 
 166      C7F4
 167 0328 A42990A6 		.ascii	"\244)\220\246\240\355944\020\010\261\263\001t(G\224"
 167      A0ED3934 
 167      341008B1 
 167      B3017428 
 167      4794
 168 033a 2345803A 		.ascii	"#E\200:\244\377\213\034\005\257}\022\242\017~F\315\374"
 168      A4FF8B1C 
 168      05AF7D12 
 168      A20F7E46 
 168      CDFC
 169 034c 3C182C90 		.ascii	"<\030,\220\310,\001\0260T\250\305\315\\\307\302\324"
 169      C82C0116 
 169      3054A8C5 
 169      CD5CC7C2 
 169      D4
 170 035d 63D8CB18 		.ascii	"c\330\313\030v\237\024\314,\030p\373\303\346o\365Q;"
 170      769F14CC 
 170      2C1870FB 
 170      C3E66FF5 
 170      513B
 171 036f 193B498A 		.ascii	"\031;I\212\006\206\255\346\337\000Q\012I\246\340\212"
 171      0686ADE6 
 171      DF00510A 
 171      49A6E08A 
 172 037f DEF192B2 		.ascii	"\336\361\222\262p>\275\201\250\216\234\314\377-\354"
 172      703EBD81 
 172      A88E9CCC 
 172      FF2DEC
 173 038e 8DE9352A 		.ascii	"\215\3515*\351]\341G\320\323\334\354\021\371\334\013"
 173      E95DE147 
 173      D0D3DCEC 
 173      11F9DC0B 
 174 039e 42B5B06F 		.ascii	"B\265\260o\377\016=\037\375\277\241z\363jqm\230?\231"
ARM GAS  C:\Users\Lena\AppData\Local\Temp\ccmYL8yg.s 			page 13


 174      FF0E3D1F 
 174      FDBFA17A 
 174      F36A716D 
 174      983F99
 175 03b1 DF10EC57 		.ascii	"\337\020\354W\006\326\304\3104r2M\214L\367h{\227^\237"
 175      06D6C4C8 
 175      3472324D 
 175      8C4CF768 
 175      7B975E9F 
 176 03c5 3B7986B1 		.ascii	";y\206\261\011Q\303_\005\275\322\025|D\377\376\243\022"
 176      0951C35F 
 176      05BDD215 
 176      7C44FFFE 
 176      A312
 177 03d7 EEC33656 		.ascii	"\356\3036V_\310)m-\010\305nV\342\300Ot\222\234Ro\375"
 177      5FC8296D 
 177      2D08C56E 
 177      56E2C04F 
 177      74929C52 
 178 03ed 4669E6E6 		.ascii	"Fi\346\346\020\006\322\2546\264\331\177\342[Xc\007\237"
 178      1006D2AC 
 178      36B4D97F 
 178      E25B5863 
 178      079F
 179 03ff 5FC923E4 		.ascii	"_\311#\344r\020\303\372\276\341\330\035\"c\341\274V"
 179      7210C3FA 
 179      BEE1D81D 
 179      2263E1BC 
 179      56
 180 0410 94B09D98 		.ascii	"\224\260\235\230\277\204\317l\253\012\326\352\017\326"
 180      BF84CF6C 
 180      AB0AD6EA 
 180      0FD6
 181 041e C6C0AA9F 		.ascii	"\306\300\252\237_/\011\"\035\034l\313\356\242\327\001"
 181      5F2F0922 
 181      1D1C6CCB 
 181      EEA2D701 
 182 042e 32D8C0CB 		.ascii	"2\330\300\313\230\203\207\246\200]S\301\256\371\203"
 182      988387A6 
 182      805D53C1 
 182      AEF983
 183 043d 5D676047 		.ascii	"]g`GFF\267\205\223\001\016\226\375j\250'\\\006k\331"
 183      4646B785 
 183      93010E96 
 183      FD6AA827 
 183      5C066BD9 
 184 0451 47F8B6FE 		.ascii	"G\370\266\376\236o\353v\025\252\335\037\252\203A\265"
 184      9E6FEB76 
 184      15AADD1F 
 184      AA8341B5 
 185 0461 F75599C9 		.ascii	"\367U\231\3113\216t\254\344\337\336p\222\025\314\224"
 185      338E74AC 
 185      E4DFDE70 
 185      9215CC94 
 186 0471 6D55D5FB 		.ascii	"mU\325\373\003q3\301\0156\210\323\357\270\032\357\361"
 186      037133C1 
 186      0D3688D3 
ARM GAS  C:\Users\Lena\AppData\Local\Temp\ccmYL8yg.s 			page 14


 186      EFB81AEF 
 186      F1
 187 0482 57E16FDC 		.ascii	"W\341o\334\\\267\330\346\352T6W\337w\337x\225v4\345"
 187      5CB7D8E6 
 187      EA543657 
 187      DF77DF78 
 187      957634E5 
 188 0496 06EC28EA 		.ascii	"\006\354(\352\332.\345o\224\026\325i\250'\374\256p\205"
 188      DA2EE56F 
 188      9416D569 
 188      A827FCAE 
 188      7085
 189 04a8 9BA0A5DA 		.ascii	"\233\240\245\332T\272]\214\356\350\263K\227\202IV\010"
 189      54BA5D8C 
 189      EEE8B34B 
 189      97824956 
 189      08
 190 04b9 A3587EE6 		.ascii	"\243X~\346a+\250\375\375\362\264o\177\273\325\324\273"
 190      612BA8FD 
 190      FDF2B46F 
 190      7FBBD5D4 
 190      BB
 191 04ca FDB17A18 		.ascii	"\375\261z\030VA\307\357\247\002\311\036\216\325\370"
 191      5641C7EF 
 191      A702C91E 
 191      8ED5F8
 192 04d9 DDB6E110 		.ascii	"\335\266\341\020\031\353v\316\324*\376\241B\375\341"
 192      19EB76CE 
 192      D42AFEA1 
 192      42FDE1
 193 04e8 0F759B41 		.ascii	"\017u\233A\355\376\341r\216\226\024s\250\372\213c'\002"
 193      EDFEE172 
 193      8E961473 
 193      A8FA8B63 
 193      2702
 194 04fa D451B93F 		.ascii	"\324Q\271?uT\356\250`w\374\301z\031X}oIU8\271\310\301"
 194      7554EEA8 
 194      6077FCC1 
 194      7A19587D 
 194      6F495538 
 195 0511 F6DE18F8 		.ascii	"\366\336\030\3706drT\342\012\247\216\312]\025\354\256"
 195      36647254 
 195      E20AA78E 
 195      CA5D15EC 
 195      AE
 196 0522 3F581F03 		.ascii	"?X\037\003\3539\330\277+\214\264q\260+\025\207\256)"
 196      EB39D8BF 
 196      2B8CB471 
 196      B02B1587 
 196      AE29
 197 0534 CC5A0E4C 		.ascii	"\314Z\016LM\262_\205\352\367\207\272\307\240\366\235"
 197      4DB25F85 
 197      EAF787BA 
 197      C7A0F69D 
 198 0544 7FDA10C0 		.ascii	"\177\332\020\300\367v0\252w\177z\325\244'=\034yk\361"
 198      F77630AA 
 198      777F7AD5 
ARM GAS  C:\Users\Lena\AppData\Local\Temp\ccmYL8yg.s 			page 15


 198      A4273D1C 
 198      796BF1
 199 0557 8E6A424F 		.ascii	"\216jBO\211\254\267\372\257\201+:wy% \275|\371\251\211"
 199      89ACB7FA 
 199      AF812B3A 
 199      77792520 
 199      BD7CF9A9 
 200 056c BEABC1E4 		.ascii	"\276\253\301\344O\256(\277\227Q\374\367\362L_}\255\216"
 200      4FAE28BF 
 200      9751FCF7 
 200      F24C5F7D 
 200      AD8E
 201 057e 9F2112D0 		.ascii	"\237!\022\320_\201\222\327\215\032\362\210\373\346\277"
 201      5F8192D7 
 201      8D1AF288 
 201      FBE6BF
 202 058d CE2B0855 		.ascii	"\316+\010U\342n}\213\270\201\233*\313v\002\304\304\304"
 202      E26E7D8B 
 202      B8819B2A 
 202      CB7602C4 
 202      C4C4
 203 059f C4C6CC28 		.ascii	"\304\306\314(\2206gI\225\375\025\001\217\312\013qt\016"
 203      90366749 
 203      95FD1501 
 203      8FCA0B71 
 203      740E
 204 05b1 CF82011C 		.ascii	"\317\202\001\034\355\373X\211\021\230\241\"\375\311"
 204      EDFB5889 
 204      1198A122 
 204      FDC9
 205 05bf A6391E6F 		.ascii	"\2469\036o\002_q\377\021\255\335f\302\334\037\370\273"
 205      025F71FF 
 205      11ADDD66 
 205      C2DC1FF8 
 205      BB
 206 05d0 1BA87731 		.ascii	"\033\250w1p\367\335\350>\246\270?A\367\301\351\321\271"
 206      70F7DDE8 
 206      3EA6B83F 
 206      41F7C1E9 
 206      D1B9
 207 05e2 3FFF0F76 		.ascii	"?\377\017v\235\372K\221\324M\220{\"L\306\356{D\216\235"
 207      9DFA4B91 
 207      D44D907B 
 207      224CC6EE 
 207      7B448E9D 
 208 05f6 92A49C40 		.ascii	"\222\244\234@\026\374\341\264\301\031\325<\371\230]"
 208      16FCE1B4 
 208      C119D53C 
 208      F9985D
 209 0605 A415E031 		.ascii	"\244\025\3401\276~\304\342Pg\204\204gX\235\347\020\003"
 209      BE7EC4E2 
 209      50678484 
 209      67589DE7 
 209      1003
 210 0617 C3284328 		.ascii	"\303(C(O!F\371\177\323Vsoo\004\271\313\376\355jv{7\356"
 210      4F2146F9 
 210      7FD35673 
ARM GAS  C:\Users\Lena\AppData\Local\Temp\ccmYL8yg.s 			page 16


 210      6F6F04B9 
 210      CBFEED6A 
 211 062f D441EC0C 		.ascii	"\324A\354\014\316\254\3661\311\222$\2001D\031U\007\206"
 211      CEACF631 
 211      C9922480 
 211      31441955 
 211      0786
 212 0641 129D3E20 		.ascii	"\022\235> \274\3008o\021\363\353\306\257j\002}\317\371"
 212      BCC0386F 
 212      11F3EBC6 
 212      AF6A027D 
 212      CFF9
 213 0653 319FA404 		.ascii	"1\237\244\004\030\007=\373\305\035g\207\374\203\316"
 213      18073DFB 
 213      C51D6787 
 213      FC83CE
 214 0662 53F55A5F 		.ascii	"S\365Z_\347\252)?\012/eg\372\035\374\217\177~\022\235"
 214      E7AA293F 
 214      0A2F6567 
 214      FA1DFC8F 
 214      7F7E129D 
 215 0676 181F2FE8 		.ascii	"\030\037/\350D1\323\352\360,\230/z\276\006\363\207F"
 215      4431D3EA 
 215      F02C982F 
 215      7ABE06F3 
 215      8746
 216 0688 97C7E916 		.ascii	"\227\307\351\026\255\216UN\243\331\352\366\270\254+"
 216      AD8E554E 
 216      A3D9EAF6 
 216      B8AC2B
 217 0697 45B7C7BE 		.ascii	"E\267\307\276`\276\242\031M\031\326\225\370\230i\266"
 217      60BEA219 
 217      4D19D695 
 217      F89869B6 
 218 06a7 3AC5F571 		.ascii	":\305\365q\276\252\321\343t\332\334\306\325\216\314"
 218      BEAAD1E3 
 218      74DADCC6 
 218      D58ECC
 219 06b6 68F6149D 		.ascii	"h\366\024\235\356\262G[\354+-f\263\305l\374`\336\202"
 219      EEB2475B 
 219      EC2B2D66 
 219      B3C56CFC 
 219      60DE82
 220 06c9 E8F971F1 		.ascii	"\350\371q\361\013\327\305\033\321\376\276\303\351\260"
 220      0BD7C51B 
 220      D1FEBEC3 
 220      E9B0
 221 06d7 BC6F495F 		.ascii	"\274oI_i5Z\035&[\246\331b\264\247#\226\303b\024\315"
 221      69355A1D 
 221      265BA6D9 
 221      62B4A723 
 221      96C36214 
 222 06ec 9655E999 		.ascii	"\226U\351\2316\217\350\331\260\326\342\236\227!\004"
 222      368FE8D9 
 222      B0D6E29E 
 222      972104
 223 06fb 2BFC72FF 		.ascii	"+\374r\377\257\374\334\033\334F\214eF2H*\"u\203;\315"
ARM GAS  C:\Users\Lena\AppData\Local\Temp\ccmYL8yg.s 			page 17


 223      AFFCDC1B 
 223      DC468C65 
 223      4632482A 
 223      2275833B 
 224 0710 6A5A232E 		.ascii	"jZ#.Iw\230m\026\227{\361\207\306\224\264e\251\234\332"
 224      4977986D 
 224      16977BF1 
 224      87C694B4 
 224      65A99CDA 
 225 0724 62995A6A 		.ascii	"b\231Zj\332R\244&k\306D\312%u\222\232\217\312i:\335"
 225      DA52A426 
 225      6BC644CA 
 225      2575929A 
 225      8FCA693A 
 226 0739 F10B3F30 		.ascii	"\361\013?08\335\206\214t\233a\255\323\345q\033\030\200"
 226      38DD868C 
 226      749B61AD 
 226      D3E5711B 
 226      1880
 227 074b 213979B1 		.ascii	"!9y\261!-i\351\372x\372\0069\2106\233y\236I\010\345"
 227      212D69E9 
 227      FA78FA06 
 227      3988369B 
 227      799E4908 
 228 0760 4F18D2EA 		.ascii	"O\030\322\352\211\022\351\002\321\352Z'Z\326Zm\316\325"
 228      8912E902 
 228      D1EA5A27 
 228      5AD65A6D 
 228      CED5
 229 0772 9916FBBB 		.ascii	"\231\026\373\273\244dr\332\355N\207\314*!ei\342\322"
 229      A46472DA 
 229      ED4E87CC 
 229      2A216569 
 229      E2D2
 230 0784 4F0DA60C 		.ascii	"O\015\246\014\223\323e\021\327/\264cA\242L\031\254$"
 230      93D36511 
 230      D72FB463 
 230      41A24C19 
 230      AC24
 231 0796 768B4B2E 		.ascii	"v\213K.I\222\370.\011\270<\006\271\023\030\027{\201"
 231      4992F82E 
 231      09B83C06 
 231      B9131817 
 231      7B81
 232 07a8 21673BD6 		.ascii	"!g;\326[M\251\026\017\306\365X\354r\324\345.\253\323"
 232      5B4DA916 
 232      0FC6F558 
 232      EC72D4E5 
 232      2EABD3
 233 07bb 65F56C58 		.ascii	"e\365lX\363\3274D\256\203\\\001J\000\211hM\031\351\256"
 233      F3D73444 
 233      AE835C01 
 233      4A008968 
 233      4D19E9AE 
 234 07cf 28       		.ascii	"("
 235 07d0 A73BDD86 		.ascii	"\247;\335\206T\222\235\2465\037\273\234\366\244\324"
 235      54929DA6 
ARM GAS  C:\Users\Lena\AppData\Local\Temp\ccmYL8yg.s 			page 18


 235      351FBB9C 
 235      F6A4D4
 236 07df 94775A00 		.ascii	"\224wZ\000\312\201\206\240\225\240\337\0307\222\325"
 236      CA8186A0 
 236      95A0DF18 
 236      3792D5
 237 07ee DC276014 		.ascii	"\334'`\024\033\002\033\032\304Uh\021\255nW\310\244)"
 237      1B021B1A 
 237      C4556811 
 237      AD6E57C8 
 237      A429
 238 0800 4C14DD16 		.ascii	"L\024\335\026\217\370QB\352\337\227\247$\205\245\333"
 238      8FF85142 
 238      EADF97A7 
 238      2485A5DB 
 239 0810 FE95BE81 		.ascii	"\376\225\276\201n%\033\356\272u\177\301\254X>\365\030"
 239      6E251BEE 
 239      BA757FC1 
 239      AC583EF5 
 239      18
 240 0821 1297A626 		.ascii	"\022\227\246&\245\252\215\263\273\255nq\265\211\326"
 240      A5AA8DB3 
 240      BBAD6E71 
 240      B589D6
 241 0830 6C06CD61 		.ascii	"l\006\315a\331\324\201\231)\227\360\023\207\315''\226"
 241      D9D48199 
 241      2997F013 
 241      87CD2727 
 241      96
 242 0841 E414D34C 		.ascii	"\344\024\323L\226S\246cJ\242\241>F\262\"!Y\233\274,"
 242      9653A663 
 242      4AA2A13E 
 242      46B22221 
 242      599BBC2C 
 243 0855 61B13631 		.ascii	"a\26161-%9 1!9\351\243\265\377\233\024\351\2160\331"
 243      2D253920 
 243      312139E9 
 243      A3B5FF9B 
 243      14E98E30 
 244 086a 1762867A 		.ascii	"\027b\206z\345\210H\303\203\354?\232\030\215+"
 244      E58848C3 
 244      83EC3F9A 
 244      188D2B
 245              		.text
 246              		.section	.gnu.lto_.symtab.d26e2911,"",%progbits
 247 0000 53797354 		.ascii	"SysTick_Handler\000"
 247      69636B5F 
 247      48616E64 
 247      6C657200 
 248 0010 00       		.ascii	"\000"
 249 0011 00       		.ascii	"\000"
 250 0012 00       		.ascii	"\000"
 251 0013 00000000 		.ascii	"\000\000\000\000\000\000\000\000"
 251      00000000 
 252 001b B8000000 		.ascii	"\270\000\000\000"
 253 001f 73745F6C 		.ascii	"st_lld_init\000"
 253      6C645F69 
ARM GAS  C:\Users\Lena\AppData\Local\Temp\ccmYL8yg.s 			page 19


 253      6E697400 
 254 002b 00       		.ascii	"\000"
 255 002c 00       		.ascii	"\000"
 256 002d 00       		.ascii	"\000"
 257 002e 00000000 		.ascii	"\000\000\000\000\000\000\000\000"
 257      00000000 
 258 0036 BA000000 		.ascii	"\272\000\000\000"
 259 003a 5F706F72 		.ascii	"_port_irq_epilogue\000"
 259      745F6972 
 259      715F6570 
 259      696C6F67 
 259      756500
 260 004d 00       		.ascii	"\000"
 261 004e 02       		.ascii	"\002"
 262 004f 00       		.ascii	"\000"
 263 0050 00000000 		.ascii	"\000\000\000\000\000\000\000\000"
 263      00000000 
 264 0058 BC000000 		.ascii	"\274\000\000\000"
 265 005c 63685379 		.ascii	"chSysTimerHandlerI\000"
 265      7354696D 
 265      65724861 
 265      6E646C65 
 265      724900
 266 006f 00       		.ascii	"\000"
 267 0070 02       		.ascii	"\002"
 268 0071 00       		.ascii	"\000"
 269 0072 00000000 		.ascii	"\000\000\000\000\000\000\000\000"
 269      00000000 
 270 007a BE000000 		.ascii	"\276\000\000\000"
 271 007e 6E766963 		.ascii	"nvicSetSystemHandlerPriority\000"
 271      53657453 
 271      79737465 
 271      6D48616E 
 271      646C6572 
 272 009b 00       		.ascii	"\000"
 273 009c 02       		.ascii	"\002"
 274 009d 00       		.ascii	"\000"
 275 009e 00000000 		.ascii	"\000\000\000\000\000\000\000\000"
 275      00000000 
 276 00a6 C3000000 		.ascii	"\303\000\000\000"
 277              		.text
 278              		.section	.gnu.lto_.opts,"",%progbits
 279 0000 272D666D 		.ascii	"'-fmath-errno' '-fsigned-zeros' '-ftrapping-math' '"
 279      6174682D 
 279      6572726E 
 279      6F272027 
 279      2D667369 
 280 0033 2D666E6F 		.ascii	"-fno-trapv' '-fno-openmp' '-fno-openacc' '-mcpu=cor"
 280      2D747261 
 280      70762720 
 280      272D666E 
 280      6F2D6F70 
 281 0066 7465782D 		.ascii	"tex-m7' '-mno-thumb-interwork' '-mthumb' '-ggdb' '-"
 281      6D372720 
 281      272D6D6E 
 281      6F2D7468 
 281      756D622D 
ARM GAS  C:\Users\Lena\AppData\Local\Temp\ccmYL8yg.s 			page 20


 282 0099 4F322720 		.ascii	"O2' '-fomit-frame-pointer' '-falign-functions=16' '"
 282      272D666F 
 282      6D69742D 
 282      6672616D 
 282      652D706F 
 283 00cc 2D666675 		.ascii	"-ffunction-sections' '-fdata-sections' '-fno-common"
 283      6E637469 
 283      6F6E2D73 
 283      65637469 
 283      6F6E7327 
 284 00ff 2720272D 		.ascii	"' '-flto'\000"
 284      666C746F 
 284      2700
 285              		.text
 286              		.comm	__gnu_lto_v1,1,1
 287              		.comm	__gnu_lto_slim,1,1
 288              		.ident	"GCC: (GNU Tools for ARM Embedded Processors 6-2017-q1-update) 6.3.1 20170215 (release) [AR
ARM GAS  C:\Users\Lena\AppData\Local\Temp\ccmYL8yg.s 			page 21


DEFINED SYMBOLS
                            *ABS*:00000000 hal_st_lld.c
                            *COM*:00000001 __gnu_lto_v1
                            *COM*:00000001 __gnu_lto_slim

NO UNDEFINED SYMBOLS
