ARM GAS  C:\Users\Lena\AppData\Local\Temp\ccEpkjAQ.s 			page 1


   1              		.cpu cortex-m7
   2              		.eabi_attribute 20, 1
   3              		.eabi_attribute 21, 1
   4              		.eabi_attribute 23, 3
   5              		.eabi_attribute 24, 1
   6              		.eabi_attribute 25, 1
   7              		.eabi_attribute 26, 1
   8              		.eabi_attribute 30, 2
   9              		.eabi_attribute 34, 1
  10              		.eabi_attribute 18, 4
  11              		.file	"hal_lld.c"
  12              		.text
  13              	.Ltext0:
  14              		.section	.gnu.lto_.profile.d26e00d4,"",%progbits
  15 0000 789C6365 		.ascii	"x\234ce`b`a```d\250\310\001\000\001\334\000\361"
  15      60626061 
  15      60606064 
  15      A8C80100 
  15      01DC00F1 
  16              		.text
  17              		.section	.gnu.lto_.icf.d26e00d4,"",%progbits
  18 0000 789C6365 		.ascii	"x\234ce`b\220b@\000\026\206\177\007\177_\342`\\9\377"
  18      60629062 
  18      40001686 
  18      7F077F5F 
  18      E2605C39 
  19 0015 F10126A6 		.ascii	"\361\001&\246\035\255\307\27601\237\336|\1777+\003\000"
  19      1DADC7BE 
  19      30319FDE 
  19      7C7F372B 
  19      0300
  20 0027 B3110CC3 		.ascii	"\263\021\014\303"
  21              		.text
  22              		.section	.gnu.lto_.jmpfuncs.d26e00d4,"",%progbits
  23 0000 789C6365 		.ascii	"x\234ce`b\340a@\000f f\004b& \006\000\0020\000\032"
  23      6062E061 
  23      40006620 
  23      66046226 
  23      20060002 
  24              		.text
  25              		.section	.gnu.lto_.inline.d26e00d4,"",%progbits
  26 0000 789C6365 		.ascii	"x\234ce`bpc@\000f\006\0061[F\006&\265\216\031\354\014"
  26      60627063 
  26      40006606 
  26      06315B46 
  26      0626B58E 
  27 0017 6C0BE499 		.ascii	"l\013\344\231@\202\214\014\202\222@1\251\011\247\031"
  27      40828C0C 
  27      82924031 
  27      A909A719 
  28 0027 11625C40 		.ascii	"\021b\\@\202\211\3414C\0373Pj\002\343\201%\006p9\006"
  28      8289E134 
  28      431F3350 
  28      6A02E381 
  28      25067039 
  29 003c 004A4E09 		.ascii	"\000JN\011~"
  29      7E
ARM GAS  C:\Users\Lena\AppData\Local\Temp\ccEpkjAQ.s 			page 2


  30              		.text
  31              		.section	.gnu.lto_.pureconst.d26e00d4,"",%progbits
  32 0000 789C6365 		.ascii	"x\234ce`b`g```f\220b\224b\222\002\000\001\310\000c"
  32      60626067 
  32      60606066 
  32      90629462 
  32      92020001 
  33              		.text
  34              		.section	.gnu.lto_hal_lld_backup_domain_init.d26e00d4,"",%progbits
  35 0000 789C9D94 		.ascii	"x\234\235\224]H\024Q\024\307\317\231;\037\356\352\272"
  35      5D481451 
  35      14C7CF99 
  35      3B1FEEEA 
  35      BA
  36 0011 1204053E 		.ascii	"\022\004\005>\364\352K\323\247J\017A$\365\024A\372\270"
  36      F4EA4BD3 
  36      A74A0F41 
  36      24F51441 
  36      FAB8
  37 0023 B0A4122E 		.ascii	"\260\244\022.H+\256\205o\316\326\372\201\033\332K\256"
  37      482BAE85 
  37      6FCED6FA 
  37      811BDA4B 
  37      AE
  38 0034 45361B21 		.ascii	"E6\033!\246\245\233e\037\253\225\333\256f\201h\004="
  38      A6A59B65 
  38      1FAB95DB 
  38      AE668168 
  38      043D
  39 0046 58421222 		.ascii	"XB\022\"J\005R\013&\232\333\275sg\035\361\245\266\013"
  39      4A05520B 
  39      269ADBBD 
  39      73671DF1 
  39      A5B60B
  40 0059 7B66EE9D 		.ascii	"{f\356\235\303\371\375\377g\316\254\004\002\024H\000"
  40      C3F9FDFF 
  40      67CEAC04 
  40      02144800 
  41 0069 B500E0A6 		.ascii	"\265\000\340\246?\314\002\024\256N\001\370\263\004\201"
  41      3FCC0214 
  41      AE4E01F8 
  41      B30481
  42 0078 848B41B3 		.ascii	"\204\213A\263\213\313;A\313!(\362c\021%~#\011\312\225"
  42      8BCB3B41 
  42      CB2128F2 
  42      6311257E 
  42      2309CA95 
  43 008c 09A00972 		.ascii	"\011\240\011r@\241\011\012??&#\262\253\226\205\320 "
  43      40A1090A 
  43      3F3F2623 
  43      B2AB9685 
  43      D020
  44 009e 10515264 		.ascii	"\020QRdl\020(\301X\355$D0\336\274\020\025\012z4\272"
  44      6C1028C1 
  44      58ED2444 
  44      30DEBC10 
  44      150A7A34 
ARM GAS  C:\Users\Lena\AppData\Local\Temp\ccEpkjAQ.s 			page 3


  45 00b3 62A1D9C3 		.ascii	"b\241\331\303~\255q\227N\000\256\023\236\203=X\0004"
  45      7EAD7197 
  45      4E00AE13 
  45      9E833D58 
  45      0034
  46 00c5 EDCBE0C6 		.ascii	"\355\313\340\3065\207,\362s\274\2132\322k\344=\306\264"
  46      35872CF2 
  46      73BC8B32 
  46      D26BE43D 
  46      C6B4
  47 00d7 8D54B316 		.ascii	"\215T\263\026Kvc\350\344\016\002:U\306\202\314\202\302"
  47      4B7663E8 
  47      E40E023A 
  47      55C682CC 
  47      82C2
  48 00e9 829D856C 		.ascii	"\202\235\205l\026\034,\344\262\340d!\217\005\200VZ\220"
  48      161C2CE4 
  48      B2E06421 
  48      8F058056 
  48      5A90
  49 00fb 4A0E1281 		.ascii	"J\016\022\201^\310\022\306\207\227V\213\031\240\213"
  49      5EC812C6 
  49      8797568B 
  49      19A08B
  50 010a 30791D8D 		.ascii	"0y\035\215\361i\245\215\350D@&\343\366\357\300\200\215"
  50      F169A58D 
  50      E8444026 
  50      E3F6EFC0 
  50      808D
  51 011c 6FB539BF 		.ascii	"o\2659\277&\322\243[\223\263cv\035\273\374\324\301\036"
  51      26D2A35B 
  51      93B36376 
  51      1DBBFCD4 
  51      C11E
  52 012e 9D10ECC3 		.ascii	"\235\020\354\303|\354\305|`\371S\323\255IE\355\327\002"
  52      7CECC57C 
  52      60F953D3 
  52      AD4945ED 
  52      D702
  53 0140 A81311EF 		.ascii	"\250\023\021\357\241\216\235\2061\274\217*,\341\345"
  53      A18E9D86 
  53      31BC8F2A 
  53      2CE1E5
  54 014f 5F4DC859 		.ascii	"_M\310Y\"\307\015,\216\336\264\263\372\210\232\200\375"
  54      22C70D2C 
  54      8EDEB4B3 
  54      FA889A80 
  54      FD
  55 0160 B40A55D4 		.ascii	"\264\012U\324ac9\231\241\006,T\004UZ\037\014k\353\205"
  55      61633999 
  55      A1062C54 
  55      04555A1F 
  55      0C6BEB85 
  56 0174 1C276FB5 		.ascii	"\034'o\265&\031\326\002]\343\0136\276\325\226[\014k"
  56      2619D602 
  56      5DE30B36 
  56      BED5965B 
ARM GAS  C:\Users\Lena\AppData\Local\Temp\ccEpkjAQ.s 			page 4


  56      0C6B
  57 0186 5F3FAF45 		.ascii	"_?\257E%\213'\343 \345=0y?:\336\315\3450\236\237=\023"
  57      258B27E3 
  57      20E53D30 
  57      793F3ADE 
  57      CDE5309E 
  58 019d F1A14164 		.ascii	"\361\241Ad\257\005\037qs\353M\275\022\307)\2348\337"
  58      AF051F71 
  58      73EB4DBD 
  58      12C7299C 
  58      38DF
  59 01af 3D1FB699 		.ascii	"=\037\266\231\356d\034\242\205\3461\360)q\310L2\374"
  59      EE641CA2 
  59      85E631F0 
  59      2971C84C 
  59      32FC
  60 01c1 B2152404 		.ascii	"\262\025$\004Z$\3662\222\213\033GM\363[\305\204\313"
  60      5A24F632 
  60      928B1B47 
  60      4DF35BC5 
  60      84CB
  61 01d3 E16F721E 		.ascii	"\341or\036[r\236\240J\023\372V\364\237\"\203\213\250"
  61      5B729EA0 
  61      4A13FA56 
  61      F49F2283 
  61      8BA8
  62 01e5 69223EE5 		.ascii	"i\">\345\275M.\246\376\023\360\314\002D\015\300f?E\004"
  62      BD4D2EA6 
  62      FE13F0CC 
  62      02440DC0 
  62      663F4504 
  63 01f9 1C36AC04 		.ascii	"\0346\254\004i\337\323S\325yG\341>\355\377\334Y\343"
  63      69DFD353 
  63      D57947E1 
  63      3EEDFFDC 
  63      59E3
  64 020b 4D8E589C 		.ascii	"M\216X\234\347\333\206&\233\027K\206&g\234\274\255\273"
  64      E7DB8626 
  64      9B174B86 
  64      26679CBC 
  64      ADBB
  65 021d F1C5B699 		.ascii	"\361\305\266\231\311\200\364\322\"\215\262\231\3116"
  65      C980F4D2 
  65      228DB299 
  65      C936
  66 022b 1C4840BF 		.ascii	"\034H@\277`n\341F\302\264\340\310t8bV\351W\351\341\230"
  66      606EE146 
  66      C2B4E0C8 
  66      74386256 
  66      E957E9E1 
  67 0240 31872397 		.ascii	"1\207#\227\327\033O\255\304L\027\002\306\371l|LL\232"
  67      D71B4FAD 
  67      C44C1702 
  67      C6F96C7C 
  67      4C4C9A
  68 0253 56736946 		.ascii	"VsiF\344[t\325\3013\000\023\346\254\264\022\005\350"
  68      E45B74D5 
ARM GAS  C:\Users\Lena\AppData\Local\Temp\ccEpkjAQ.s 			page 5


  68      C1330013 
  68      E6ACB412 
  68      05E8
  69 0265 3F0F0689 		.ascii	"?\017\006\211\274\331\352\267\351V;3\373h\306\014\225"
  69      BCD9EAB7 
  69      E9563B33 
  69      FB68C60C 
  69      95
  70 0276 0253399E 		.ascii	"\002S9\236Vi\362\363x\261\241\366\221\017\246\204\324"
  70      5669F2F3 
  70      78B1A1F6 
  70      910FA684 
  70      D4
  71 0287 5A2AE5C4 		.ascii	"Z*\345\304\327\377\377\211NX\2647\254\335y\360\035/"
  71      D7FFFF89 
  71      4E58B437 
  71      ACDD79F0 
  71      1D2F
  72 0299 85236D06 		.ascii	"\205#m\006\321\364\206\324\023\315\250)9\342:Sv\272"
  72      D1F486D4 
  72      13CDA829 
  72      39E23A53 
  72      76BA
  73 02ab D4ED397F 		.ascii	"\324\3559\177\316\353*\361\370\352j=\345\356\322\262"
  73      CEEB2AF1 
  73      F8EA6A3D 
  73      E5EED2B2 
  74 02bb 53070FA4 		.ascii	"S\007\017\244w\256\343U\236rOi\335\205J\217\327}q\337"
  74      77AEE355 
  74      9E724F69 
  74      DD854A8F 
  74      D77D71DF 
  75 02cf D6ADAB82 		.ascii	"\326\255\253\202\335{}\373\213\012U\257O\255:[\255\326"
  75      DD7B7DFB 
  75      8B0A55AF 
  75      4FAD3A5B 
  75      ADD6
  76 02e1 786BEB7C 		.ascii	"xk\353|\252Q\200\307\023E\365\365\354\211\273\272\272"
  76      AA5180C7 
  76      1345F5F5 
  76      EC89BBBA 
  76      BA
  77 02f2 726F05FC 		.ascii	"ro\005\374\001\013p\320Q"
  77      010B70D0 
  77      51
  78              		.text
  79              		.section	.gnu.lto_hal_lld_init.d26e00d4,"",%progbits
  80 0000 789CA594 		.ascii	"x\234\245\224Kh\023A\030\307\277\377\316n\262\201h="
  80      4B681341 
  80      18C7BFFF 
  80      CE6EB281 
  80      683D
  81 0012 0AF6E0B5 		.ascii	"\012\366\340\265\027\327\007X\360j\361 \210`z\014\004"
  81      17D70758 
  81      F06AF120 
  81      88607A0C 
  81      04
ARM GAS  C:\Users\Lena\AppData\Local\Temp\ccEpkjAQ.s 			page 6


  82 0023 9B225D08 		.ascii	"\233\"]\010\246$Qz\313\306\276\244\342\343\322\324\036"
  82      A624517A 
  82      CBC6BEA4 
  82      E2E3D2D4 
  82      1E
  83 0034 C2163CD4 		.ascii	"\302\026<\324\330\326Z\337I}\244\321\212\007Q\021oR"
  83      D8D65ADF 
  83      497DA4D1 
  83      8A075111 
  83      6F52
  84 0046 2A1E0AA5 		.ascii	"*\036\012\245\326\027\036*\322\326\371vc7\327M\007\346"
  84      D6171E2A 
  84      D2D6F976 
  84      6337D74D 
  84      07E6
  85 0058 9BC737F3 		.ascii	"\233\3077\363\373^\273\243\221B\223*Q\212\210\366\310"
  85      FB5EBBA3 
  85      9142932A 
  85      518A88F6 
  85      C8
  86 0069 0E4150AE 		.ascii	"\016AP\256\275%\312\351\012\300\023K\007e\025dqU\214"
  86      BD25CAE9 
  86      0AC0134B 
  86      07651564 
  86      71558C
  87 007c 08540797 		.ascii	"\010T\007\227JJ\313\270%[e\344cp\300\352\337m\013\242"
  87      4A4ACBB8 
  87      255B65E4 
  87      6370C0EA 
  87      DF6D0BA2 
  88 0090 51D9B961 		.ascii	"Q\331\271a\034-$\217}\231\331\030\336\021P\335}\334"
  88      1C2D248F 
  88      7D99D918 
  88      DE1150DD 
  88      7DDC
  89 00a2 4400729C 		.ascii	"D\000r\234\376\200\212\265\2619hU\336\334\300\302\361"
  89      FE808AB5 
  89      B1396855 
  89      DEDCC0C2 
  89      F1
  90 00b3 5D0AD902 		.ascii	"]\012\331\002\032\013\235E\210E\230\005\321\220\274"
  90      1A0B9D45 
  90      88459805 
  90      D190BC
  91 00c2 C7C62F09 		.ascii	"\307\306/\011\205G\261\214jy\371[\234I\005\241H\003"
  91      8547B18C 
  91      6A79F95B 
  91      9C4905A1 
  91      4803
  92 00d4 F9FEEABB 		.ascii	"\371\376\352\273\340\025a\013\005l\257\2570\277\024"
  92      E015610B 
  92      056CAFAF 
  92      30BF14
  93 00e3 7297D68F 		.ascii	"r\227\326\217\213\226*\267V\026\377\2264\033\205\234"
  93      8B962AB7 
  93      5616FF96 
  93      341B859C 
ARM GAS  C:\Users\Lena\AppData\Local\Temp\ccEpkjAQ.s 			page 7


  94 00f3 7475AF2D 		.ascii	"tu\257-\004n\241\031E4\023\237\377\225\177\3779lLY}"
  94      046EA119 
  94      4534139F 
  94      FF957FFF 
  94      396C4C59 
  95 0108 B0858A09 		.ascii	"\260\205\212\011\330\270\356D\200I\030$\215\375\326"
  95      D8B8EE44 
  95      80491824 
  95      8DFDD6
  96 0117 D9943FCA 		.ascii	"\331\224?\312\224G\271\015C\252\027^\027'\004;\005l"
  96      9447B90D 
  96      43AA175E 
  96      1727043B 
  96      056C
  97 0129 CAD68469 		.ascii	"\312\326\204iy\317?<\307:\025w<\374\214\203\337J\201"
  97      79CF3F3C 
  97      C73A1577 
  97      3CFC8C83 
  97      DF4A81
  98 013c 0AC25D17 		.ascii	"\012\302]\027].~\027n\2224\177\316\337s\350\\%\334o"
  98      5D2E7E17 
  98      6E92347F 
  98      CEDF73E8 
  98      5C25DC6F 
  99 0150 3C050F3C 		.ascii	"<\005\017<\312C\030\333\213\367\221\307z,Y[\001\256"
  99      CA4318DB 
  99      8BF791C7 
  99      7A2C595B 
  99      01AE
 100 0162 D502D4FD 		.ascii	"\325\002\324\375\271Vrp\012\343\312N\200\275k\003pI"
 100      B9567270 
 100      0AE3CA4E 
 100      80BD6B03 
 100      7049
 101 0174 21177679 		.ascii	"!\027vy}q\256\256\\;1\353\232\314\207\374'\342\211g"
 101      7D71AEAE 
 101      5C3B31EB 
 101      9ACC87FC 
 101      27E28967 
 102 0188 ED290C69 		.ascii	"\355)\014i\242\361<<\363P\317\353\363\360\247\226\207"
 102      A2F13C3C 
 102      F350CFEB 
 102      F3F0A796 
 102      87
 103 0199 B03FCF2A 		.ascii	"\260?\317*\016\316\371-\347\032/t\325\243\274\330n\241"
 103      0ECEF92D 
 103      E71A2F74 
 103      D5A3BCD8 
 103      6EA1
 104 01ab 5F7AACF9 		.ascii	"_z\254\371Z\200+\350\035\373\331\3040\276P*}\375\024"
 104      5A802BE8 
 104      1DFBD9C4 
 104      30BE502A 
 104      7DFD14
 105 01be CCAE5BBA 		.ascii	"\314\256[\272-\264Q\376\"\360\012Y\371N\004h\025\027"
 105      2DB451FE 
 105      22F00A59 
ARM GAS  C:\Users\Lena\AppData\Local\Temp\ccEpkjAQ.s 			page 8


 105      F94E0468 
 105      1517
 106 01d0 C666879D 		.ascii	"\306f\207\2352:\317\317\220\324\312\347B&\253\273\355"
 106      323ACFCF 
 106      90D4CAE7 
 106      4226ABBB 
 106      ED
 107 01e1 48F454FB 		.ascii	"H\364T\373\311H\314<{&\031m3\323\231\224\331\021\213"
 107      C948CC3C 
 107      7B26196D 
 107      33D39994 
 107      D9118B
 108 01f4 B49F3874 		.ascii	"\264\2378t\360\377*z\264\313\3540#\231s\235f2v~\177"
 108      F0FF2A7A 
 108      B4CBEC30 
 108      2399739D 
 108      6632767E 
 109 0209 FD321AE7 		.ascii	"\3752\032\347y2}\240\365\260\221L\033]\247\023Fw2\225"
 109      79327DA0 
 109      F5B0914C 
 109      1B5DA713 
 109      46773295 
 110 021d 491B0EC0 		.ascii	"I\033\016\300\225\307Z{zX\023K$:\367\305\351\037WS\251"
 110      95C75A7B 
 110      7A58134B 
 110      243AF7C5 
 110      E91F5753 
 111 0232 CC       		.ascii	"\314"
 112              		.text
 113              		.section	.gnu.lto_stm32_clock_init.d26e00d4,"",%progbits
 114 0000 789CA558 		.ascii	"x\234\245XkL\024W\024\2363\263\317aay\312\002>\210J"
 114      6B4C1457 
 114      149E33B3 
 114      CF616179 
 114      CA023E88 
 115 0015 147F747D 		.ascii	"\024\177t}\026\343\277MM\3775MJ\177\232\220\212\261"
 115      16E3BF4D 
 115      4DFF354D 
 115      4A7F9A90 
 115      8AB1
 116 0027 929A62C0 		.ascii	"\222\232b\300\032\223\376p\300\005\024\254Zk\325\232"
 116      1A93FE70 
 116      C00514AC 
 116      5A6BD59A 
 117 0037 E2DA58AB 		.ascii	"\342\332X\253\264\010Z\255\025\265JQ\312C\024\265\264"
 117      B4085AAD 
 117      15B54A51 
 117      CA4314B5 
 117      B4
 118 0048 45B46255 		.ascii	"E\264bU\036[\337\226\372\000\224\336s\357\235\275\353"
 118      1E5BDF96 
 118      FA0094DE 
 118      73EF9DBD 
 118      EB
 119 0059 D84667CB 		.ascii	"\330Fg\313\217sw\356\231\371\316w\276s\356\2753X%Y:"
 119      8F7377EE 
 119      99F9CE77 
ARM GAS  C:\Users\Lena\AppData\Local\Temp\ccEpkjAQ.s 			page 9


 119      BE73EEBD 
 119      33582559 
 120 006e 1827491F 		.ascii	"\030'I\037J\222T\000\222\004i\022\310\353\317HR\221"
 120      4A925400 
 120      92046912 
 120      C8EBCF48 
 120      5291
 121 0080 430685FD 		.ascii	"C\006\205\375P\344\3245M\222\244\251\026\277]\322\\"
 121      50E4D435 
 121      4D92A4A9 
 121      16BF5DD2 
 121      5C
 122 0091 A96CDE67 		.ascii	"\251l\336g\001+\363[\345\024\346\267Q\177\012\233\367"
 122      012BF35B 
 122      E514E6B7 
 122      517F0A9B 
 122      F7
 123 00a2 D9C0CEFC 		.ascii	"\331\300\316\374v\331\303\374\016\352\367\260y\237\003"
 123      76D9C3FC 
 123      0EEAF7B0 
 123      799F03
 124 00b1 9CCCEF94 		.ascii	"\234\314\357\224\223\231_\245\376d6\357S!\212\371\243"
 124      93995FA5 
 124      FE6436EF 
 124      53218AF9 
 124      A3
 125 00c2 E451CCEF 		.ascii	"\344Q\314\357\242\376Ql\336\347\202h\346\217\226\223"
 125      A2FE516C 
 125      DEE78268 
 125      E68F9693 
 126 00d2 983F86FA 		.ascii	"\230?\206\372\223\330\274/\006\342q\204x9\221\271\335"
 126      93D8BC2F 
 126      06E27184 
 126      783991B9 
 126      DD
 127 00e3 D49DC8A6 		.ascii	"\324\235\310\246}n\210e\217\307\312\011\314\037G\375"
 127      7D6E8865 
 127      8FC7CA09 
 127      CC1F47FD 
 128 00f3 096CDE17 		.ascii	"\011l\336\027\007\200\243\346\000i\205\254\244Z\254"
 128      0780A3E6 
 128      006985AC 
 128      A45AAC
 129 0102 2936BBC7 		.ascii	")6\273\307\341LV\243F\271\242\223b\342\023\335\261\011"
 129      E14C56A3 
 129      46B9A293 
 129      62E213DD 
 129      B109
 130 0114 71B0C2A9 		.ascii	"q\260\302\251H\354\317\312G;\037\235|\214\342c4\037"
 130      48ECCFCA 
 130      473B1F9D 
 130      7C8CE263 
 130      341F
 131 0126 E3F918CB 		.ascii	"\343\371\030\313\307u\312f\005\032\312z\353\344\314"
 131      C775CA66 
 131      051ACA7A 
 131      EBE4CC
ARM GAS  C:\Users\Lena\AppData\Local\Temp\ccEpkjAQ.s 			page 10


 132 0135 5D1AF9AB 		.ascii	"]\032\371\253\337\374T-\325J<\001\002\374\031\007\207"
 132      DFFC542D 
 132      D54A3C01 
 132      02FC1907 
 132      87
 133 0146 5D902991 		.ascii	"]\220)\221\333\256\356{\372i\264\315\302\346a7\330H"
 133      DBAEEE7B 
 133      FA69B4CD 
 133      C2E66137 
 133      D848
 134 0158 C5A4DAF3 		.ascii	"\305\244\332\363P\257=\035)\323\352o\356\200\375\331"
 134      50AF3D1D 
 134      29D3EA6F 
 134      EE80FDD9 
 135 0168 732C5240 		.ascii	"s,R@\001+\032;\032\007\032'\032\025\215\013M\014\032"
 135      012B1A3B 
 135      1A071A27 
 135      1A158D0B 
 135      4D0C1A
 136 017b 379A5834 		.ascii	"7\232X4qh\022\321$\241IF\343A\223\212&\015\315\0304"
 136      716812D1 
 136      24A14946 
 136      E341938A 
 136      260DCD18 
 137 0190 63D18C43 		.ascii	"c\321\214C\223\216f<\232\011h&\242\311@3\011\315d4\231"
 137      938E663C 
 137      9A096826 
 137      A2C94033 
 137      09CD6434 
 138 01a5 68A6A0F1 		.ascii	"h\246\240\361\242\231\212f:\232\031hf\242\231\205&\013"
 138      A2998A66 
 138      3A9A1968 
 138      66A29985 
 138      260B
 139 01b7 CD6C3492 		.ascii	"\315l4\222TN\362\"E\250Pd2(Ah\030\350o+Q1Q\222\374\246"
 139      544EF222 
 139      45A85064 
 139      32284168 
 139      18E86F2B 
 140 01d1 928676FB 		.ascii	"\222\206v\373Z%\240\310\200Z\370+\033{\235\354R\273"
 140      5A25A0C8 
 140      805AF82B 
 140      1B7B9DEC 
 140      52BB
 141 01e3 BB4AB390 		.ascii	"\273J\263\220\251\033\335Cu\326\000T\026\021\031\267"
 141      A91BDD43 
 141      75D60054 
 141      161119B7 
 142 01f3 A7061405 		.ascii	"\247\006\024\005\276\206\321P\005\243%|\340\376\246"
 142      BE86D150 
 142      05A3257C 
 142      E0FEA6
 143 0202 B3575CDE 		.ascii	"\263W\\\336=\232\277HK\017(\026\370\006\002\260\205"
 143      3D9ABF48 
 143      4B0F2816 
 143      F80602B0 
 143      85
ARM GAS  C:\Users\Lena\AppData\Local\Temp\ccEpkjAQ.s 			page 11


 144 0213 0A0CD5E0 		.ascii	"\012\014\325\340%7t\355\017$#\240\005\264U\232\006\260"
 144      253774ED 
 144      0F2423A0 
 144      05B4559A 
 144      06B0
 145 0225 873C4839 		.ascii	"\207<H9t\225\330\215\034\254\224\303\027O\3745Nv\251"
 145      7495D88D 
 145      1CAC94C3 
 145      174FFC35 
 145      4E76A9
 146 0238 5D29A21C 		.ascii	"])\242\034\266\265]:\251\206q\260A-\341P\3039\234i/"
 146      B6B55D3A 
 146      A98671B0 
 146      412DE150 
 146      C3399C69 
 147 024d 1FB08771 		.ascii	"\037\260\207q\330K9`\025a\037\345\320X3x\325\311Ih\012"
 147      D84B3960 
 147      15611FE5 
 147      D0583378 
 147      D5C94968 
 148 0262 7CCB281C 		.ascii	"|\313(\034\016^\356\261!\205J\305\230g\372\177\246\011"
 148      0E5EEEB1 
 148      21854AC5 
 148      9867FA7F 
 148      A609
 149 0274 08B29F06 		.ascii	"\010\262\237\006\2201\300\001R\210 \254|T\012\014\311"
 149      9031C001 
 149      528820AC 
 149      7C540A0C 
 149      C9
 150 0285 CAC00E9C 		.ascii	"\312\300\016\234l*u`D \177\337\261x\233\234<_\023\221"
 150      6C2A7560 
 150      44207FDF 
 150      B1789B9C 
 150      3C5F1391 
 151 0299 0E8A48DF 		.ascii	"\016\212H\337\203\227\300\223_\025\212\"\221E\244\320"
 151      8397C093 
 151      5F158A22 
 151      9145A4D0 
 152 02a9 14BA7BEC 		.ascii	"\024\272{\354,\260\375\245\201\271J\207\004t\035Kb\270"
 152      2CB0FDA5 
 152      81B94A87 
 152      04741D4B 
 152      62B8
 153 02bb B4C5CAC0 		.ascii	"\264\305\312\300\034\014\257q\344a\275\233e!\303a\202"
 153      1C0CAF71 
 153      E461BD9B 
 153      6521C361 
 153      82
 154 02cc 731DFC5D 		.ascii	"s\035\374]'\332x\252\016rG\355\315\272\307\321\354\016"
 154      27DA78AA 
 154      0E7247ED 
 154      CDBAC7D1 
 154      EC0E
 155 02de 098E6024 		.ascii	"\011\216`$\011\033.U\"\213\037*\024\013\357\270\303"
 155      091B2E55 
 155      228B1F2A 
ARM GAS  C:\Users\Lena\AppData\Local\Temp\ccEpkjAQ.s 			page 12


 155      140BEFB8 
 155      C3
 156 02ef C15B3B39 		.ascii	"\301[;9O\2479\001\216R\226te\376\240\263\344\361U\006"
 156      4FA73901 
 156      8E529674 
 156      65FEA0B3 
 156      E4F15506 
 157 0303 76EC41C9 		.ascii	"v\354A\3112\306`xdd\304\015\307\"W\373\270\010V\217"
 157      32C66078 
 157      6464C40D 
 157      C72257FB 
 157      B808568F 
 158 0317 6AABB44D 		.ascii	"j\253\264M\252nsU\\\346\320~\024h\015\224zD\234N\010"
 158      AA6E7355 
 158      5CE6D07E 
 158      14680D94 
 158      7A449C4E 
 159 032c 9493C8C9 		.ascii	"\224\223\310\311E;\300*:\340N#W6\306l\0074\012\350\237"
 159      453BC02A 
 159      3AE04E23 
 159      5736C66C 
 159      07340AE8 
 160 0341 746D2FF0 		.ascii	"tm/\360\\\335\014o\250\177\343\005`\352\272\240\211"
 160      5CDD0C6F 
 160      A87FE305 
 160      60EABAA0 
 160      89
 161 0352 75C0C550 		.ascii	"u\300\305P\007\270\303J\236\302Kn\013\225|H_]\261\346"
 161      07B8C34A 
 161      9EC24B6E 
 161      0B957C48 
 161      5F5DB1E6 
 162 0366 326E168D 		.ascii	"2n\026\215\331b(y\034\003\253m)i\342\254\036\003\264"
 162      D9622879 
 162      1C03AB6D 
 162      2969E2AC 
 162      1E03B4
 163 0379 465EF053 		.ascii	"F^\360S\"T\033\212\033\307\266\246\341\235\366\177\301"
 163      22541B8A 
 163      1BC7B6A6 
 163      E19DF67F 
 163      C1
 164 038a 7AF1E677 		.ascii	"z\361\346wZ\010z\206n<\241\235\315B\226G\273\276\355"
 164      5A087A86 
 164      6E3CA19D 
 164      CD429647 
 164      BBBEED
 165 039d 94F77161 		.ascii	"\224\367qa\022\315\261=+\330\2363l;I\014\354~wwq\014"
 165      12CDB13D 
 165      2BD89E33 
 165      6C3B490C 
 165      EC7E7777 
 166 03b3 1346D312 		.ascii	"\023F\323\022\341|\344\312\374,bu\2402I\264\355\354"
 166      E17CE4CA 
 166      FC2C6275 
 166      A03249B4 
 166      EDEC
ARM GAS  C:\Users\Lena\AppData\Local\Temp\ccEpkjAQ.s 			page 13


 167 03c5 A2EDD635 		.ascii	"\242\355\3265\361\266K6\333v\277\010\350_\365\372\326"
 167      F1B64B36 
 167      DB76BF08 
 167      E85FF5FA 
 167      D6
 168 03d6 F1B6F330 		.ascii	"\361\266\3630\274\023\333\266\371e=\017\007\374f\334"
 168      BC13DBB6 
 168      F9653D0F 
 168      07FC66DC 
 169 03e6 7A3C618D 		.ascii	"z<a\215\347\341\215\347\010\235n\325ejD\345\353\244"
 169      E7E18DE7 
 169      089D6ED5 
 169      656A44E5 
 169      EBA4
 170 03f8 C42C48EC 		.ascii	"\304,H\354\002-\337\371\212`\221\302\312\267\252\263"
 170      022DDFF9 
 170      8A6091C2 
 170      CAB7AAB3 
 171 0408 A855822E 		.ascii	"\250U\202.\275\2045z\011S\315\311zQ\344~\311P\3024\006"
 171      BD84357A 
 171      0953CDC9 
 171      7A51E47E 
 171      C950C234 
 172 041d 76AE67B0 		.ascii	"v\256g\260\335\251\247Nr\377=\362\032^\026\301\272\261"
 172      DDA9A74E 
 172      72FF3DF2 
 172      1A5E16C1 
 172      BAB1
 173 042f 8669B486 		.ascii	"\206i\264\206NQ\303:\275\206c\014gl\372\213\216\330"
 173      4E51C33A 
 173      BD86630C 
 173      676CFA8B 
 173      8ED8
 174 0441 2B141A4F 		.ascii	"+\024\032O#\370\303\270u\214ex\027[\017u\330\365D\000"
 174      23F8C3B8 
 174      758C6578 
 174      175B0F75 
 174      D8F54400 
 175 0455 AE1A6B38 		.ascii	"\256\032k86\254\206\311\274\206jh\3638^\306\251\215"
 175      36AC86C9 
 175      BC866A68 
 175      F3385EC6 
 175      A98D
 176 0467 7B696A34 		.ascii	"{ij4\347k\342\354\277n\0208\235\201\365\335\256^\023"
 176      E76BE2EC 
 176      BF6E1038 
 176      9D81F5DD 
 176      AE5E13
 177 047a E265811E 		.ascii	"\342e\201\036\203\276&b\365\212X}\250o:\3257J\350\333"
 177      83BE2662 
 177      F58A587D 
 177      A86F3AD5 
 177      374AE8DB 
 178 048e DCC79318 		.ascii	"\334\307\223\030oV\337~\241oP\3277\310\365\235@\360"
 178      6F56DF7E 
 178      A16F50D7 
 178      37C8F59D 
ARM GAS  C:\Users\Lena\AppData\Local\Temp\ccEpkjAQ.s 			page 14


 178      40F0
 179 04a0 28ED67E4 		.ascii	"(\355g\344\234\020&\347(.\247+$g\253.\347Ds)\376)R\274"
 179      9C1026E7 
 179      282EA72B 
 179      2467AB2E 
 179      E7447329 
 180 04b8 61903383 		.ascii	"a\2203\203\200\321\225\031\241z7\005\364-T/\203\252"
 180      80D19519 
 180      A17A3705 
 180      F42D542F 
 180      83AA
 181 04ca 172DD43B 		.ascii	"\027-\324;\245\2537\311\254z\267\205zw\214\352M&x\317"
 181      A5AB37C9 
 181      AC7AB785 
 181      7A778CEA 
 181      4D2678CF 
 182 04de 6F2893C3 		.ascii	"o(\223\303\324K\242\352\225+1\250^\205\022\217\214\200"
 182      D44BA2EA 
 182      952B31A8 
 182      5E85128F 
 182      8C80
 183 04f0 32EAD419 		.ascii	"2\352\324\031e\232\335\363\356\212\245x\317\370\262"
 183      659ADDF3 
 183      EE8AA578 
 183      CFF8B2
 184 04ff 3585E19D 		.ascii	"5\205\341\235\032Ys\307\032Z\370\261p\337\310qJ\030"
 184      1A5973C7 
 184      1A5AF8B1 
 184      70DFC871 
 184      4A18
 185 0511 C7445E61 		.ascii	"\307D^awh\323+\257\212\354\314\372K\234Y\003t\323k;"
 185      7768D32B 
 185      AF8AECCC 
 185      FA4B9C59 
 185      0374D36B 
 186 0526 5E1BC5DF 		.ascii	"^\033\305\337\225w\367\372\025\370\233<\330\003\305"
 186      9577F7FA 
 186      15F89B3C 
 186      D803C5
 187 0535 DBFBBE1C 		.ascii	"\333\373\276\034\213\333\223\177\357\347tK\264\003\276"
 187      8BDB937F 
 187      EFE7744B 
 187      B403BE
 188 0544 E7DE3BBD 		.ascii	"\347\336;\275\365\032=p\034\220\216\007\363\325\212"
 188      F51A3D70 
 188      1C908E07 
 188      F3D58A
 189 0553 465529A4 		.ascii	"FU)\244\257\361\273*;\202\266\214\035\232V\254\3257"
 189      AFF1BB2A 
 189      3B82B68C 
 189      1D9A56AC 
 189      D537
 190 0565 43B36609 		.ascii	"C\263f\011(Nx\004\012\371\314\202\207\204\320\003\236"
 190      284E7804 
 190      0AF9CC82 
 190      8784D003 
 190      9E
ARM GAS  C:\Users\Lena\AppData\Local\Temp\ccEpkjAQ.s 			page 15


 191 0576 8CF80223 		.ascii	"\214\370\002#\207y\006\375\000#\\\006\311g\030\271\304"
 191      877906FD 
 191      00235C06 
 191      C96718B9 
 191      C4
 192 0587 101BFA3B 		.ascii	"\020\033\372;hD'\024[`\2107\\pwP\305\233\214\371\316"
 192      68442714 
 192      5B608837 
 192      5C707750 
 192      C59B8CF9 
 193 059c 975E94F0 		.ascii	"\227^\224\3600M\330\206\011?\001\257\016HN\215\252\310"
 193      304DD886 
 193      093F01AF 
 193      0E484E8D 
 193      AAC8
 194 05ae 4E8DA714 		.ascii	"N\215\247\024\017?Pa\204\340\265\353xG[\236\373\276"
 194      0F3F5061 
 194      84E0B5EB 
 194      78475B9E 
 194      FBBE
 195 05c0 51A930FD 		.ascii	"Q\2510\375{\233\006\243\331\245\366\210}c5m\321\366"
 195      7B9B06A3 
 195      D9A5F688 
 195      7D63356D 
 195      D1F6
 196 05d2 A9E12944 		.ascii	"\251\341)DA\221<\0324\231\205\364?h\332h\013\013Y,c"
 196      41913C1A 
 196      349985F4 
 196      3F68DA68 
 196      0B0B592C 
 197 05e7 4807865C 		.ascii	"H\007\206\\)c\315\016]\357\255\346E[m\003\277\314O\251"
 197      2963CD0E 
 197      5DEFADE6 
 197      455B6D03 
 197      BFCC4FA9 
 198 05fb E62ADEAF 		.ascii	"\346*\336\257^s\007G\211\034\352\211R\371\331U?\225"
 198      5E730747 
 198      891CEA89 
 198      52F9D955 
 198      3F95
 199 060d 80D14F81 		.ascii	"\200\321O\201\010\317\2442\001\275J&\253~*]\365\261"
 199      08CFA432 
 199      01BD4A26 
 199      AB7E2A5D 
 199      F5B1
 200 061f 62D5B7B4 		.ascii	"b\325\267\264p\316\323\315\256\261\325\002\272\\6\234"
 200      70CED3CD 
 200      AEB1D502 
 200      BA5C369C 
 201 062f 493308DE 		.ascii	"I3\010\336\363\357\2573\010\312\326#\003\255|\3319\240"
 201      F3EFAF33 
 201      08CAD623 
 201      03AD7CD9 
 201      39A0
 202 0641 42D61758 		.ascii	"B\326\027X\002_`q\241-\2643\217=4\323\\\302k(+\374\277"
 202      025F6071 
 202      A12DB433 
ARM GAS  C:\Users\Lena\AppData\Local\Temp\ccEpkjAQ.s 			page 16


 202      8F3D34D3 
 202      5CC26B28 
 203 0658 057C64D0 		.ascii	"\005|d\320r\026\001\243\347b\204Z\256\025\320\353P\313"
 203      721601A3 
 203      E762845A 
 203      AE15D0EB 
 203      50CB
 204 066a 59B4EA4E 		.ascii	"Y\264\352N\006\236e\016k=\305R\021\353c\003\315\331"
 204      069E650E 
 204      6B3DC552 
 204      11EB6303 
 204      CDD9
 205 067c 04ECFFD0 		.ascii	"\004\354\377\320\334 \240?A\232\263\245[\270\235|\005"
 205      DC20A03F 
 205      419AB3A5 
 205      5BB89D7C 
 205      05
 206 068d 6CA953B9 		.ascii	"l\251S\271\201\310Lv\307%s\347\314{\353\3557\263s\362"
 206      81C84C76 
 206      C72573E7 
 206      CC7BEBED 
 206      37B373F2 
 207 06a1 DE5F983F 		.ascii	"\336_\230?on^\341\322\202\274\3719\331o\2771c\272~5"
 207      6F6E5EE1 
 207      D282BCF9 
 207      39D96FBF 
 207      3163BA7E 
 208 06b6 EFB54579 		.ascii	"\357\265Ey\363\363\262\227~\260 /?g\331\324\360\313"
 208      F3F3B297 
 208      7EB0202F 
 208      3F67D9D4 
 208      F0CB
 209 06c8 79B9F83B 		.ascii	"y\271\370;\277pZ\326\253\336\374B\357\242w\026{\227"
 209      BF705AD6 
 209      ABDEFC42 
 209      EFA27716 
 209      7B97
 210 06da E4172C2D 		.ascii	"\344\027,-\364R\000f_\317Z\276\034=9\213\027/x%Wr,\310"
 210      F4520066 
 210      5FCF5ABE 
 210      1C3D398B 
 210      172F7825 
 211 06f2 7D2F77E1 		.ascii	"}/w\341\273\005\323\376\001\342\200\360\025"
 211      BB05D3FE 
 211      01E280F0 
 211      15
 212              		.text
 213              		.section	.gnu.lto_.symbol_nodes.d26e00d4,"",%progbits
 214 0000 789C6365 		.ascii	"x\234ce`b\360f\000\002\246\271L\365\014\014\023\316"
 214      6062F066 
 214      0002A6B9 
 214      4CF50C0C 
 214      13CE
 215 0012 313000A9 		.ascii	"10\000\251\235\015\007\033\330\200b\363\230\352\031"
 215      9D0D071B 
 215      D88062F3 
 215      98EA19
ARM GAS  C:\Users\Lena\AppData\Local\Temp\ccEpkjAQ.s 			page 17


 216 0021 6162BB1A 		.ascii	"ab\273\032\034\201\"\363\231\352\231PDX\347014*\001"
 216      1C8122F3 
 216      99EA9950 
 216      4458E730 
 216      31342A01 
 217 0035 0D606664 		.ascii	"\015`fd`8\324\376F\236\001\000\342\341\022d"
 217      6038D4FE 
 217      469E0100 
 217      E2E11264 
 218              		.text
 219              		.section	.gnu.lto_.refs.d26e00d4,"",%progbits
 220 0000 789C6365 		.ascii	"x\234ce`b`d\000\002\000\000I\000\011"
 220      60626064 
 220      00020000 
 220      490009
 221              		.text
 222              		.section	.gnu.lto_.decls.d26e00d4,"",%progbits
 223 0000 789CCD58 		.ascii	"x\234\315XkPT\311\025\276}{x\314C0h\245\254\215\225"
 223      6B5054C9 
 223      15BE7D7B 
 223      78CC4330 
 223      68A5AC8D 
 224 0015 A276B1A4 		.ascii	"\242v\261\2446Yq0\321\324V%Y\035T\254uw\255\031c*U\223"
 224      36597130 
 224      D1D45625 
 224      591D54AC 
 224      7577AD19 
 225 002d A210C648 		.ascii	"\242\020\306H\011\214\2211\245\377\256\010\202\370~"
 225      098C9131 
 225      A5FFAE08 
 225      82F87E
 226 003c B0088802 		.ascii	"\260\010\210\002\342*\202\210\354\362\022\221\021\021"
 226      E22A8288 
 226      ECF21291 
 226      1111
 227 004a 11C5557C 		.ascii	"\021\305U|!\002\216/\026\237A\361\311\342\222\323\335"
 227      21028E2F 
 227      169F41F1 
 227      C9E292D3 
 227      DD
 228 005b F732CD9D 		.ascii	"\3672\315\235\331<\252R\225\334\362\273\323\247\317"
 228      D93CAA52 
 228      95DCF2BB 
 228      D3A7CF
 229 006a D7A74F9F 		.ascii	"\327\247O\237s\272o\243\217 \012\313\306\013\302},\010"
 229      73BA6FA3 
 229      8F200ACB 
 229      C60BC27D 
 229      2C08
 230 007c 0B91200C 		.ascii	"\013\221 \014\303\243\021\004\341\260\340~@%\224\001"
 230      C3A31104 
 230      E1B0E07E 
 230      40259401 
 231 008c CA011500 		.ascii	"\312\001\025\000\240\011\015\302\350\347\317\320\351"
 231      A0090DC2 
 231      E8E7CFD0 
 231      E9
ARM GAS  C:\Users\Lena\AppData\Local\Temp\ccEpkjAQ.s 			page 18


 232 0099 07BF8B00 		.ascii	"\007\277\213\000\223\001\227\000\337\002\032\001S@\367"
 232      93019700 
 232      DF021A01 
 232      5340F7
 233 00a8 4BC4ECB4 		.ascii	"K\304\354\264\000\306C\273M\266S&x>\321*[\312xb+\014"
 233      00C643BB 
 233      4DB65326 
 233      783ED12A 
 233      5BCA7862 
 234 00be 31DF888F 		.ascii	"1\337\210\217\301\320\236\004\370\020\240\007\210\262"
 234      C1D09E04 
 234      F810A007 
 234      88B2
 235 00cc 8FDE6CDA 		.ascii	"\217\336l\332@o\370\021\233\212\257A\3047@\035 \002"
 235      406FF811 
 235      9B8AAF41 
 235      C437401D 
 235      2002
 236 00de 74B3885D 		.ascii	"t\263\210]h\277\207\230\337\223\341w,\340'\262\377?"
 236      68BF8798 
 236      DF93E177 
 236      2CE027B2 
 236      FF3F
 237 00f0 875F2DE0 		.ascii	"\207_-\340\367\000\035`\014bk\252\3602\177\026FU\233"
 237      F7001D60 
 237      0C626BAA 
 237      F0327F16 
 237      46559B
 238 0103 9AEAC51E 		.ascii	"\232\352\305\036\324\205\300O4\226\366\"\304\336\210"
 238      D485C04F 
 238      3496F622 
 238      C4DE88
 239 0112 828AC3CA 		.ascii	"\202\212\303\312\203\020\355\207^Q\220\015+]H\031!\313"
 239      8310ED87 
 239      5E51900D 
 239      2B5D4819 
 239      21CB
 240 0124 A22C8AB2 		.ascii	"\242,\212\262I\372O\036\2148\213L\315fR\036\226\007"
 240      49FA4F1E 
 240      8C388B4C 
 240      CD66521E 
 240      9607
 241 0136 D6A0C394 		.ascii	"\326\240\303\224\321HtO\200\020?\2003\310\334\226\365"
 241      D148744F 
 241      80103F80 
 241      33C8DC96 
 241      F5
 242 0147 23FE09EE 		.ascii	"#\376\011\356\305!e\365\317\262\317\367\352n\241n\322"
 242      C52165F5 
 242      CFB2CFF7 
 242      EA6EA16E 
 242      D2
 243 0158 9BFF09A2 		.ascii	"\233\377\011\242}y\035\205'D,\"\322\276\365\366\340"
 243      7D791D85 
 243      27442C22 
 243      D2BEF5F6 
 243      E0
ARM GAS  C:\Users\Lena\AppData\Local\Temp\ccEpkjAQ.s 			page 19


 244 0169 9C29A512 		.ascii	"\234)\245\022{\374\177\353\016\333\351\341\327\316\300"
 244      7BFC7FEB 
 244      0EDBE9E1 
 244      D7CEC0
 245 0178 CD1805E9 		.ascii	"\315\030\005\351\220\010b{\377\371<=\210\343uh,\210"
 245      9008627B 
 245      FFF93C3D 
 245      88E37568 
 245      2C88
 246 018a 6FD65C3D 		.ascii	"o\326\\=\251\233\360%\035\265V\032+\242E?E\245h\"*A"
 246      A99BF025 
 246      1DB5561A 
 246      2BA2453F 
 246      45A56822 
 247 01a0 1361F2C3 		.ascii	"\023a\362\303h\002\274\027k\230\245\334\316\232\372"
 247      6802BC17 
 247      6B98A5DC 
 247      CE9AFA
 248 01af C0F7F325 		.ascii	"\300\367\363%\247Kr\276n\372Y^\205$\245\3020\015\241"
 248      A74B72BE 
 248      6EFA595E 
 248      8524A5C2 
 248      300DA1
 249 01c2 A16284D1 		.ascii	"\241b\204\321!4\205\270\014Mx\037D\267\020:\200z`Ae"
 249      213485B8 
 249      0C4D781F 
 249      44B7103A 
 249      807A6041 
 250 01d7 E87D189E 		.ascii	"\350}\030\236\275gK9\306Y\210\272\273\346\306\376\034"
 250      BD674B39 
 250      C65988BA 
 250      BBE6C6FE 
 250      1C
 251 01e8 0DD8CA07 		.ascii	"\015\330\312\007[\327\366\030\262%g2\230\022\251\251"
 251      5BD7F618 
 251      B2256732 
 251      9812A9A9 
 252 01f8 236E5347 		.ascii	"#nSG\324\246\312\251)\251\257\256+\020\0271Si\207]\007"
 252      D4A6CAA9 
 252      29A9AFAE 
 252      2B101731 
 252      5369875D 
 253 020d 0DB2A9C1 		.ascii	"\015\262\251\301_\214\262t\324m\351\250\332R\005\265"
 253      5F8CB274 
 253      D46DE9A8 
 253      DA5205B5 
 254 021d D4DD525C 		.ascii	"\324\335R\\\202!\034\223u\210d$\020\272\216<\256};\206"
 254      82211C93 
 254      75886424 
 254      10BA8E3C 
 254      AE7D3B86 
 255 0231 7511F3ED 		.ascii	"u\021\363\355[\236\027\371\341J6\327\245\224\362\335"
 255      5B9E17F9 
 255      E14A36D7 
 255      A594F2DD 
 256 0241 98055343 		.ascii	"\230\005SC\222\322\226s7\200\00538\013\213\331\255\327"
 256      92D29673 
ARM GAS  C:\Users\Lena\AppData\Local\Temp\ccEpkjAQ.s 			page 20


 256      37800533 
 256      380B8BD9 
 256      ADD7
 257 0253 1B352854 		.ascii	"\0335(T\367\025\211\246\363L\315\357\262\237KR0\252"
 257      F71589A6 
 257      F34CCDEF 
 257      B29F4B52 
 257      30AA
 258 0265 453A54E9 		.ascii	"E:T\351\366d\262\016\336\351\222\224,m]+i#\005T\015"
 258      F664B20E 
 258      DEE99294 
 258      2C6D5D2B 
 258      69230554 
 259 027a F1AE8278 		.ascii	"\361\256\202x\243\032\024Jf%<\364\015t~\015\2350Kq\321"
 259      A31A144A 
 259      66253CF4 
 259      0D747E0D 
 259      9D304B71 
 260 028f B6425F7C 		.ascii	"\266B_|\235\346Yl>q\263C\203t\241^\015\034\367b@v\246"
 260      9DE6596C 
 260      3E71B343 
 260      8374A15E 
 260      0D1CF762 
 261 02a6 EBFDE654 		.ascii	"\353\375\346T\022\226:p\346\230\333\031\360\215%7\317"
 261      12963A70 
 261      E698DB19 
 261      F08D2537 
 261      CF
 262 02b7 39F8C600 		.ascii	"9\370\306\000K!z\351\374p/\351+/\272\377\001~\214\351"
 262      4B217AE9 
 262      FC702FE9 
 262      2B2FBAFF 
 262      017E8CE9 
 263 02cb CA5F0C17 		.ascii	"\312_\014\027d\352'\355\223\362\033!\371\367\306\345"
 263      64EA27ED 
 263      93F21B21 
 263      F9F7C6E5 
 264 02db 40F2B594 		.ascii	"@\362\265\224|\202\031\033qB\240=\365\304\235\0064\011"
 264      7C82191B 
 264      7142A03D 
 264      F5C49D06 
 264      3409
 265 02ed 46E6D4BD 		.ascii	"F\346\324\275h\365a1\363\007\361J\355\325t=\036bV\323"
 265      68F56131 
 265      F307F14A 
 265      EDD5743D 
 265      1E6256D3 
 266 0301 4B379FC2 		.ascii	"K7\237\302\272tR{\377\316Z`\304\223\273\375\271\201"
 266      BA74527B 
 266      FFCE5A60 
 266      C493BBFD 
 266      B981
 267 0313 188A8E0E 		.ascii	"\030\212\216\016?zt\227\036\2472A\251\354 V\331U\275"
 267      3F7A7497 
 267      1EA73241 
 267      A9EC2056 
 267      D955BD
ARM GAS  C:\Users\Lena\AppData\Local\Temp\ccEpkjAQ.s 			page 21


 268 0326 679B752C 		.ascii	"g\233u,7\022\"\251k\313\337\240\301\353)\327\267\277"
 268      371222A9 
 268      6BCBDFA0 
 268      C1EB29D7 
 268      B7BF
 269 0338 BB60870E 		.ascii	"\273`\207\016\205\204\204\204\216\013)\224R\326\302"
 269      85848484 
 269      8E0B2994 
 269      52D6C2
 270 0347 9AD6E327 		.ascii	"\232\326\343'\325Eg\327HE\023P#,\253\011\026q\036\215"
 270      D54567D7 
 270      48451350 
 270      232CAB09 
 270      16711E8D 
 271 035b 73FB1346 		.ascii	"s\373\023F\226f\204\227\300\006\014\236\300Pk)\230\262"
 271      96668497 
 271      C0060C9E 
 271      C0506B29 
 271      98B2
 272 036d 4FAAD94E 		.ascii	"O\252\331N\244\24276p\3643\336\351\325\344-'\254\207"
 272      A4A23736 
 272      70F433DE 
 272      E9D5E42D 
 272      27AC87
 273 0380 9897C612 		.ascii	"\230\227\306\022\232 '\213<\333\210r\253$}\242\021P"
 273      9A20278B 
 273      3CDB8872 
 273      AB247DA2 
 273      1150
 274 0392 338C3E4D 		.ascii	"3\214>M\007\022[$\007\347 f-(\004\265\001\316\002ZQ"
 274      07125B24 
 274      07E72066 
 274      2D2804B5 
 274      01CE025A 
 275 03a7 081DC55C 		.ascii	"\010\035\305\\xu\002\027C\332\326\373R\037Ny] s\201"
 275      78750217 
 275      43DAD6FB 
 275      521F4E79 
 275      5D207381 
 276 03bb 64ADA2A9 		.ascii	"d\255\242\251\301\017\247\371\260\242\253:\267ED\343"
 276      C10FA7F9 
 276      B0A2AB3A 
 276      B74544E3 
 277 03cb 42BDCD8E 		.ascii	"B\275\315\216.\302\244\377\312\001\266\246\013\015x"
 277      2EC2A4FF 
 277      CA01B6A6 
 277      0B0D78
 278 03da AD2421F4 		.ascii	"\255$!\364-\260/\270k\220,\221\316\331\233YS\2557d\214"
 278      2DB02FB8 
 278      6B902C91 
 278      CED99B59 
 278      53AD3764 
 279 03ef 543625BA 		.ascii	"T6%\272\353\352\0222\320s\021~\201<\320tp@>\327\266"
 279      EBEA1232 
 279      D073117E 
 279      813CD074 
 279      70403ED7 
ARM GAS  C:\Users\Lena\AppData\Local\Temp\ccEpkjAQ.s 			page 22


 280 0404 92FC96B6 		.ascii	"\222\374\226\266\235\351\222\267f:\221[\016\355\274"
 280      9DE992B7 
 280      663A915B 
 280      0EEDBC
 281 0413 AAC53BE8 		.ascii	"\252\305;\350\002P\376\256\226d\021\357f\202R\031Ar"
 281      0250FEAE 
 281      966411EF 
 281      66825219 
 281      4172
 282 0425 6514D5B8 		.ascii	"e\024\325\270\206\020>\300\224\316\346\215O\020\256"
 282      86103EC0 
 282      94CEE68D 
 282      4F10AE
 283 0434 6042FAED 		.ascii	"`B\372\355\264\3132\363\015\221\253\237\226T\217a5\345"
 283      B4CB32F3 
 283      0D91AB9F 
 283      96548F61 
 283      35E5
 284 0446 24F270E3 		.ascii	"$\362p\343\353\2161\270\206\2213\252.\367hH-K\262\367"
 284      EB8E31B8 
 284      869133AA 
 284      2EF76848 
 284      2D4BB2F7 
 285 045a 30CAED7C 		.ascii	"0\312\355|\027\331h\020c4\225\226qf}fe@\320V9\236\301"
 285      17D96810 
 285      63349596 
 285      71667D66 
 285      6540D056 
 286 0471 1ABA953A 		.ascii	"\032\272\225:\201\315*\241\033\005)c\350<\017n\354\323"
 286      81CD2AA1 
 286      1B052963 
 286      E83C0F6E 
 286      ECD3
 287 0483 323FFA89 		.ascii	"2?\372\211\234U{\247?\0007\262y\267\235z9\240\307\315"
 287      9C557BA7 
 287      3F0037B2 
 287      79B79D7A 
 287      39A0C7CD 
 288 0497 4CE82ADC 		.ascii	"L\350*\334\271_\303\230}t[\017\015\245h\3609\246L\256"
 288      B95FC398 
 288      7D745B0F 
 288      0DA568F0 
 288      39A64CAE 
 289 04ab BBB14D0E 		.ascii	"\273\261M\016\231\213\356\230\344\035E\276\370*S~\377"
 289      998BEE98 
 289      E41D45BE 
 289      F82A537E 
 289      FF
 290 04bc F440BF2F 		.ascii	"\364@\277/\276\305\204\352\333\231\015\362\204\035D"
 290      BEC584EA 
 290      DB990DF2 
 290      841D44
 291 04cb 3E35B0FB 		.ascii	">5\260\373\231\001?`\312\324\242+\033\375\360\000\023"
 291      99013F60 
 291      CAD4A22B 
 291      1BFDF000 
 291      13
ARM GAS  C:\Users\Lena\AppData\Local\Temp\ccEpkjAQ.s 			page 23


 292 04dc 2EF716A4 		.ascii	".\367\026\244\030\030\363\"\221\007nnj6\340wL\331\324"
 292      1818F322 
 292      91076E6E 
 292      6A36E077 
 292      4CD9D4
 293 04ef 72F7B23F 		.ascii	"r\367\262?N\363\245\302\206\323\225\315r\202Z\350'\240"
 293      4EF3A5C2 
 293      86D395CD 
 293      72825AE8 
 293      27A0
 294 0501 AF3C0DE3 		.ascii	"\257<\015\343mL\251D6H\216\354\263\213\2472\2648\227"
 294      6D4CA944 
 294      36488EEC 
 294      B38BA732 
 294      B43897
 295 0514 29DBD66F 		.ascii	")\333\326o\317\024\361>&\034\354\335\275Y\236\3607$"
 295      CF14F13E 
 295      261CECDD 
 295      BD599EF0 
 295      3724
 296 0526 34B9FD79 		.ascii	"4\271\375y\006\\\302t\307\367\245\026\373\343J&\324"
 296      065CC274 
 296      C7F7A516 
 296      FBE34A26 
 296      D4
 297 0537 551F6F96 		.ascii	"U\037o\226\317\235\251 \246\\\330\324e\300\365LW\326"
 297      CF9DA920 
 297      A65CD8D4 
 297      65C0F54C 
 297      57D6
 298 0549 97E6F4C3 		.ascii	"\227\346\364\303\247\231\220;\320\375@^l(1\322\366\266"
 298      A799903B 
 298      D0FD405E 
 298      6C2831D2 
 298      F6B6
 299 055b 3400B731 		.ascii	"4\000\2671\235r\302\007\321\023\036\035\277Y\031\206"
 299      9D72C207 
 299      D1131E1D 
 299      BF591986 
 300 056b AF335541 		.ascii	"\2573UA_\355\216@\354b\302\323\224\373.\371\360\231"
 300      5FED8E40 
 300      EC62C2D3 
 300      94FB2EF9 
 300      F099
 301 057d 00E2EDEE 		.ascii	"\000\342\355\356\3572\002\360\003\246[\327\220Y\257"
 301      EF3202F0 
 301      03A65BD7 
 301      9059AF
 302 058c C5034C68 		.ascii	"\305\003Lhr\365 <\304\332\2172\2347D\234\352G\205\342"
 302      72F5203C 
 302      C4DA8F32 
 302      9C37449C 
 302      EA4785E2 
 303 05a0 DA4DB77D 		.ascii	"\332M\267}\360f&\334\255Ny\245\301\333\231P2\264\347"
 303      F06626DC 
 303      AD4E79A5 
 303      C1DB9950 
ARM GAS  C:\Users\Lena\AppData\Local\Temp\ccEpkjAQ.s 			page 24


 303      32B4E7
 304 05b3 A2166731 		.ascii	"\242\026g1\341\3421\327\375\000\274\227\011\017\033"
 304      E1E231D7 
 304      FD00BC97 
 304      090F1B
 305 05c2 D6DD9313 		.ascii	"\326\335\223\023\272\223\356\201\253.\027b\365\231\257"
 305      BA93EE81 
 305      AB2E1762 
 305      F599AF
 306 05d1 25FA0D7B 		.ascii	"%\372\015{\2124\270\220\222?\030\270\277\026<\017q?"
 306      8A34B890 
 306      923F18B8 
 306      BF163C0F 
 306      713F
 307 05e3 E3944668 		.ascii	"\343\224Fh\310\250G>-\316\361\247E\007l\327\035\"wZ"
 307      C8A8473E 
 307      2DCEF1A7 
 307      45076CD7 
 307      1D22775A 
 308 05f7 5C531F70 		.ascii	"\\S\037p\355\347\271\003.MT\321\333=\350\255\034\375"
 308      EDE7B903 
 308      2E4D54D1 
 308      DB3DE8AD 
 308      1CFD
 309 0609 EF6AEB4F 		.ascii	"\357j\353O\271\363\220\361;\317r\374A5\377\255\007\277"
 309      B9F390F1 
 309      3BCF72FC 
 309      4135FFAD 
 309      07BF
 310 061b 91E7FFA0 		.ascii	"\221\347\377\240\346\017\251\335i=\307\321\357\251\351"
 310      E60FA9DD 
 310      693DC7D1 
 310      EFA9E9
 311 062a 773DCC0F 		.ascii	"w=\314\017\362\374\353\336\203\243\360\311\321\367\360"
 311      F2FCEBDE 
 311      83A3F0C9 
 311      D1F7F0
 312 0639 1C5E43F9 		.ascii	"\034^C\371\260\263\321M\231\257\354wtC\355\316\235\026"
 312      B0B3D14D 
 312      99AFEC77 
 312      7443EDCE 
 312      9D16
 313 064b CE7CB23A 		.ascii	"\316|\262:\230\036\037\227N\236\276VM\017S;\177\207"
 313      981E1F97 
 313      4E9EBE56 
 313      4D0F533B 
 313      7F87
 314 065d 8FFD23B5 		.ascii	"\217\375#\265\363\017\334\326\371\363~\2358\021\245"
 314      F30FDCD6 
 314      F9F37E9D 
 314      3811A5
 315 066c 8A4445D8 		.ascii	"\212DE\330\344\260\337-\206\242\003b\010\332\006\330"
 315      E4B0DF2D 
 315      86A20362 
 315      08DA06D8 
 316 067c 0AC805E4 		.ascii	"\012\310\005\344\003\366\0036\002\016\002\016\0016\000"
 316      03F60336 
ARM GAS  C:\Users\Lena\AppData\Local\Temp\ccEpkjAQ.s 			page 25


 316      020E020E 
 316      013600
 317 068b 7601F601 		.ascii	"v\001\366\001\262\000\005\200<@\016 \003P\010\330\016"
 317      B2000580 
 317      3C400E20 
 317      035008D8 
 317      0E
 318 069c D80BF812 		.ascii	"\330\013\370\022\360\025\240\010\260\011P\014\330\011"
 318      F015A008 
 318      B009500C 
 318      D809
 319 06aa C8066C01 		.ascii	"\310\006l\001\244\0036\0032\001{\000\353E\376\013\327"
 319      A4033603 
 319      32017B00 
 319      EB45FE0B 
 319      D7
 320 06bb C967C5A5 		.ascii	"\311g\305\245^X\217\3077\231/\331\253j\372e5\3759\037"
 320      5E588FC7 
 320      37992FD9 
 320      AB6AFA65 
 320      35FD391F 
 321 06cf B63E35BD 		.ascii	"\266>5\275\327\203\316W\340K5\375\205G\211\3349\313"
 321      D783CE57 
 321      E04B35FD 
 321      854789DC 
 321      39CB
 322 06e1 95C81B75 		.ascii	"\225\310\033u\211\274\366(\021~\255\267\274\257\225"
 322      89BCF628 
 322      117EADB7 
 322      BCAF95
 323 06f0 4F7A2BEF 		.ascii	"Oz+\357}\277\367\015\307\231\177\310\227\324\032\357"
 323      7DBFF70D 
 323      C7997FC8 
 323      97D41AEF 
 324 0700 15C8DF57 		.ascii	"\025\310\337W\232[\330}\005h\374}\245\220|\314\235\315"
 324      9A5BD87D 
 324      0568FC7D 
 324      A5907CCC 
 324      9DCD
 325 0712 ADCA5942 		.ascii	"\255\312YB>s\317\325\223?\363t\226\317\314\025\357\231"
 325      3E73CFD5 
 325      933FF374 
 325      96CFCC15 
 325      EF99
 326 0724 E1F90FF9 		.ascii	"\341\371\017\371\305=\364^\321<\3779\277:I\275\272\323"
 326      C53DF45E 
 326      D13CFF39 
 326      BF3A49BD 
 326      BAD3
 327 0736 EA600CF2 		.ascii	"\352`\014\362\251\034\360\356\276\321\235\311\316V."
 327      A91CF0EE 
 327      BED19DC9 
 327      CE562E
 328 0745 934FD499 		.ascii	"\223O\324\231|\354\021j\336\372+\357\205\302W-\237\370"
 328      7CEC116A 
 328      DEFA2BEF 
 328      85C2572D 
ARM GAS  C:\Users\Lena\AppData\Local\Temp\ccEpkjAQ.s 			page 26


 328      9FF8
 329 0757 FBDE8F2A 		.ascii	"\373\336\217*\336w~\251\303j\372\351\321e\010\271\032"
 329      DE777EA9 
 329      C36AFAE9 
 329      D16508B9 
 329      1A
 330 0768 54424952 		.ascii	"TBIR\365\235\367*\347C\331\316\333O\361z\366\030\335"
 330      F59DF72A 
 330      E743D9CE 
 330      DB4FF17A 
 330      F618DD
 331 077b D65BCF72 		.ascii	"\326[\317r\326\337y?\226\371M\321\316\237\233w\324\241"
 331      D6DF793F 
 331      96F94DD1 
 331      CE9F9B77 
 331      D4A1
 332 078d BCEDF155 		.ascii	"\274\355\361U\341C\371\275\367\257\204Q\276\341\276"
 332      E143F9BD 
 332      F7AF8451 
 332      BEE1BE
 333 079c 2C2DEDD6 		.ascii	",-\355\326\343\022\372q\024\263\012\322+\265\252\033"
 333      E312FA71 
 333      14B30AD2 
 333      2BB5AA1B 
 334 07ac AE72E2A1 		.ascii	"\256r\342\241\303p\320\375?\036zl\347\365\236g\267\352"
 334      C370D0FD 
 334      3F1E7A6C 
 334      E7F59E67 
 334      B7EA
 335 07be 52F0B044 		.ascii	"R\360\260D\034\271U\223\215H\327yw\377\343\312\000\376"
 335      1CB95593 
 335      8D48D779 
 335      77FFE3CA 
 335      00FE
 336 07d0 565D2AF2 		.ascii	"V]*\362\267\3522\221\335\252\341\227\3747\302\233\353"
 336      B7EA3291 
 336      DDAAE197 
 336      FC37C29B 
 336      EB
 337 07e1 3D069E4C 		.ascii	"=\006\236L\376\214v\223\217\210\206\221?\315)\377\332"
 337      FE8C7693 
 337      8F888691 
 337      3FCD29FF 
 337      DA
 338 07f2 93BCED3E 		.ascii	"\223\274\355>\270\232]G\236\3474?\322\341z&\344\226"
 338      B89A5D47 
 338      9EE7343F 
 338      D2E17A26 
 338      E496
 339 0804 1D4AC1D8 		.ascii	"\035J\301\330\311\204\256\343k\232\002p\013\023n\357"
 339      C984AEE3 
 339      6B9A0270 
 339      0B136EEF 
 340 0814 4DBEE783 		.ascii	"M\276\347\203\333\230PS\377$\234\335`&\202t\254\373"
 340      DB985053 
 340      FF249CDD 
 340      60268274 
ARM GAS  C:\Users\Lena\AppData\Local\Temp\ccEpkjAQ.s 			page 27


 340      ACFB
 341 0826 9953FEDF 		.ascii	"\231S\376\337\011\027\271\320\354}\324\347\322\343K"
 341      0917B9D0 
 341      EC7DD4E7 
 341      D2E34B
 342 0835 94AA7D57 		.ascii	"\224\252}W\323T\000\027\230q\362\225\205e\374\207]\374"
 342      D3540017 
 342      9871F295 
 342      8565FC87 
 342      5DFC
 343 0847 35E56B58 		.ascii	"5\345kX\177\355\217|\373\370\324VAj+\351\307\254V\316"
 343      7FED8F7C 
 343      FBF8D456 
 343      416A2BE9 
 343      C7AC56CE 
 344 085b EB09C86B 		.ascii	"\353\011\310k\003\304\266\006P\007p\002\216\003\352"
 344      03C4B606 
 344      50077002 
 344      8E03EA
 345 086a 01C7467D 		.ascii	"\001\307F}d\356ds5V\255\236\320\343f\321\310\323+\324"
 345      64EE6473 
 345      3556AD9E 
 345      D0E366D1 
 345      C8D32BD4 
 346 087e 748F4F79 		.ascii	"t\217Oy{\266j;\325\376\323\223\251\223\247\227{\247"
 346      7BB66A3B 
 346      D5FED393 
 346      A993A797 
 346      7BA7
 347 0890 F3C774EF 		.ascii	"\363\307t\357.vL\327\252\217iz\345\033\025\313o\274"
 347      2E764CD7 
 347      AA8F697A 
 347      E51B15CB 
 347      6FBC
 348 08a2 C692BF33 		.ascii	"\306\222\2773\361s\037\365\276\262\221\277'\327\335"
 348      F1731FF5 
 348      BEB291BF 
 348      27D7DD
 349 08b1 903AF4B8 		.ascii	"\220:\364\270\203\355\266\226\276\276\022\275j\267)"
 349      83EDB696 
 349      BEBE12BD 
 349      6AB729
 350 08c0 2941A720 		.ascii	")A\247 \023\377IV\330\302\236f\263]\320\010#O\272wA"
 350      13FF4956 
 350      D8C29E66 
 350      B35DD008 
 350      234FBA77 
 351 08d5 ADB20B2E 		.ascii	"\255\262\013.\336,.\031\265\013\032G\355\202&y\027\220"
 351      DE2C2E19 
 351      B50B1A47 
 351      ED822679 
 351      1790
 352 08e7 DFF79646 		.ascii	"\337\367\226F\307G\305\307\307F-\216\216Y\266ryT\254"
 352      C747C5C7 
 352      C7462D8E 
 352      8E59B672 
 352      7954AC
ARM GAS  C:\Users\Lena\AppData\Local\Temp\ccEpkjAQ.s 			page 28


 353 08fa 3D213A2E 		.ascii	"=!:.1*.1\316\341?\367\363?\004\233\214Fay\304\307V\363"
 353      312A2E31 
 353      CEE13FF7 
 353      F33F049B 
 353      8C466179 
 354 0912 C22F2CD0 		.ascii	"\302/,\320\273\304n\215\210Kr\254\210[\034eY\370\331"
 354      BBC46E8D 
 354      884B72AC 
 354      885B1C65 
 354      59F8D9
 355 0925 B47045B2 		.ascii	"\264pE\262\232\226\306-\216\2638V\306\306\331\243\376"
 355      9A96C62D 
 355      8EB33856 
 355      C6C6D9A3 
 355      FE
 356 0936 369517AD 		.ascii	"6\225\027\2551\244mO2\316\230\036fO\012\203\371\302"
 356      31A46D4F 
 356      32CE981E 
 356      664F0A83 
 356      F9C2
 357 0948 96DB5738 		.ascii	"\226\333W8\222\302\250\001\366\2363c\325\2520\331\223"
 357      92C2A801 
 357      F69E3363 
 357      D5AA30D9 
 357      93
 358 0959 29318241 		.ascii	")1\202Aq\212\27016\311\2210-<*&\336\036\263\214v\350"
 358      718AB831 
 358      36C99130 
 358      2D3C2A26 
 358      DE1EB38C 
 359 096f A2A256C6 		.ascii	"\242\242V\306%:\240\317\221\211b?\266\256p\330\223\230"
 359      253AA0CF 
 359      9189623F 
 359      B6AE70D8 
 359      9398
 360 0981 6BB1B26B 		.ascii	"k\261\262kt\204\"\261\371\223F\\\343D\253\303n\217O"
 360      748422B1 
 360      F993465C 
 360      E344ABC3 
 360      6E8F4F
 361 0994 B2FE2571 		.ascii	"\262\376%qe0m\005G\257H\010\266%,\266\305\306\332b\255"
 361      65306D05 
 361      47AF4808 
 361      B6252CB6 
 361      C5C6DA62 
 362 09a9 D3A74C0B 		.ascii	"\323\247L\013\016\237j\234\361W\243\025\372?J\264'\332"
 362      0E9F6A9C 
 362      F157A315 
 362      FA3F4AB4 
 362      27DA
 363 09bb 3EB2452F 		.ascii	">\262E/\216\263\306%\306\304\257\214\265Y\023\242\301"
 363      8EB3C625 
 363      C6C4AF8C 
 363      B55913A2 
 363      C1
 364 09cc 56A2CD1A 		.ascii	"V\242\315\032\025k[\022\2752\336\021\345X\275\334\226"
 364      156B5B12 
ARM GAS  C:\Users\Lena\AppData\Local\Temp\ccEpkjAQ.s 			page 29


 364      BD32DE11 
 364      E558BDDC 
 364      96
 365 09dd 3465A9E0 		.ascii	"4e\251\340\257\370\227\361?\365/iu\222\025\346\212\005"
 365      AFF897F1 
 365      3FF52F69 
 365      759215E6 
 365      8A05
 366 09ef 67C0A940 		.ascii	"g\300\251@\313\352$\207-\301d_a3\221Xb\2239\\c\262\230"
 366      CBEA2487 
 366      2DC1645F 
 366      61339158 
 366      6293395C 
 367 0a06 8DD03092 		.ascii	"\215\3200\222F\370\252\377f\236c\354\011\011\366\304"
 367      46F8AAFF 
 367      669E63EC 
 367      0909F6C4 
 368 0a16 30DB2A47 		.ascii	"0\333*G\230\3513\313<\013$\232\3135\215\300\222\031"
 368      98E933CB 
 368      3C0B249A 
 368      CB358DC0 
 368      9219
 369 0a28 D3A10DAE 		.ascii	"\323\241\015\256\351\027\374\321\034\265\020\202\027"
 369      E917FCD1 
 369      1CB51082 
 369      17
 370 0a35 615BE21F 		.ascii	"a[\342\037a\372\3244g\256\331\250[0\177\276e\346<\322"
 370      61FAD434 
 370      67AED9A8 
 370      5B307FBE 
 370      65E63CD2 
 371 0a49 26CD79E1 		.ascii	"&\315y\341\026\322\364\261XLs\315Z\363l\313l\363\242"
 371      16D2F4B1 
 371      584C73CD 
 371      5AF36CCB 
 371      6CF3A2
 372 0a5c D911D331 		.ascii	"\331\021\32318\256\231\025arw\375Z;s\301\254\360\371"
 372      38AE9915 
 372      617277FD 
 372      5A3B73C1 
 372      ACF0F9
 373 0a6f 0B667F6E 		.ascii	"\013f\177n&-#k)\332_igF\316\232&k#Gx\221j\3364?b\005"
 373      262D236B 
 373      29DA5F69 
 373      6746CE9A 
 373      266B2347 
 374 0a8b 7AC8AF91 		.ascii	"z\310\257\221\327\204\373\021\013T\023)3\"G3\214\376"
 374      D784FB11 
 374      0B541329 
 374      33224733 
 374      8CFE
 375 0a9d 64ACD9B2 		.ascii	"d\254\331\262\320L\032F\322\030\321M\365'\243\231.R"
 375      D04C1A46 
 375      D218D14D 
 375      F527A399 
 375      2E52
 376 0aaf 21453212 		.ascii	"!E2\0226\3153k\310\"\375`\275\344W4\231\225p\204\353"
ARM GAS  C:\Users\Lena\AppData\Local\Temp\ccEpkjAQ.s 			page 30


 376      36CD336B 
 376      C822FD60 
 376      BDE45734 
 376      99957084 
 377 0ac4 CD269312 		.ascii	"\315&\223\022#\237/\026,4\231E\213\331\017\032\237\316"
 377      239F2F16 
 377      2C349945 
 377      8BD90F1A 
 377      9FCE
 378 0ad6 FE935943 		.ascii	"\376\223YC^x\246\311\354K5\3061s\346\317\264D*\364\177"
 378      5E78A6C9 
 378      EC4B35C6 
 378      3173E6CF 
 378      B4442AF4 
 379 0aeb 0022B3F4 		.ascii	"\000\"\263\364\346"
 379      E6
 380              		.text
 381              		.section	.gnu.lto_.symtab.d26e00d4,"",%progbits
 382 0000 68616C5F 		.ascii	"hal_lld_init\000"
 382      6C6C645F 
 382      696E6974 
 382      00
 383 000d 00       		.ascii	"\000"
 384 000e 00       		.ascii	"\000"
 385 000f 00       		.ascii	"\000"
 386 0010 00000000 		.ascii	"\000\000\000\000\000\000\000\000"
 386      00000000 
 387 0018 B0000000 		.ascii	"\260\000\000\000"
 388 001c 73746D33 		.ascii	"stm32_clock_init\000"
 388      325F636C 
 388      6F636B5F 
 388      696E6974 
 388      00
 389 002d 00       		.ascii	"\000"
 390 002e 00       		.ascii	"\000"
 391 002f 00       		.ascii	"\000"
 392 0030 00000000 		.ascii	"\000\000\000\000\000\000\000\000"
 392      00000000 
 393 0038 B2000000 		.ascii	"\262\000\000\000"
 394 003c 53797374 		.ascii	"SystemCoreClock\000"
 394      656D436F 
 394      7265436C 
 394      6F636B00 
 395 004c 00       		.ascii	"\000"
 396 004d 00       		.ascii	"\000"
 397 004e 00       		.ascii	"\000"
 398 004f 00000000 		.ascii	"\000\000\000\000\000\000\000\000"
 398      00000000 
 399 0057 BF000000 		.ascii	"\277\000\000\000"
 400              		.text
 401              		.section	.gnu.lto_.opts,"",%progbits
 402 0000 272D666D 		.ascii	"'-fmath-errno' '-fsigned-zeros' '-ftrapping-math' '"
 402      6174682D 
 402      6572726E 
 402      6F272027 
 402      2D667369 
 403 0033 2D666E6F 		.ascii	"-fno-trapv' '-fno-openmp' '-fno-openacc' '-mcpu=cor"
ARM GAS  C:\Users\Lena\AppData\Local\Temp\ccEpkjAQ.s 			page 31


 403      2D747261 
 403      70762720 
 403      272D666E 
 403      6F2D6F70 
 404 0066 7465782D 		.ascii	"tex-m7' '-mno-thumb-interwork' '-mthumb' '-ggdb' '-"
 404      6D372720 
 404      272D6D6E 
 404      6F2D7468 
 404      756D622D 
 405 0099 4F322720 		.ascii	"O2' '-fomit-frame-pointer' '-falign-functions=16' '"
 405      272D666F 
 405      6D69742D 
 405      6672616D 
 405      652D706F 
 406 00cc 2D666675 		.ascii	"-ffunction-sections' '-fdata-sections' '-fno-common"
 406      6E637469 
 406      6F6E2D73 
 406      65637469 
 406      6F6E7327 
 407 00ff 2720272D 		.ascii	"' '-flto'\000"
 407      666C746F 
 407      2700
 408              		.text
 409              		.comm	__gnu_lto_v1,1,1
 410              		.comm	__gnu_lto_slim,1,1
 411              		.ident	"GCC: (GNU Tools for ARM Embedded Processors 6-2017-q1-update) 6.3.1 20170215 (release) [AR
ARM GAS  C:\Users\Lena\AppData\Local\Temp\ccEpkjAQ.s 			page 32


DEFINED SYMBOLS
                            *ABS*:00000000 hal_lld.c
                            *COM*:00000001 __gnu_lto_v1
                            *COM*:00000001 __gnu_lto_slim

NO UNDEFINED SYMBOLS
