ARM GAS  C:\Users\Lena\AppData\Local\Temp\ccZ8Xt3e.s 			page 1


   1              		.cpu cortex-m7
   2              		.eabi_attribute 20, 1
   3              		.eabi_attribute 21, 1
   4              		.eabi_attribute 23, 3
   5              		.eabi_attribute 24, 1
   6              		.eabi_attribute 25, 1
   7              		.eabi_attribute 26, 1
   8              		.eabi_attribute 30, 2
   9              		.eabi_attribute 34, 1
  10              		.eabi_attribute 18, 4
  11              		.file	"hal_st.c"
  12              		.text
  13              	.Ltext0:
  14              		.section	.gnu.lto_.profile.d26e07d3,"",%progbits
  15 0000 789C6365 		.ascii	"x\234ce`b`a```d\220\342\001\000\000\300\0003"
  15      60626061 
  15      60606064 
  15      90E20100 
  15      00C00033 
  16              		.text
  17              		.section	.gnu.lto_.icf.d26e07d3,"",%progbits
  18 0000 789C6365 		.ascii	"x\234ce`bP`@\000V\206\205??\354\345a|\177c\371J\026"
  18      60625060 
  18      40005686 
  18      853F3FEC 
  18      E5617C7F 
  19 0018 A67D171E 		.ascii	"\246}\027\036\254ga~\177\256\367/;\313\211\217\213\026"
  19      AC67617E 
  19      7FAEF72F 
  19      3BCB898F 
  19      8B16
  20 002a F0320000 		.ascii	"\3602\000\000\0217\020\034"
  20      1137101C 
  21              		.text
  22              		.section	.gnu.lto_.jmpfuncs.d26e07d3,"",%progbits
  23 0000 789C6365 		.ascii	"x\234ce`b\020c@\000V\020\301\010\004\365L\014\014\314"
  23      60621063 
  23      40005610 
  23      C10804F5 
  23      4C0C0CCC 
  24 0014 209A0528 		.ascii	" \232\005(\000\000\016\012\0011"
  24      00000E0A 
  24      0131
  25              		.text
  26              		.section	.gnu.lto_.inline.d26e07d3,"",%progbits
  27 0000 789C6365 		.ascii	"x\234ce`b\310g@\000V\006\006\026\036F\240 \003\003\333"
  27      6062C867 
  27      40005606 
  27      06161E46 
  27      A0200303 
  28 0015 027910C5 		.ascii	"\002y\020\305\300\310\005\"\030\330X\031\031\031\004"
  28      C0C80522 
  28      18D85819 
  28      191904
  29 0024 18191898 		.ascii	"\030\031\030\230\330>\350\301%\231\030X\230\201\312"
  29      D83EE8C1 
  29      25991858 
ARM GAS  C:\Users\Lena\AppData\Local\Temp\ccZ8Xt3e.s 			page 2


  29      9881CA
  30 0033 992EF0C3 		.ascii	"\231.\360\303\205\230ABP\245\310\342,\230J\031\000\312"
  30      85984142 
  30      50A5C8E2 
  30      2C984A19 
  30      00CA
  31 0045 39089E   		.ascii	"9\010\236"
  32              		.text
  33              		.section	.gnu.lto_.pureconst.d26e07d3,"",%progbits
  34 0000 789C6365 		.ascii	"x\234ce`b\340f```e\220`\224b\222b\226b\221\002\000\004"
  34      6062E066 
  34      60606065 
  34      90609462 
  34      92629662 
  35 0018 1000A2   		.ascii	"\020\000\242"
  36              		.text
  37              		.section	.gnu.lto_stInit.d26e07d3,"",%progbits
  38 0000 789C6365 		.ascii	"x\234ce`bX\314\300\300\020\017\304\322@\314\310\314"
  38      606258CC 
  38      C0C0100F 
  38      C4D240CC 
  38      C8CC
  39 0012 C0C834E1 		.ascii	"\300\3104\341\034\003C#\007\023##\210\321\300\301\310"
  39      1C034323 
  39      07132323 
  39      88D1C0C1 
  39      C8
  40 0023 50CFC458 		.ascii	"P\317\304X\317\330\317<\235\231\361P\373\263\235L\232"
  40      CFD8CF3C 
  40      9D99F150 
  40      FBB39D4C 
  40      9A
  41 0034 CB1B80E0 		.ascii	"\313\033\200\340\300\364\037\222\015+\0160\316gf`\230"
  41      C0F41F92 
  41      0D2B0E30 
  41      CE676660 
  41      98
  42 0045 09C420C0 		.ascii	"\011\304 \300\270\234Q\223\001\250\354\321\306\177S"
  42      B89C5193 
  42      01A8ECD1 
  42      C67F53
  43 0054 79D95820 		.ascii	"y\331X \342\214+\030\331\030\201\364\372K\214\007\032"
  43      E28C2B18 
  43      D91881F4 
  43      FA4B8C07 
  43      1A
  44 0065 FEFD6F6F 		.ascii	"\376\375oo8pg\021\343\177V\240T\027\020\203\354\350"
  44      38706711 
  44      E37F56A0 
  44      54171083 
  44      ECE8
  45 0077 666602D1 		.ascii	"ff\002\321\314\257\031\233\027\374\226\006\251\007\031"
  45      CCAF199B 
  45      17FC9606 
  45      A90719
  46 0086 B273E79B 		.ascii	"\262s\347\233\333\354\365\177\0338\34633\316d\006\232"
  46      DBECF57F 
ARM GAS  C:\Users\Lena\AppData\Local\Temp\ccZ8Xt3e.s 			page 3


  46      1B38E633 
  46      33CE6406 
  46      9A
  47 0097 C0B892B1 		.ascii	"\300\270\222\261\236a>P\355[\306\246\005\377\271\301"
  47      9E613E50 
  47      ED5BC6A6 
  47      05FFB9C1 
  48 00a7 EA40A00B 		.ascii	"\352@\240\013(\011\324\316\304\300\020\353b\025\023"
  48      2809D4CE 
  48      C4C010EB 
  48      621513
  49 00b6 14E21F1C 		.ascii	"\024\342\037\034\237\231\227\226\037\343\222Y\\R\224"
  49      9F999796 
  49      1FE39259 
  49      5C5294
  50 00c5 99141F1C 		.ascii	"\231\024\037\034\342kl\004\343\3058gd&e\006\227\224"
  50      E26B6C04 
  50      E3C53867 
  50      64266506 
  50      9794
  51 00d7 A664E6C7 		.ascii	"\246d\346\307\227\031 sc\222A\354\374bCs3\375\374b\375"
  51      97192073 
  51      639241EC 
  51      FC624373 
  51      33FDFC62 
  52 00ec 8CC41CFD 		.ascii	"\214\304\034\375\342\242d\020\035_\\\242\227\314\000"
  52      E2A26410 
  52      1D5F5CA2 
  52      97CC00
  53 00fb 0066A559 		.ascii	"\000f\245Y\330"
  53      D8
  54              		.text
  55              		.section	.gnu.lto_stStartAlarm.d26e07d3,"",%progbits
  56 0000 789CAD52 		.ascii	"x\234\255RKh\023Q\024}g^:\011\361S\027.\004\263\020"
  56      4B681351 
  56      147D675E 
  56      3A09F153 
  56      172E04B3 
  57 0015 A194BAE8 		.ascii	"\241\224\272\350\030\005\005\267\026Ah\021L\226\221"
  57      180505B7 
  57      16416811 
  57      4C9691
  58 0024 D8A64A06 		.ascii	"\330\246J\006\242\221N\354\322Ncc0\365\2671m\026q\012"
  58      A2914EEC 
  58      D24E6363 
  58      30F5B731 
  58      6D16710A 
  59 0038 51D28FFD 		.ascii	"Q\322\217\375\372km\205\241*nl+u\241\240\305\"\264("
  59      FA6B6D85 
  59      A12A6E6C 
  59      2B75A1A0 
  59      C522B428 
  60 004c 28941A2C 		.ascii	"(\224\032,\"\264\336\367\222J\335\211\370\340\315}\367"
  60      22B4DEF7 
  60      924ADD89 
  60      F8E0CD7D 
  60      F7
ARM GAS  C:\Users\Lena\AppData\Local\Temp\ccZ8Xt3e.s 			page 4


  61 005d CEB9E79E 		.ascii	"\316\271\347\236\373\336-c\012\233Q\030\233g\214\355"
  61      FBDE2D63 
  61      0A9B5118 
  61      9B678CED 
  62 006d A40DCEA0 		.ascii	"\244\015\316\240\334\230f\254\325\245\000\342`\272\300"
  62      DC9866AC 
  62      D5A500E2 
  62      60BAC0
  63 007c 5A14B4E0 		.ascii	"Z\024\264\340:\357\340\230L.\216)Uy\223\226\3351\252"
  63      3AEFE098 
  63      4C2E8E29 
  63      55799396 
  63      DD31AA
  64 008f 5E32133B 		.ascii	"^2\023;,\316X\206\266X\310\243\212P\317\327V\354\362"
  64      2CCE5886 
  64      B658C8A3 
  64      8A50CFD7 
  64      56ECF2
  65 00a2 6BDCE280 		.ascii	"k\334\342\200B\356\354\322\313\354&\341*\330F\356\317"
  65      42EEECD2 
  65      CBEC26E1 
  65      2AD846EE 
  65      CF
  66 00b3 DEA1F7E5 		.ascii	"\336\241\367\345\374$\030\235\227o\331\273+\357\230"
  66      FC24189D 
  66      976FD9BB 
  66      2BEF98
  67 00c2 66DCB4BF 		.ascii	"f\334\264\277\\\344\346v\213s\364\202\023\037z\340A"
  67      5CE4E676 
  67      8B73F482 
  67      131F7AE0 
  67      41
  68 00d3 373C8C42 		.ascii	"7<\214B\014}\250\024\360\217\303\2537\267\250\216\334"
  68      0C7DA814 
  68      F08FC3AB 
  68      37B7A88E 
  68      DC
  69 00e4 7A49DC85 		.ascii	"zI\334\205\012\262\203\263\260\315\325\265\244i\027"
  69      0AB283B3 
  69      B0CDD5B5 
  69      A46917
  70 00f3 6EE3F511 		.ascii	"n\343\365\021'i\247\014N\271\016\306R\204\024\235\264"
  70      2769A70C 
  70      4EB90EC6 
  70      5284149D 
  70      B4
  71 0104 734558BE 		.ascii	"sEX\276\000Ep]\266S\317\334<,e\274y\227\355pW\344\244"
  71      0045705D 
  71      B653CFDC 
  71      3C2C65BC 
  71      7997ED70 
  72 011b 8EC5CCE6 		.ascii	"\216\305\314\346N\323\216\357\022R\372\377\224\"[\034"
  72      4ED38EEF 
  72      1252FAFF 
  72      94225B1C 
  73 012b 40459698 		.ascii	"@E\226\230>#\276\234\3740\376\266/\366[W[\361Z^\251"
  73      3E23BE9C 
ARM GAS  C:\Users\Lena\AppData\Local\Temp\ccZ8Xt3e.s 			page 5


  73      FC30FEB6 
  73      2FF65B57 
  73      5BF15A5E 
  74 0140 5C80A4B8 		.ascii	"\\\200\244\270\014\307\006\335\014\203P\211b\010j\226"
  74      0CC706DD 
  74      0C835089 
  74      62086A96 
  75 0150 F322CB64 		.ascii	"\363\"\313d\372\307\334\323\271\270S\004\011\231NL\316"
  75      FAC7DCD3 
  75      B9B85304 
  75      09994E4C 
  75      CE
  76 0161 38C55D95 		.ascii	"8\305]\225\311\304\351\376\225%w\321\025\344\016\012"
  76      C9C4E9FE 
  76      952577D1 
  76      15E40E0A 
  77 0171 E506BEBF 		.ascii	"\345\006\276\277pY\310\302\342*FH\331\260PF?z\247\012"
  77      7059C8C2 
  77      E22A4648 
  77      D9B05046 
  77      3F7AA70A 
  78 0185 DF9C5ABF 		.ascii	"\337\234Z\277\331\326jv]\260\270\023\367`\241\223\232"
  78      D9D66A76 
  78      5DB0B813 
  78      F760A193 
  78      9A
  79 0196 975509B0 		.ascii	"\227U\011\260\226\036\236S\275\203\0220B\351.\334\207"
  79      961E9E53 
  79      BD831230 
  79      42E92EDC 
  79      87
  80 01a7 863D9E12 		.ascii	"\206=\236\022\002\017\340%YBS\341\323DbkI\321\337\326"
  80      020FE025 
  80      594253E1 
  80      D344626B 
  80      49D1DFD6 
  81 01bb 73E1A1AC 		.ascii	"s\341\241\254\207\022\333#h\033\373\2411\302(eJ\366"
  81      8712DB23 
  81      681BFBA1 
  81      31C22865 
  81      4AF6
  82 01cd 27FFC03E 		.ascii	"'\377\300>&\331\225\022\373c\311>a]\351q\027\331\025"
  82      26D99512 
  82      FB63C93E 
  82      615DE971 
  82      17D915
  83 01e0 8C53E602 		.ascii	"\214S\346\002\342\363\355\335!9\027\342\015\330W\304"
  83      E2F3EDDD 
  83      213917E2 
  83      0DD857C4 
  84 01f0 BBF25721 		.ascii	"\273\362W!\002\362\371R\244\217\206\200F\376D\315\241"
  84      02F2F952 
  84      A48F8680 
  84      46FE44CD 
  84      A1
  85 0201 C071FF31 		.ascii	"\300q\3771_P?{:\032\250\321\215X\223\336\020\364\371"
  85      5F503F7B 
ARM GAS  C:\Users\Lena\AppData\Local\Temp\ccZ8Xt3e.s 			page 6


  85      3A1AA8D1 
  85      8D5893DE 
  85      10F4F9
  86 0214 EBF6EF5B 		.ascii	"\353\366\357[\367\002\207\303z\203\356\213\235o\324"
  86      F70287C3 
  86      7A83EE8B 
  86      9D6FD4
  87 0223 A3C1E6BD 		.ascii	"\243\301\346\275\033\335@H\234\243\206\367\340\001-"
  87      1BDD4048 
  87      9CA386F7 
  87      E0012D
  88 0232 6A68E1FA 		.ascii	"jh\341\372\210f4\205\204\015\032\261\352\020s\3267\030"
  88      88663485 
  88      840D1AB1 
  88      EA1073D6 
  88      3718
  89 0244 31FDCC29 		.ascii	"1\375\314)\207\370\030\377\273\324\271hS\314\320$\201"
  89      87F818FF 
  89      BBD4B968 
  89      53CCD024 
  89      81
  90 0255 565B5BA3 		.ascii	"V[[\243\371\217\3265{K\305\203\221Hcu\230\375\002?\004"
  90      F98FD635 
  90      7B4BC583 
  90      91486375 
  90      98FD023F 
  91 026a 397C     		.ascii	"9|"
  92              		.text
  93              		.section	.gnu.lto_stStopAlarm.d26e07d3,"",%progbits
  94 0000 789C6365 		.ascii	"x\234ce`b\320gd`\270\314\300\300 \015\304\214\314\014"
  94      6062D067 
  94      6460B8CC 
  94      C0C0200D 
  94      C48CCC0C 
  95 0014 8C4C13CE 		.ascii	"\214L\023\316104r012\202\030\015\034\214\014\365L\214"
  95      31303472 
  95      30313282 
  95      180D1C8C 
  95      0CF54C8C 
  96 0028 F58CFDCC 		.ascii	"\365\214\375\314\323\231\031\017\265?\333\311\244\271"
  96      D399190F 
  96      B53FDBC9 
  96      A4B9
  97 0036 BC01080E 		.ascii	"\274\001\010\016L\377\302\326\326\320*1\237\231\201"
  97      4CFFC2D6 
  97      D6D02A31 
  97      9F9981
  98 0045 61261083 		.ascii	"a&\020\203\000\343rFM\006\240\262G\033\377M\345ec\201"
  98      00E37246 
  98      4D06A0B2 
  98      471BFF4D 
  98      E5656381 
  99 0059 8833AE60 		.ascii	"\2103\256`d\003Z\301\260\376\022\343\201\206\177\377"
  99      64035AC1 
  99      B0FE12E3 
  99      81867FFF 
 100 0069 DB1B0E1C 		.ascii	"\333\033\016\034Y\314\370\333\015(\325\005\304 ;\272"
ARM GAS  C:\Users\Lena\AppData\Local\Temp\ccZ8Xt3e.s 			page 7


 100      59CCF8DB 
 100      0D28D505 
 100      C4203BBA 
 101 0079 99994034 		.ascii	"\231\231@4\363K\306C_~\2348\374\374\021+\334\214\026"
 101      F34BC643 
 101      5F7E9C38 
 101      FCFC112B 
 101      DC8C16
 102 008c 88553FD8 		.ascii	"\210U?\330\230\301\346\314dfD6\237q%#\033\320\202U\214"
 102      98C1E6CC 
 102      64664436 
 102      9F712523 
 102      1BD08255 
 103 00a1 6C40C169 		.ascii	"l@\301i\255\207\316\263\3671\317gf\004\2539\267\366"
 103      AD87CEB3 
 103      F731CF67 
 103      6604AB39 
 103      B7F6
 104 00b3 FB072E08 		.ascii	"\373\007.\010\027d\006\013Ph\361\272o\3079\3463\316"
 104      1764060B 
 104      5068F1BA 
 104      6FC739E6 
 104      33CE
 105 00c5 659CCFCC 		.ascii	"e\234\317\314\304\270\206Q\206q5\243\014\003H\355\252"
 105      C4B88651 
 105      867135A3 
 105      0C0348ED 
 105      AA
 106 00d6 B35F3EB3 		.ascii	"\263_>\263\353\257mhilx\260\270On\215\335|ff\306\265"
 106      EBAF6D68 
 106      696C78B0 
 106      B84F6E8D 
 106      DD7C6666 
 107 00ec 8CF31967 		.ascii	"\214\363\031g\000]\010\266\204q\035\243>\262\035@w0"
 107      005D08B6 
 107      84711DA3 
 107      3EB21D40 
 107      7730
 108 00fe AE07EA7E 		.ascii	"\256\007\352~\313\330\364\240{\2572\310m\340\020\350"
 108      CBD8F4A0 
 108      7BAF32C8 
 108      6DE010E8 
 109 010e 024A00BD 		.ascii	"\002J\000\275\302\304\300\020\353b\025\023\024\342\037"
 109      C2C4C010 
 109      EB621513 
 109      14E21F
 110 011d 1C9F9997 		.ascii	"\034\237\231\227\226\037\343\222Y\\R\224\231\024\037"
 110      961FE392 
 110      595C5294 
 110      99141F
 111 012c 1CE26B6C 		.ascii	"\034\342kl\004\343\3058gd&e\006\227\224\246d\346\307"
 111      04E3C538 
 111      67642665 
 111      069794A6 
 111      64E6C7
 112 013f 97192073 		.ascii	"\227\031 sc\222A\354\374bCs3\375\374b\375\214\304\034"
 112      639241EC 
ARM GAS  C:\Users\Lena\AppData\Local\Temp\ccZ8Xt3e.s 			page 8


 112      FC624373 
 112      33FDFC62 
 112      FD8CC41C 
 113 0153 FDE2A264 		.ascii	"\375\342\242d\020\035_\\\242\227\314PLm\323\013\362"
 113      101D5F5C 
 113      A297CC50 
 113      4C6DD30B 
 113      F2
 114 0164 8B4A8AF5 		.ascii	"\213J\212\365\301\006\350\373\370\270\350\207x\372\226"
 114      C106E8FB 
 114      F8B8E887 
 114      78FA96
 115 0173 1942ED8B 		.ascii	"\031B\355\213\317\311I\321\313`\000\000\207\267\263"
 115      CFC949D1 
 115      CB600000 
 115      87B7B3
 116 0182 00       		.ascii	"\000"
 117              		.text
 118              		.section	.gnu.lto_stSetAlarm.d26e07d3,"",%progbits
 119 0000 789CAD52 		.ascii	"x\234\255RKh\023Q\024}g^\222\011Q\251\240\013\301,D"
 119      4B681351 
 119      147D675E 
 119      920951A9 
 119      A00BC12C 
 120 0015 28A52E3A 		.ascii	"(\245.:FA\301\255\001\021Z\004\223e$6\251\222\201h\244"
 120      4641C1AD 
 120      01115A04 
 120      93652436 
 120      A9928168 
 121 002a 13BBB4D3 		.ascii	"\023\273\264\323\2615\230Buc\322.\306)D\251F\363\253"
 121      B1359842 
 121      7563D22E 
 121      C62944A9 
 121      46F3AB
 122 003d 0A4A3743 		.ascii	"\012J7C\374m\264B7\012\246X\304\012.\204R?A\204\306"
 122      FC6DB442 
 122      370AA658 
 122      C40A2E84 
 122      523F4184 
 123 0052 FB26ADD4 		.ascii	"\373&\255\324\275\017\336\334\317\234{\356\271\227\347"
 123      BD0FDEDC 
 123      CF9C7BEE 
 123      B997E7
 124 0061 6612DB21 		.ascii	"f\022\333!1\266\304\030\333M\027\234A\272>\317\330\210"
 124      31B6C418 
 124      DB4D179C 
 124      41BA3ECF 
 124      D888
 125 0073 570284A3 		.ascii	"W\002\204\243{\301\206%\014\343\032\317s\3243\237\237"
 125      7BC18625 
 125      0CE31ACF 
 125      73D4339F 
 125      9F
 126 0084 48DD333A 		.ascii	"H\3353:\035;_\225\257\350c\273,\316\330\024]q0\203n"
 126      1D3B5F95 
 126      AFE863BB 
 126      2CCED814 
ARM GAS  C:\Users\Lena\AppData\Local\Temp\ccZ8Xt3e.s 			page 9


 126      5D713083 
 127 0099 423D6F35 		.ascii	"B=o5\355\216\011nq@\242pa\345\225\271E\204\022\266S"
 127      ED8E096E 
 127      7140A270 
 127      61E595B9 
 127      458412B6 
 128 00ae F8BB586D 		.ascii	"\370\273Xmt\360\323`\344\257\336\264\367v\335\326uC"
 128      74F0D360 
 128      E4AFDEB4 
 128      F776DDD6 
 128      7543
 129 00c0 B71B97B9 		.ascii	"\267\033\227\271\276\323\342\034Ep\342\303]\370q\007"
 129      BED3E21C 
 129      4570E2C3 
 129      5DF87107 
 130 00d0 7E462986 		.ascii	"~F)\206{\350\022\360\217\265\265\033\333<\256\302FK"
 130      7BE812F0 
 130      8FB5B51B 
 130      DB3CAEC2 
 130      464B
 131 00e2 DC870764 		.ascii	"\334\207\007d+\013\260\365\265VF\267?\335\302\33417"
 131      2B0BB0F5 
 131      B55646B7 
 131      3FDDC2DC 
 131      3137
 132 00f4 69A70A4E 		.ascii	"i\247\012N\265.\306\262\204\024\223\214sIX\276\014I"
 132      B52EC6B2 
 132      8414938C 
 132      734958BE 
 132      0C49
 133 0106 705DB5B3 		.ascii	"p]\265\263\317|<\341\310x\373\336\314\373:\013\216\216"
 133      CF7C3CE1 
 133      C878FBDE 
 133      CCFB3A0B 
 133      8E8E
 134 0118 17E6D649 		.ascii	"\027\346\326I\3356\366\010)\245\177\2458#\226\321i\022"
 134      DD36F608 
 134      29A57FA5 
 134      382396D1 
 134      6912
 135 012a D31718AB 		.ascii	"\323\027\030\253\231\017s\357\312\351\277\272F\333k"
 135      990F73EF 
 135      CAE9BFBA 
 135      46DB6B
 136 0139 792C7301 		.ascii	"y,s\001r\304Mql\322\315P\201\207(\252\360\230\234\267"
 136      72C44D71 
 136      6CD2CD50 
 136      818728AA 
 136      F0989CB7 
 137 014d 59EAB95F 		.ascii	"Y\352\271_\213O\177\030\262H\02227V\177#\213]\271\235"
 137      8B4F7F18 
 137      B2481232 
 137      37567F23 
 137      8B5DB99D 
 138 0161 C2F95273 		.ascii	"\302\371Rs\305\327\016\005\271\213R\205\362\317\227"
 138      C5D70E05 
 138      B98B5285 
ARM GAS  C:\Users\Lena\AppData\Local\Temp\ccZ8Xt3e.s 			page 10


 138      F2CF97
 139 0170 5E0B262C 		.ascii	"^\013&,\356\301,)\253\011e\364\243\370\372\3737Y)\351"
 139      EEC12C29 
 139      AB0965F4 
 139      A3F8FAFB 
 139      375929E9 
 140 0184 A323FAF4 		.ascii	"\243#\372\364%\213\313x\000\013\2234\274\323\225\000"
 140      258BCB78 
 140      000B9334 
 140      BCD39500 
 141 0194 AD5C6DD1 		.ascii	"\255\\m\321\023\2508\200Y*\367\342!\024\354\363\257"
 141      13A83880 
 141      592AF7E2 
 141      2114ECF3 
 141      AF
 142 01a5 23F00801 		.ascii	"#\360\010\001\222\305\226a,\2157\342\316n\305\034\354"
 142      92C59661 
 142      2C8D37E2 
 142      CE6EC51C 
 142      EC
 143 01b6 2B8CE9E6 		.ascii	"+\214\351\346\004D\302YA\226\206\242E\322\2639\025<"
 143      0444C259 
 143      419686A2 
 143      45D2B339 
 143      153C
 144 01c8 1239193E 		.ascii	"\0229\031>\021\212\252\347\317\246\"AUK\017\252\261"
 144      118AAAE7 
 144      CFA62241 
 144      554B0FAA 
 144      B1
 145 01d9 6828DC77 		.ascii	"h(\334w\360\300F\0249\232Pcj(}q@ME\207\366o\016#q\341"
 145      F0C04614 
 145      399A5063 
 145      6A287D71 
 145      404D4587 
 146 01f3 A7B4C0E1 		.ascii	"\247\264\300\341CJJS\022\375IE\033\214\013\033\325\322"
 146      434A4A53 
 146      12FD4945 
 146      1B8C0B1B 
 146      D5D2
 147 0205 3D7126F7 		.ascii	"=q&\367\307\264\264z\356\214K|\264\377\335\352Bj0\255"
 147      C7B4B47A 
 147      EE8C4B7C 
 147      B4FFDDEA 
 147      426A30AD 
 148 0219 290E81D2 		.ascii	")\016\201\322\333\033T\302\307\373\206\002\353\315\243"
 148      DB1B54C2 
 148      C7FB8602 
 148      EBCDA3
 149 0228 C9E4404F 		.ascii	"\311\344@O\202\375\001\336\242\374("
 149      82FD01DE 
 149      A2FC28
 150              		.text
 151              		.section	.gnu.lto_stGetAlarm.d26e07d3,"",%progbits
 152 0000 789CAD90 		.ascii	"x\234\255\220Ak\023Q\024\205\357\231\233\314\214\212"
 152      416B1351 
 152      1485EF99 
ARM GAS  C:\Users\Lena\AppData\Local\Temp\ccZ8Xt3e.s 			page 11


 152      9BCC8C8A 
 153 0010 E85A83FB 		.ascii	"\350Z\203\373\272\350\030\005\005\267\006J\241E0YF\006"
 153      BAE81805 
 153      05B7064A 
 153      A1453059 
 153      4606
 154 0022 9B221908 		.ascii	"\233\"\031\010\216db\267}\015\225\326\012U\004\033\213"
 154      8E6462B7 
 154      7D0D95D6 
 154      0A55041B 
 154      8B
 155 0033 841122D4 		.ascii	"\204\021\"\324V\323i\266.d\250\210.\264J]\013\245\270"
 155      56D369B6 
 155      2E64A888 
 155      2EB44A5D 
 155      0BA5B8
 156 0046 E94208B5 		.ascii	"\351B\010\265\264\212\322x_Z\245?\300\201\231\367\316"
 156      B48AD278 
 156      5F5AA53F 
 156      C08199F7 
 156      CE
 157 0057 E5E3DC73 		.ascii	"\345\343\334s&I\006M\202\3503\021\235\224\027L0\356"
 157      2649064D 
 157      82E83311 
 157      9D94174C 
 157      30EE
 158 0069 AF108DD9 		.ascii	"\257\020\215\331\006\240/\312\006\215\032\030\305=\256"
 158      06A02FCA 
 158      068D1A18 
 158      C53DAE
 159 0078 31DE7476 		.ascii	"1\336tv\342c\323\034jL\344j\373}\375\210\226\300q\221"
 159      E263D31C 
 159      6A4CE46A 
 159      FB7DFD88 
 159      96C07191 
 160 008c 0B4FA34D 		.ascii	"\013O\243M\273gN\251\252\212km\353\361\322'\225\014"
 160      BB674EA9 
 160      AA8A6B6D 
 160      EBF1D227 
 160      950C
 161 009e D9A059C1 		.ascii	"\331\240Y\301\237!\2059\244\364\216y\364\220\320\353"
 161      9F218539 
 161      A4F48E79 
 161      F490D0EB 
 162 00ae ADDD8747 		.ascii	"\255\335\207G\315D\203I\0032_\200)Q(ZE\254v;\023*\376"
 162      CD448349 
 162      03325F80 
 162      2951285A 
 162      45AC763B 
 163 00c5 DAC0AFBE 		.ascii	"\332\300\257\276\204A!3\313'A4%\240NuW\\\345\344\015"
 163      84412133 
 163      CB274134 
 163      25A04E75 
 163      575CE5E4 
 164 00da 2CBFFAF9 		.ascii	",\277\372\371\356ug\375\320?\303q%O\\\373a\235\350:"
 164      EE7567FD 
 164      D03FC371 
ARM GAS  C:\Users\Lena\AppData\Local\Temp\ccZ8Xt3e.s 			page 12


 164      254F5CFB 
 164      619DE83A 
 165 00ee CE320E2C 		.ascii	"\3162\016,#<\207)\253^\300\254\263n0s{\371\243\245\033"
 165      233C8729 
 165      AB5EC0AC 
 165      B36E3073 
 165      7BF9A3A5 
 166 0103 24BBD84A 		.ascii	"$\273\330Js\247}xOj\233\204\214\032\213\333o\355\020"
 166      73A77D78 
 166      4F6A9B84 
 166      8C1A8BDB 
 166      6FED10
 167 0116 75846C62 		.ascii	"u\204lbQZ4u\013\335\366\303\326w\313i\252\3611\265\326"
 167      515A3475 
 167      0BDDF6C3 
 167      D677CB69 
 167      AAF131B5 
 168 012b 983E153D 		.ascii	"\230>\025=\020\302B\204\020\217$ew\221P\235\231\326"
 168      10C24284 
 168      108F2465 
 168      7791509D 
 168      99D6
 169 013d 17331D69 		.ascii	"\0273\035i\352\311K#d\033Kpp:\265O\240\2054m\240\272"
 169      EAC94B23 
 169      641B4B70 
 169      703AB54F 
 169      A085346D 
 170 0153 3931CF7B 		.ascii	"91\317{\251X\202\3217T\327\356\374f]@&\362S\2449tc\203"
 170      A95882D1 
 170      3754D7EE 
 170      FC665D40 
 170      26F253A4 
 171 016b E86AE662 		.ascii	"\350j\346b\376J\356r\326\365n\\\367\363\031/\250\224"
 171      FE4AEE72 
 171      D6F56E5C 
 171      F7F3192F 
 171      A894
 172 017d BD21379B 		.ascii	"\275!7\233\033<w\366\257\312_*zC^\266rk\330\363\335"
 172      1B3C77F6 
 172      AFCA5F2A 
 172      7A435EB6 
 172      726BD8F3 
 173 0192 91330765 		.ascii	"\2213\007e\276\240\357~\220\276p\336\361\003\247x\255"
 173      BEA0EF7E 
 173      90BE70DE 
 173      F103A778 
 173      AD
 174 01a3 E404E582 		.ascii	"\344\004\345\202>\335\240\322[\240\340\177\273\337\364"
 174      3EDDA0D2 
 174      5BA0E07F 
 174      BBDFF4
 175 01b2 CB95C0E9 		.ascii	"\313\225\300\351\0328\003\003\031'\327?8\222\336\337"
 175      1A380303 
 175      1927D73F 
 175      3892DEDF 
 176 01c2 E7964AC3 		.ascii	"\347\226J\303\275E\372\003~\033\317\034"
 176      BD45FA03 
ARM GAS  C:\Users\Lena\AppData\Local\Temp\ccZ8Xt3e.s 			page 13


 176      7E1BCF1C 
 177              		.text
 178              		.section	.gnu.lto_.symbol_nodes.d26e07d3,"",%progbits
 179 0000 789C55C8 		.ascii	"x\234U\310K\015\200@\014\006\341\351\277\254/\020\305"
 179      4B0D8040 
 179      0C06E1E9 
 179      BFAC2F10 
 179      C5
 180 0011 B92B0101 		.ascii	"\271+\001\001<\023T \002\015(!4\334:\227I\276\212\030"
 180      3C135420 
 180      020D2821 
 180      34DC3A97 
 180      49BE8A18 
 181 0025 8934CB61 		.ascii	"\2114\313a\272!v\265!d\221[\226U\256,\233\274d\331\345"
 181      BA2176B5 
 181      2164915B 
 181      9655AE2C 
 181      9BBC64D9 
 182 003a 5D123BE4 		.ascii	"]\022;\344\365\027h\255\207B\345|^\343\003\325E\035"
 182      F51768AD 
 182      8742E57C 
 182      5EE303D5 
 182      451D
 183 004c 35       		.ascii	"5"
 184              		.text
 185              		.section	.gnu.lto_.refs.d26e07d3,"",%progbits
 186 0000 789C6365 		.ascii	"x\234ce`b`d\000\002\000\000I\000\011"
 186      60626064 
 186      00020000 
 186      490009
 187              		.text
 188              		.section	.gnu.lto_.decls.d26e07d3,"",%progbits
 189 0000 789CC557 		.ascii	"x\234\305W}LTW\026\177\347\335\001a\000\265\243\333"
 189      7D4C5457 
 189      167FE7DD 
 189      016100B5 
 189      A3DB
 190 0012 75B36E96 		.ascii	"u\263n\226\030*d\223\362eW\263\375\243\261\305n\333"
 190      182A6493 
 190      F26557B3 
 190      FDA3B1C5 
 190      6EDB
 191 0024 A4B6CDE0 		.ascii	"\244\266\315\3406\373\3074\023\004\254$|\270\314\330"
 191      36FBC734 
 191      1304AC24 
 191      7CB8CCD8 
 192 0034 A4D96CFA 		.ascii	"\244\331l\372dhK\251UQAA- \362%*\002\212\305\317\021"
 192      64684BA9 
 192      55514141 
 192      2D20F225 
 192      2A028AC5 
 193 004a 64543E2C 		.ascii	"dT>,\305*\"*h\353W\265H\321*\212\226=\367\343\315{>"
 193      C52A222A 
 193      68EB57B5 
 193      48D12A8A 
 193      963DF7E3 
 194 0061 87EE6ED2 		.ascii	"\207\356n\322\335}\341\014\367\334\373;\277s\3569\367"
ARM GAS  C:\Users\Lena\AppData\Local\Temp\ccZ8Xt3e.s 			page 14


 194      DD7DE10C 
 194      F7DCFB3B 
 194      BF73EE39 
 194      F7
 195 0072 BE7B9F9F 		.ascii	"\276{\237\237$Ke\026I\2126I\322N\220\2441|\374%I\332"
 195      244B6516 
 195      498A3649 
 195      D24E90A4 
 195      317CFC25 
 196 0088 2E690FD5 		.ascii	".i\017\325w\240\034@9\204r\030\345\010\212Gz\362y\007"
 196      77A01C40 
 196      39847218 
 196      E5088A47 
 196      7AF27907 
 197 009c 3908FE7F 		.ascii	"9\010\376\177\033\345\270\216G\026\034\276l\376\216"
 197      1BE5B88E 
 197      47161CBE 
 197      6CFE8E
 198 00ab 3681C206 		.ascii	"6\201\302\006C\221\246\242\354E\011G\371\025\216ME\271"
 198      4391A6A2 
 198      EC450947 
 198      F9158E4D 
 198      45B9
 199 00bd 8CED1E89 		.ascii	"\214\355\036\211s?\205\272\214\342\007\234\227\306\365"
 199      733F85BA 
 199      8CE2079C 
 199      97C6F5
 200 00cc 6B6CE39F 		.ascii	"kl\343\2374\023\036\347\376\000u\223\340V\271(\017\205"
 200      34131EE7 
 200      FE007593 
 200      E056B928 
 200      0F85
 201 00de A9F6744E 		.ascii	"\251\366tN\021\006;\372\270\376\203\270@\215K\344\347"
 201      11063BFA 
 201      B8FE83B8 
 201      408D4BE4 
 201      E7
 202 00ef 0F229E58 		.ascii	"\017\"\236X\003\357'\202\323\3107\363_p\322|?'8g\033"
 202      03EF2782 
 202      D3C837F3 
 202      5F70D27C 
 202      3F273867 
 203 0104 38D71168 		.ascii	"8\327\021h\374\354\310\001\371\002\234\003\304\302d"
 203      FCECC801 
 203      F9029C03 
 203      C4C264
 204 0113 D60BC07F 		.ascii	"\326\013\300\177\201\011S\307\324\007\200\365c\257,"
 204      810953C7 
 204      D40780F5 
 204      63AF2C
 205 0122 0952B50B 		.ascii	"\011R\265\013T\013\241\313B\225\005%\373\023\306\240"
 205      540BA1CB 
 205      42950525 
 205      FB13C6A0 
 206 0132 63E4C3DC 		.ascii	"c\344\303\334\223\372\3609\360\0063S\255A\326\034\000"
 206      93FAF039 
 206      F0063353 
ARM GAS  C:\Users\Lena\AppData\Local\Temp\ccZ8Xt3e.s 			page 15


 206      AD41D61C 
 206      00
 207 0143 E80D7484 		.ascii	"\350\015t\204<l1\356\215O\322&\007\352\354\177(\354"
 207      3C6C31EE 
 207      8D4FD226 
 207      07EAEC7F 
 207      28EC
 208 0155 B862EE87 		.ascii	"\270b\356\207\363\264\267d.\260\276\217\353\007\373"
 208      F3B4B764 
 208      2EB0BE8F 
 208      EB07FB
 209 0164 FD082E13 		.ascii	"\375\010.\023l\367\337\257\372s\3446\205?\001\277\321"
 209      6CF7DFAF 
 209      FA73E436 
 209      853F01BF 
 209      D1
 210 0175 D2D63A76 		.ascii	"\322\326:v\317=i\005\001\213\031dT\273\207:6\005\241"
 210      CF3D6905 
 210      018B1964 
 210      54BB873A 
 210      3605A1
 211 0188 3AD50C93 		.ascii	":\325\014\223Q\035Yv\352\260yZ\001\263r)\223ex\373i"
 211      511D5976 
 211      EAB0795A 
 211      01B37229 
 211      936578FB 
 212 019d D806D3A1 		.ascii	"\330\006\323\241\006\246\243\363\3550\015\177\027\232"
 212      06A6A3F3 
 212      ED300D7F 
 212      179A
 213 01ab 38933B6B 		.ascii	"8\223;k\315\366\0113J\224\222\001\305\335\223\365\373"
 213      CDF60933 
 213      4A949201 
 213      C5DD93F5 
 213      FB
 214 01bc 02975285 		.ascii	"\002\227R\205V\241\024\005\325@`+D\322\210\261\211\277"
 214      56A11405 
 214      D540602B 
 214      44D288B1 
 214      89BF
 215 01ce 55D00F50 		.ascii	"U\320\017P\011\027p>;`\006Z\273\266\235\315\365#KX\260"
 215      0917703E 
 215      3B60065A 
 215      BBB69DCD 
 215      F5234B58 
 216 01e3 E50F4687 		.ascii	"\345\017F\207\010\0061\323\014cc\004;jo6\335\017\341"
 216      080631D3 
 216      0C636304 
 216      3B6A6F36 
 216      DD0FE1
 217 01f6 1D74FC50 		.ascii	"\035t\374P\373\361\212`\362\017\332\226W\225\326|\032"
 217      FBF18A60 
 217      F20FDA96 
 217      5795D67C 
 217      1A
 218 0207 08E6881C 		.ascii	"\010\346\210\034E\311\2421\372EH\336\010a\027DP\033"
 218      45C9A231 
ARM GAS  C:\Users\Lena\AppData\Local\Temp\ccZ8Xt3e.s 			page 16


 218      FA4548DE 
 218      08611744 
 218      501B
 219 0219 EA19EAB0 		.ascii	"\352\031\352\260s'vV\320\271\270\217V\317\\\367\261"
 219      73277656 
 219      D0B9B88F 
 219      56CF5CF7 
 219      B1
 220 022a A2C8D000 		.ascii	"\242\310\320\000f\250\327\242\233i\346\2239\230\327"
 220      66A8D7A2 
 220      9B69E693 
 220      3998D7
 221 0239 77C54C8A 		.ascii	"w\305L\212Y\362\344\207\256\202[&\2100\013\323\316\330"
 221      59F2E487 
 221      AE825B26 
 221      88300BD3 
 221      CED8
 222 024b 231F52D3 		.ascii	"#\037R\323=h\272[3E&\374\3473\216F\037q\240\223\225"
 222      3D68BA5B 
 222      334526FC 
 222      E7338E46 
 222      1F71A093 
 223 0260 BBFB1E4E 		.ascii	"\273\373\036N\"\273\010sR\265i\303\367\376^'\367n=W"
 223      22BB0873 
 223      52B569C3 
 223      F7FE5E27 
 223      F76E3D57 
 224 0274 C19CEC45 		.ascii	"\301\234\354E'_hN\366\214\357\244\311\267\223\355\207"
 224      275F684E 
 224      F68CEFA4 
 224      C9B793ED 
 224      87
 225 0285 DD1D2126 		.ascii	"\335\035!&\272)(\025\026\213\366\271\306r&\216[\326"
 225      BA292815 
 225      168BF6B9 
 225      C672268E 
 225      5BD6
 226 0297 FDACACFB 		.ascii	"\375\254\254\373@\324\325\325\233W\247\3255\374b\275"
 226      40D4D5D5 
 226      9B57A7D5 
 226      35FC62BD 
 227 02a7 A260648A 		.ascii	"\242`d\212\211\342\240V\013\255\326X\330\003\254\260"
 227      89E2A056 
 227      0BADD658 
 227      D803ACB0 
 228 02b7 C747EB27 		.ascii	"\307G\353'\2222\023+\334\365\221*O\260\240\352\376m"
 228      9232132B 
 228      DCF5912A 
 228      4FB0A0EA 
 228      FE6D
 229 02c9 A1E2C659 		.ascii	"\241\342\306Y\340\034\351\0129\250\021\0354\022\035"
 229      E01CE90A 
 229      39A8111D 
 229      34121D
 230 02d8 6244AB1B 		.ascii	"bD\253\033\356\025\373\221Z\316\364\340j{\263\277`j"
 230      EE15FB91 
 230      5ACEF4E0 
ARM GAS  C:\Users\Lena\AppData\Local\Temp\ccZ8Xt3e.s 			page 17


 230      6A7BB3BF 
 230      606A
 231 02ea FE9D9789 		.ascii	"\376\235\227\211\206\344\326\230\334F\246\303\214i\333"
 231      86E4D698 
 231      DC46A6C3 
 231      8C69DB
 232 02f9 9DAEFA10 		.ascii	"\235\256\372\020\262\2273U\325\224+A\372\\\3204i\311"
 232      B2973355 
 232      D5942B41 
 232      FA5CD034 
 232      69C9
 233 030b 68796C8D 		.ascii	"hyl\215\367\225\227\325\250n=\305O\347\251k\034Q\320"
 233      F79597D5 
 233      A86E3DC5 
 233      4FE7A96B 
 233      1C51D0
 234 031e ACF96D36 		.ascii	"\254\371m6\372=\302\374\376\260\374V\311$\322\312\375"
 234      FA3DC2FC 
 234      FEB0FC56 
 234      C924D2CA 
 234      FD
 235 032f 1637AC58 		.ascii	"\0267\254X\031\202T\003X\355/\213\310\250\313\263\\"
 235      19825403 
 235      58ED2F8B 
 235      C8A8CBB3 
 235      5C
 236 0340 2905B6A9 		.ascii	")\005\266\251\240U\243j\245T\264\341a\024_e\357\334"
 236      A055A36A 
 236      A554B4E1 
 236      61145F65 
 236      EFDC
 237 0352 48F87635 		.ascii	"H\370v5Q\306\316\242o&\362\355\032Jw\371H\317\205\340"
 237      51C6CEA2 
 237      6F26F2ED 
 237      1A4A77F9 
 237      48CF85E0 
 238 0366 E05CBA3A 		.ascii	"\340\\\272:V\271\224\300W\031\3311\234\313Q6\227\343"
 238      56B994C0 
 238      5719D931 
 238      9CCB5136 
 238      97E3
 239 0378 10ACD262 		.ascii	"\020\254\322b\023\361{.\346\037\012\344lghLE\373\356"
 239      13F17B2E 
 239      E61F0AE4 
 239      6C67684C 
 239      45FBEE
 240 038b B4F9713D 		.ascii	"\264\371q=\200\016\017\326\354\011\341\354n:|\362Ji"
 240      800E0FD6 
 240      EC09E1EC 
 240      6E3A7CF2 
 240      4A69
 241 039d 76301FEE 		.ascii	"v0\037\356\242z\313\351\243C&\322\352\307\346s\376X"
 241      A27ACBE9 
 241      A34326D2 
 241      EAC7E673 
 241      FE58
 242 03af 750D8D2C 		.ascii	"u\015\215,\234n\332\261\261I\272m\033\316\267m\367\312"
ARM GAS  C:\Users\Lena\AppData\Local\Temp\ccZ8Xt3e.s 			page 18


 242      9C6EDAB1 
 242      B149BA6D 
 242      1BCEB76D 
 242      F7CA
 243 03c1 E12D1348 		.ascii	"\341-\023H;\203\313\205m=\315\272=U\375B\3410M\344I"
 243      3B83CB85 
 243      6D3DCDBA 
 243      3D55FD42 
 243      E1304DE4 
 244 03d6 4CFE57DA 		.ascii	"L\376W\332\354\303\275\253\235\315G\362N\006\272q\265"
 244      ECC3BDAB 
 244      9DCD47F2 
 244      4E06BA71 
 244      B5
 245 03e7 878BD5DE 		.ascii	"\207\213\325\336\205\235_\362\325^\275%o\263?9\315}"
 245      859D5FF2 
 245      D55EBD25 
 245      6FB33F39 
 245      CD7D
 246 03f9 780EF69D 		.ascii	"x\016\366\2351\251\357\006#\301i\037\004\352\006\237"
 246      31A9EF06 
 246      23C1691F 
 246      04EA069F 
 247 0409 E1617BEF 		.ascii	"\341a{\357\024\006\363\265\026\314I\020/\207\234m+Z"
 247      1406F3B5 
 247      16CC4910 
 247      2F879C6D 
 247      2B5A
 248 041b 883987AE 		.ascii	"\2109\207\256\227\177\207\025-::F;\375H?\317\324\247"
 248      977F8715 
 248      2D3A3A46 
 248      3BFD483F 
 248      CFD4A7
 249 042e ADBB3DA2 		.ascii	"\255\273=\242\206\307\250\276vo\313\276 r\211\017~\223"
 249      86C7A8BE 
 249      766FCBBE 
 249      2072890F 
 249      7E93
 250 0440 7BA9C59F 		.ascii	"{\251\305\237\\\345\212Z\000\213(@q\337\217m@n\360\301"
 250      5CE58A5A 
 250      008B2840 
 250      71DF8F6D 
 250      406EF0C1 
 251 0454 7D7BF67B 		.ascii	"}{\366{D\261\242uon\013\177s7^9\3561\363\332)\200\372"
 251      44B1A275 
 251      6F6E0B7F 
 251      73375E39 
 251      EE31F3DA 
 252 046b 81EE7373 		.ascii	"\201\356ss\311\020\267l\036\336Y)\352H\337\2569\205"
 252      C910B76C 
 252      1EDE5929 
 252      EA48DFAE 
 252      3985
 253 047d C35D93E8 		.ascii	"\303]\223\350t\024\261jh`\336E\363\015\2355DM\207K|"
 253      7414B16A 
 253      6860DE45 
 253      F30D9D35 
ARM GAS  C:\Users\Lena\AppData\Local\Temp\ccZ8Xt3e.s 			page 19


 253      444D874B 
 254 0492 2ABD23AD 		.ascii	"*\275#\255g\375,\253\030\032+fbY\032@x?\203\177\013"
 254      67FD2CAB 
 254      181A2B66 
 254      62591A40 
 254      783F837F 
 255 04a7 16D5881D 		.ascii	"\026\325\210\035/\371\203\023\365\340\236\237\003\357"
 255      2FF98313 
 255      F5E09E9F 
 255      03EF
 256 04b5 282B5F67 		.ascii	"(+_g&wx\220\033n\237\277.\326f\004\252\025w\367\271"
 256      26777890 
 256      1B6E9FBF 
 256      2ED66604 
 256      AA1577F7 
 257 04ca 02C8081F 		.ascii	"\002\310\010\037[spS\347\004\362\220+\352\036\260\360"
 257      5B737053 
 257      E704F290 
 257      2BEA1EB0 
 257      F0
 258 04db 3D90D5F3 		.ascii	"=\220\325\363\022Q\374\3719\221\267\372<\220l\256\014"
 258      1251FCF9 
 258      3991B7FA 
 258      3C906CAE 
 258      0C
 259 04ec 665F1E10 		.ascii	"f_\036\020\371\231\206j~\373\215p\362\011\037\372\351"
 259      F999866A 
 259      7EFB8D70 
 259      F2091FFA 
 259      E9
 260 04fd 584B3859 		.ascii	"XK8Y\311\333\236\306\252J \371\\\031.\362\3340\223B"
 260      C9DB9EC6 
 260      AA4A20F9 
 260      5C192EF2 
 260      DC309342 
 261 0511 AE94746F 		.ascii	"\256\224to\374\"\200l\344J\305H\001\036A\245\\\371\272"
 261      FC22806C 
 261      E44AC548 
 261      011E41A5 
 261      5CF9BA
 262 0524 E9544E10 		.ascii	"\351TN\020\251\340JN]\335\372 \262\225+Y\373z\363\304"
 262      A9E04A4E 
 262      5DDDFA20 
 262      B2952B59 
 262      FB7AF3C4 
 263 0538 E93A40F5 		.ascii	"\351:@\365o\313\277-\011\024U\361G=\267\273\343\036"
 263      6FCBBF2D 
 263      091455F1 
 263      473DB7BB 
 263      E31E
 264 054a 901D1C9C 		.ascii	"\220\035\034\234\333x\362\202i\334:\334W\353\020\315"
 264      DB78F282 
 264      69DC3ADC 
 264      57EB10CD 
 265 055a CA907F20 		.ascii	"\312\220\177 \177\367Dc\031:\020\335\316\320\017Xf\357"
 265      7FF74463 
 265      193A10DD 
ARM GAS  C:\Users\Lena\AppData\Local\Temp\ccZ8Xt3e.s 			page 20


 265      CED00F58 
 265      66EF
 266 056c AB99EDBA 		.ascii	"\253\231\355\272\\Vn2\326a<\364\323\267r\017\377\030"
 266      5C566E32 
 266      D6613CF4 
 266      D3B7720F 
 266      FF18
 267 057e 02616161 		.ascii	"\002aaaS\302tO\004\373\335\254d\273\024w\377\011rm\373"
 267      53C2744F 
 267      04FBDDAC 
 267      64BB1477 
 267      FF09726D 
 268 0593 89E54A49 		.ascii	"\211\345JI30*L3\214\301\024m\037\234c\274\307\350\257"
 268      33302A4C 
 268      338CC114 
 268      6D1F9C63 
 268      BCC7E8AF 
 269 05a7 C44D2EA5 		.ascii	"\304M.\245\343[:\2330\370\011#\274\363\011x\233\016"
 269      E35B3A9B 
 269      30F80923 
 269      BCF30978 
 269      9B0E
 270 05b9 DE6784F7 		.ascii	"\336g\204\3672x\014E\347\2119\3155Ip\017\307\357\262"
 270      32780C45 
 270      E78939CD 
 270      3549700F 
 270      C7EFB2
 271 05cc 218AC63D 		.ascii	"!\212\306=\010\313\345\010X&\207\201\202\222\203\362"
 271      08CBE508 
 271      58268781 
 271      829283F2 
 272 05dc 214A16CA 		.ascii	"!J\026\312*\224l\224OQ>B\371\004\3453\224\025(\037\243"
 272      2A946C94 
 272      4F513E42 
 272      F904E533 
 272      9415281F 
 273 05f1 E4A13C84 		.ascii	"\344\241<\2040\370\011%\027\333.\224G\330^)\207\261"
 273      30F80925 
 273      17DB2E94 
 273      47D85E29 
 273      87B1
 274 0603 B7318FF1 		.ascii	"\2671\217\361l\252\026\343\035c\214Q\306\031u\353\320"
 274      6CAA16E3 
 274      1D638C51 
 274      C61975EB 
 274      D0
 275 0614 3FFA44C7 		.ascii	"?\372D\307h\340a\035\370\007#\270\037\014\350\263\272"
 275      68E0611D 
 275      F80723B8 
 275      1F0CE8B3 
 275      BA
 276 0625 649DF19D 		.ascii	"d\235\361\235[\035\2729MC\3372\242\2777\242\277\323"
 276      5B1DBA39 
 276      4D43DF32 
 276      A2BF37A2 
 276      BFD3
 277 0637 45326C44 		.ascii	"E2lD\267?Q\267n\035\371M#\374;#\371\260\016}\305\210"
ARM GAS  C:\Users\Lena\AppData\Local\Temp\ccZ8Xt3e.s 			page 21


 277      B73F51B7 
 277      6E1DF94D 
 277      23FC3B23 
 277      F9B00E7D 
 278 064d BE60445F 		.ascii	"\276`D_\322\205r\333w(\372\244\350\270o\370\216\344"
 278      D28572DB 
 278      7728FAA4 
 278      E8B86FF8 
 278      8EE4
 279 065f B1C07539 		.ascii	"\261\300u9<\353{\301=\266>u\354\203\276\223\310\341"
 279      3CEB7BC1 
 279      3DB63E75 
 279      EC83BE93 
 279      C8E1
 280 0671 FC4C3971 		.ascii	"\374L9q\323\262LQ\200\302$q\236h\353\350\312\367\226"
 280      D3B24C51 
 280      80C22471 
 280      9E68EBE8 
 280      CAF796
 281 0684 352EE558 		.ascii	"5.\345X4#\273n$\273\372DEt\256\257\371F{#]\206\360\364"
 281      3423BB6E 
 281      24BBFA44 
 281      4574AEAF 
 281      F9467B23 
 282 069c 650C3E0A 		.ascii	"e\014>\012\026\030\021pu\353C\233\221\374\201.\307C"
 282      16181170 
 282      75EB439B 
 282      91FC812E 
 282      C743
 283 06ae BE179E9E 		.ascii	"\276\027\236\236\374A\032'\277\214\344\027\005\\}\277"
 283      FC411A27 
 283      BF8CE417 
 283      055C7DBF 
 284 06be 8B027238 		.ascii	"\213\002r8\275!t\234\256\232H*&\260\263\271\371\363"
 284      BD21749C 
 284      AE9A482A 
 284      26B0B3B9 
 284      F9F3
 285 06d0 FD8578FE 		.ascii	"\375\205x\376O\341\351\271;\350\217\237%\260V\236\002"
 285      4FE1E9B9 
 285      3BE88F9F 
 285      25B0569E 
 285      02
 286 06e1 AB65EF81 		.ascii	"\253e\357\201K\223\345{\207\303\032\334\330\377\355"
 286      4B93E57B 
 286      87C31ADC 
 286      D8FFED
 287 06f0 4D4E4F86 		.ascii	"MNO\206\353+/\312\372\013\025\215P{'\347\313\301\354"
 287      EB2B2FCA 
 287      FA0B158D 
 287      507B27E7 
 287      CBC1EC
 288 0703 6E86FF11 		.ascii	"n\206\377\021\\\332p\247(\204\324O\340\347\370\351\266"
 288      5CDA70A7 
 288      2884D44F 
 288      E0E7F8E9 
 288      B6
ARM GAS  C:\Users\Lena\AppData\Local\Temp\ccZ8Xt3e.s 			page 22


 289 0714 3EC0EB9D 		.ascii	">\300\353\235{\200]\357\232>l\307\267\3452e\356\253"
 289      7B805DEF 
 289      9A3E6CC7 
 289      B7E53265 
 289      EEAB
 290 0726 EC8E5AA0 		.ascii	"\354\216Z\240M\022\233\217\337\025\327\311\364\242\327"
 290      4D129B8F 
 290      DF15D7C9 
 290      F4A2D7
 291 0735 75A47D07 		.ascii	"u\244}\007\220VNV\366]S\2138\352CP=\267ym\271\211\237"
 291      90564E56 
 291      F65D538B 
 291      38EA4350 
 291      3DB7796D 
 292 074c 22D7E870 		.ascii	"\"\327\350pi\347\355\00239\311\261\243\327\326\366\002"
 292      69E7ED02 
 292      3339C9B1 
 292      A3D7D6F6 
 292      02
 293 075d C7D2A05A 		.ascii	"\307\322\240Zn\356\2727\376\341\276I\026\207\312F\231"
 293      6EEEBA37 
 293      FEE1BE49 
 293      1687CA46 
 293      99
 294 076e 9D2AA746 		.ascii	"\235*\247F\016<\010&\347\030\223i\240l\370\006~\221"
 294      0E3C0826 
 294      E7189369 
 294      A06CF806 
 294      7E91
 295 0780 4C0730A3 		.ascii	"L\0070\243T\250\037\217\022\224\312f\370\\&\352\307"
 295      54A81F8F 
 295      1294CA66 
 295      F85C26EA 
 295      C7
 296 0791 779182F4 		.ascii	"w\221\202\364C\037\320n~W\033\332\254\220i\022\314b"
 296      431FD06E 
 296      7E571BDA 
 296      AC906912 
 296      CC62
 297 07a3 67151463 		.ascii	"g\025\024cyJ\231\237\315\362t(AGEXj\332\203\016\277"
 297      794A999F 
 297      CDF27428 
 297      41474558 
 297      6ADA830E 
 298 07b8 E86ADA10 		.ascii	"\350j\332\020\244\035L\300\270\213\020W(\323\370\312"
 298      A41D4CC0 
 298      B88B1057 
 298      28D3F8CA 
 299 07c8 648B1A25 		.ascii	"d\213\032%E\257\352,"
 299      45AFEA2C 
 300 07d0 DD106816 		.ascii	"\335\020h\026>r~\326\007\242\033z?Z\037\250\347\336"
 300      3E727ED6 
 300      07A21B7A 
 300      3F5A1FA8 
 300      E7DE
 301 07e2 F273DCC5 		.ascii	"\362s\334\305\305\225\305\360L\231\322\345\306\317\234"
 301      C595C5F0 
ARM GAS  C:\Users\Lena\AppData\Local\Temp\ccZ8Xt3e.s 			page 23


 301      4C99D2E5 
 301      C6CF9C
 302 07f1 E6F0BA2C 		.ascii	"\346\360\272,\267\342\232\013\345\262\0056`\261\360"
 302      B7E29A0B 
 302      E5B20536 
 302      60B1F0
 303 0800 5B4667BA 		.ascii	"[Fg\272\036{\026\310\022T\310\317\320\217\202\261\246"
 303      1E7B16C8 
 303      1254C8CF 
 303      D08F82B1 
 303      A6
 304 0811 92107291 		.ascii	"\222\020r\221\247\377\243\334\254:\177\255\356\235Z"
 304      A7FFA3DC 
 304      AC3A7FAD 
 304      EE9D5A
 305 0820 DDE95DBC 		.ascii	"\335\351]\274R\253{\245\261\356U\254\356\207\256o)2"
 305      52AB7BA5 
 305      B1EE55AC 
 305      EE87AE6F 
 305      2932
 306 0832 91DB826C 		.ascii	"\221\333\202lkW\355\004A\326\026\311\277rJ\371WN\265"
 306      6B57ED04 
 306      41D616C9 
 306      BF724AF9 
 306      574EB5
 307 0845 C6546D64 		.ascii	"\306Tmd\332\312\230\012\316\214T\206\220\354\000\306"
 307      DACA980A 
 307      CE8C5486 
 307      90EC00C6 
 308 0855 D4D39BDD 		.ascii	"\324\323\233\335$VE\220\356\342?U\\\374\037\015u=\022"
 308      24564590 
 308      EEE23F55 
 308      5CFC1F0D 
 308      753D12
 309 0868 374233AA 		.ascii	"7B3\252{\263v\366\373\215\273hj\325E\263\203\347\271"
 309      7BB376F6 
 309      FB8DBB68 
 309      6AD545B3 
 309      83E7B9
 310 087b 77C5DD73 		.ascii	"w\305\335s&c\015\267c\262\266\261d\355dy\256U\363\334"
 310      26630DB7 
 310      63B2B6B1 
 310      64ED6479 
 310      AE55F3DC 
 311 088f D27B677F 		.ascii	"\322{g\177\210\261*\343\242\007G~\0325y\2532[T\245N"
 311      88B12AE3 
 311      A207477E 
 311      1A3579AB 
 311      325B54A5 
 312 08a4 54053FE7 		.ascii	"T\005?\347t\2465\242*\365\254*\215\353\362_ \253\371"
 312      74A635A2 
 312      2AF5AC2A 
 312      8DEBF25F 
 312      20ABF9
 313 08b7 EC5BD637 		.ascii	"\354[\32674\313ZQ\036\225\237P\213B?\334\032\264T6\030"
 313      34CB5A51 
 313      1E959F50 
ARM GAS  C:\Users\Lena\AppData\Local\Temp\ccZ8Xt3e.s 			page 24


 313      8B423FDC 
 313      1AB45436 
 314 08cc 53B98BA5 		.ascii	"S\271\213\245\322\323P\323\214\037\261\234\254>\367"
 314      D2D350D3 
 314      8C1FB19C 
 314      AC3EF7
 315 08db EA98D91B 		.ascii	"\352\230\331\033\322\013\206\220\216<\026\322n\021R"
 315      D20B8690 
 315      8E3C16D2 
 315      6E1152
 316 08ea A3FC8CE4 		.ascii	"\243\374\214\344\357p\276\226\236\342\014x\345\215\277"
 316      EF70BE96 
 316      9EE20C78 
 316      E58DBF
 317 08f9 84C6C5C4 		.ascii	"\204\306\305\304H\357\314{\336f]\360f\274=%}Q\206m^"
 317      48EFCC7B 
 317      DE665DF0 
 317      66BC3D25 
 317      7D51866D 
 318 090e 8AC39999 		.ascii	"\212\303\231\231\262\320\036\277`\376\254XU\263\305"
 318      B2D01EBF 
 318      60FEAC58 
 318      55B3C5
 319 091d 2D4E5998 		.ascii	"-NY\230\022\357\\\232\224\222a\177/Z\257\332\022i;\303"
 319      12EF5C9A 
 319      9492617F 
 319      2F5AAFDA 
 319      12693BC3 
 320 0931 11336776 		.ascii	"\0213gvT\206#jqBj\224#3\221\376\267;\234\221\211R\260"
 320      5486236A 
 320      71426A94 
 320      233391FE 
 320      B73B9C91 
 321 0948 C319EF4C 		.ascii	"\303\031\357L\310t\276\230\232\220\231f\266\333\227"
 321      C874BE98 
 321      9A909966 
 321      B6DB97
 322 0957 A6A43B63 		.ascii	"\246\244;cf\333\235\371\220\364\274-\323\231\341\340"
 322      66DB9DF9 
 322      90F4BC2D 
 322      D399E1E0 
 323 0967 6E93845B 		.ascii	"n\223\204[\2073\015\335\012\215s;\274nu\252\315\231"
 323      87330DDD 
 323      0A8D733B 
 323      BC6E75AA 
 323      CD99
 324 0979 9191EAB0 		.ascii	"\221\221\352\260\275\233\2764\224\265B\221=49marRRr"
 324      BD9BBE34 
 324      94B54291 
 324      3D34396D 
 324      61725252 
 325 098e 926D76E4 		.ascii	"\222mv\344\254\320\330\350\2309\177\213\261a\377\263"
 325      ACD0D8E8 
 325      98397F8B 
 325      B161FFB3 
 326 099e E919E9C9 		.ascii	"\351\031\351\311\317&',L\261\245\244'\246.MJ\266\245"
 326      CF26272C 
ARM GAS  C:\Users\Lena\AppData\Local\Temp\ccZ8Xt3e.s 			page 25


 326      4CB1A5A4 
 326      27A62E4D 
 326      4AB6A5
 327 09b1 2520577A 		.ascii	"% Wz\262\315\236\224\274(ai\252\323\356|\177I\262#r"
 327      B2CD9E94 
 327      BC286169 
 327      AAD3EE7C 
 327      7F49B223 
 328 09c6 B114A0C6 		.ascii	"\261\024\240\306\227\373\177\215\317\361\276\303\206"
 328      97FB7F8D 
 328      CFF1BEC3 
 328      86
 329 09d3 BE923018 		.ascii	"\276\2220\030\014*\020UgJZ\262\335\231\364K\326*\323"
 329      0C2A1055 
 329      674A5AB2 
 329      DD99F44B 
 329      D62AD3
 330 09e6 1925FC45 		.ascii	"\031%\374E%.\246.D\016\202h\3112\226\360\212a;\331\251"
 330      252EA62E 
 330      440E8268 
 330      C93296F0 
 330      8A613BD9 
 331 09fb 365F114D 		.ascii	"6_\021MD\330SS\2230\212\024\247\343\227^>K22\235\216"
 331      44D85353 
 331      93308A14 
 331      A7E3975E 
 331      3E4B3232 
 332 0a11 284610F5 		.ascii	"(F\020\365\372\353\363\242\026\2746\377\275\030\261"
 332      FAEBF3A2 
 332      16BC36FF 
 332      BD18B1
 333 0a20 A0A8578C 		.ascii	"\240\250W\214\320/.n\276u\226XM\263b\355\316\000\265"
 333      D02F2E6E 
 333      BE759658 
 333      4DB362ED 
 333      CE00B5
 334 0a33 21BF6935 		.ascii	"!\277i5\315\233\377\242\225\314\213\263\232^\232\267"
 334      CD9BFFA2 
 334      95CC8BB3 
 334      9A5E9AB7 
 335 0a43 C04AE2E2 		.ascii	"\300J\342\342\254\304\212\362\242\325J\336\212\217#"
 335      ACC48AF2 
 335      A2D54ADE 
 335      8A8F23
 336 0a52 716F2C30 		.ascii	"qo,0\305\305\275le\034\261\3547\206\274\374\212U\216"
 336      C5C5BD6C 
 336      651CB1EC 
 336      3786BCFC 
 336      8A558E
 337 0a65 47CBD75E 		.ascii	"G\313\327^\266\232\342\347#:\316\032\213\022\203\310"
 337      B69AE2E7 
 337      233ACE1A 
 337      8B1283C8 
 338 0a75 BF5A33FF 		.ascii	"\277Z3\37773dK\313\216u\346%\020\212\335i\021\311v\320"
 338      3733644B 
 338      CB8E75E6 
 338      25108ADD 
ARM GAS  C:\Users\Lena\AppData\Local\Temp\ccZ8Xt3e.s 			page 26


 338      6911C976 
 339 0a8a 6D644FA0 		.ascii	"mdO\240\371\017\261\333\027-MO\264\333#\347\314\376"
 339      F90FB1DB 
 339      172D4D4F 
 339      B4DB23E7 
 339      CCFE
 340 0a9c D37301AA 		.ascii	"\323s\001\252fJ\\\234\220\371\224\027\236\261\204\243"
 340      664A5C9C 
 340      90F99417 
 340      9EB184A3 
 341 0aac 27AB3DC9 		.ascii	"'\253=\311O\232\317\211\216Q\207\337\3659\374\307\177"
 341      4F9ACF89 
 341      8E5187DF 
 341      F539FCC7 
 341      7F
 342 0abd 02B34BD8 		.ascii	"\002\263K\330X"
 342      58
 343              		.text
 344              		.section	.gnu.lto_.symtab.d26e07d3,"",%progbits
 345 0000 7374496E 		.ascii	"stInit\000"
 345      697400
 346 0007 00       		.ascii	"\000"
 347 0008 00       		.ascii	"\000"
 348 0009 00       		.ascii	"\000"
 349 000a 00000000 		.ascii	"\000\000\000\000\000\000\000\000"
 349      00000000 
 350 0012 AE000000 		.ascii	"\256\000\000\000"
 351 0016 73745374 		.ascii	"stStartAlarm\000"
 351      61727441 
 351      6C61726D 
 351      00
 352 0023 00       		.ascii	"\000"
 353 0024 00       		.ascii	"\000"
 354 0025 00       		.ascii	"\000"
 355 0026 00000000 		.ascii	"\000\000\000\000\000\000\000\000"
 355      00000000 
 356 002e BD000000 		.ascii	"\275\000\000\000"
 357 0032 73745374 		.ascii	"stStopAlarm\000"
 357      6F70416C 
 357      61726D00 
 358 003e 00       		.ascii	"\000"
 359 003f 00       		.ascii	"\000"
 360 0040 00       		.ascii	"\000"
 361 0041 00000000 		.ascii	"\000\000\000\000\000\000\000\000"
 361      00000000 
 362 0049 BF000000 		.ascii	"\277\000\000\000"
 363 004d 73745365 		.ascii	"stSetAlarm\000"
 363      74416C61 
 363      726D00
 364 0058 00       		.ascii	"\000"
 365 0059 00       		.ascii	"\000"
 366 005a 00       		.ascii	"\000"
 367 005b 00000000 		.ascii	"\000\000\000\000\000\000\000\000"
 367      00000000 
 368 0063 C1000000 		.ascii	"\301\000\000\000"
 369 0067 73744765 		.ascii	"stGetAlarm\000"
 369      74416C61 
ARM GAS  C:\Users\Lena\AppData\Local\Temp\ccZ8Xt3e.s 			page 27


 369      726D00
 370 0072 00       		.ascii	"\000"
 371 0073 00       		.ascii	"\000"
 372 0074 00       		.ascii	"\000"
 373 0075 00000000 		.ascii	"\000\000\000\000\000\000\000\000"
 373      00000000 
 374 007d C4000000 		.ascii	"\304\000\000\000"
 375 0081 73745F6C 		.ascii	"st_lld_init\000"
 375      6C645F69 
 375      6E697400 
 376 008d 00       		.ascii	"\000"
 377 008e 02       		.ascii	"\002"
 378 008f 00       		.ascii	"\000"
 379 0090 00000000 		.ascii	"\000\000\000\000\000\000\000\000"
 379      00000000 
 380 0098 C6000000 		.ascii	"\306\000\000\000"
 381              		.text
 382              		.section	.gnu.lto_.opts,"",%progbits
 383 0000 272D666D 		.ascii	"'-fmath-errno' '-fsigned-zeros' '-ftrapping-math' '"
 383      6174682D 
 383      6572726E 
 383      6F272027 
 383      2D667369 
 384 0033 2D666E6F 		.ascii	"-fno-trapv' '-fno-openmp' '-fno-openacc' '-mcpu=cor"
 384      2D747261 
 384      70762720 
 384      272D666E 
 384      6F2D6F70 
 385 0066 7465782D 		.ascii	"tex-m7' '-mno-thumb-interwork' '-mthumb' '-ggdb' '-"
 385      6D372720 
 385      272D6D6E 
 385      6F2D7468 
 385      756D622D 
 386 0099 4F322720 		.ascii	"O2' '-fomit-frame-pointer' '-falign-functions=16' '"
 386      272D666F 
 386      6D69742D 
 386      6672616D 
 386      652D706F 
 387 00cc 2D666675 		.ascii	"-ffunction-sections' '-fdata-sections' '-fno-common"
 387      6E637469 
 387      6F6E2D73 
 387      65637469 
 387      6F6E7327 
 388 00ff 2720272D 		.ascii	"' '-flto'\000"
 388      666C746F 
 388      2700
 389              		.text
 390              		.comm	__gnu_lto_v1,1,1
 391              		.comm	__gnu_lto_slim,1,1
 392              		.ident	"GCC: (GNU Tools for ARM Embedded Processors 6-2017-q1-update) 6.3.1 20170215 (release) [AR
ARM GAS  C:\Users\Lena\AppData\Local\Temp\ccZ8Xt3e.s 			page 28


DEFINED SYMBOLS
                            *ABS*:00000000 hal_st.c
                            *COM*:00000001 __gnu_lto_v1
                            *COM*:00000001 __gnu_lto_slim

NO UNDEFINED SYMBOLS
