ARM GAS  C:\Users\Lena\AppData\Local\Temp\ccj0l0EA.s 			page 1


   1              		.cpu cortex-m7
   2              		.eabi_attribute 20, 1
   3              		.eabi_attribute 21, 1
   4              		.eabi_attribute 23, 3
   5              		.eabi_attribute 24, 1
   6              		.eabi_attribute 25, 1
   7              		.eabi_attribute 26, 1
   8              		.eabi_attribute 30, 2
   9              		.eabi_attribute 34, 1
  10              		.eabi_attribute 18, 4
  11              		.file	"memstreams.c"
  12              		.text
  13              	.Ltext0:
  14              		.section	.gnu.lto_.profile.d26e1785,"",%progbits
  15 0000 789C6365 		.ascii	"x\234ce`b`a```d\010\260\004\000\001Y\000\226"
  15      60626061 
  15      60606064 
  15      08B00400 
  15      01590096 
  16              		.text
  17              		.section	.gnu.lto_.icf.d26e1785,"",%progbits
  18 0000 789C6365 		.ascii	"x\234ce`bPc@\0006\206MO/\354\345b\334\371\347\304s^"
  18      60625063 
  18      40003686 
  18      4D4F2FEC 
  18      E562DCF9 
  19 0018 A6F9DFE6 		.ascii	"\246\371\337\346\177\345f\006\223,og\316~\300\317\372"
  19      7FE56606 
  19      932C6F67 
  19      CE7EC0CF 
  19      FA
  20 0029 F5C6F237 		.ascii	"\365\306\3627l\014\000\205\312\023\300"
  20      6C0C0085 
  20      CA13C0
  21              		.text
  22              		.section	.gnu.lto_.jmpfuncs.d26e1785,"",%progbits
  23 0000 789C458B 		.ascii	"x\234E\213\273\021\000 \010C\023@-\235\312\241\254\262"
  23      BB110020 
  23      08431340 
  23      2D9DCAA1 
  23      ACB2
  24 0012 BA5888AF 		.ascii	"\272X\210\257\310]~\015\206\205O\203\221.1\221y\352"
  24      C85D7E0D 
  24      86854F83 
  24      912E3191 
  24      79EA
  25 0024 10D56D93 		.ascii	"\020\325m\223o\342\225\246\251\"\342^\246\022\034\360"
  25      6FE295A6 
  25      A922E25E 
  25      A6121CF0 
  26 0034 C60714   		.ascii	"\306\007\024"
  27              		.text
  28              		.section	.gnu.lto_.inline.d26e1785,"",%progbits
  29 0000 789CB591 		.ascii	"x\234\265\2211\016\3020\014E\277\235\224D4Ua*HHd\002"
  29      310EC230 
  29      0C45BF9D 
  29      94443455 
ARM GAS  C:\Users\Lena\AppData\Local\Temp\ccj0l0EA.s 			page 2


  29      612A4848 
  30 0016 A69E8189 		.ascii	"\246\236\201\211\2213p\024\330:vddd\344(\0359\002##"
  30      91337014 
  30      D83A7664 
  30      6464E428 
  30      1D390223 
  31 002b 23D8AD40 		.ascii	"#\330\255@Ht$\221\236\034Ky\266\223\004\214\003\341"
  31      48742491 
  31      9E1C4B79 
  31      B693048C 
  31      03E1
  32 003d BD12200B 		.ascii	"\275\022 \013d\020\011f\255\334)\343pP\227\360M\311"
  32      64100966 
  32      ADDC29E3 
  32      705097F0 
  32      4DC9
  33 004f A09BB32D 		.ascii	"\240\233\263-\005^C\017{\232\007\320\325\215X\011\276"
  33      055E430F 
  33      7B9A07D0 
  33      D58D5809 
  33      BE
  34 0060 E4131112 		.ascii	"\344\023\021\022B\332\371Z\323\236:\241\251\012\270"
  34      42DAF95A 
  34      D39E3AA1 
  34      A90AB8
  35 006f C7E287D0 		.ascii	"\307\342\207\320\034\213~!c<%\373%\344(\023\2505}]\203"
  35      1C8B7E21 
  35      633C25FB 
  35      25E42813 
  35      A8357D5D 
  36 0084 BFF7B6C9 		.ascii	"\277\367\266\311M\036D=\223c\324d\224\344J\3246\003"
  36      4D1E443D 
  36      9363D464 
  36      94E44AD4 
  36      3603
  37 0096 4CBD956D 		.ascii	"L\275\225m>U\272g\370C\021\013\357\010\234TK\244\347"
  37      3E55BA67 
  37      F843110B 
  37      EF089C54 
  37      4BA4E7
  38 00a9 0DEB073C 		.ascii	"\015\353\007<\001\310\1775\215"
  38      01C87F35 
  38      8D
  39              		.text
  40              		.section	.gnu.lto_.pureconst.d26e1785,"",%progbits
  41 0000 789C6365 		.ascii	"x\234ce`b\340f```e\220b\224b\222b\226b\221\002\000\004"
  41      6062E066 
  41      60606065 
  41      90629462 
  41      92629662 
  42 0018 2200A4   		.ascii	"\"\000\244"
  43              		.text
  44              		.section	.gnu.lto__put.d26e1785,"",%progbits
  45 0000 789C9552 		.ascii	"x\234\225RIL\023Q\030~\337\274i\247\205Z\243'\017=p"
  45      494C1351 
  45      187EDFBC 
  45      69A7855A 
ARM GAS  C:\Users\Lena\AppData\Local\Temp\ccj0l0EA.s 			page 3


  45      A3270F3D 
  46 0015 90100E32 		.ascii	"\220\020\0162(.\211\211'\271\032\023\341\330\204P\304"
  46      282E8989 
  46      27B91A13 
  46      E1D88450 
  46      C4
  47 0026 300958B5 		.ascii	"0\011X\265\350Q\036-\026\342\006qaK\353\220\030\202"
  47      E8511E2D 
  47      16E20671 
  47      614BEB90 
  47      1882
  48 0038 A2ECA080 		.ascii	"\242\354\240\200[#\211\012\202\242\006c<x\220%!\212"
  48      5B23890A 
  48      82A20663 
  48      3C789025 
  48      218A
  49 004a 06977843 		.ascii	"\006\227xC\3777SC\215\027\230d\336\274\345\377\226\377"
  49      FF375343 
  49      8D179864 
  49      DEBCE5FF 
  49      96FF
  50 005c 9BE7600A 		.ascii	"\233\347`\012\233\345\214U2\306v\321\013\007\203\322"
  50      9BE58C55 
  50      32C676D1 
  50      0B0783D2 
  51 006c F082B16A 		.ascii	"\360\202\261j\227\242\250&\230H\343\313\223\214\011"
  51      97A2A826 
  51      9848E3CB 
  51      938C09
  52 007b 0F876AEF 		.ascii	"\017\207j\357\253\200\234\010\027X\225\302UT\241\236"
  52      AB809C08 
  52      175895C2 
  52      5554A19E 
  53 008b 3771BCAA 		.ascii	"7q\274\252\351\215\361\213\334\344\014*-\227\247Zg\275"
  53      E98DF18B 
  53      DCE40C2A 
  53      2D97A75A 
  53      67BD
  54 009d 720964D0 		.ascii	"r\011d\320rn$\272\244fw\010z\022MW\234\327\372\247\205"
  54      726E24BA 
  54      A4667708 
  54      7A124D57 
  54      9CD7FAA7 
  55 00b2 DBE40A6B 		.ascii	"\333\344\012k\241\362\033\360\241\003>\251~\023\331"
  55      A1F21BF0 
  55      A1033EA9 
  55      7E13D9
  56 00c1 54FC666A 		.ascii	"T\374fj\246A\343\345`4\037\250k\033\361d\265\013\021"
  56      A641E3E5 
  56      60341FA8 
  56      6B1BF164 
  56      B50B11
  57 00d4 1689C9CB 		.ascii	"\026\211\311\313\\l59G'x*\220\266\030n!\213\312c\321"
  57      5C6C3539 
  57      4727782A 
  57      90B6186E 
  57      218BCA63 
ARM GAS  C:\Users\Lena\AppData\Local\Temp\ccj0l0EA.s 			page 4


  58 00e9 CE79CE83 		.ascii	"\316y\316\203\026\364S\364\333\027o\022\372\371\207"
  58      16F453F4 
  58      DB176F12 
  58      FAF987
  59 00f8 223C26B9 		.ascii	"\"<&\271\275mC\363|\310\225@\225\241\013Y\262\372\373"
  59      BD6D43F3 
  59      7CC89540 
  59      95A10B59 
  59      B2FAFB
  60 010b D799E76E 		.ascii	"\327\231\347n~\334B\232\303\221Vo\346u\013\371\241y"
  60      7EDC429A 
  60      C391566F 
  60      E6750BF9 
  60      A179
  61 011d F3A58878 		.ascii	"\363\245\210x&T\223;\320\375\257\260|\250\374c\337\312"
  61      2654933B 
  61      D0FDAFB0 
  61      7CA8FC63 
  61      DFCA
  62 012f D50D4E15 		.ascii	"\325\015N\025=\310\224\015Q\037\275p\202\276=\257\221"
  62      3DC8940D 
  62      511FBD70 
  62      82BE3DAF 
  62      91
  63 0140 102BBF6B 		.ascii	"\020+\277kE\342\355\226w\203S\233\274 I\205\"!\263\016"
  63      45E2ED96 
  63      7783539B 
  63      BC204985 
  63      2221B30E 
  64 0154 9A3A9D72 		.ascii	"\232:\235r\320h\320\\rpC\272I\227\233\03690v\226\350"
  64      D068D05C 
  64      727043BA 
  64      49979B1E 
  64      39307696 
  65 0169 64DAE728 		.ascii	"d\332\347(+\372\362y\204\333z\316g[\002$\027\247\316"
  65      2BFAF279 
  65      84DB7ACE 
  65      675B0224 
  65      17A7CE
  66 017c 17111E5D 		.ascii	"\027\021\036]\2740\346\224{q\356 ?\215g\036\277\324"
  66      BC30E694 
  66      7B71EE20 
  66      3F8D671E 
  66      BFD4
  67 018e 64F60EAB 		.ascii	"d\366\016\253\233_O'\352<&\342\325\024~\206\311]\004"
  67      9B5F4F27 
  67      EA3C26E2 
  67      D5147E86 
  67      C95D04
  68 01a1 429F744F 		.ascii	"B\237tOg\355s\341nM\357\022\366\221\033\3750\321,[`"
  68      67ED73E1 
  68      6E4DEF12 
  68      F6911BFD 
  68      30D12C5B 
  69 01b6 18806E71 		.ascii	"\030\200nq\217\347\330\314\316uR\015ZT2\006\014\021"
  69      8FE7D8CC 
  69      CE75520D 
ARM GAS  C:\Users\Lena\AppData\Local\Temp\ccj0l0EA.s 			page 5


  69      5A543206 
  69      0C11
  70 01c8 D51C6ADE 		.ascii	"\325\034j\336\217\355L\232\214\313\336\230l\2133\272"
  70      8FED4C9A 
  70      8CCBDE98 
  70      6C8B33BA 
  71 01d8 5EDCEAA1 		.ascii	"^\334\352\241>\222\354A[\227\222\206;\226\222\"\225"
  71      3E92EC41 
  71      5B979286 
  71      3B969222 
  71      95
  72 01e9 EE5AA623 		.ascii	"\356Z\246#\261h\213\303\346\"\240&\325H\241u|\237\334"
  72      B1688BC3 
  72      E622A026 
  72      D548A175 
  72      7C9FDC
  73 01fc 4B0D48FB 		.ascii	"K\015H\373/\2406/]\012\202aX\212a\204\250\343\334m\207"
  73      2FA0362F 
  73      5D0A8261 
  73      588A6184 
  73      A8E3DC6D 
  74 0211 DC1CD16C 		.ascii	"\334\034\321l\322\3645\031\334&S\030]M\341\236\355\255"
  74      D2F43519 
  74      DC265318 
  74      5D4DE19E 
  74      EDAD
  75 0223 310A9BC5 		.ascii	"1\012\233\305c\023\015\325N\366\245I3\364\367q\237\030"
  75      63130DD5 
  75      4EF6A549 
  75      33F4F771 
  75      9F18
  76 0235 48ABD19D 		.ascii	"H\253\321\235t\272F\225\007\253*\017\241\023\265\225"
  76      74BA4695 
  76      07AB2A0F 
  76      A113B595 
  77 0245 AD6A5D99 		.ascii	"\255j]\231%(,n\235\375\004\010\266\020\033|\262Q\352"
  77      25282C6E 
  77      9DFD0408 
  77      B6101B7C 
  77      B251EA
  78 0258 29388D47 		.ascii	")8\215G\360)\023%\251\221(`H\300\307G\027\246A\327\017"
  78      F0291325 
  78      A9912860 
  78      48C0C747 
  78      17A641D7 
  79 026d 9283A235 		.ascii	"\222\203\2425\362\367\372\017\025\036,(2\216\036\011"
  79      F2F7FA0F 
  79      151E2C28 
  79      328E1E09 
  80 027d FAF38D50 		.ascii	"\372\363\215P\345\011#PTPx o\307\337\225\177\177\231"
  80      E5092350 
  80      54507820 
  80      6FC7DF95 
  80      7F7F99
  81 0290 11300A2A 		.ascii	"\0210\012*O\0366\202E\247rS\227\376\0229\017\206\266"
  81      4F1E3682 
  81      45A77253 
ARM GAS  C:\Users\Lena\AppData\Local\Temp\ccj0l0EA.s 			page 6


  81      97FE1239 
  81      0F86B6
  82 02a3 EFD9AD07 		.ascii	"\357\331\255\007CzYq\271^n\004t\202\225\026W\204\364"
  82      437A5971 
  82      B95E6E04 
  82      74829516 
  82      5784F4
  83 02b6 8AD28AE4 		.ascii	"\212\322\212\3444\247\204)\3061\004xE\350\330\037\011"
  83      34A78429 
  83      C6310478 
  83      45E8D81F 
  83      09
  84 02c7 815DBF   		.ascii	"\201]\277"
  85              		.text
  86              		.section	.gnu.lto__get.d26e1785,"",%progbits
  87 0000 789C9552 		.ascii	"x\234\225R]H\024Q\024\276g\356\354\314\316\262\032\365"
  87      5D481451 
  87      14BE67EE 
  87      ECCCCEB2 
  87      1AF5
  88 0012 20044BF8 		.ascii	" \004K\370\220\210\0176\226\375@\257\371\032A\372\022"
  88      90880F36 
  88      96FD40AF 
  88      F91A41FA 
  88      12
  89 0023 2C886B86 		.ascii	",\210k\206\003n+\255\365\024y\335\265U4J\212\374c\267"
  89      036E2BAD 
  89      F51479DD 
  89      B555344A 
  89      8AFC63B7 
  90 0037 114234CB 		.ascii	"\021B4\313\177\267\374iaI\312~\264\2540\260\247(\025"
  90      7FB7FC69 
  90      6149CA7E 
  90      B4AC30B0 
  90      A72815
  91 004a 2C2CEC17 		.ascii	",,\354\027*\254sf\254\214^r`\356\334s\356\371\276\357"
  91      2AAC7366 
  91      AC8C5E72 
  91      60EEDC73 
  91      EEF9BEEF 
  92 005e 9C6FAE83 		.ascii	"\234o\256\203Il\2143V\301\030\333\205/8\030H\015\017"
  92      496C8C33 
  92      56C118DB 
  92      852F3818 
  92      480D0F
  93 0071 19AB724A 		.ascii	"\031\253rJ\222l\002\023.\276<\311\230ps\220\355\274"
  93      926C0213 
  93      2EBE3CC9 
  93      98707390 
  93      EDBC
  94 0083 0C401BE1 		.ascii	"\014@\033\341\004V)q\031*\341\034o\342\360\270\272/"
  94      04562971 
  94      192AE11C 
  94      6FE2F0B8 
  94      BA2F
  95 0095 CACF7293 		.ascii	"\312\317r\2233\2201\\\236j}\225J!@:\206s#\221%9\253"
  95      3390315C 
ARM GAS  C:\Users\Lena\AppData\Local\Temp\ccj0l0EA.s 			page 7


  95      9E6A7D95 
  95      4A21403A 
  95      86732391 
  96 00ac 43E0936C 		.ascii	"C\340\223l\032V.\015L\013\315\344\022k\301\362N\360"
  96      1A562E0D 
  96      4C0BCDE4 
  96      126BC1F2 
  96      4EF0
  97 00be 40077848 		.ascii	"@\007xH\375\012da\361\323\251\231\006\225\227\001\303"
  97      FD0A6461 
  97      F1D3A999 
  97      06959701 
  97      C3
  98 00cf FD606DDB 		.ascii	"\375`m\333\210;\263]\210\220HN^\340b\253\3119t\001_"
  98      883BB35D 
  98      8890484E 
  98      5EE062AB 
  98      C9397401 
  99 00e4 0BC41483 		.ascii	"\013\304\024\203\253\220I\365\037\336\315<\320x\300"
  99      AB9049F5 
  99      1FDECD3C 
  99      D078C0
 100 00f3 C29AC3E1 		.ascii	"\302\232\303\341\326\324\214\313\026\366s\313\246\363"
 100      D6D48CCB 
 100      16F673CB 
 100      A6F3
 101 0101 617157C8 		.ascii	"aqW\310&\266|\355o<=X\036\215t\315s\036\264\240\267"
 101      26B67CED 
 101      6F3C3D58 
 101      1E8D74CD 
 101      731EB4A0 
 102 0116 BFCF4EB8 		.ascii	"\277\317N\270V\241o[\322\226C\242\231\240\016\350\261"
 102      56A16F5B 
 102      D29643A2 
 102      99A00EE8 
 102      B1
 103 0127 A1B91EC8 		.ascii	"\241\271\036\310\371\015|\331\277r1E\221\241\0272\240"
 103      F90D7CD9 
 103      BF723145 
 103      91A11732 
 103      A0
 104 0138 1B326828 		.ascii	"\0332h(\234\245\017\024\300\017e{\237@R\254\374\250"
 104      9CA50F14 
 104      C00F657B 
 104      9F4052AC 
 104      FCA8
 105 014a 11C985CD 		.ascii	"\021\311\205\315\211\217\3176\246\000\366,\2415\330"
 105      898FCF36 
 105      A600F62C 
 105      A135D8
 106 0159 B403B78A 		.ascii	"\264\003\267\212B\213\212\213\352\244Ec\204rQ\322M\225"
 106      428B8A8B 
 106      EAA44563 
 106      847251D2 
 106      4D95
 107 016b 8CD52125 		.ascii	"\214\325!%\271^\217\001~\371<\204\332\276\235\311\262"
 107      B95E8F01 
ARM GAS  C:\Users\Lena\AppData\Local\Temp\ccj0l0EA.s 			page 8


 107      7EF93C84 
 107      DABE9DC9 
 107      B2
 108 017c 44503286 		.ascii	"DP2\206\016,Bht\261s\\\241\\\214;\260\257\306\323\267"
 108      0E2C4268 
 108      74B1735C 
 108      A15C8C3B 
 108      B0AFC6D3 
 109 0191 1EA9F40F 		.ascii	"\036\251\364\017dk\246/\023\367k\335&\304\252\360'\244"
 109      646BA62F 
 109      13F76BDD 
 109      26C4AAF0 
 109      27A4
 110 01a3 9BDC8920 		.ascii	"\233\334\211 \350\247\361\361\254}.\324\243\352\335"
 110      E8A7F1F1 
 110      AC7D2ED4 
 110      A3EADD
 111 01b2 C23ED260 		.ascii	"\302>\322`\000Lh\2461\030\014\202nq\337\313\266\231"
 111      004C68A6 
 111      31180C82 
 111      6E71DFCB 
 111      B699
 112 01c4 9575520D 		.ascii	"\225uR\015YT@Tq\244\232\203\352\347\343;W\233D6\313"
 112      59544054 
 112      71A49A83 
 112      EAE7E33B 
 112      579B4436 
 113 01d9 C47AEC1F 		.ascii	"\304z\354\037\257\031\267f\350\012\253\366\261\272."
 113      AF19B766 
 113      E80AABF6 
 113      B1BA2E
 114 01e8 2515AE5B 		.ascii	"%\025\256[J\022)\335\260\232\016G#\263\016\233\013\201"
 114      4A1229DD 
 114      B09A0E47 
 114      23B30E9B 
 114      0B81
 115 01fa 2AA9A1C2 		.ascii	"*\251\241\302\327\272CvN[\353\221\372\217Gm[L\352\320"
 115      D7BA4376 
 115      4E5BEB91 
 115      FA8F476D 
 115      5B4CEAD0 
 116 020e 09C3A407 		.ascii	"\011\303\244\007#\310\316\310\3674\313\365^r]#\221\306"
 116      23C8CEC8 
 116      F734CBF5 
 116      5E725D23 
 116      91C6
 117 0220 48227ED2 		.ascii	"H\"~\322ft\331\366\304k&\373]D\252\001\300(\242Q\265"
 117      6674D9F6 
 117      C46B26FB 
 117      5D44AA01 
 117      C028A251 
 118 0235 51A392FF 		.ascii	"Q\243\222\377\232(\233\200c\177l\273\011:R\023\311\373"
 118      9A289B80 
 118      637F6CBB 
 118      093A5213 
 118      C9FB
 119 0247 9AA978A9 		.ascii	"\232\251x\251-\345&urN\266.\304\022H,f\225\177\002@"
ARM GAS  C:\Users\Lena\AppData\Local\Temp\ccj0l0EA.s 			page 9


 119      2DE52675 
 119      724EB62E 
 119      C412482C 
 119      66957F02 
 120 025c A685E8D0 		.ascii	"\246\205\350\320\235\015\324\202\004\247 \001\036i\364"
 120      9D0DD482 
 120      04A72001 
 120      1E69F4
 121 026b F50B4014 		.ascii	"\365\013@\024o}3\015x\235\200Ph\225\221\267\327{\260"
 121      6F7D330D 
 121      789D8050 
 121      689591B7 
 121      D77BB0
 122 027e E0407EA1 		.ascii	"\340@~\241q\364H\300\233g\004+\216\031\276\302\374\202"
 122      71F448C0 
 122      9B67042B 
 122      8E19BEC2 
 122      FC82
 123 0290 FDB93B7E 		.ascii	"\375\271;~E\336}\245\206\317\310\2578~\330\010\024\236"
 123      45DE7DA5 
 123      86CFC8AF 
 123      387ED808 
 123      149E
 124 02a2 C8591B7A 		.ascii	"\310Y\033z\213i\037\010n\337\263[\017\004\365\322\242"
 124      8B691F08 
 124      6EDFB35B 
 124      0F04F5D2 
 124      A2
 125 02b3 32BDCCF0 		.ascii	"2\275\314\360\351\010+)\362\007u\177\211\177u\273\255"
 125      E9082B29 
 125      F207757F 
 125      897F75BB 
 125      AD
 126 02c4 98494639 		.ascii	"\230IF9\367\007\313\301\367\0238\265U\031"
 126      F707CBC1 
 126      F71338B5 
 126      5519
 127              		.text
 128              		.section	.gnu.lto__reads.d26e1785,"",%progbits
 129 0000 789C9552 		.ascii	"x\234\225R\317KTQ\024\276\347\3357\363fdf\372\007$\\"
 129      CF4B5451 
 129      14BEE7DD 
 129      37F36664 
 129      66FA0724 
 130 0015 24E2C25E 		.ascii	"$\342\302^?\244\240\250M.\332D\240.\007\3041\303\007"
 130      3FA4A0A8 
 130      4D2EDA44 
 130      A02E07C4 
 130      31C307
 131 0028 8E238ED5 		.ascii	"\216#\216\325r\256\243N\232QF9:\346\360\0041\263\362"
 131      72AEA34E 
 131      9A514639 
 131      3AE6F004 
 131      31B3F2
 132 003b 57963966 		.ascii	"W\2269f1\030\024e\032\371c\345\"(#\244\242B\302\205"
 132      31181465 
 132      1AF963E5 
ARM GAS  C:\Users\Lena\AppData\Local\Temp\ccj0l0EA.s 			page 10


 132      222823A4 
 132      A242C285 
 133 004f A89D73DF 		.ascii	"\250\235s\337X\346J\037\274\373\356=\347|\3379\337w"
 133      58E64A1F 
 133      BCFBEE3D 
 133      E77CDF39 
 133      DF77
 134 0061 9F8D292C 		.ascii	"\237\215),Ce\354\022c,\027_\2601P\232\247\031\253q("
 134      4365EC12 
 134      632C175F 
 134      B031509A 
 134      A719AB71 
 135 0076 0A9FD399 		.ascii	"\012\237\323\231HS\307\3672\341\342\240Za\025\2006\302"
 135      4853C7F7 
 135      32E1E2A0 
 135      5A611580 
 135      36C2
 136 0088 012CA470 		.ascii	"\001,\244p\025Bp\235\267rx_7\330\301\257q\2233P\361"
 136      1542709D 
 136      B772785F 
 136      37D8C1AF 
 136      71933350 
 137 009d F86BAAFD 		.ascii	"\370k\252\375\223\207\216\000\031x\274-f\032\265\354"
 137      93878E00 
 137      1978BC2D 
 137      661AB5EC 
 138 00ad 1E21C222 		.ascii	"\036!\302\"\331\372\363\304\215\332\372\323&WX\014\253"
 138      D9FAF3C4 
 138      8DDAFAD3 
 138      2657580C 
 138      AB
 139 00be EF423AF4 		.ascii	"\357B:\364@:\365\356\205l\254\235\235\232o\326x90\334"
 139      403AF5EE 
 139      856CAC9D 
 139      9D9A6FD6 
 139      783930DC 
 140 00d2 0F377426 		.ascii	"\0177t&\\Y\335\022\267x\223\213}&\347p\017\370V \206"
 140      5C59DD12 
 140      B778938B 
 140      7D26E770 
 140      0FF85620 
 141 00e7 18DC872C 		.ascii	"\030\334\207,,_m\232\217:y@Bk\272GL%\005}\333\"\241"
 141      2C5F6D9A 
 141      8F3A7940 
 141      426BBA47 
 141      4C25057D 
 142 00fe 2A3CD80E 		.ascii	"*<\330\016U\031\364I\350\232\270\025\365\360*\011\215"
 142      5519F449 
 142      E89AB815 
 142      F5F02A09 
 142      8D
 143 010f 4DB42CB8 		.ascii	"M\264,\2707\273F%T\201\376\355P\205\301\000dQ\375\362"
 143      37BB4625 
 143      5481FEED 
 143      5085C100 
 143      6451FDF2 
 144 0123 8FF94927 		.ascii	"\217\371I'\257\226Xs\264\266\335\223\331%\261\323\255"
ARM GAS  C:\Users\Lena\AppData\Local\Temp\ccj0l0EA.s 			page 11


 144      AF965873 
 144      B4B6DD93 
 144      D925B1D3 
 144      AD
 145 0134 B69848D6 		.ascii	"\266\230H\326e\230\334\006\203\377\303\351\301\352\217"
 145      6598DC06 
 145      83FFC3E9 
 145      C1EA8F
 146 0143 43EB2D6E 		.ascii	"C\353-n\273\012C\220If\240\007\017\301\016\370\035\230"
 146      BB0A4390 
 146      4966A007 
 146      0FC10EF8 
 146      1D98
 147 0155 81A458DF 		.ascii	"\201\244X\337\270,\222/W\340N\327U\330\003\262\235\002"
 147      B82C922F 
 147      57E04ED7 
 147      55D803B2 
 147      9D02
 148 0167 2455C5F6 		.ascii	"$U\305\366v\033-vZ4\240\224\203\3448iI\003\022\345\242"
 148      761B2D76 
 148      5A34A094 
 148      83E43869 
 148      490312E5 
 149 017c 949B16C6 		.ascii	"\224\233\026\306\256 7\335Z\023N\215_\376\031\302\235"
 149      AE2037DD 
 149      5A134E8D 
 149      5FFE19C2 
 149      9D
 150 018d 5F2615D9 		.ascii	"_&\025\331\015{\3071\274\004\341\261\245\325\\\012\305"
 150      0D7BC731 
 150      BC04E1B1 
 150      A5D55C0A 
 150      C5
 151 019e 395D61B4 		.ascii	"9]a\264~\342\235FWh\223\302V^\275ip\231\020\257\021"
 151      7EE29D46 
 151      576893C2 
 151      565EBD69 
 151      709910AF 
 152 01b3 42A0220D 		.ascii	"B\240\"\01510LJ0\327\275\030\356\327\364>a\245\024x"
 152      31304C4A 
 152      30D7BD18 
 152      EED7F43E 
 152      61A51478 
 153 01c7 0426B491 		.ascii	"\004&\264\221\034\006\217A\227\324\257s,f\333.\251F"
 153      1C068F41 
 153      97D4AF73 
 153      2C66DB2E 
 153      A946
 154 01d9 24155902 		.ascii	"$\025Y\002O$Um[\244\321fq\321\240\310\310\026\241n\372"
 154      4F24556D 
 154      5BA4D166 
 154      71D1A0C8 
 154      C816A16E 
 155 01ee 45EEDF98 		.ascii	"E\356\337\230&\335m\302\337bN\227J\227\217K\241\350"
 155      26DD6DC2 
 155      DF624E97 
 155      4A978F4B 
ARM GAS  C:\Users\Lena\AppData\Local\Temp\ccj0l0EA.s 			page 12


 155      A1E8
 156 0200 519CCCC0 		.ascii	"Q\234\314\300\224\232r\301\272\3038\362K\371k\371\026"
 156      949A72C1 
 156      BAC338F2 
 156      4BF96BF9 
 156      16
 157 0211 89635743 		.ascii	"\211cWC\2520*\207Th\310\2045dG\244W\263\270\234HGC~"
 157      AA302A87 
 157      5468C884 
 157      356447A4 
 157      57B3B89C 
 158 0229 8548A787 		.ascii	"\205H\247\207BD\220H|[\320Bk\302arG\214\324\301\030"
 158      42449048 
 158      7C5BD042 
 158      6BC26172 
 158      478CD4C1 
 159 023e 84589CA7 		.ascii	"\204X\234\247\311z0\271\323\032h\375\244E\342\332\321"
 159      C97A30B9 
 159      D31A68FD 
 159      A445E2DA 
 159      D1
 160 024f 403964D8 		.ascii	"@9d\330\323\177\206\215[\263D#`\261\270\221\032\271"
 160      D37F868D 
 160      5BB34423 
 160      60B1B891 
 160      1AB9
 161 0261 883AEAA4 		.ascii	"\210:\352\244\320\316Y\237\375c}\016:R\261\357h\354"
 161      D0CE599F 
 161      FD637D0E 
 161      3A52B1EF 
 161      68EC
 162 0273 C66C8A99 		.ascii	"\306l\212\231\022\277\001\3115\005U\330y\373\007\216"
 162      12BF01C9 
 162      350555D8 
 162      79FB078E 
 163 0283 FF1C90CB 		.ascii	"\377\034\220\313\350\212\221w\314\233_x\266\240\310"
 163      E88A9177 
 163      CC9B5F78 
 163      B6A0C8
 164 0292 A8381FF0 		.ascii	"\2508\037\360\346\031\301\352*\303WTPx\346\360\241\315"
 164      E619C1EA 
 164      2AC35754 
 164      5078E6F0 
 164      A1CD
 165 02a4 93F75499 		.ascii	"\223\367T\231\3413\012\252/\2343\002E\027\017l=zKh\037"
 165      E1330AAA 
 165      2F9C3302 
 165      45170F6C 
 165      3D7A4B68 
 166 02b9 081E3C7A 		.ascii	"\010\036<zD\017\004\365\262\342r\275\334\360\351\010"
 166      440F04F5 
 166      B2E272BD 
 166      DCF0E908 
 167 02c9 2B2DF607 		.ascii	"+-\366\007u\177\251?\265\335_\302\024\243R\361UB\005"
 167      757FA93F 
 167      B5DD5FC2 
 167      14A352F1 
ARM GAS  C:\Users\Lena\AppData\Local\Temp\ccj0l0EA.s 			page 13


 167      554205
 168 02dc F7072BFF 		.ascii	"\367\007+\377\000+Ci\207"
 168      002B4369 
 168      87
 169              		.text
 170              		.section	.gnu.lto__writes.d26e1785,"",%progbits
 171 0000 789C9552 		.ascii	"x\234\225R\317KTQ\024\276\347\335\367\346\315\330\314"
 171      CF4B5451 
 171      14BEE7DD 
 171      F7E6CDD8 
 171      CC
 172 0011 F40F48B9 		.ascii	"\364\017H\271H\304E\276~H\205\321*\027m\"H\227\202\250"
 172      48C445BE 
 172      7E4885D1 
 172      2A176D22 
 172      489782A8 
 173 0025 193E701C 		.ascii	"\031>p\034q\254\226s\035u\262\2042\312\3211\207'\204"
 173      71AC9673 
 173      1D75B284 
 173      32CAD131 
 173      872784
 174 0038 5899BFB2 		.ascii	"X\231\277\262\324Q\213\301\202\310\320\310\037\033m"
 174      D4518BC1 
 174      82C8D0C8 
 174      1F1B6D
 175 0047 55BA108D 		.ascii	"U\272\020\215\210\250\026\241v\316}S\232+}\360\356;"
 175      88A816A1 
 175      76CE7D53 
 175      9A2B7DF0 
 175      EE3B
 176 0059 F79CF37D 		.ascii	"\367\234\363}\367|\337}\032S\330A\225\261k\214\261l"
 176      F77CDF7D 
 176      1A53D841 
 176      95B16B8C 
 176      B16C
 177 006b 7C4163A0 		.ascii	"|Ac\2404M3V\343T\024>g0\221\242\216\037`\302\315A\265"
 177      344D3356 
 177      E354143E 
 177      673091A2 
 177      8E1F60C2 
 178 0082 D32A0005 		.ascii	"\323*\000\005\302\011,\250p\025\202p\233\267p\370P\327"
 178      C2092CA8 
 178      70158270 
 178      9BB770F8 
 178      50D7
 179 0094 DFCE6F71 		.ascii	"\337\316oq\2133Pq\373m\252\355\263\227\266\000i\270"
 179      8B335071 
 179      FB6DAAED 
 179      B397B600 
 179      69B8
 180 00a6 BD2F666E 		.ascii	"\275/fn\350\231]B\204D\242e\374\314\235\332\372s\026"
 180      E8995D42 
 180      8444A265 
 180      FCCC9DDA 
 180      FA7316
 181 00b9 575814BB 		.ascii	"WX\024\273\037B*tA*\235\375\0102\261wvj\276I\347\345"
 181      1F422A74 
ARM GAS  C:\Users\Lena\AppData\Local\Temp\ccj0l0EA.s 			page 14


 181      412A9DFD 
 181      0832B177 
 181      766ABE49 
 182 00cf C0301E6C 		.ascii	"\3000\036l\350\210\2733:%n\355.\027\207,\316\3411\360"
 182      E888BB33 
 182      3A256EED 
 182      2E17872C 
 182      CEE131F0 
 183 00e3 ED404C31 		.ascii	"\355@L1\350\206\014l\377\3358\037qq\277\204\326t\016"
 183      E8860C6C 
 183      FFDD381F 
 183      7171BF84 
 183      D6740E
 184 00f6 594A12FA 		.ascii	"YJ\022\372:\"\241*<\331\011U\031\364H\350\272\270\027"
 184      3A22A12A 
 184      3CD90955 
 184      19F448E8 
 184      BAB817
 185 0109 F1F22A09 		.ascii	"\361\362*\011\215N4/z\222\320\217-\022\252@\357N\250"
 185      8D4E342F 
 185      7A92D08F 
 185      2D12AA40 
 185      EF4EA8
 186 011c C2A00F32 		.ascii	"\302\240\0172\250\377\373\327\371w.^-\261\326Hm\233"
 186      A8FFFBD7 
 186      F9772E5E 
 186      2DB1D648 
 186      6D9B
 187 012e 37FD81C4 		.ascii	"7\375\201\304n4kQ\221\250K\263\270\006\375\377\303\351"
 187      6E346B51 
 187      91A84BB3 
 187      B806FDFF 
 187      C3E9
 188 0140 C1EE4F03 		.ascii	"\301\356O\003\033\315\036\207\012\003\220Nf\240\007"
 188      1BCD1E87 
 188      0A03904E 
 188      66A007
 189 014f 4FC101F8 		.ascii	"O\301\001\370\355\233\201\204\330\330\274.\022?\227"
 189      ED9B8184 
 189      D8D8BC2E 
 189      123F97
 190 015e A16B6CDF 		.ascii	"\241kl\337~\220\247)@JU<\335\241\321\342\240E\007*9"
 190      7E90A729 
 190      404A553C 
 190      DDA1D1E2 
 190      A045072A 
 191 0173 31D45DB4 		.ascii	"1\324]\264\244\000irS\311C\013c7\221\232.\255\021\207"
 191      A4006972 
 191      53C9430B 
 191      6337919A 
 191      2EAD1187 
 192 0187 C62F5F86 		.ascii	"\306/_\206P\307\346\244\"\017\303\243c\230^\201\320"
 192      50C7E6A4 
 192      220FC3A3 
 192      63985E81 
 192      D0
 193 0198 E8CA4A36 		.ascii	"\350\312J6\245b\234n0R?\361^\247\033\324\244\256_o&"
ARM GAS  C:\Users\Lena\AppData\Local\Temp\ccj0l0EA.s 			page 15


 193      A5629C6E 
 193      30523FF1 
 193      5EA71BD4 
 193      A4AE5F6F 
 194 01ad 1BDC16C4 		.ascii	"\033\334\026\304j\204\020(\310\211\030\030$!X\353\\"
 194      6A841028 
 194      C8891818 
 194      242158EB 
 194      5C
 195 01be 0AF5EA46 		.ascii	"\012\365\352F\217\260K\012<\003\013ZI\015\203\347`H"
 195      8FB04B0A 
 195      3C030B5A 
 195      490D83E7 
 195      6048
 196 01d0 EAB75936 		.ascii	"\352\267Y6\263\266G\252!IE\216\300\260\244\252m\015"
 196      B3B647AA 
 196      2149458E 
 196      C0B0A4AA 
 196      6D0D
 197 01e2 47359B8B 		.ascii	"G5\233\213\006EF\266\004u\323\257\262\377\345tin#\376"
 197      064546B6 
 197      0475D3AF 
 197      B2FFE574 
 197      696E23FE 
 198 01f6 15738654 		.ascii	"\025s\206T\332}Z\012E\217bd\006\226\324\244\013\366"
 198      DA7D5A0A 
 198      458F6264 
 198      0696D4A4 
 198      0BF6
 199 0208 15C6905F 		.ascii	"\025\306\220_\312_\315\261I\234{\032R\207\0219\244B"
 199      CA5FCDB1 
 199      499C7B1A 
 199      52871139 
 199      A442
 200 021a 43C6ED21 		.ascii	"C\306\355!\333\303+\311!]1\302jl\025\302\035^J\021A"
 200      DBC32BC9 
 200      215D31C2 
 200      6A6C15C2 
 200      1D5E4A11 
 201 022f 3CBEB6A8 		.ascii	"<\276\266\250\007\327\205\323\342\256(\251\203Q\010"
 201      07D785D3 
 201      E2AE28A9 
 201      835108
 202 023e 32D99C82 		.ascii	"2\331\234\202\323X<\305\036h\355\224M\342\336\325@\207"
 202      D3583CC5 
 202      1E68ED94 
 202      4DE2DED5 
 202      4087
 203 0250 C9B0B12D 		.ascii	"\311\260\261-\303\306\355Y\"a\260Y<H\215\\D\035qQj\367"
 203      C3C6ED59 
 203      2261B059 
 203      3C488D5C 
 203      441D7151 
 204 0266 AC2FB658 		.ascii	"\254/\266X_\202\201T\354\013\032;<\233d\246\302\017"
 204      5F828154 
 204      EC0B1A3B 
 204      3C9B64A6 
ARM GAS  C:\Users\Lena\AppData\Local\Temp\ccj0l0EA.s 			page 16


 204      C20F
 205 0278 40725D41 		.ascii	"@r]A\025\016\276\260\300\361\237\003r\031]1ss\012.\346"
 205      150EBEB0 
 205      C0F19F03 
 205      72195D31 
 205      73730A2E 
 206 028d 5FC82B34 		.ascii	"_\310+4+.\373\013r\315@u\225Y\\\230\227\177\376\370"
 206      2B2EFB0B 
 206      72CD4075 
 206      95595C98 
 206      977FFEF8 
 207 02a1 B1BFBB82 		.ascii	"\261\277\273\202\263ef\261\231W}\345\222\351/\274zd"
 207      B36566B1 
 207      99577DE5 
 207      92E92FBC 
 207      7A64
 208 02b3 FBB6A084 		.ascii	"\373\266\240\204b\177\340\350\311\023\206?`\224\025"
 208      627FE0E8 
 208      C913863F 
 208      609415
 209 02c2 951BE566 		.ascii	"\225\033\345f\261\201\260\322\"_\300\360\225\372\222"
 209      B181B0D2 
 209      225FC0F0 
 209      95FA92
 210 02d1 61560953 		.ascii	"aV\011S\314J\245\270\022*\270/P\371\007\023kh\374"
 210      CC4AA5B8 
 210      122AB82F 
 210      50F90713 
 210      6B68FC
 211              		.text
 212              		.section	.gnu.lto_msObjectInit.d26e1785,"",%progbits
 213 0000 789C9D93 		.ascii	"x\234\235\223]HTA\024\307\347\177\347\356\275k\351\322"
 213      5D485441 
 213      14C7E77F 
 213      E7EEBD6B 
 213      E9D2
 214 0012 430F513E 		.ascii	"C\017Q>\370\020\210/\335>\240\240\327\204z\211 }\\\020"
 214      F810882F 
 214      DD3EA0A0 
 214      D7847A89 
 214      207D5C10 
 215 0026 D756BCE4 		.ascii	"\327V\274\344\266\342\325\202\020\366\272j\033\006V"
 215      B6E2D582 
 215      10F6BA6A 
 215      1B0656
 216 0035 A469E276 		.ascii	"\244i\342v\245\260\255l\375\352\323\314v[\260H\373\240"
 216      A5B0AD6C 
 216      FDEAD3CC 
 216      765BB048 
 216      FBA0
 217 0047 C887E80B 		.ascii	"\310\207\350\013R$\203\2100\020\244\2643\343\012&\275"
 217      52248388 
 217      3010A4B4 
 217      33E30A26 
 217      BD
 218 0058 E4C030E7 		.ascii	"\344\3000\347\314=\377\337\2349g\256\213)\254\2033\026"
 218      CC3DFFDF 
ARM GAS  C:\Users\Lena\AppData\Local\Temp\ccj0l0EA.s 			page 17


 218      9C3967AE 
 218      8B29AC83 
 218      3316
 219 006a 628C6DA2 		.ascii	"b\214m\242\011\316\240\234y\301X\255[\001\204a\273\301"
 219      09CEA09C 
 219      79C158AD 
 219      5B018461 
 219      BBC1
 220 007c 420A4238 		.ascii	"B\012B8\315[9R\221\251A%/f\323H\266^\324O\330\015\033"
 220      CD5B3952 
 220      91A94125 
 220      2F66D348 
 220      B65ED44F 
 221 0093 1C925FA0 		.ascii	"\034\222_\240)\006b\310\243\250W\365}\035\274\211;\034"
 221      290662C8 
 221      A3A857F5 
 221      7D1DBC89 
 221      3B1C
 222 00a5 50C9FDF1 		.ascii	"P\311\375\361\274}\302#\\\0059\344\316|\037\037\313"
 222      BC7DC223 
 222      5C0539E4 
 222      CE7C1F1F 
 222      CB
 223 00b6 E0E56064 		.ascii	"\340\345`d_o\216{r\273l;l'\2375s{\263\303i\017\234x"
 223      5F6F8E7B 
 223      72BB6C3B 
 223      6C279F35 
 223      737BB3C3 
 224 00ce B8866C5C 		.ascii	"\270\206l\\E6\243-\206n\344Rt\254~\350m\006\257\220"
 224      4536A32D 
 224      866EE452 
 224      74AC7EE8 
 224      6D06AF90 
 225 00e2 CA3753D1 		.ascii	"\3127S\321XfZ\372\253EJU\334X)U\031\342Rz\251v|,\213"
 225      58665AFA 
 225      AB454A55 
 225      DC582955 
 225      19E2527A 
 226 00fb 1F93D248 		.ascii	"\037\223\322H|xz\351\324\307\321\365\347\352\354}\016"
 226      7C787AE9 
 226      D4C7D1F5 
 226      E7EAEC7D 
 226      0E
 227 010c 77A167A5 		.ascii	"w\241g\245\330\305\320+\305\263\261\324\210\312k\244"
 227      D8C5D02B 
 227      C5B3B1D4 
 227      88CA6BA4 
 228 011c F8D368D3 		.ascii	"\370\323h\323\3315K\347.\246\354B\337?\244\375\310\025"
 228      D9354BE7 
 228      2EA6EC42 
 228      DF3FA4FD 
 228      C815
 229 012e F19FFBE7 		.ascii	"\361\237\373\347[\2624u\261D\030\200\006Z{_#i\317/D"
 229      5BB23475 
 229      B1441880 
 229      065A7B5F 
 229      2369CF2F 
ARM GAS  C:\Users\Lena\AppData\Local\Temp\ccj0l0EA.s 			page 18


 230 0143 ECE46417 		.ascii	"\354\344d\027\022{\327R\255\351\206*D\262\032\304\251"
 230      127BD752 
 230      ADE9862A 
 230      44B21AC4 
 230      A9
 231 0154 6E48006B 		.ascii	"nH\000k$\231h\303)\256\210\225O#<\027\211\017\325\010"
 231      249968C3 
 231      29AE8895 
 231      4F233C17 
 231      890FD508 
 232 0168 12D1CF37 		.ascii	"\022\321\3177\244^\352\242\264\\&7\373d\364d\246\203"
 232      A45EEAA2 
 232      B45C2637 
 232      FB64F464 
 232      A683
 233 017a 682DF5A7 		.ascii	"h-\365\247s\243\303\265(\325\374&e$>vM\206{t#.z\227"
 233      73A3C3B5 
 233      28D5FC26 
 233      65243E76 
 233      4D867B74 
 234 0192 E3701DB7 		.ascii	"\343p\035\267\340\240M6\016\267a,\207\351\022V7\227"
 234      E0A04D36 
 234      0EB7612C 
 234      87E91256 
 234      3797
 235 01a4 98F1847E 		.ascii	"\230\361\204~\333\324a\375\262\210\243\275\247\355\335"
 235      DBD461FD 
 235      B288A3BD 
 235      A7EDDD
 236 01b3 87057F9D 		.ascii	"\207\005\177\235\303\335\270K\257\342N\032\276\360u"
 236      C3DDB84B 
 236      AFE24E1A 
 236      BEF075
 237 01c2 A0278382 		.ascii	"\240'\203\202\333\350\340+\020\210{\204'\364 B\214\222"
 237      DBE8E02B 
 237      10887B84 
 237      27F42042 
 237      8C92
 238 01d4 6E9F7E37 		.ascii	"n\237~7\241\247\223\376\217,U\334\227Y\212\242a\010"
 238      A1A793FE 
 238      8F2C55DC 
 238      97598AA2 
 238      6108
 239 01e6 46943A2A 		.ascii	"F\224:*i\357WCs\341\201\244)\2026,h\332\"\355\303\352"
 239      69EF5743 
 239      73E181A4 
 239      2982362C 
 239      68DA22ED 
 240 01fc 680F254D 		.ascii	"h\017%M66!hnA\373\371\345\343\352hIIS\005\355\321\337"
 240      36362168 
 240      6E41FBF9 
 240      E5E3EA68 
 240      49495305 
 241 0213 FD708121 		.ascii	"\375p\201!E\252o\010w.4A\300\345\357\326Hu\241GA\327"
 241      45AA6F08 
 241      772E3441 
 241      C0E5EFD6 
ARM GAS  C:\Users\Lena\AppData\Local\Temp\ccj0l0EA.s 			page 19


 241      4875A147 
 242 0229 31F3777B 		.ascii	"1\363w{\017\026\036((2\217\224\006\275\371\246UUi\372"
 242      0F161E28 
 242      28328F94 
 242      06BDF9A6 
 242      555569FA 
 243 023d 8A0A0AF7 		.ascii	"\212\012\012\367\357\330\276\344y\367\224\231>\263\240"
 243      EFD8BEE4 
 243      79F79499 
 243      3EB3A0
 244 024c AAFA9019 		.ascii	"\252\372\220\031,:\272u\271\353-\021v\320\332\266k\247"
 244      2C3ABA75 
 244      B9EB2D11 
 244      76D0DAB6 
 244      6BA7
 245 025e 11B48CB2 		.ascii	"\021\264\214\262\342r\243\334\364\031$\363\027\007,"
 245      E272A3DC 
 245      F41924F3 
 245      17072C
 246 026d 23E00FA4 		.ascii	"#\340\017\244\315-%\214\007\254\012\315W]Z\352\257T"
 246      CD2D258C 
 246      07AC0ACD 
 246      575D5AEA 
 246      AF54
 247 027f 2DF3B89F 		.ascii	"-\363\270\237\373\203\326\037\205\032Y6"
 247      FB83D61F 
 247      851A5936 
 248              		.text
 249              		.section	.gnu.lto_vmt.d26e1785,"",%progbits
 250 0000 789C6365 		.ascii	"x\234ce`b\230\305\300\300\220\315\000\001\323\231\031"
 250      606298C5 
 250      C0C090CD 
 250      0001D399 
 250      19
 251 0011 77EE7C73 		.ascii	"w\356|s\233\275\376oCGC\303\203\356\365\314\035\314"
 251      9BBDFE6F 
 251      434743C3 
 251      83EEF5CC 
 251      1DCC
 252 0023 F3991966 		.ascii	"\363\231\031f2c\310-x\005\224`\234\311\314\210!\261"
 252      3263C82D 
 252      78059460 
 252      9CC9CC88 
 252      21B1
 253 0035 0A28C134 		.ascii	"\012(\3014\223\231\011C\342\031\323|f\346\231\314\314"
 253      93990943 
 253      E219D37C 
 253      66E699CC 
 253      CC
 254 0046 6089AFCF 		.ascii	"`\211\257\317\236\354\347\260\330\326\320\261\240\301"
 254      9EECE7B0 
 254      D8D6D0B1 
 254      A0C1
 255 0054 613E33CB 		.ascii	"a>3\313\014f\006\306U\214\3653\230\031\031W\202(&\306"
 255      0C6606C6 
 255      558CF533 
 255      98191957 
ARM GAS  C:\Users\Lena\AppData\Local\Temp\ccj0l0EA.s 			page 20


 255      822826C6 
 256 0068 15208A99 		.ascii	"\025 \212\231q9c=\003\343jF\013\206L\027\253\230\240"
 256      7139633D 
 256      03E36A46 
 256      0B864C17 
 256      AB98A0
 257 007b 10FFE0F8 		.ascii	"\020\377\340\370\314\274\264\374\030\227\314\342\222"
 257      CCBCB4FC 
 257      1897CCE2 
 257      92
 258 0088 A2CCA4F8 		.ascii	"\242\314\244\370\340\020_c#\030/\3069#3)3\270\2444%"
 258      E0105F63 
 258      23182FC6 
 258      39233329 
 258      33B8A434 
 259 009d 333FBECC 		.ascii	"3?\276\314\000\231\033\223\014b\347\027\033\232\233"
 259      00991B93 
 259      0C62E717 
 259      1B9A9B
 260 00ac E9E717EB 		.ascii	"\351\347\027\353g$\346\350\347d&\351\003\265\245&\346"
 260      6724E6E8 
 260      E76426E9 
 260      03B5A526 
 260      E6
 261 00bd 16EBE7A6 		.ascii	"\026\353\347\246\346B\231z\311\014\000f\313a\246"
 261      E642997A 
 261      C90C0066 
 261      CB61A6
 262              		.text
 263              		.section	.gnu.lto_.symbol_nodes.d26e1785,"",%progbits
 264 0000 789C5DC9 		.ascii	"x\234]\311\273\015\2000\020\203a\307G\262\006\022\223"
 264      BB0D8030 
 264      108361C7 
 264      47B20612 
 264      93
 265 0011 C0647715 		.ascii	"\300dw\025%b\000\036\201)\020\035\0130\005%C\020\201"
 265      2562001E 
 265      8129101D 
 265      0B300525 
 265      431081
 266 0024 68E2E697 		.ascii	"h\342\346\227>{\020\035\3228Q\201\376\004R\266xXH6S"
 266      3E7B101D 
 266      D2385181 
 266      FE0452B6 
 266      78584836 
 267 0039 5D6E2395 		.ascii	"]n#\225\271\015T\311m\241\026\277\355\326\000>\022V"
 267      B90D54C9 
 267      6DA116BF 
 267      EDD6003E 
 267      1256
 268 004b 01E256AA 		.ascii	"\001\342V\252\177/\300\254N\302\200\253\275K\221\257"
 268      7F2FC0AC 
 268      4EC280AB 
 268      BD4B91AF 
 269 005b 7800EC02 		.ascii	"x\000\354\002%\242"
 269      25A2
 270              		.text
ARM GAS  C:\Users\Lena\AppData\Local\Temp\ccj0l0EA.s 			page 21


 271              		.section	.gnu.lto_.refs.d26e1785,"",%progbits
 272 0000 789C05C1 		.ascii	"x\234\005\301\261\001\000\000\010\303\2404\332\335\377"
 272      B1010000 
 272      08C3A034 
 272      DADDFF
 273 000f AF158A1C 		.ascii	"\257\025\212\034\220\265\331:*\206\007\003e\000<"
 273      90B5D93A 
 273      2A860703 
 273      65003C
 274              		.text
 275              		.section	.gnu.lto_.decls.d26e1785,"",%progbits
 276 0000 789CC557 		.ascii	"x\234\305W[P\024g\026\356\323=\314\3000\200\245\256"
 276      5B501467 
 276      16EED33D 
 276      CCC03080 
 276      A5AE
 277 0012 65B23C10 		.ascii	"e\262<\020Cjy\011\210V\305\255\324>\270ej\263\373@\250"
 277      436A7909 
 277      8856C5AD 
 277      D43EB865 
 277      6AB3FB40 
 278 0027 8AC67DD8 		.ascii	"\212\306}\330\251\232\3452\300l13,3$\272O\015\010\""
 278      A99AE532 
 278      C06C3133 
 278      2C3324BA 
 278      4F0D0822 
 279 003b 4A441190 		.ascii	"JD\021\220\213@\320xC\004\225\240\006Y\307\013\210\312"
 279      8B40D078 
 279      430495A0 
 279      0659C70B 
 279      88CA
 280 004d 1D855540 		.ascii	"\035\205U@DQ\242A\0011 \"\260\347\377\377\236\231f\034"
 280      4451A241 
 280      01312022 
 280      B0E7FFFF 
 280      9E99661C 
 281 0061 76F7612B 		.ascii	"v\367a+\351\362\320}N\237\353w\316\177z\364\340x.\326"
 281      E9F2D07D 
 281      4E9FEB77 
 281      CE7F7AF4 
 281      E0782ED6 
 282 0075 8FE3FEA2 		.ascii	"\217\343\376\242\340\270\277\362\0347\217\227\212\343"
 282      E0B8BFF2 
 282      1C378F97 
 282      8AE3
 283 0083 B84ACE79 		.ascii	"\270J\316y)\221\032\220\256#\335F\352GR\003\307\275"
 283      29911A90 
 283      AE23DD46 
 283      EA475203 
 283      C7BD
 284 0095 8B84FFB8 		.ascii	"\213\204\377\270_\003\267\340\332\211\274\032\357K\221"
 284      5F03B7E0 
 284      DA89BC1A 
 284      EF4B91
 285 00a4 96235D41 		.ascii	"\226#]A\372\002\3514\222\012\337\205\343\275\203\370"
 285      FA02E934 
 285      920ADF85 
ARM GAS  C:\Users\Lena\AppData\Local\Temp\ccj0l0EA.s 			page 22


 285      E3BD83F8 
 286 00b4 C5E736BC 		.ascii	"\305\3476\274\013\304\010\237\347\360\306K>\033\270"
 286      0BC4089F 
 286      E7F0C64B 
 286      3E1BB8
 287 00c3 B7AF9C45 		.ascii	"\267\257\234E\374\022\237\304\267;\277\304\347\254\314"
 287      FC129FC4 
 287      B73BBFC4 
 287      E7ACCC
 288 00d2 EF75377E 		.ascii	"\357u7~+\\\374\266I~;d\371\022\237\376H\253\340m\277"
 288      2B5CFCB6 
 288      497E3B64 
 288      F9129FFE 
 288      48ABE06D 
 289 00e7 BC84CBBB 		.ascii	"\274\204\313\273\360\266\357:\224y\273\361}\307\015"
 289      F0B6EF3A 
 289      9479BBF1 
 289      7DC70D
 290 00f6 1672FF72 		.ascii	"\026r\377r<x\011sw\376\177\205/\275\360\276Y\026\203"
 290      3C780973 
 290      77FE7F85 
 290      2FBDF0BE 
 290      591683
 291 0109 F8ED9062 		.ascii	"\370\355\220b\021\277\323x\177\205\344A\334\002\363"
 291      11BFD378 
 291      7F85E441 
 291      DC02F3
 292 0118 69F73FCB 		.ascii	"i\367?\313\036i?\335\365r\035\317\354\306\221\236 \375"
 292      1E693FDD 
 292      F5721DCF 
 292      ECC6919E 
 292      20FD
 293 012a 88F44CF2 		.ascii	"\210\364L\362\207#\303M!M \275D\232\224d\004\343\006"
 293      8723C34D 
 293      214D20BD 
 293      449A9464 
 293      04E306
 294 013d CE392BAE 		.ascii	"\3169+\256W\276\000\265YW\353\371{\320\007\350\036\226"
 294      57BE00B5 
 294      5957EBF9 
 294      7BD007E8 
 294      1E96
 295 014f 502900FB 		.ascii	"P)\000\373\013\224(;o\277\000\250\034\245<'%j\027\201"
 295      0B94283B 
 295      6FBF00A8 
 295      1CA53C27 
 295      256A1781 
 296 0163 DD42E279 		.ascii	"\335B\342y\211\345%\227\364\237d\0142\217\3545\213d"
 296      89E52597 
 296      F49F640C 
 296      328FEC35 
 296      8B64
 297 0175 BF1816EC 		.ascii	"\277\030\026\354\201\232\331\255\201w\006\000\220\033"
 297      819AD9AD 
 297      81770600 
 297      901B
 298 0183 C81CB2B4 		.ascii	"\310\034\262\264\245\367\216\3748gq`\257~\274\240\371"
ARM GAS  C:\Users\Lena\AppData\Local\Temp\ccj0l0EA.s 			page 23


 298      A5F78EFC 
 298      38677160 
 298      AF7EBCA0 
 298      F9
 299 0194 B17A00FA 		.ascii	"\261z\000\372\211\264l=P\331\265\372\342\253~\002\266"
 299      89B46C3D 
 299      50D9B5FA 
 299      E2AB7E02 
 299      B6
 300 01a5 069F07A6 		.ascii	"\006\237\007\246\217\376!\370\204\310.O\225\023\266"
 300      8FFE21F8 
 300      84C82E4F 
 300      9513B6
 301 01b4 AAB4A163 		.ascii	"\252\264\241c\236_\013\340\257\206y \374\310\371i\037"
 301      9E5F0BE0 
 301      AF867920 
 301      FCC8F969 
 301      1F
 302 01c5 C693D735 		.ascii	"\306\223\3275\266\211J\205\260\204<\363\2655C\205j\010"
 302      B6894A85 
 302      B0843CF3 
 302      B5354385 
 302      6A08
 303 01d7 521F263E 		.ascii	"R\037&>l=\023+\316\211\342\022\250\0025T\202\000\307"
 303      6C3D132B 
 303      CE89E212 
 303      A8023554 
 303      8200C7
 304 01ea 219824E4 		.ascii	"!\230$\344O\306>C\024S\304\261rQX\311\301Z\177X\355"
 304      4FC63E43 
 304      1453C4B1 
 304      725158C9 
 304      C15A7F58 
 305 01ff CFC14908 		.ascii	"\317\301I\010\">\211\026\234\000\177\250\000\177\342"
 305      223E8916 
 305      9C007FA8 
 305      007FE2
 306 020e FF58E9D1 		.ascii	"\377X\351\321\253>\302)\240\001\012r/\325\370:\002\264"
 306      AB3EC229 
 306      A0010A72 
 306      2FD5F83A 
 306      02B4
 307 0220 55AD3A93 		.ascii	"U\255:\223&\212<\234\306\010\325\316\010\030\320}\210"
 307      268A3C9C 
 307      C608D5CE 
 307      0818D07D 
 307      88
 308 0231 53EE438C 		.ascii	"S\356C\214_\033\312\005\005\231\012\342(RAd\023E\305"
 308      5F1BCA05 
 308      05990AE2 
 308      28524164 
 308      1345C5
 309 0244 351E54F6 		.ascii	"5\036T\366\205\006\316\000\2255\314O\331\374\260\362"
 309      8506CE00 
 309      9535CC4F 
 309      D9FCB0F2 
 310 0254 A56AE091 		.ascii	"\245j\340\221\355\034k>\340\215\354r5,A6-\2532_\215"
ARM GAS  C:\Users\Lena\AppData\Local\Temp\ccj0l0EA.s 			page 24


 310      ED1C6B3E 
 310      E08DEC72 
 310      352C4136 
 310      2DAB325F 
 311 0269 AC127122 		.ascii	"\254\022q\"\013\015ECc\257k\025LD\022\336\202\242\003"
 311      0B0D4543 
 311      63AF6B15 
 311      4C4412DE 
 311      82A203
 312 027c 057DA77C 		.ascii	"\005}\247|\205\006\206y\307\266\352b\2019T\220<Z\012"
 312      85068679 
 312      C7B6EA62 
 312      81395490 
 312      3C5A0A
 313 028f 1FFA3287 		.ascii	"\037\3722\207\001X\354\310\340\216LO'\232g~\223\274"
 313      0158ECC8 
 313      E08E4C4F 
 313      279A677E 
 313      93BC
 314 02a1 9D145B8F 		.ascii	"\235\024[\2179\236w\026\253\224j\025\305\354T\321\353"
 314      399E7716 
 314      AB946A15 
 314      C5EC54D1 
 314      EB
 315 02b2 8F1CD461 		.ascii	"\217\034\324aa\337cap\001\253UJ\325\236C\341YV\355\213"
 315      61DF6361 
 315      7001AB55 
 315      4AD59E43 
 315      E15956ED 
 316 02c7 E9B11A85 		.ascii	"\351\261\032\205\320F3\3403\007_\314\372\201:\310\255"
 316      D04633E0 
 316      33075FCC 
 316      FA813AC8 
 316      AD
 317 02d8 039B1B07 		.ascii	"\003\233\033\007v\344\327|G\221\277\210\311\374\323"
 317      76E4D77C 
 317      4791BF88 
 317      C9FCD3
 318 02e7 994C3D45 		.ascii	"\231L=E\036\203\364\354\352\352U\012=,\310\364\323\246"
 318      1E83F4EC 
 318      EAEA550A 
 318      3D2CC8F4 
 318      D3A6
 319 02f9 4A6F4721 		.ascii	"JoG!\243\275\201\373_\213b\000\\A\333KN\333\213\260"
 319      A3BD81FB 
 319      5F8B6200 
 319      5C41DB4B 
 319      4EDB8BB0 
 320 030d 682597DD 		.ascii	"h%\227\335WR\3754\373[\315\312<:\261\251\342\022\236"
 320      5752FD34 
 320      FB5BCDCA 
 320      3C3AB1A9 
 320      E2129E
 321 0320 7AACC5F7 		.ascii	"z\254\305\367\337\341{\016\256\302J\374[\003\012\226"
 321      DFE17B0E 
 321      AEC24AFC 
 321      5B030A96 
ARM GAS  C:\Users\Lena\AppData\Local\Temp\ccj0l0EA.s 			page 25


 322 0330 52DE4CF1 		.ascii	"R\336L\361^XU&\332\356\213\266\251\327A\373/\014\211"
 322      5E585526 
 322      DAEE8BB6 
 322      A9D741FB 
 322      2F0C89
 323 0343 A25A41B4 		.ascii	"\242ZA\264\340\2303\013|\304\277Ga\000\340\010\334\303"
 323      E098330B 
 323      7CC4BF47 
 323      6100E008 
 323      DCC3
 324 0355 C3D400AB 		.ascii	"\303\324\000\253\320x\333\203\2124O\301\246\240m;yb"
 324      D078DB83 
 324      8A344FC1 
 324      A6A06D3B 
 324      7962
 325 0367 A65A6D9F 		.ascii	"\246Zm\237\0156.'\263\237\255X<\223&\232\3115{&\266"
 325      0D362E27 
 325      B39FAD58 
 325      3C93269A 
 325      C9357B26 
 326 037c 9F46D64B 		.ascii	"\237F\326K\211<x\247@\264\245\210\004JT\202Fg\"\215"
 326      893C78A7 
 326      40B4A588 
 326      044A5482 
 326      4667228D 
 327 0390 AE895CA7 		.ascii	"\256\211\\\247\2114\366\016O+\205\006\226H\177\323\261"
 327      8934F60E 
 327      4F2B8506 
 327      96487FD3 
 327      B1
 328 03a1 0A323FE1 		.ascii	"\0122?\341l\344\374d\2473\234\235\316C\323\243g5B3U"
 328      6CE4FC64 
 328      A7339C9D 
 328      CE43D3A3 
 328      67354233 
 329 03b6 E73BEA9F 		.ascii	"\347;\352\237\015:\007j\240\360\375s\303;EQ\001m\230"
 329      0D3A076A 
 329      A0F0FD73 
 329      C33B4551 
 329      016D98
 330 03c9 6C8B3372 		.ascii	"l\2133r\270\343\364\270\366\241\025\373\020.\365\241"
 330      B8E3F4B8 
 330      F6A115FB 
 330      102EF5A1 
 331 03d9 19853759 		.ascii	"\031\2057Y\037J.\217&k(\036m\216\363\3235\263w\234\327"
 331      1F4A2E8F 
 331      266B281E 
 331      6D8EF3D3 
 331      35B3779C 
 332 03ee 643ABCD0 		.ascii	"d:\274\320\243ew\304A\007h\244\365\322\372\362\346\244"
 332      A36577C4 
 332      410768A4 
 332      F5D2FAF2 
 332      E6A4
 333 0400 0F354619 		.ascii	"\0175F\031\264\263\223V\362\360\360E\307\351\353d\262"
 333      B4B39356 
 333      F2F0F045 
ARM GAS  C:\Users\Lena\AppData\Local\Temp\ccj0l0EA.s 			page 26


 333      C7E9EB64 
 333      B2
 334 0411 E6C9B44B 		.ascii	"\346\311\264K\274\034\343\266\005\030\337\242\030w\331"
 334      BC1CE3B6 
 334      0518DFA2 
 334      1877D9
 335 0420 31DEDDD6 		.ascii	"1\336\335\326\322\351\351\350v\300\324\301t\261\035"
 335      D2E9E9E8 
 335      76C0D4C1 
 335      74B11D
 336 042f 0DD75345 		.ascii	"\015\327SE\270\341\254\366\206+\316\267)\316]\307/\304"
 336      B8E1ACF6 
 336      862BCEB7 
 336      29CE5DC7 
 336      2FC4
 337 0441 093F78C0 		.ascii	"\011?x\300b\365\325\215O\274\000\265\264c2\376\373\216"
 337      62F5D58D 
 337      4FBC00B5 
 337      B46332FE 
 337      FB8E
 338 0453 39D774F1 		.ascii	"9\327t\361\251F\216\307\277\026\340q\307\201\307\336"
 338      A9468EC7 
 338      BF16E071 
 338      C781C7DE 
 339 0463 FE91565F 		.ascii	"\376\221V_\032\014e\320\303j\317\353L)\363\262\343q"
 339      1A0C65D0 
 339      C36ACFEB 
 339      4C29F3B2 
 339      E371
 340 0475 97C98607 		.ascii	"\227\311\206\007o\226\373-\216G\037\305\243\327\216"
 340      6F96FB2D 
 340      8E471FC5 
 340      A3D78E
 341 0484 4757597F 		.ascii	"GWY\177\241\267\204\307\213\\A\334'\222\325\214J\320"
 341      A1B784C7 
 341      8B5C41DC 
 341      2792D58C 
 341      4AD0
 342 0496 EDC4A2DB 		.ascii	"\355\304\242\333\025\213~\212EI\336\3369oalq0\352\233"
 342      158B7E8A 
 342      4549DEDE 
 342      396F616C 
 342      7130EA9B 
 343 04aa 779FE41D 		.ascii	"w\237\344\035\262\001\226\237\255\364\312\240\322\321"
 343      B201969F 
 343      ADF4CAA0 
 343      D2D1
 344 04b8 D8FB4C68 		.ascii	"\330\373Lh\337\231K\331\316,\254{y\303\203\261\236\310"
 344      DF994BD9 
 344      CE2CAC7B 
 344      79C383B1 
 344      9EC8
 345 04ca 4E1DB9DC 		.ascii	"N\035\271\334\240\020fY\240\362\344\3337}\204d%e\216"
 345      A0106659 
 345      A0F2E4DB 
 345      377D8464 
 345      25658E
ARM GAS  C:\Users\Lena\AppData\Local\Temp\ccj0l0EA.s 			page 27


 346 04dd 6CABBBE3 		.ascii	"l\253\273\343%\2443f\317\374\241[^B\026c\346G'\356i"
 346      25A43366 
 346      CFFCA15B 
 346      5E421663 
 346      E64727EE 
 347 04f2 843D8C19 		.ascii	"\204=\214\031\233I\275\352-G\231\234n'\312O\034(?O\377"
 347      9B49BDEA 
 347      2D47999C 
 347      6E27CA4F 
 347      1C283F4F 
 348 0507 BEDF57C8 		.ascii	"\276\337W\310eVs\215\231\303*\271\325\255\005V?:\254"
 348      6556738D 
 348      99C32AB9 
 348      D5AD0556 
 348      3F3AAC
 349 051a 6E0F9F9F 		.ascii	"n\017\237\237\364\026\012\231\325\216SO^\371\312\255"
 349      F4160A99 
 349      D58E534F 
 349      5EF9CAAD 
 350 052a FA16583D 		.ascii	"\372\026X=sXu^\250h\365\025\312\230U\355\343\353\215"
 350      7358755E 
 350      A868F515 
 350      CA9855ED 
 350      E3EB8D
 351 053d 6AB6E345 		.ascii	"j\266\343E\3725\355/\317\360\021*\331\313\374\222\332"
 351      FA35ED2F 
 351      CFF0112A 
 351      D9CBFC92 
 351      DA
 352 054e D30BD26F 		.ascii	"\323\013\322oZ\340r\334\356R\231\233rtD\200e\201\201"
 352      5AE072DC 
 352      EE52999B 
 352      72744480 
 352      658181
 353 0561 4181817B 		.ascii	"A\201\201{\350\306\304\321Vp0\212\272\017\310I}\216"
 353      E8C6C4D1 
 353      5670308A 
 353      BA0FC849 
 353      7D8E
 354 0573 4D7D01CB 		.ascii	"M}\001\313Hc\341'\234\310)\010\204\011\244\227H\223"
 354      4863E127 
 354      9CC82908 
 354      8409A497 
 354      4893
 355 0585 1048BFED 		.ascii	"\020H\277\355\345$\216\255\255U\230;\234.fG\220:\341"
 355      E5248EAD 
 355      AD55983B 
 355      9C2E6647 
 355      903AE1
 356 0598 A964E738 		.ascii	"\251d\3478\362!$p\035\011/\3517A\323j\002$\374\340\252"
 356      F2212470 
 356      1D092FE9 
 356      3741D36A 
 356      0224FCE0 
 357 05ad FA902619 		.ascii	"\372\220&\031JT\331\206y\276]\300\237\022D\211\223&"
 357      4A54D986 
 357      79BE5DC0 
ARM GAS  C:\Users\Lena\AppData\Local\Temp\ccj0l0EA.s 			page 28


 357      9F124489 
 357      9326
 358 05bf CC197672 		.ascii	"\314\031vr\035.\276m\002\251\011\306\334{z+*B\012#n"
 358      1D2EBE6D 
 358      02A909C6 
 358      DC7B7A2B 
 358      2A420A23 
 359 05d4 13A44111 		.ascii	"\023\244A\021\300\322\356ku\232e\022\"\031\213!\302"
 359      C0D2EE6B 
 359      759A6512 
 359      22198B21 
 359      C2
 360 05e5 B98503CD 		.ascii	"\271\205\003\3153\362\347Z\026\034\322W\262H\034L;Z"
 360      33F2E75A 
 360      161CD257 
 360      B2481C4C 
 360      3B5A
 361 05f7 3AFEE6C0 		.ascii	":\376\346\300Y/6\267\313\221\235\035\310\316V\261\246"
 361      592F36B7 
 361      CB919D1D 
 361      C8CE56B1 
 361      A6
 362 0608 9691A6BE 		.ascii	"\226\221\246\276\314\271;\340+\024\251HSUO/\226\376"
 362      CCB93BE0 
 362      2B14A948 
 362      53554F2F 
 362      96FE
 363 061a 190203B1 		.ascii	"\031\002\003\261Y\201A\254\230\033\357\260\332\311a"
 363      598141AC 
 363      981BEFB0 
 363      DAC961
 364 0629 798369CD 		.ascii	"y\203i\315\313\353y\340DQV:Q\035rU\225\303$\237\202"
 364      CBEB79E0 
 364      4451563A 
 364      511D7255 
 364      95C3249F 
 365 063e 1954784D 		.ascii	"\031TxM\337\315K#\220\312\007A2\037\010)H\"\322\034"
 365      DFCD4B23 
 365      90CA0741 
 365      321F0829 
 365      4822D21C 
 366 0652 D63DBB60 		.ascii	"\326=\273`\014\034Q\036\271\217\"K\250\261\300?'UDu"
 366      0C1C511E 
 366      B98F224B 
 366      A8B1C03F 
 366      27554475 
 367 0666 C403865D 		.ascii	"\304\003\206]\325C\\\264[\013\224\254Z\262\005\036\273"
 367      D5435CB4 
 367      5B0B94AC 
 367      5AB2051E 
 367      BB
 368 0677 D56615B0 		.ascii	"\325f\025\260\231\231\334\2774Y\024\201h\311\207\006"
 368      9999DCBF 
 368      34591481 
 368      68C98706 
 369 0687 41CD3DDE 		.ascii	"A\315=\336\335\343)\224SP\371\273Y\355}\002\004-cF\335"
 369      DDE32994 
ARM GAS  C:\Users\Lena\AppData\Local\Temp\ccj0l0EA.s 			page 29


 369      5350F9BB 
 369      59ED7D02 
 369      042D6346 
 370 069c 054A3268 		.ascii	"\005J2h\351\3742\330\306;\266\031q\341\036\030HC<\376"
 370      E9FC32D8 
 370      C63BB619 
 370      71E11E18 
 370      48433CFE 
 371 06b0 176CC80F 		.ascii	"\027l\310\017\3017;\233\324\362\231 Q\2343\261\235\267"
 371      C1373B9B 
 371      D4F29920 
 371      519C33B1 
 371      9DB7
 372 06c2 CFC4A3A2 		.ascii	"\317\304\243\242\344F\266\004Q\006\203l\337\245M\355"
 372      E446B604 
 372      5106836C 
 372      DFA54DED 
 373 06d2 EF5CF0D1 		.ascii	"\357\\\360\321\332\274B\266\243w\360dGg\360\322\216"
 373      DABC42B6 
 373      A377F064 
 373      4767F0D2 
 373      8E
 374 06e3 4E1FAF6A 		.ascii	"N\037\257j\347qG\227\321o\326\357\212O8\276Y\250\210"
 374      E7714797 
 374      D16FD6EF 
 374      8A4F38BE 
 374      59A888
 375 06f6 FBD851D9 		.ascii	"\373\330Q\331=\327=\235\311\223=]t\274\356\214R\250"
 375      3DD73D9D 
 375      C9933D5D 
 375      74BCEE8C 
 375      52A8
 376 0708 A208414B 		.ascii	"\242\010AK\325\223\235J\241\2261\325E\217o\25007\330"
 376      D5939D4A 
 376      A19631D5 
 376      458F6FA8 
 376      3037D8
 377 071b C50B2C56 		.ascii	"\305\013,Vu\262\355\210\217P\307^\227\177[\322I>/\360"
 377      75B2ED88 
 377      8F50C75E 
 377      977F5BD2 
 377      493E2FF0 
 378 072f 35BE862C 		.ascii	"5\276\206,^\261\330\242\317\353J\316\020\250,L\003\331"
 378      5EB1D8A2 
 378      CFEB4ACE 
 378      10A82C4C 
 378      03D9
 379 0741 4CEFF19B 		.ascii	"L\357\361\233\274\373\274\375\333\264\207\311\272Sw"
 379      BCFBBCFD 
 379      DBB487C9 
 379      BA5377
 380 0750 4DFABE77 		.ascii	"M\372\276wEU*z\322h\365\005O\316(\250N\016\377\036\225"
 380      45552A7A 
 380      D268F505 
 380      4FCE28A8 
 380      4E0EFF1E 
 381 0765 4C3EC8CA 		.ascii	"L>\310\312Q\011\015,\376x\351\304a\362\251\200\\\354"
ARM GAS  C:\Users\Lena\AppData\Local\Temp\ccj0l0EA.s 			page 30


 381      51090D2C 
 381      FE78E9C4 
 381      61F2A980 
 381      5CEC
 382 0777 DE3E0207 		.ascii	"\336>\002\0079D}\005\027<\204\026\246Q\221\177\250\235"
 382      39447D05 
 382      173C8416 
 382      A651917F 
 382      A89D
 383 0789 16904F32 		.ascii	"\026\220O2\314cQ\036\246\326\034P\310\301\305\004$p"
 383      CC63511E 
 383      A6D61C50 
 383      C8C1C504 
 383      2470
 384 079b 613FAA40 		.ascii	"a?\252@\001\305w\257\035\337Gy5\007}\021\337\373\370"
 384      01C577AF 
 384      1DDF4779 
 384      35077D11 
 384      DFFBF8
 385 07ae 191C7DFD 		.ascii	"\031\034}\375~]\365\220\230\221)\256\026{y\242\011;"
 385      7E5DF590 
 385      989129AE 
 385      167B79A2 
 385      093B
 386 07c0 EDA303BB 		.ascii	"\355\243\003\273y\005\341\330\377\242\012)\266i\331"
 386      7905E1D8 
 386      FFA20A29 
 386      B669D9
 387 07cf BD       		.ascii	"\275"
 388 07d0 A2E68383 		.ascii	"\242\346\203\203b\273\215\366\246p\037\376\374]J\367"
 388      62BB8DF6 
 388      A6701FFE 
 388      FC5D4AF7 
 389 07e0 C330EB8B 		.ascii	"\3030\353\213c\323pT\262\011s-\342?@\313\336\333M\273"
 389      63D37054 
 389      B209732D 
 389      E23F40CB 
 389      DEDB4DBB 
 390 07f4 17FC1222 		.ascii	"\027\374\022\"\261\234\003T\314\006\210\334\027\001"
 390      B19C0354 
 390      CC0688DC 
 390      1701
 391 0802 7DFEFC74 		.ascii	"}\376\374t\247`w\220\202\016>[!\263\017\263\317\337"
 391      A7607790 
 391      820E3E5B 
 391      21B30FB3 
 391      CFDF
 392 0814 8ED49E66 		.ascii	"\216\324\236fOjZ\202\363w\200wo\273Yn\213x\261\211\""
 392      4F6A5A82 
 392      F3778077 
 392      6FBB596E 
 392      8B78B189 
 393 0829 9FEBEDAD 		.ascii	"\237\353\355\2553\354Gm\031\232\2272\363oj\036>\027"
 393      33EC476D 
 393      199A9732 
 393      F36F6A1E 
 393      3E17
ARM GAS  C:\Users\Lena\AppData\Local\Temp\ccj0l0EA.s 			page 31


 394 083b FE13C2E5 		.ascii	"\376\023\302\345\024\341o(\302\224Q\350\022\222\254"
 394      14E16F28 
 394      C29451E8 
 394      1292AC
 395 084a 9E9F7EF6 		.ascii	"\236\237~\366E\300\206\320P\316K\247K2\230\254\277\325"
 395      45C086D0 
 395      50CE4BA7 
 395      4B3298AC 
 395      BFD5
 396 085c 597321FA 		.ascii	"Ys!\372cm\242\325l\321\031L1fm\264\301bM4D\352,V\343"
 396      636DA2D5 
 396      6CD1194C 
 396      31666DB4 
 396      C1624D34 
 397 0875 DA35764E 		.ascii	"\3325vN\033\025g\210\304\307\244h\203Y\367\345j9\253"
 397      1B156788 
 397      C4C7A468 
 397      8359F7E5 
 397      6A39AB
 398 0888 B59ACDF1 		.ascii	"\265\232\315\361\026m\254))\200>\005D$\032\003\364\306"
 398      166DAC29 
 398      29803E05 
 398      44241A03 
 398      F4C6
 399 089a 487D74B4 		.ascii	"H}t\264>Z\373Q\360\332\2005\253C\327\375=T\213\362\017"
 399      3E5AFB51 
 399      F0DA8035 
 399      AB43D7FD 
 399      3D548BF2 
 400 08af 4D6693FE 		.ascii	"Mf\223\376C}D\244Ak0E\305'E\353\265\306\010\364e\322"
 400      437D44A4 
 400      416B3045 
 400      C52745EB 
 400      B5C608F4 
 401 08c5 6B75D1FA 		.ascii	"ku\321\372\230\210\244x\253\316\2725Ao\011\216\343T"
 401      9888A478 
 401      ABCEBA35 
 401      416F098E 
 401      E354
 402 08d7 527A99BF 		.ascii	"Rz\231\277hz\226\255\026-\306\212\306\\0'\004\015\037"
 402      687A96AD 
 402      162DC68A 
 402      C65C3027 
 402      040D1F
 403 08ea D6AED159 		.ascii	"\326\256\321YU\322\335\303h\211\325Y\267|\362\261\366"
 403      55D2DDC3 
 403      6889D559 
 403      B77CF2B1 
 403      F6
 404 08fb F34DE11B 		.ascii	"\363M\341\033Y\212\237H)n\334\024\206)J\234v\003\311"
 404      598A9F48 
 404      296EDC14 
 404      86294A9C 
 404      7603C9
 405 090e 69A32345 		.ascii	"i\243#E\031\313\3225[B\327}\024b\266\204D\231\215F\263"
 405      19CBD235 
 405      5B42D77D 
ARM GAS  C:\Users\Lena\AppData\Local\Temp\ccj0l0EA.s 			page 32


 405      1462B684 
 405      44998D46 
 406 0923 2924C19C 		.ascii	")$\301\234h\265\204\374\376\363\260\015a[\210,\301\020"
 406      68B584FC 
 406      FEF3B00D 
 406      615B882C 
 406      C110
 407 0935 AF4FB484 		.ascii	"\257O\264\204|\272aCHT\234\035$\303\3773p\\D|H\274!"
 407      7CBA6143 
 407      48549C1D 
 407      24C3FF33 
 407      705C447C 
 408 094c 3204CDF4 		.ascii	"2\004\315\364\021FK\210Qo\224\036\203\243pzb\365V\245"
 408      11464B88 
 408      516F941E 
 408      83A3707A 
 408      62F556A5 
 409 0960 0ED9688B 		.ascii	"\016\331h\213\322b\370\207^g\315\371\231:\2039ic\243"
 409      D262F887 
 409      5E67CDF9 
 409      993A8339 
 409      6963A3
 410 0973 A25C3A84 		.ascii	"\242\\:\204\012\301\241\316>Y\321*\206\214\215\356\253"
 410      0AC1A1CE 
 410      3E59D12A 
 410      868C8DEE 
 410      AB
 411 0984 4483556F 		.ascii	"D\203Uo\321\030-\341\221\177\323GY\377d2X\005\275\331"
 411      D1182DE1 
 411      917FD347 
 411      59FF6432 
 411      5805BDD9 
 412 0998 A220492B 		.ascii	"\242 I+#\223bb\364\211\302\227F\253\200\247AA\312\361"
 412      23936262 
 412      F489C297 
 412      46AB80A7 
 412      4141CAF1 
 413 09ac A0069A30 		.ascii	"\240\006\2320\275q#\255vs\330&\001k\375\271\240\215"
 413      BD7123AD 
 413      7673D826 
 413      016BFDB9 
 413      A08D
 414 09be E394E698 		.ascii	"\343\224\346\230\030\213\336J20'neI(Q#*a\253\"^\037"
 414      188BDE4A 
 414      3230276E 
 414      65492851 
 414      232A61AB 
 415 09d5 11A33299 		.ascii	"\021\2432\231\255q\211\346\257 T\025c\012\260$\350\243"
 415      AD7189E6 
 415      AF205415 
 415      630AB024 
 415      E8A3
 416 09e7 50623225 		.ascii	"Pb2%\305\307\247\375\262g\003\335\233b\261\200\177\003"
 416      C5C7A7FD 
 416      B26703DD 
 416      9B62B180 
 416      7F03
ARM GAS  C:\Users\Lena\AppData\Local\Temp\ccj0l0EA.s 			page 33


 417 09f9 CB470769 		.ascii	"\313G\007i"
 418              		.text
 419              		.section	.gnu.lto_.symtab.d26e1785,"",%progbits
 420 0000 6D734F62 		.ascii	"msObjectInit\000"
 420      6A656374 
 420      496E6974 
 420      00
 421 000d 00       		.ascii	"\000"
 422 000e 00       		.ascii	"\000"
 423 000f 00       		.ascii	"\000"
 424 0010 00000000 		.ascii	"\000\000\000\000\000\000\000\000"
 424      00000000 
 425 0018 0A010000 		.ascii	"\012\001\000\000"
 426              		.text
 427              		.section	.gnu.lto_.opts,"",%progbits
 428 0000 272D666D 		.ascii	"'-fmath-errno' '-fsigned-zeros' '-ftrapping-math' '"
 428      6174682D 
 428      6572726E 
 428      6F272027 
 428      2D667369 
 429 0033 2D666E6F 		.ascii	"-fno-trapv' '-fno-openmp' '-fno-openacc' '-mcpu=cor"
 429      2D747261 
 429      70762720 
 429      272D666E 
 429      6F2D6F70 
 430 0066 7465782D 		.ascii	"tex-m7' '-mno-thumb-interwork' '-mthumb' '-ggdb' '-"
 430      6D372720 
 430      272D6D6E 
 430      6F2D7468 
 430      756D622D 
 431 0099 4F322720 		.ascii	"O2' '-fomit-frame-pointer' '-falign-functions=16' '"
 431      272D666F 
 431      6D69742D 
 431      6672616D 
 431      652D706F 
 432 00cc 2D666675 		.ascii	"-ffunction-sections' '-fdata-sections' '-fno-common"
 432      6E637469 
 432      6F6E2D73 
 432      65637469 
 432      6F6E7327 
 433 00ff 2720272D 		.ascii	"' '-flto'\000"
 433      666C746F 
 433      2700
 434              		.text
 435              		.comm	__gnu_lto_v1,1,1
 436              		.comm	__gnu_lto_slim,1,1
 437              		.ident	"GCC: (GNU Tools for ARM Embedded Processors 6-2017-q1-update) 6.3.1 20170215 (release) [AR
ARM GAS  C:\Users\Lena\AppData\Local\Temp\ccj0l0EA.s 			page 34


DEFINED SYMBOLS
                            *ABS*:00000000 memstreams.c
                            *COM*:00000001 __gnu_lto_v1
                            *COM*:00000001 __gnu_lto_slim

NO UNDEFINED SYMBOLS
