ARM GAS  C:\Users\Lena\AppData\Local\Temp\ccV5LRHY.s 			page 1


   1              		.cpu cortex-m7
   2              		.eabi_attribute 20, 1
   3              		.eabi_attribute 21, 1
   4              		.eabi_attribute 23, 3
   5              		.eabi_attribute 24, 1
   6              		.eabi_attribute 25, 1
   7              		.eabi_attribute 26, 1
   8              		.eabi_attribute 30, 2
   9              		.eabi_attribute 34, 1
  10              		.eabi_attribute 18, 4
  11              		.file	"nullstreams.c"
  12              		.text
  13              	.Ltext0:
  14              		.section	.gnu.lto_.profile.d26e377a,"",%progbits
  15 0000 789C6365 		.ascii	"x\234ce`b`a```d\340f\003\000\000\234\000\036"
  15      60626061 
  15      60606064 
  15      E0660300 
  15      009C001E 
  16              		.text
  17              		.section	.gnu.lto_.icf.d26e377a,"",%progbits
  18 0000 789C6365 		.ascii	"x\234ce`bPe@\0006\206#\357\033g016\276\377\323\316\313"
  18      60625065 
  18      40003686 
  18      23EF1B67 
  18      303136BE 
  19 0018 34ABFBA7 		.ascii	"4\253\373\247 \363\331\225\015+\270X\256M\352\330\317"
  19      20F3D995 
  19      0D2BB858 
  19      AE4DEAD8 
  19      CF
  20 0029 C6FAF5C6 		.ascii	"\306\372\365\306\3627l\014\000B\264\021\002"
  20      F2376C0C 
  20      0042B411 
  20      02
  21              		.text
  22              		.section	.gnu.lto_.jmpfuncs.d26e377a,"",%progbits
  23 0000 789C6365 		.ascii	"x\234ce`bPe@\000V\006fFFF\026\006\206zF\020\003$\304"
  23      60625065 
  23      40005606 
  23      66464646 
  23      1606867A 
  24 0019 C404A699 		.ascii	"\304\004\246\231A$\013P\254\236\001\000\033\012\001"
  24      41240B50 
  24      AC9E0100 
  24      1B0A01
  25 0028 53       		.ascii	"S"
  26              		.text
  27              		.section	.gnu.lto_.inline.d26e377a,"",%progbits
  28 0000 789C6365 		.ascii	"x\234ce`b\210e@\000V\006\006f&F\240 \003\003\333\002"
  28      60628865 
  28      40005606 
  28      06662646 
  28      A0200303 
  29 0016 7910C5C0 		.ascii	"y\020\305\300\210!\302\204!\302\214!\302\302\300\302"
  29      8821C284 
  29      21C28C21 
ARM GAS  C:\Users\Lena\AppData\Local\Temp\ccV5LRHY.s 			page 2


  29      C2C2C0C2 
  30 0026 0C14617C 		.ascii	"\014\024a|\301\316\300\336\241\016\026b\000\000\355"
  30      C1CEC0DE 
  30      A10E1662 
  30      0000ED
  31 0035 770562   		.ascii	"w\005b"
  32              		.text
  33              		.section	.gnu.lto_.pureconst.d26e377a,"",%progbits
  34 0000 789C6365 		.ascii	"x\234ce`b\340f```e``\0042\231\031X\244\000\001\262\000"
  34      6062E066 
  34      60606065 
  34      60600432 
  34      991958A4 
  35 0018 3C       		.ascii	"<"
  36              		.text
  37              		.section	.gnu.lto_writes.d26e377a,"",%progbits
  38 0000 789C5D90 		.ascii	"x\234]\220\271K\003A\024\207\337\233Y\215\202\361\037"
  38      B94B0341 
  38      1487DF9B 
  38      598D82F1 
  38      1F
  39 0011 D0C24208 		.ascii	"\320\302B\010i\\\017P\020\254\264\260\021\301\330\010"
  39      695C0F50 
  39      10ACB4B0 
  39      11C1D808 
  40 0021 81908D8A 		.ascii	"\201\220\215\212+k\022\334h\353\304\003\217\200F4\011"
  40      2B6B12DC 
  40      68EBC403 
  40      8F804634 
  40      09
  41 0032 F1206942 		.ascii	"\361 iB\274\215\010\242]\260W0\232\312N-\265\260\366"
  41      BC8D08A2 
  41      5DB05730 
  41      9ACA4E2D 
  41      B5B0F6
  42 0045 7CB34490 		.ascii	"|\263D\220\024\303\274\337\314\367\315\360^\0050\030"
  42      14C3BCDF 
  42      CCF7CDF0 
  42      5E053018 
  43 0055 42801000 		.ascii	"B\200\020\000\324\321B\016\310\242\267\000\341*\206"
  43      D4D1420E 
  43      C8A2B700 
  43      E12A86
  44 0064 280B5185 		.ascii	"(\013Q\2050\303p\006\327x\202\343\335|n\207\257\362"
  44      30C37006 
  44      D77882E3 
  44      DD7C6E87 
  44      AFF2
  45 0076 14610AC5 		.ascii	"\024a\012\305\367\233\255\347Z\031\021\033(n\213\302"
  45      F79BADE7 
  45      5A19111B 
  45      286E8BC2 
  46 0086 B2CD9915 		.ascii	"\262\315\231\025bV\344\023\227]\353s\013\275)\316 I"
  46      6256E413 
  46      975DEB73 
  46      0BBD29CE 
  46      2049
ARM GAS  C:\Users\Lena\AppData\Local\Temp\ccV5LRHY.s 			page 3


  47 0098 F41ED663 		.ascii	"\364\036\326c\026\353\345\027\373\350$\366\376\246\030"
  47      16EBE517 
  47      FBE824F6 
  47      FEA618
  48 00a7 B5F10904 		.ascii	"\265\361\011\004\252\317\227\322W5\216\214\345\275l"
  48      AACF97D2 
  48      57358E8C 
  48      E5BD6C
  49 00b6 70D198E2 		.ascii	"p\321\230\342\034\017\220\377\027\351\010\360\020\035"
  49      1C0F90FF 
  49      17E908F0 
  49      101D
  50 00c4 847F448A 		.ascii	"\204\177D\212\361j\036\264\324p\346\"\305J\352g\314"
  50      F16A1EB4 
  50      D470E622 
  50      C54AEA67 
  50      CC
  51 00d5 52153C2A 		.ascii	"R\025<*W\025\300cK\375\022\233\361ZnZj\362:\366h/\251"
  51      5715C063 
  51      4BFD129B 
  51      F15A6E5A 
  51      6AF23AF6 
  52 00ec 0F094B65 		.ascii	"\017\011KexR\2562\300StH\376\351\354;f\257Td;\324E\016"
  52      7852AE32 
  52      C0537448 
  52      FEE9EC3B 
  52      66AF5464 
  53 0104 2B696E70 		.ascii	"+inpZ\300\274\370\376Y\024\371\327,\026+h\020\026\016"
  53      5AC0BCF8 
  53      FE5914F9 
  53      D72C162B 
  53      6810160E 
  54 0118 2B04C9F1 		.ascii	"+\004\311\361E\350\001\332\371\033\316\246\263\367("
  54      45E801DA 
  54      F91BCEA6 
  54      B3F728
  55 0127 B55D2E45 		.ascii	"\265].E\"P\3360\200\361\236N\367\300`\277\313\243\373"
  55      2250DE30 
  55      80F19E4E 
  55      F7C060BF 
  55      CBA3FB
  56 013a 4703EE1E 		.ascii	"G\003\356\036\335\014M\352\232\3075\330\327\326\372"
  56      DD0C4DEA 
  56      9AC735D8 
  56      D7D6FA
  57 0149 97DCDD63 		.ascii	"\227\334\335c\272\246\273BS\303z\3003\335\374?\272}"
  57      BAA6BB42 
  57      53C37AC0 
  57      33DDFC3F 
  57      BA7D
  58 015b B20E982D 		.ascii	"\262\016\230-\035\355j\300T\307\274\206j\350\232J\332"
  58      1DED6AC0 
  58      54C7BC86 
  58      6AE89A4A 
  58      DA
  59 016c 8877C254 		.ascii	"\210w\302T\375S\206Q\252\233|\300\364 \323\202\350\377"
  59      FD538651 
ARM GAS  C:\Users\Lena\AppData\Local\Temp\ccV5LRHY.s 			page 4


  59      AA9B7CC0 
  59      F420D382 
  59      E8FF
  60 017e 05561996 		.ascii	"\005V\031\226\250"
  60      A8
  61              		.text
  62              		.section	.gnu.lto_reads.d26e377a,"",%progbits
  63 0000 789C5D90 		.ascii	"x\234]\2209KCA\024\205\357\231\211FA\363\007\264\260"
  63      394B4341 
  63      1485EF99 
  63      894641F3 
  63      07B4B0
  64 0013 10828DCF 		.ascii	"\020\202\215\317\005\024\004+-lD0)\003\301D\305'1\011"
  64      0514042B 
  64      2D6C4430 
  64      2903C144 
  64      C5273109 
  65 0027 BE68EBB8 		.ascii	"\276h\353\270\0047pA\023q\201\330\304}E\020\354\202"
  65      04377041 
  65      137181D8 
  65      C47D4510 
  65      EC82
  66 0039 D8AA1811 		.ascii	"\330\252\030\021\004\255\264\024\013A\260\020\227;\017"
  66      04ADB414 
  66      0B41B010 
  66      973B0F
  67 0048 05B118E6 		.ascii	"\005\261\030\346\234\231\363\315eN\016\011\012\202("
  67      9C99F3CD 
  67      654E0E09 
  67      0A8228
  68 0057 464445BC 		.ascii	"FDE\274 \011b\346\202h0O\000Z\250<\320\200\300\000\246"
  68      200962E6 
  68      8268304F 
  68      005AA83C 
  68      D080C000 
  69 006c E582C4D5 		.ascii	"\345\202\304\325\310\301\212\234\222)\2169\330\276\234"
  69      C8C18A9C 
  69      92298E39 
  69      D8BE9C
  70 007b 2F3DBAB4 		.ascii	"/=\272\264\005J\330.\253\354\270\263l]\251!\225Y\270"
  70      054AD82E 
  70      ABECB8B3 
  70      6C5DA921 
  70      9559B8
  71 008e AD9F1D8E 		.ascii	"\255\237\035\2167\245\244\240ENo\240\030\353(\326#6"
  71      37A5A4A0 
  71      454E6FA0 
  71      18EB28D6 
  71      2336
  72 00a0 51C6D9EB 		.ascii	"Q\306\331\353\363\233\031\247\354\001\261>\032[=)p\247"
  72      F39B19A7 
  72      EC01B13E 
  72      1A5B3D29 
  72      70A7
  73 00b2 6DEE7E4E 		.ascii	"m\356~N\252\322\224\224\330\202\374\013\362\021a\033"
  73      AAD29494 
  73      D882FC0B 
ARM GAS  C:\Users\Lena\AppData\Local\Temp\ccV5LRHY.s 			page 5


  73      F211611B 
  74 00c2 6E8EBF4F 		.ascii	"n\216\277O\336$\363e\324F\007\323\307)\361\203\236%"
  74      DE24F365 
  74      D44607D3 
  74      C729F183 
  74      9E25
  75 00d4 6CD4819D 		.ascii	"l\324\201\235\377\250\203\260k\243\037j>\351\222\226"
  75      FFA883B0 
  75      6BA31F6A 
  75      3EE99296 
  76 00e4 8D2E9E26 		.ascii	"\215.\236&\356\012\177\247&mT`\357?*\010\373p\353\374"
  76      EE0A7FA7 
  76      266D5460 
  76      EF3F2A08 
  76      FB70EBFC 
  77 00f8 C3E167A2 		.ascii	"\303\341g\2420\327\241\277\303\2778@.\367F\373Yd\324"
  77      30D7A1BF 
  77      C3BF3840 
  77      2EF746FB 
  77      5964D4
  78 010b E7D7A8CA 		.ascii	"\347\327\250\312\274\256\341-G\020M\360\265.n\222Q\336"
  78      BCAEE12D 
  78      47104DF0 
  78      B52E6E92 
  78      51DE
  79 011d E5338656 		.ascii	"\3453\206V\237\256\241\001~$\031?\275t\352\306\004\010"
  79      9FAEA101 
  79      7E24193F 
  79      BD74EAC6 
  79      0408
  80 012f 8776214C 		.ascii	"\207v!L@'\231\355n\254\363\265z[<~3\334\031\3615\232"
  80      402799ED 
  80      6EACF3B5 
  80      7A5B3C7E 
  80      33DC19F1 
  81 0145 56ACD70C 		.ascii	"V\254\327\014\370=\336\346\352\252_\347k\3502\003\246"
  81      F83DDEE6 
  81      EAAA5FE7 
  81      6BE83203 
  81      A6
  82 0156 27D6D76E 		.ascii	"'\326\327nF\374\375\025\177\255/\250u\304\252\254\255"
  82      46FCFD15 
  82      7FAD2FA8 
  82      75C4AAAC 
  82      AD
  83 0167 312296D1 		.ascii	"1\"\226\321\325\0262Bf\300`\254\243\255\3072\302}\241"
  83      D5163242 
  83      66C060AC 
  83      A3ADC732 
  83      C27DA1
  84 017a D08F2E0F 		.ascii	"\320\217.\017\2220\243\"\020E\370\033\376\261\232\335"
  84      9230A322 
  84      1045F81B 
  84      FEB19ADD 
  85              		.text
  86              		.section	.gnu.lto_put.d26e377a,"",%progbits
  87 0000 789C4D8F 		.ascii	"x\234M\217\315/CA\024\305\357\235y\350\202\376\001t"
ARM GAS  C:\Users\Lena\AppData\Local\Temp\ccV5LRHY.s 			page 6


  87      CD2F4341 
  87      14C5EF9D 
  87      79E882FE 
  87      0174
  88 0012 61219A6E 		.ascii	"a!\232n<4!l5b#\022\355\262I\323\026\351\223~\321\326"
  88      3C34216C 
  88      35622312 
  88      EDB249D3 
  88      16E9937E 
  89 0028 B6E3AB04 		.ascii	"\266\343\253\004\241\"4D\322.H\251\217\022\253\356\032"
  89      A1223444 
  89      D22E48A9 
  89      8F12ABEE 
  89      1A
  90 0039 B12D41FC 		.ascii	"\261-A\374\003\324J*!V\"\345NU\342%\223w\316\314\371"
  90      03D44A2A 
  90      215622E5 
  90      4E55E225 
  90      9377CECC 
  91 004e CDDC5303 		.ascii	"\315\334S\003\014Z\021`\002\000\232h!\007d\361k\200"
  91      0C5A1160 
  91      02009A68 
  91      210764F1 
  91      6B80
  92 0060 691D4394 		.ascii	"i\035C\224B\350\020\242\014\243\270\306\023\034o\347"
  92      42E810A2 
  92      0CA3B8C6 
  92      131C6FE7 
  93 0070 CE76F92A 		.ascii	"\316v\371*ORL!\373V\330y\322K\213\330L\266\230\213\225"
  93      4F524C21 
  93      FB56D879 
  93      D24B8BD8 
  93      4CB6988B 
  94 0085 14535AD0 		.ascii	"\024SZ\320\227O|\366\254\317\316\017$9\203mJ\037\240"
  94      974F7CF6 
  94      ACCFCE0F 
  94      2439836D 
  94      4A1FA0
  95 0098 01D36890 		.ascii	"\001\323h\220O\034\242\211\262\367\205\207x\035\367"
  95      4F1CA289 
  95      B2F78587 
  95      781DF7
  96 00a7 2190BE58 		.ascii	"!\220\276XL\345\352\215\373B\314\210\374\325\006\027"
  96      4CE5EA8D 
  96      FB42CC88 
  96      FCD50617 
  97 00b7 2D49CE31 		.ascii	"-I\3161\203\374?H[\200Gh\244\370n,\363\314y\260\202"
  97      83FC3F48 
  97      5B804768 
  97      A4F86E2C 
  97      F3CC79B0 
  98 00cc BEC4DE5F 		.ascii	"\276\304\336_\365U\264\370\301D}\222+x\374\213\232\015"
  98      F555B4F8 
  98      C1447D92 
  98      2B78FC8B 
  98      9A0D
  99 00de D82E4105 		.ascii	"\330.A\005\360\004\2152\375x^\336l\250U\344D4\310)\326"
ARM GAS  C:\Users\Lena\AppData\Local\Temp\ccV5LRHY.s 			page 7


  99      F0048D32 
  99      FD785EDE 
  99      6CA855E4 
  99      4434C829 
 100 00f3 5275C8DE 		.ascii	"Ru\310\336a^\224\277\027D\376k\017\023\375\014`\211"
 100      615E94BF 
 100      1744FE6B 
 100      0F13FD0C 
 100      6089
 101 0105 8E65F765 		.ascii	"\216e\367e\032\236\376\274\2043\251\243\225F\011\320"
 101      1A9EFEBC 
 101      8433A9A3 
 101      954609D0 
 102 0115 255BF397 		.ascii	"%[\363\2277u\2624C\300l\245\023\021(\223\304\216[z\355"
 102      3775B234 
 102      43C06CA5 
 102      13112893 
 102      C48E5B7A 
 103 012a C3B621AB 		.ascii	"\303\266!\253C\363\217\005\354\026-\024\236\324\\\016"
 103      43F38F05 
 103      EC162D14 
 103      9ED45C0E 
 104 013a AB6DD0DC 		.ascii	"\253m\320\334\371\347\354}\036\315\245Y\303\221\021"
 104      F9E7EC7D 
 104      1ECDA559 
 104      C39111
 105 0149 2DE0986A 		.ascii	"-\340\230j\377o\355n\251\003\241\216\356.5\020R=N\257"
 105      FF6FED6E 
 105      A903A18E 
 105      EE2E3510 
 105      523D4EAF 
 106 015d EAD55C2A 		.ascii	"\352\325\\*a\243N_H\365G\274\336\252ns\003\323\202\350"
 106      61A34E5F 
 106      48F547BC 
 106      DEAA6E73 
 106      03D382E8 
 107 0171 FA016E6E 		.ascii	"\372\001nn\210\004"
 107      8804
 108              		.text
 109              		.section	.gnu.lto_get.d26e377a,"",%progbits
 110 0000 789C6365 		.ascii	"x\234ce`bx\307\300\300\220\017\304\322@\314\310\314"
 110      606278C7 
 110      C0C0900F 
 110      C4D240CC 
 110      C8CC
 111 0012 C0C834E1 		.ascii	"\300\3104\341\034\003C#\007\023##\210\321\300\301\310"
 111      1C034323 
 111      07132323 
 111      88D1C0C1 
 111      C8
 112 0023 50CFC458 		.ascii	"P\317\304X\317\330\317<\235\231\361b\313\2069\314}\314"
 112      CFD8CF3C 
 112      9D99F162 
 112      CB8639CC 
 112      7DCC
 113 0035 F381CA58 		.ascii	"\363\201\312X\200\334\217gg=\346\003q\031\031\025\200"
 113      80DC8F67 
ARM GAS  C:\Users\Lena\AppData\Local\Temp\ccV5LRHY.s 			page 8


 113      673DE603 
 113      71191915 
 113      80
 114 0046 DC273BDB 		.ascii	"\334';\333\336\262h.o\000\202\003\323g\261\315\333t"
 114      DEB2682E 
 114      6F008203 
 114      D367B1CD 
 114      DB74
 115 0058 A181733E 		.ascii	"\241\201s>3\023\303L\240\362\025\2142\214\313\031e@"
 115      3313C34C 
 115      A0F2158C 
 115      328CCB19 
 115      6540
 116 006a 76AC64D4 		.ascii	"v\254d\324\004*\276|\366\352\004v\346\\F\006 {s\307"
 116      042ABE7C 
 116      F6EA0476 
 116      E65C4606 
 116      207B73C7 
 117 007e 829D3CEA 		.ascii	"\202\235<\352K\033\032\232\032\016\034\231\314\334\240"
 117      4B1B1A9A 
 117      1A0E1C99 
 117      CCDCA0
 118 008d 329F9999 		.ascii	"2\237\231\231q\025#3\262F\240\020\003\343jFu\220\372"
 118      71152333 
 118      B246A010 
 118      03E36A46 
 118      7590FA
 119 00a0 471BFF4D 		.ascii	"G\033\377M\345ec\001\031\0144o\015#\033#\220^\177\211"
 119      E5656301 
 119      190C346F 
 119      0D231B23 
 119      905E7F89 
 120 00b4 F140C3BF 		.ascii	"\361@\303\277\377\355\015\007\236,f\334\352\306\304"
 120      FFED0D07 
 120      9E2C66DC 
 120      EAC6C4
 121 00c3 C0D00594 		.ascii	"\300\320\005\224\006\371\241\033\350\006 \315\374\226"
 121      06F9A11B 
 121      E80620CD 
 121      FC96
 122 00d1 B169C1F3 		.ascii	"\261i\301\363\036)\220\006\240!\007\037l\372\310\015"
 122      1E299006 
 122      A021071F 
 122      6CFAC80D 
 123 00e1 723C1323 		.ascii	"r<\023#\013\343Z\260\323\200:\030A*\201z\263\\\254b"
 123      0BE35AB0 
 123      D3803A18 
 123      412A817A 
 123      B35CAC62 
 124 00f5 8242FC83 		.ascii	"\202B\374\203\3433\363\322\362c\\2\213K\2122\223\342"
 124      E333F3D2 
 124      F2635C32 
 124      8B4B8A32 
 124      93E2
 125 0107 83437C8D 		.ascii	"\203C|\215\215`\274\030\347\214\314\244\314\340\222"
 125      8D60BC18 
 125      E78CCCA4 
ARM GAS  C:\Users\Lena\AppData\Local\Temp\ccV5LRHY.s 			page 9


 125      CCE092
 126 0116 D294CCFC 		.ascii	"\322\224\314\374\3702\003dnL2\210\235_lhn\246\237_\254"
 126      F8320364 
 126      6E4C3288 
 126      9D5F6C68 
 126      6EA69F5F 
 127 012b 9F9198A3 		.ascii	"\237\221\230\243\237\223\231\244\017\324\226\232\230"
 127      9F9399A4 
 127      0FD4969A 
 127      98
 128 0138 5BAC9F57 		.ascii	"[\254\237W\232\223\003e\353%30e\026\000\000{Gw\271"
 128      9A930365 
 128      EB253330 
 128      65160000 
 128      7B4777B9 
 129              		.text
 130              		.section	.gnu.lto_nullObjectInit.d26e377a,"",%progbits
 131 0000 789C4D50 		.ascii	"x\234MPMkSA\024\275\347\335\227\244\202-.E\273\350B"
 131      4D6B5341 
 131      14BDE7DD 
 131      97A4822D 
 131      2E45BBE8 
 132 0015 28DDF85A 		.ascii	"(\335\370Z\013\012n\015\335I\301t\031\010M\265\364i"
 132      0B0A6E0D 
 132      DD49C174 
 132      19084DB5 
 132      F469
 133 0027 BEE84B5C 		.ascii	"\276\350K\\\270\3114\375\210\264h]\264\246\026\303\253"
 133      B8C934FD 
 133      88B4685D 
 133      B4A616C3 
 133      AB
 134 0038 68E99749 		.ascii	"h\351\227I\332\270(\256\014\335\210\242\226\372\003"
 134      DAB828AE 
 134      0CDD88A2 
 134      96FA03
 135 0047 5C6851AC 		.ascii	"\\hQ\254\272\020-B\240\037w\322\010\035\030\346\236"
 135      BA102D42 
 135      A01F77D2 
 135      081D18E6 
 135      9E
 136 0058 9933E79E 		.ascii	"\2313\347\236s=d\320$\210\022DtV6\230`<\370@4\324`\000"
 136      733D64D0 
 136      24881244 
 136      74563698 
 136      603CF840 
 137 0070 BA500DA0 		.ascii	"\272P\015\240\264\2014&9\307\330\310~}i\264-(Y\225\334"
 137      B4813426 
 137      39C7D8C8 
 137      7E7D69B4 
 137      2D285995 
 138 0085 27EF981A 		.ascii	"'\357\230\032=\3552\321#\331za\001m\302\332\032Y}\314"
 138      3DED32D1 
 138      23D97A61 
 138      016DC2DA 
 138      1A597DCC 
 139 0099 F7D965C0 		.ascii	"\367\331e\300\024\370\373\375\354\227&\015\015\264\010"
ARM GAS  C:\Users\Lena\AppData\Local\Temp\ccV5LRHY.s 			page 10


 139      14F8FBFD 
 139      EC97260D 
 139      0DB408
 140 00a8 FCF6A4FC 		.ascii	"\374\366\244\374\323\344(H\352\\ud\331l\235W*\243*\357"
 140      D3E42848 
 140      EA5C7564 
 140      D96C9D57 
 140      2AA32AEF 
 141 00bc A6589D73 		.ascii	"\246X\235s\231\261\014\026A,\241\031\213h&\271\"\254"
 141      99B10C16 
 141      412CA119 
 141      8B6826B9 
 141      22AC
 142 00ce A055F33F 		.ascii	"\240U\363?\257\355O7z\315\243\206x\016\257x\247\322"
 142      AFED4F37 
 142      7ACDA386 
 142      780EAF78 
 142      A7D2
 143 00e0 4754D4FE 		.ascii	"GT\324\376AVU\376>\303n\227)\3165\235\306\205\244#L"
 143      415655FE 
 143      3EC36E97 
 143      29CE359D 
 143      C685A423 
 144 00f5 B0A14FFE 		.ascii	"\260\241O\376\216L5\233_O\350\177\242\365ptc\323\247"
 144      8E4C359B 
 144      5F4FE87F 
 144      A2F57074 
 144      63D3A7
 145 0108 6D71CDCA 		.ascii	"mq\315\312\277\327o\357\236t\221\037\222lsg\\6\363\342"
 145      BFD76FEF 
 145      9E74911F 
 145      926C7367 
 145      5C36F3E2 
 146 011c B720FDF5 		.ascii	"\267 \375\365\343\374v\246\350\263\012:w\213\313\036"
 146      E3FC76A6 
 146      E8B30A3A 
 146      778BCB1E 
 147 012c 14E162A6 		.ascii	"\024\341b\246\026\032%X\307\305<5\261\341\352\253?M"
 147      161A2558 
 147      C7C53C35 
 147      B1E1EAAB 
 147      3F4D
 148 013e E93D25D3 		.ascii	"\351=%\323\361<\325<\271{3\273rK\353\237r\331\2135\231"
 148      F13CD53C 
 148      B97B33BB 
 148      724BEB9F 
 148      72D98B35 
 149 0153 E86A5DFC 		.ascii	"\350j]\374`\247\\<!\344\031i|G+\224E]\224_ M\277\220"
 149      60A75C3C 
 149      21E41969 
 149      7C472B94 
 149      455D945F 
 150 016b 99FB710F 		.ascii	"\231\373q\017\332rm\302\343bV\262\030D7\375\227\203"
 150      DA726DC2 
 150      E36256B2 
 150      184437FD 
 150      9783
ARM GAS  C:\Users\Lena\AppData\Local\Temp\ccV5LRHY.s 			page 11


 151 017d D77ABA03 		.ascii	"\327z\272\003!;\326\037\017\372m'9h\207C\201\236\253"
 151      213BD61F 
 151      0FFA6D27 
 151      39688743 
 151      819EAB
 152 0190 9D17FEA3 		.ascii	"\235\027\376\243\340\225\001;l\007\222\251\353v<t\273"
 152      E095013B 
 152      6C0792A9 
 152      EB763C74 
 152      BB
 153 01a1 FD380CF6 		.ascii	"\3758\014\366\351:\356t\\\272h\305\035k\2407bE\354\260"
 153      E93AEE74 
 153      5CBA68C5 
 153      1D6BA037 
 153      6245ECB0 
 154 01b5 25DF6EF4 		.ascii	"%\337n\364F\035+\226\212D\352\365\371>\342\230\2238"
 154      461D2B96 
 154      8A44EAF5 
 154      F93EE298 
 154      9338
 155 01c7 04EEADAD 		.ascii	"\004\356\255\255X"
 155      58
 156              		.text
 157              		.section	.gnu.lto_vmt.d26e377a,"",%progbits
 158 0000 789C6365 		.ascii	"x\234ce`b\230\311\300\300\220\303\000\001\323\231\031"
 158      606298C9 
 158      C0C090C3 
 158      0001D399 
 158      19
 159 0011 77EE7C73 		.ascii	"w\356|s\233\275\376oCGC\303\203\3569\314u\363\231\031"
 159      9BBDFE6F 
 159      434743C3 
 159      83EE39CC 
 159      75F39919 
 160 0025 66326348 		.ascii	"f2cH-x\306<\237\231q&3#\206\304*\240\004\323Lf&\014"
 160      2D78C63C 
 160      9F997126 
 160      332386C4 
 160      2AA004D3 
 161 003d 89574CF3 		.ascii	"\211WL\363\231\231g23\203%\276>{\262\237\303b[C\307"
 161      99996732 
 161      338325BE 
 161      3E7BB29F 
 161      C3625B43 
 162 0052 820687F9 		.ascii	"\202\006\207\371\314,3\230\031\030W1\326\317`fd\\\011"
 162      CC2C3398 
 162      19185731 
 162      D6CF6066 
 162      645C09
 163 0065 A2981857 		.ascii	"\242\230\030W\200(f\306\345\214\365\014\214\253\031"
 163      802866C6 
 163      E58CF50C 
 163      8CAB19
 164 0074 2D18B25C 		.ascii	"-\030\262\\\254b\202B\374\203\3433\363\322\362c\\2\213"
 164      AC628242 
 164      FC83E333 
 164      F3D2F263 
ARM GAS  C:\Users\Lena\AppData\Local\Temp\ccV5LRHY.s 			page 12


 164      5C328B
 165 0087 4B8A3293 		.ascii	"K\2122\223\342\203C|\215\215`\274\030\347\214\314\244"
 165      E283437C 
 165      8D8D60BC 
 165      18E78CCC 
 165      A4
 166 0098 CCE092D2 		.ascii	"\314\340\222\322\224\314\374\3702\003dnL2\210\235_l"
 166      94CCFCF8 
 166      3203646E 
 166      4C32889D 
 166      5F6C
 167 00aa 686EA69F 		.ascii	"hn\246\237_\254\237\221\230\243\237\223\231\244\017"
 167      5FAC9F91 
 167      98A39F93 
 167      99A40F
 168 00b9 D4969A98 		.ascii	"\324\226\232\230[\254\237W\232\223\003e\353%3\000\000"
 168      5BAC9F57 
 168      9A930365 
 168      EB253300 
 168      00
 169 00ca A05F6203 		.ascii	"\240_b\003"
 170              		.text
 171              		.section	.gnu.lto_.symbol_nodes.d26e377a,"",%progbits
 172 0000 789C6365 		.ascii	"x\234ce`b\310e\000\002\2469L\365\014\014\023\31610\000"
 172      6062C865 
 172      0002A639 
 172      4CF50C0C 
 172      13CE3130 
 173 0015 A91D0B0E 		.ascii	"\251\035\013\0166\260\001\305\3462\3253\242\213\315"
 173      36B001C5 
 173      E632D533 
 173      A28BCD
 174 0024 63AA6742 		.ascii	"c\252gB\027\233\317T\317\214.\266\220\251\236\005&\266"
 174      179BCF54 
 174      CF8C2EB6 
 174      90A99E05 
 174      26B6
 175 0036 ABC19181 		.ascii	"\253\301\221\201\201u\001\023C\203\022\003\0033\003"
 175      81750113 
 175      43831203 
 175      033303
 176 0045 0097641C 		.ascii	"\000\227d\034\271"
 176      B9
 177              		.text
 178              		.section	.gnu.lto_.refs.d26e377a,"",%progbits
 179 0000 789C05C1 		.ascii	"x\234\005\301\261\001\000\000\010\303\2404\332\335\377"
 179      B1010000 
 179      08C3A034 
 179      DADDFF
 180 000f AF158A1C 		.ascii	"\257\025\212\034\220\265\331\212Q\207\007\003S\000<"
 180      90B5D98A 
 180      51870703 
 180      53003C
 181              		.text
 182              		.section	.gnu.lto_.decls.d26e377a,"",%progbits
 183 0000 789CC556 		.ascii	"x\234\305VkP\024W\026\356\323=3\3000\200%)\313\255\242"
 183      6B501457 
ARM GAS  C:\Users\Lena\AppData\Local\Temp\ccV5LRHY.s 			page 13


 183      16EED33D 
 183      33C03080 
 183      2529CBAD 
 184 0015 529445AA 		.ascii	"R\224E\252\370\023\006t\313\244R\371\221-RI\366\207"
 184      F8130674 
 184      CBA452F9 
 184      912D5249 
 184      F687
 185 0027 B12A3E7E 		.ascii	"\261*>~M\325\0240\023\231\0243\343\322Mb\362\253\003"
 185      4DD51430 
 185      13991433 
 185      E3D24D62 
 185      F2AB03
 186 003a 42141317 		.ascii	"B\024\023\027b\020\361\265,f]]yhD\214 \353`|\200\240"
 186      6210F1B5 
 186      2C665D5D 
 186      7968448C 
 186      20EB607C 
 187 0050 828F180D 		.ascii	"\202\217\030\015\003A\211D\202\274\003\"$\344\334{\373"
 187      03418944 
 187      82BC0322 
 187      24E4DC7B 
 187      FB
 188 0061 3564A8FC 		.ascii	"5d\250\374\331\312vqz\372\236>\337=\337y\334\323\230"
 188      D9CA7671 
 188      7AFA9E3E 
 188      DF3DDF79 
 188      DCD398
 189 0074 399EDB17 		.ascii	"9\236\333\027\315q;\005\216\253\007\216\233\307+\202"
 189      CD713B05 
 189      8EAB078E 
 189      9BC72B82 
 190 0084 E3B81A4E 		.ascii	"\343\270\032N\277\314(\347Q\332P\356\242\004QfQ\320"
 190      BFCC28E7 
 190      51DA50EE 
 190      A2045166 
 190      51D0
 191 0096 9C9BE342 		.ascii	"\234\233\343B\257B`\366KQ\236A9\201\262\001\345\254"
 191      AF4260F6 
 191      4B519E41 
 191      3981B201 
 191      E5AC
 192 00a8 F21E94BD 		.ascii	"\362\036\224\275\026^\273\026\301]4\340\332\302\340"
 192      165EBB16 
 192      C15D34E0 
 192      DAC2E0
 193 00b7 4E2EC0DD 		.ascii	"N.\300\335Qp\215\006\334\3350\270&|a\012\203S1\3010"
 193      51708D06 
 193      DCDD30B8 
 193      267C610A 
 193      835331C1 
 194 00cc 98697C41 		.ascii	"\230i|Ar\263\321\200{\2022\2052\2062\252`\307\225\337"
 194      72B3D180 
 194      7B823285 
 194      328632AA 
 194      60C795DF 
 195 00e0 C57234A3 		.ascii	"\305r4\243p~\204\322\207\362\000\345{\005O8\215\240"
ARM GAS  C:\Users\Lena\AppData\Local\Temp\ccV5LRHY.s 			page 14


 195      707E84D2 
 195      87F200E5 
 195      7B054F38 
 195      8DA0
 196 00f2 FC883284 		.ascii	"\374\2102\2042\254\350\202J\034$\007\341\362W.@\303"
 196      32ACE882 
 196      4A1C2407 
 196      E1F2572E 
 196      40C3
 197 0104 27179AF9 		.ascii	"'\027\232\371\036\350\006\036\335.a\221\000\273\003"
 197      1EE8061E 
 197      DD2E6191 
 197      00BB03
 198 0113 15BA9C57 		.ascii	"\025\272\234W/\000\252G-O\357\314\220\252@E(k^Y\362"
 198      2F00AA47 
 198      2D4FEFCC 
 198      90AA4045 
 198      286B5E59 
 199 0128 CA96F44F 		.ascii	"\312\226\364O\001\203aG\366\232yR/\226\003\366@a*\032"
 199      01836147 
 199      F69A7952 
 199      2F9603F6 
 199      40612A1A 
 200 013c 78DD0180 		.ascii	"x\335\001\200\021`\330\220\321V\336k\3748=8P\243\037"
 200      1160D890 
 200      D156DE6B 
 200      FC383D38 
 200      50A31F
 201 014f ABE87868 		.ascii	"\253\350xh\355\205 \321V\276\002T\327\276\357@)\010"
 201      ED8520D1 
 201      56BE0254 
 201      D7BEEF40 
 201      2908
 202 0161 3C90E7DE 		.ascii	"<\220\347\336\231#\257\245T\313\354\212\374\223\236"
 202      9923AFA5 
 202      54CBEC8A 
 202      FC939E
 203 0170 B660EBD1 		.ascii	"\266`\353\321c\302N\001\326Z\201\370\214CU\335\320\231"
 203      63C24E01 
 203      D65A81F8 
 203      8C4355DD 
 203      D099
 204 0182 9918A622 		.ascii	"\231\030\246\"\026\237\317\214\234\266\011K\351s\327"
 204      169FCF8C 
 204      9CB6094B 
 204      E973D7
 205 0191 D6E3FB89 		.ascii	"\326\343\373\211\365R+\230\210\327\253{\037\304\342"
 205      F5522B98 
 205      88D7AB7B 
 205      1FC4E2
 206 01a0 F2192B24 		.ascii	"\362\031+$\226\013|W\363\343\276HH\266\036&N\002\327"
 206      960B7C57 
 206      F3E3BE48 
 206      48B61E26 
 206      4E02D7
 207 01b3 77A54C14 		.ascii	"w\245L\024\3122\017'\300\0125 \300\177 \205P^k\305\373"
 207      CA320F27 
ARM GAS  C:\Users\Lena\AppData\Local\Temp\ccV5LRHY.s 			page 15


 207      C00A3520 
 207      C07F2085 
 207      505E6BC5 
 208 01c8 3659CE97 		.ascii	"6Y\316\227K\012\344\25078\250\203\004\250\205\004\016"
 208      4B0AE4A8 
 208      3738A883 
 208      04A88504 
 208      0E
 209 01d9 8E433271 		.ascii	"\216C2qJ\354\240\032\225\307P\211^\016\236\037\371\320"
 209      4AECA01A 
 209      95C75089 
 209      5E0E9E1F 
 209      F9D0
 210 01eb 66226525 		.ascii	"f\"e%;e\232\210\256\256\260\377h$zN@\332`\340\234\300"
 210      3B659A88 
 210      AEAEB0FF 
 210      68247A4E 
 210      40DA60E0 
 211 0201 38D70726 		.ascii	"8\327\007&jLB-\220\005\337P\337\277\327\252\321\272"
 211      6A4C422D 
 211      9005DF50 
 211      DFBFD7AA 
 211      D1BA
 212 0213 5C9752F8 		.ascii	"\\\227R\370\021\241u\0327;\245\323J\320h\215V\311\302"
 212      11A1751A 
 212      373BA5D3 
 212      4AD0688D 
 212      56C9C2
 213 0226 720E5625 		.ascii	"r\016V%@*\222j@R\011\012\251z$u\222\221:\372\217#\027"
 213      402A926A 
 213      4052090A 
 213      A97A2475 
 213      92913AFA 
 214 023d 6284EB34 		.ascii	"b\204\3534\273|EYK}\254\346a\376\336\212\2234\360F\364"
 214      BB7C4559 
 214      4B7DACE6 
 214      61FEDE8A 
 214      9334F046 
 215 0252 F0A5EE01 		.ascii	"\360\245\356\001\035\206wq&\274\213\246\261\211q\260"
 215      1D867771 
 215      26BC8BA6 
 215      B18971B0 
 216 0262 2AF6DB7E 		.ascii	"*\366\333~\337\376\313\326s\2036[\261\226YhB\377jr9"
 216      DFFECBD6 
 216      7383365B 
 216      B1965968 
 216      42FF6A72 
 217 0277 380B36A5 		.ascii	"8\0136\245\346\237\006\207\256\305\322\204\242\016\276"
 217      E69F0687 
 217      AEC5D284 
 217      A20EBE
 218 0286 009AD1DD 		.ascii	"\000\232\321\3357\362+\243\250r\203\015\232\231\356"
 218      37F22BA3 
 218      A872830D 
 218      9A99EE
 219 0295 E2FC7420 		.ascii	"\342\374t \216\225\233\307\345\215\321\216\003\321\254"
 219      8E959BC7 
ARM GAS  C:\Users\Lena\AppData\Local\Temp\ccV5LRHY.s 			page 16


 219      E58DD18E 
 219      03D1AC
 220 02a4 DC4B7039 		.ascii	"\334Kp9\320\327^\025\267|7m\251\002y\011+t\000\375\235"
 220      D0D75E15 
 220      B77C376D 
 220      A9027909 
 220      2B7400FD 
 221 02b9 A3FE5A60 		.ascii	"\243\376Z`9\336\377\013&\346\264\342\310g\335Q+*\345"
 221      39DEFF0B 
 221      26E6B4E2 
 221      C867DD51 
 221      2B2AE5
 222 02cc CEEFE440 		.ascii	"\316\357\344@\357\\\352O\207\212\344N\004\276B\015\341"
 222      EF5CEA4F 
 222      878AE44E 
 222      04BE420D 
 222      E1
 223 02dd A89E267C 		.ascii	"\250\236&|\304\373\021\350\005\3707\364`\303\237\207"
 223      C4FB11E8 
 223      05F837F4 
 223      60C39F87 
 224 02ed 15889F29 		.ascii	"\025\210\237)\275Zo\026\256\231`\261\226\2709\373\351"
 224      BD5A6F16 
 224      AE9960B1 
 224      96B839FB 
 224      E9
 225 02fe 186F0CBF 		.ascii	"\030o\014\2771$\374\213Z\370\327&\333\247b(\030up\201"
 225      3124FC8B 
 225      5AF8D726 
 225      DBA76228 
 225      18757081 
 226 0312 857AF0C1 		.ascii	"\205z\360\301\341sf5\374KL\3271U\330\302/\036`+\015"
 226      E1736635 
 226      FC4B4CD7 
 226      3155D8C2 
 226      2F1E602B 
 227 0327 F0B21A60 		.ascii	"\360\262\032`\323\255=\267\255J\200\367w\013\362g\210"
 227      D3AD3DB7 
 227      AD4A80F7 
 227      770BF267 
 227      88
 228 0338 5A428CE0 		.ascii	"ZB\214\340+=\270\257\026\006\327F\203\233\037\231\350"
 228      2B3DB8AF 
 228      1606D746 
 228      839B1F99 
 228      E8
 229 0349 B109B758 		.ascii	"\261\011\267Xpc\227\373\313\200Ri\324\202\233\330\267"
 229      706397FB 
 229      CB805269 
 229      D4829BD8 
 229      B7
 230 035a BF5EA3D7 		.ascii	"\277^\243\327\316\350\025~RSn\305rX\330\321\215@U\377"
 230      CEE8157E 
 230      52536EC5 
 230      7258D8D1 
 230      8D4055FF 
 231 036e E8D30613 		.ascii	"\350\323\006\023S\021\322[Pu\240\242\373D\254\360\015"
ARM GAS  C:\Users\Lena\AppData\Local\Temp\ccV5LRHY.s 			page 17


 231      5311D25B 
 231      5075A0A2 
 231      FB44ACF0 
 231      0D
 232 037f DD9A1FEA 		.ascii	"\335\232\037\352\333^\034i8\012\253+Fe9\021\272\320"
 232      DB5E1C69 
 232      380AAB2B 
 232      46653911 
 232      BAD0
 233 0391 CF759DA4 		.ascii	"\317u\235\244E\351S\3717'\264\023;\317\242t\3365T^e"
 233      45E953F9 
 233      3727B413 
 233      3BCFA274 
 233      DE35545E 
 234 03a6 9D373E33 		.ascii	"\2357>3Zo\022\3563\037\305}\343?\307\20159\354\006\267"
 234      5A6F12EE 
 234      331FC57D 
 234      E33FC781 
 234      3539EC06 
 235 03bb C26CA09E 		.ascii	"\302l\240\236\232\225\247\350\251\271\211dn\350d\272"
 235      9A95A7E8 
 235      A9B98964 
 235      6EE864BA 
 236 03cb E8A94127 		.ascii	"\350\251A'w>\276\371\255E\030dNf\006[k\242\365@\016"
 236      773EBEF9 
 236      AD451864 
 236      4E66065B 
 236      6BA2F540 
 237 03e0 0ADB0FFD 		.ascii	"\012\333\017\375]\226Mp\007\301\267u\360MX4\224\257"
 237      5D964D70 
 237      07C1B775 
 237      F04D5834 
 237      94AF
 238 03f2 C387727C 		.ascii	"\303\207r|\260\344_6c\315\357\204\324\374\033Z\363\016"
 238      B0E45F36 
 238      63CDEF84 
 238      D4FC1B5A 
 238      F30E
 239 0404 B5E6D5D3 		.ascii	"\265\346\325\323?4FkM\375\347\001\275\251\321\020\256"
 239      3F34466B 
 239      4DFDE701 
 239      BDA9D110 
 239      AE
 240 0415 E844AE2C 		.ascii	"\350D\256,\254\373]Z\367\272`\325\266\030\341\221\231"
 240      ACFB5D5A 
 240      F7BA60D5 
 240      B618E191 
 240      99
 241 0426 D6BDB67A 		.ascii	"\326\275\266z\366\270U\2551+{m\311\343e\213\223\351"
 241      F6B855AD 
 241      312B7B6D 
 241      C9E3658B 
 241      93E9
 242 0438 A664BE55 		.ascii	"\246d\276U\311\374\334\266\343\264E!3\270\274B\016\344"
 242      C9FCDCB6 
 242      E3B44521 
 242      33B8BC42 
ARM GAS  C:\Users\Lena\AppData\Local\Temp\ccV5LRHY.s 			page 18


 242      0EE4
 243 044a CB249F68 		.ascii	"\313$\237h\005\367t&\367\0262\011R&%;\237\316F\012\217"
 243      05F77426 
 243      F7163209 
 243      5226253B 
 243      9FCE460A 
 244 045f 1993D2F9 		.ascii	"\031\223\322\371\317oE\011sl\261\267i\362\212\231\015"
 244      CF6F4509 
 244      736CB1B7 
 244      69F28A99 
 244      0D
 245 0470 81485C8E 		.ascii	"\201H\\\216\316\026\\\2106\0363\022\251~\314\372\264"
 245      CE165C88 
 245      361E3312 
 245      A97ECCFA 
 245      B4
 246 0481 63365CD4 		.ascii	"c6\\\324\030\214\025d\013\335\344\227K\305\003\021F"
 246      188C1564 
 246      0BDDE497 
 246      4BC50311 
 246      46
 247 0492 546B08EA 		.ascii	"Tk\010\352\201\206\272=pf*Z(d\250\355'\036=\2115\242"
 247      8186BA3D 
 247      70662A5A 
 247      2864A8ED 
 247      271E3D89 
 248 04a8 5A4250DF 		.ascii	"ZBP\337k\250\374\332\311\216Xa\007C\251cj)\033S\015"
 248      6BA8FCDA 
 248      C98E5861 
 248      0743A963 
 248      6A291B53 
 249 04bd 0FDB2E59 		.ascii	"\017\333.Y\331\324\222\311\247\242\374`\303\027!\001"
 249      D9D492C9 
 249      A7A2FC60 
 249      C3172101 
 250 04cd 74876CFA 		.ascii	"t\207l\372H\335\324R\262\243\352\200\015\342\223\222"
 250      48DDD452 
 250      B2A3EA80 
 250      0DE29392 
 251 04dd 9293924A 		.ascii	"\222\223\222Ji\013aeM\034\374\200\266\003\244\205\036"
 251      690B6165 
 251      4D1CFC80 
 251      B603A485 
 251      1E
 252 04ee 62560721 		.ascii	"bV\007!\236d\026\036c;\215@\022\374\2102\2042\014I\364"
 252      9E64161E 
 252      633B8D40 
 252      12FC8832 
 252      84320C49 
 253 0503 135B45FC 		.ascii	"\023[E\374\004\256\267\013\303\207\213\344\222\014\022"
 253      04AEB70B 
 253      C3878BE4 
 253      920C12
 254 0512 29DC5770 		.ascii	")\334WpZ/\332\211\343:\342^\261o\205\326T\222J\332B"
 254      5A2FDA89 
 254      E33AE25E 
 254      B16F85D6 
ARM GAS  C:\Users\Lena\AppData\Local\Temp\ccV5LRHY.s 			page 19


 254      54924ADA 
 255 0527 21A6DF51 		.ascii	"!\246\337Q\222i\304\224\365\376p\221\200_tb\304)%\326"
 255      9269C494 
 255      F5FE7091 
 255      805F7462 
 255      C42925D6 
 256 053b DD4EADC6 		.ascii	"\335N\255\306.\330*\220\230h\013\204\331\3517^1\251"
 256      2ED82A90 
 256      98680B84 
 256      D9E9375E 
 256      31A9
 257 054d D01F9620 		.ascii	"\320\037\226 uJfQQ~YL\274\222\221m\213e\204\013\233"
 257      754A6651 
 257      517E594C 
 257      BC92916D 
 257      8B65840B 
 258 0562 0E8417EC 		.ascii	"\016\204\027\354?\277;\312\230\377Q\203'\016\306\324"
 258      3FBF3BCA 
 258      98FF5183 
 258      270EC6D4 
 259 0572 FC0BC7FE 		.ascii	"\374\013\307\376Y\331\034\015I\311\361\214\335\245="
 259      59D91C0D 
 259      49C9F18C 
 259      DDA53D
 260 0581 CFEE2A90 		.ascii	"\317\356*\220\221!Z`\367\0120\031\236!K\313T9M\313d"
 260      91215A60 
 260      F70A3019 
 260      9E214BCB 
 260      54394DCB 
 261 0596 685A4A95 		.ascii	"hZJ\225I@H\353.'\225\032N`\015\307u\242\373wv7\330\204"
 261      494048EB 
 261      2E27951A 
 261      4E600DC7 
 261      75A2FB77 
 262 05ae AD1174E0 		.ascii	"\255\021t\340\234\334~\352\034\017\361\311\341v\200"
 262      9CDC7EEA 
 262      1C0FF1C9 
 262      E17680
 263 05bd 690486DB 		.ascii	"i\004\206\333\204Q\371z\217\205P\231B\203\237\364sH"
 263      8451F97A 
 263      8F855099 
 263      42839FF4 
 263      7348
 264 05cf 9871ECBB 		.ascii	"\230q\354\273\325\325\023i\314\307TH>\236hM\336\372"
 264      D5D51369 
 264      CCC75448 
 264      3E9E684D 
 264      DEFA
 265 05e1 D174194F 		.ascii	"\321t\031O\347\003\352\224\001\321<\267\343c\223qBl"
 265      E703EA94 
 265      01D13CB7 
 265      E3639371 
 265      426C
 266 05f3 5C661810 		.ascii	"\\f\030\020O\351\200\230Q\007D\347\207\301\263\0218"
 266      4FE98098 
 266      510744E7 
 266      87C1B311 
ARM GAS  C:\Users\Lena\AppData\Local\Temp\ccV5LRHY.s 			page 20


 266      38
 267 0604 202AE9B4 		.ascii	" *\351\264zyo\2656\255\320\020g\201\306\255g\341\214"
 267      7A796FB5 
 267      36ADD010 
 267      6781C6AD 
 267      67E18C
 268 0617 98A533A2 		.ascii	"\230\2453\242\243k\266%\356\271Crg@\016<\254X\206\037"
 268      A36BB625 
 268      EEB94372 
 268      67400E3C 
 268      AC58861F 
 269 062b 3856BC5E 		.ascii	"8V\274^\206\324\332\200\243\232\365\370\217\365\034"
 269      86D4DA80 
 269      A39AF5F8 
 269      8FF51C
 270 063a 3CC759DE 		.ascii	"<\307Y\336\313\365Hn1\362\36577$\246\247\245q\026\321"
 270      CBF5486E 
 270      31F2F537 
 270      3724A6A7 
 270      A57116D1 
 271 064e F381DB29 		.ascii	"\363\201\333)\355\002\327K\216\\\311/:=\276\267\375"
 271      ED02D74B 
 271      8E5CC92F 
 271      3A3DBEB7 
 271      FD
 272 065f 0E974794 		.ascii	"\016\227G\224r=\231NQ\362\256Z\251\256\034Y\331\236"
 272      723D994E 
 272      51F2AE5A 
 272      A9AE1C59 
 272      D99E
 273 0671 4C7CCC73 		.ascii	"L|\314sy\374\316wS\215K\207\344\367\347\210\216M\276"
 273      79FCCE77 
 273      538D4B87 
 273      E4F7E788 
 273      8E4DBE
 274 0684 BC44FA94 		.ascii	"\274D\372\224\230\221\353Mt{3\335.\227\333\345X\235"
 274      9891EB4D 
 274      747B33DD 
 274      2E97DBE5 
 274      589D
 275 0696 B22A7165 		.ascii	"\262*qej\332\013\177Ks\344\3406\233\262\262\034\370"
 275      6ADA0B7F 
 275      4B73E4E0 
 275      369BB2B2 
 275      1CF8
 276 06a8 FE799FDF 		.ascii	"\376y\237\337\347~\336\235\221\351!\006)i\016\217/+"
 276      E77EDE9D 
 276      91E92106 
 276      29690E8F 
 276      2F2B
 277 06ba 27CFE576 		.ascii	"'\317\345v\210\022\242\336N\311\346\242\234\316<\217"
 277      8812A2DE 
 277      4EC9E6A2 
 277      9CCE3C8F 
 278 06ca 4F7AD129 		.ascii	"Oz\321)\225\375A\364Bi\251\204\274\031\270\227\317\355"
 278      95FD41F4 
 278      4269A984 
ARM GAS  C:\Users\Lena\AppData\Local\Temp\ccV5LRHY.s 			page 21


 278      BC19B897 
 278      CFED
 279 06dc 7022AD8C 		.ascii	"p\"\255\214\274\034\311)\275\277\331-\"\301\010\205"
 279      BC1CC929 
 279      BDBFD92D 
 279      22C10885 
 280 06ec 5EF1FF95 		.ascii	"^\361\377\225\236\370\276\350@_.\344\202\234\336y\365"
 280      9EF8BEE8 
 280      405F2EE4 
 280      829CDE79 
 280      F5
 281 06fd 25C75BEB 		.ascii	"%\307[\353\327\256cT^U\250\254[\277\006\251(+G:\361"
 281      D7AE6354 
 281      5E55A8AC 
 281      5BBF06A9 
 281      282B473A 
 282 0712 BD4EA362 		.ascii	"\275N\243bX2Z~1\355\205\325v\277h\317\316\310\261c\311"
 282      58325A7E 
 282      31ED85D5 
 282      76BF68CF 
 282      CEC8B163 
 283 0727 EC087367 		.ascii	"\354\010sgxE\273//'GyN\311\342\314\370\340\022\205\315"
 283      7845BB2F 
 283      2F274779 
 283      4EC9E2CC 
 283      F8E01285 
 284 073c 7912560A 		.ascii	"y\022V\012\275\257Z\351\224\"\224_\263W\334\344\224"
 284      BDAF5AE9 
 284      9422945F 
 284      B357DCE4 
 284      94
 285 074d B6FC2FC9 		.ascii	"\266\374/\311d\371\275^\277\317\276\331\237+\211\366"
 285      64F9BD5E 
 285      BFCFBED9 
 285      9F2B89F6 
 286 075d BFBCB526 		.ascii	"\277\274\265&}\315\026\242\333\354\311q\347\212\366"
 286      7DCD16A2 
 286      DBECC971 
 286      E78AF6
 287 076c D7D3D3ED 		.ascii	"\327\323\323\355Y\331je\204Mn)\226\260]\233\371\216"
 287      59D96A65 
 287      844D6E29 
 287      96B05D9B 
 287      F98E
 288 077e 3B4BFAAB 		.ascii	";K\372\253\317#\011\357z%\023al\246G \346M|\273\216"
 288      CF2309EF 
 288      7A251361 
 288      6CA64720 
 288      E64D7CBB 
 289 0793 C6B271CD 		.ascii	"\306\262q\315\372?,k\331\234Uw\374+\236\233\257\340"
 289      FA3F2C6B 
 289      D99C5577 
 289      FC2B9E9B 
 289      AFE0
 290              		.text
 291              		.section	.gnu.lto_.symtab.d26e377a,"",%progbits
 292 0000 6E756C6C 		.ascii	"nullObjectInit\000"
ARM GAS  C:\Users\Lena\AppData\Local\Temp\ccV5LRHY.s 			page 22


 292      4F626A65 
 292      6374496E 
 292      697400
 293 000f 00       		.ascii	"\000"
 294 0010 00       		.ascii	"\000"
 295 0011 00       		.ascii	"\000"
 296 0012 00000000 		.ascii	"\000\000\000\000\000\000\000\000"
 296      00000000 
 297 001a FB000000 		.ascii	"\373\000\000\000"
 298              		.text
 299              		.section	.gnu.lto_.opts,"",%progbits
 300 0000 272D666D 		.ascii	"'-fmath-errno' '-fsigned-zeros' '-ftrapping-math' '"
 300      6174682D 
 300      6572726E 
 300      6F272027 
 300      2D667369 
 301 0033 2D666E6F 		.ascii	"-fno-trapv' '-fno-openmp' '-fno-openacc' '-mcpu=cor"
 301      2D747261 
 301      70762720 
 301      272D666E 
 301      6F2D6F70 
 302 0066 7465782D 		.ascii	"tex-m7' '-mno-thumb-interwork' '-mthumb' '-ggdb' '-"
 302      6D372720 
 302      272D6D6E 
 302      6F2D7468 
 302      756D622D 
 303 0099 4F322720 		.ascii	"O2' '-fomit-frame-pointer' '-falign-functions=16' '"
 303      272D666F 
 303      6D69742D 
 303      6672616D 
 303      652D706F 
 304 00cc 2D666675 		.ascii	"-ffunction-sections' '-fdata-sections' '-fno-common"
 304      6E637469 
 304      6F6E2D73 
 304      65637469 
 304      6F6E7327 
 305 00ff 2720272D 		.ascii	"' '-flto'\000"
 305      666C746F 
 305      2700
 306              		.text
 307              		.comm	__gnu_lto_v1,1,1
 308              		.comm	__gnu_lto_slim,1,1
 309              		.ident	"GCC: (GNU Tools for ARM Embedded Processors 6-2017-q1-update) 6.3.1 20170215 (release) [AR
ARM GAS  C:\Users\Lena\AppData\Local\Temp\ccV5LRHY.s 			page 23


DEFINED SYMBOLS
                            *ABS*:00000000 nullstreams.c
                            *COM*:00000001 __gnu_lto_v1
                            *COM*:00000001 __gnu_lto_slim

NO UNDEFINED SYMBOLS
