ARM GAS  C:\Users\Lena\AppData\Local\Temp\ccGCYQ2M.s 			page 1


   1              		.cpu cortex-m7
   2              		.eabi_attribute 20, 1
   3              		.eabi_attribute 21, 1
   4              		.eabi_attribute 23, 3
   5              		.eabi_attribute 24, 1
   6              		.eabi_attribute 25, 1
   7              		.eabi_attribute 26, 1
   8              		.eabi_attribute 30, 2
   9              		.eabi_attribute 34, 1
  10              		.eabi_attribute 18, 4
  11              		.file	"nvic.c"
  12              		.text
  13              	.Ltext0:
  14              		.section	.gnu.lto_.profile.d26e18ed,"",%progbits
  15 0000 789C6365 		.ascii	"x\234ce`b`a```d\220\022\003\000\000\312\000="
  15      60626061 
  15      60606064 
  15      90120300 
  15      00CA003D 
  16              		.text
  17              		.section	.gnu.lto_.icf.d26e18ed,"",%progbits
  18 0000 789C6365 		.ascii	"x\234ce`b\220b@\000\026\206\027\337\372'q3~\336ur'\033"
  18      60629062 
  18      40001686 
  18      17DFFA27 
  18      71337EDE 
  19 0018 D385E635 		.ascii	"\323\205\3465\217\270\231;\356\375hab\000\000\253P\014"
  19      8FB8993B 
  19      EEFD6861 
  19      620000AB 
  19      500C
  20 002a 3B       		.ascii	";"
  21              		.text
  22              		.section	.gnu.lto_.jmpfuncs.d26e18ed,"",%progbits
  23 0000 789C6365 		.ascii	"x\234ce`b\220b@\000\026\006&FF\346\372zF \250g\202\260"
  23      60629062 
  23      40001606 
  23      264646E6 
  23      FA7A4620 
  24 0018 99416C06 		.ascii	"\231Al\006\000)\250\003:"
  24      0029A803 
  24      3A
  25              		.text
  26              		.section	.gnu.lto_.inline.d26e18ed,"",%progbits
  27 0000 789C4D8C 		.ascii	"x\234M\214\321\021\2000\014B!M\323\350\217#\324\011"
  27      D1118030 
  27      0C42214D 
  27      D3E88F23 
  27      D409
  28 0012 5CD2453A 		.ascii	"\\\322E:\222\2438\202\261\236U>\270\343\036\220!\330"
  28      92A33882 
  28      B19E553E 
  28      B8E31E90 
  28      21D8
  29 0024 F1498179 		.ascii	"\361I\201y\242pe\204\333\324\316\015\326\252@\216E\021"
  29      A2706584 
  29      DBD4CE0D 
ARM GAS  C:\Users\Lena\AppData\Local\Temp\ccGCYQ2M.s 			page 2


  29      D6AA408E 
  29      4511
  30 0036 C9833808 		.ascii	"\311\2038\010/d\257$m\365\251\004\325~\"\310J\366\227"
  30      2F64AF24 
  30      6DF5A904 
  30      D57E22C8 
  30      4AF697
  31 0049 14BBDF41 		.ascii	"\024\273\337A(\241\330;\035pLq\001\226\277\015\245"
  31      28A1D83B 
  31      1D704C71 
  31      0196BF0D 
  31      A5
  32              		.text
  33              		.section	.gnu.lto_.pureconst.d26e18ed,"",%progbits
  34 0000 789C6365 		.ascii	"x\234ce`b\340d```a\220b\224b\222b\226\002\000\002\321"
  34      6062E064 
  34      60606061 
  34      90629462 
  34      92629602 
  35 0017 0083     		.ascii	"\000\203"
  36              		.text
  37              		.section	.gnu.lto_nvicEnableVector.d26e18ed,"",%progbits
  38 0000 789C9D53 		.ascii	"x\234\235S_HSQ\030?\277{\266\335M\347z\216$}\010\304"
  38      5F485351 
  38      183FBF7B 
  38      B6DD4DE7 
  38      7A8E247D 
  39 0016 976E1614 		.ascii	"\227n\026\024\364VJo\022\250\217\003\311Ex)w\305-\351"
  39      F4564A6F 
  39      12A88F03 
  39      C9457829 
  39      77C52DE9 
  40 002a CDB3CD26 		.ascii	"\315\263\315&Y\224\224\323\214\306]`\371/\235\232\225"
  40      599494D3 
  40      8CC65D60 
  40      F92F9D9A 
  40      95
  41 003b 5AC11842 		.ascii	"Z\301\030B\354\301\242\350-\350!\243\330\303\302F\017"
  41      ECC1A2E8 
  41      2DE821A3 
  41      D8C3C246 
  41      0F
  42 004c 3D38EB3B 		.ascii	"=8\353;\367.\022\252\207:p\376|\337\371\375\276\357"
  42      F72E12AA 
  42      873A70FE 
  42      7CDFF9FD 
  42      BEEF
  43 005e FB7DE75E 		.ascii	"\373}\347^'S\330q\316X\2301\266\207&8\2032\364\202\261"
  43      2753D871 
  43      CE589831 
  43      B6872638 
  43      8332F482 
  44 0073 885B01E4 		.ascii	"\210[\001\344A\270\301\372\024\364\341\032\037\345\310"
  44      41B8C1FA 
  44      14F4E11A 
  44      1FE5C8
  45 0082 0E7C5C51 		.ascii	"\016|\\Q\352'\004\215\314hq\267\230\314\300$\372\030"
ARM GAS  C:\Users\Lena\AppData\Local\Temp\ccGCYQ2M.s 			page 3


  45      EA27048D 
  45      CC6871B7 
  45      98CCC024 
  45      FA18
  46 0094 4D393081 		.ascii	"M90\201zB\275\352\237\277\315\257r\223\003\0162\277"
  46      7A42BDEA 
  46      9FBFCDAF 
  46      7293030E 
  46      32BF
  47 00a6 ACDFDAF0 		.ascii	"\254\337\332\360ISA-\231%1<\342\343A0:\217e\023o\253"
  47      4953412D 
  47      9925313C 
  47      E2E34130 
  47      3A8F6513 
  48 00bc EAEE0A11 		.ascii	"\352\356\012\021\025\231\265a.\366\231\234c\032\234"
  48      1599B561 
  48      2EF6999C 
  48      631A9C
  49 00cb 02620AD5 		.ascii	"\002b\012\325\230D5#\027\303\014\352\010>\023\375T\340"
  49      98443523 
  49      17C30CEA 
  49      083E13FD 
  49      54E0
  50 00dd BCDBA25E 		.ascii	"\274\333\242^\312\2256\3242\365C\242L\275\377\007\352"
  50      CA9536D4 
  50      32F543A2 
  50      4CBDFF07 
  50      EA
  51 00ee 2CEA24FE 		.ascii	",\352$\376\375\302v\242\312\345\260k\305\034\\\240="
  51      FDC276A2 
  51      CAE5B06B 
  51      C51C5CA0 
  51      3D
  52 00ff FD1A19B1 		.ascii	"\375\032\031\261\375}@d\336\334\303\350\011/ \341\012"
  52      FD7D4064 
  52      DEDCC3E8 
  52      092F20E1 
  52      0A
  53 0110 111D5C2E 		.ascii	"\021\035\\.N\310\314*\035\235n\271xhq16H1ds.sE\356<"
  53      4EC8CC2A 
  53      1D9D6EB9 
  53      78687131 
  53      36483164 
  54 012a 8F6871A0 		.ascii	"\217hq\240\224\256\220a\223\\Ir\260<b\233q\330\016N"
  54      94AE9061 
  54      935C4972 
  54      B03C629B 
  54      71D80E4E 
  55 013e BE9D6D71 		.ascii	"\276\235mq\301\2014\225\227Gv$W#1t;r1\373R\225\267\252"
  55      C1813495 
  55      97477624 
  55      57233174 
  55      3B7231FB 
  56 0156 256FE9CE 		.ascii	"%o\351\316\347o^\333\024\331\230\360\221\353z\241\270"
  56      E76F5EDB 
  56      14D998F0 
  56      91EB7AA1 
ARM GAS  C:\Users\Lena\AppData\Local\Temp\ccGCYQ2M.s 			page 4


  56      B8
  57 0167 EC33918C 		.ascii	"\3543\221\214P\367S{M\356\306\002\351\234\247@\222\260"
  57      50F7537B 
  57      4DEEC602 
  57      E99CA740 
  57      92B0
  58 0179 FE6E7168 		.ascii	"\376nqh\2276+\372#\242\326\344\036,\302\304M\353]d\264"
  58      97362BFA 
  58      23A2D6E4 
  58      1E2CC2C4 
  58      4DEB5D64 
  59 018e E9AF93BC 		.ascii	"\351\257\223\274!-/SA\223W\340\001\264$wZo\266\204\006"
  59      212D2F53 
  59      419357E0 
  59      01B42477 
  59      5A6FB684 
  60 01a3 2A51165C 		.ascii	"*Q\026\\\214'\027R\345\232U\272&bn|u\313k\327\354\304"
  60      8C271752 
  60      E59A55BA 
  60      26626E7C 
  60      75CB6BD7 
  61 01b9 43ABE6D8 		.ascii	"C\253\346\330V|\312c\203\3346\350\306\370\334J\225\004"
  61      567CCA63 
  61      83DC36E8 
  61      C6F8DC4A 
  61      9504
  62 01cb 39518347 		.ascii	"9Q\203G6h3\236Sm\220G\346_{\036w\333a\200\307\250&\252"
  62      3668339E 
  62      536D9047 
  62      E65F7B1E 
  62      77DB6180 
  63 01e3 AD5E2BAB 		.ascii	"\255^+\253\377\027m\225X\266\264\341wm\275&\367bEjS"
  63      FF176D95 
  63      58B6B4E1 
  63      776DBD26 
  63      F762456A 
  64 01f8 2D6DAB52 		.ascii	"-m\253R\233\307J\225\037\334\250\374\257dO\254d\312"
  64      9BC74A95 
  64      1FDCA8FC 
  64      AF644FAC 
  64      64CA
  65 020a 5F923DFD 		.ascii	"_\222=\375\225\354\231\235\254\200h*}\305j\243\365S"
  65      95EC999D 
  65      AC80682A 
  65      7DC56AA3 
  65      F553
  66 021c 0C52A1F4 		.ascii	"\014R\241\364\221P\200\263MG\375-m'[\333\365\340\031"
  66      915080B3 
  66      4D47FD2D 
  66      6D275BDB 
  66      F5E019
  67 022f C3DFA487 		.ascii	"\303\337\244\207\302=zG{k[\363\241\203?-\177c\247\336"
  67      C23D7A47 
  67      7B6B5BF3 
  67      A1833F2D 
  67      7F63A7DE 
  68 0243 A1B786CF 		.ascii	"\241\267\206\317\237\326\215\366\336\003;M\177@\236"
ARM GAS  C:\Users\Lena\AppData\Local\Temp\ccGCYQ2M.s 			page 5


  68      9FD68DF6 
  68      DE033B4D 
  68      7F409E
  69 0252 8D50C391 		.ascii	"\215P\303\221\303\232\021\322:O\235\323\272\215\236"
  69      C39A11D2 
  69      3A4F9DD3 
  69      BA8D9E
  70 0261 70480B18 		.ascii	"pH\013\030]]FP;\326\322\334\330|A\013\366\352\201\375"
  70      5D5D4650 
  70      3BD6D2DC 
  70      D87C410B 
  70      F6EA81FD 
  71 0275 0186A0A3 		.ascii	"\001\206\240\243\273G7~\000at0\017"
  71      BB47377E 
  71      00617430 
  71      0F
  72              		.text
  73              		.section	.gnu.lto_nvicDisableVector.d26e18ed,"",%progbits
  74 0000 789C9592 		.ascii	"x\234\225\222Mh\023Q\020\307\337\177'_\265M\274\012"
  74      4D681351 
  74      10C7DF7F 
  74      275FB54D 
  74      BC0A
  75 0012 06ED4128 		.ascii	"\006\355A(\275\270FA\301\233\264x\013B\323c \330\250"
  75      BDB84641 
  75      C19BB478 
  75      0B42D363 
  75      20D8A8
  76 0025 74D166A5 		.ascii	"t\321f\245\251\301[_\372\221BE-\332\246V\014\033!\322"
  76      A9C15B5F 
  76      FA914245 
  76      2DDAA656 
  76      0C1B21D2 
  77 0039 B4B54D3F 		.ascii	"\264\265M?\242\266\236B\020$`\024\005O\202\007+\242"
  77      A2B69E42 
  77      10246014 
  77      054F8207 
  77      2BA2
  78 004b 878A961E 		.ascii	"\207\212\226\036<\324\352\274]\205\202'\037\274\217"
  78      3CD4EABC 
  78      5D858227 
  78      1FBC8F
  79 005a 79FB9BF9 		.ascii	"y\373\233\371\317\314[\267\320\304yM\010S\010\261\237"
  79      CFCC5BB7 
  79      D0C4794D 
  79      085308B1 
  79      9F
  80 006b 2748401B 		.ascii	"'H@\033{)D\332\247\001\352 }\020\375\032\372q\223&\011"
  80      7B2944DA 
  80      A701EA20 
  80      7D10FD1A 
  80      FA719326 
  81 0080 D5914F6B 		.ascii	"\325\221OkZ\353\264\344Q\231,{2rx\237EBL\361T\003\323"
  81      5AEBB4E4 
  81      51992C7B 
  81      3272789F 
  81      45424CF1 
ARM GAS  C:\Users\Lena\AppData\Local\Temp\ccGCYQ2M.s 			page 6


  82 0097 6865EAF5 		.ascii	"he\352\365\320\342=\272A\026\001.6\277\327\357\256\007"
  82      D0E23DBA 
  82      4116012E 
  82      36BFD7EF 
  82      AE07
  83 00a9 94A9A199 		.ascii	"\224\251\241\231\315\237r<\033\240\004\004\237\247\252"
  83      CD9F723C 
  83      1BA00404 
  83      9FA7AA
  84 00b8 13EFFC2D 		.ascii	"\023\357\374-\017\244\034\220\225\027\343$\017YD\230"
  84      0FA41C90 
  84      9517E324 
  84      0F594498 
  85 00c8 057140CC 		.ascii	"\005q@\314 \210\"\202\202\257\004\346\320\242\370\017"
  85      20882282 
  85      82AF04E6 
  85      D0A2F80F 
  86 00d8 4B3B137E 		.ascii	"K;\023~\217\313\021\304Cx\300{\351\015*r\347\327\210"
  86      8FCB11C4 
  86      4378C07B 
  86      E90D2A72 
  86      E7D788
  87 00eb AC7C2CE0 		.ascii	"\254|,\340\355i\037\240p\215\035]\244\026\027/n!F\331"
  87      ED691FA0 
  87      708D1D5D 
  87      A416172F 
  87      6E2146D9 
  88 00ff 4755748D 		.ascii	"GUt\2154\265\323\027\014nf\352+y\25089\322r\004V\250"
  88      34B5D317 
  88      0C6E66EA 
  88      2B79A838 
  88      39D27204 
  89 0115 159E6E37 		.ascii	"\025\236n7\251d\335pc\236\345\031\333\316\31448\020"
  89      A964DD70 
  89      639EE519 
  89      DBCECC34 
  89      3810
  90 0127 39D0EDC2 		.ascii	"9\320\355\302\302\232_A.\034\304\202\003}\313\324\274"
  90      C29A5F41 
  90      2E1CC482 
  90      037DCBD4 
  90      BC
  91 0138 0EA46A2E 		.ascii	"\016\244j.?{\236\3619a\200\022\202\354\312P5[\323\025"
  91      3F7B9EF1 
  91      39618012 
  91      82ECCA50 
  91      355BD315 
  92 014c C34076B8 		.ascii	"\303@v\270\372\312\253\000\217\335\210\362\375\257?"
  92      FACAAB00 
  92      8FDD88F2 
  92      FDAF3F
  93 015b 9A1C5356 		.ascii	"\232\034SV\007e\200\257nml\256\006,\344\322\334\354"
  93      076580AF 
  93      6E6D6CAE 
  93      062CE4D2 
  93      DCEC
  94 016d FC018BBC 		.ascii	"\374\001\213\274X\342\216,\262\232r\250\277_\036\333"
ARM GAS  C:\Users\Lena\AppData\Local\Temp\ccGCYQ2M.s 			page 7


  94      58E28E2C 
  94      B29A72A8 
  94      BF5F1EDB 
  95 017d ABCFCBA1 		.ascii	"\253\317\313\241\264l\266\310\207eX\270c?\203\2126\273"
  95      B46CB6C8 
  95      876558B8 
  95      633F838A 
  95      36BB
  96 018f 55A45049 		.ascii	"U\244PI}\314\247,j\300\012t\256\320~\2422B\234\242J"
  96      7DCCA72C 
  96      6AC00A74 
  96      AED07EA2 
  96      32429CA2 
  97 01a4 66EB7371 		.ascii	"f\353sq\335\373'\235\377\021\333\203G\266\030\376\025"
  97      DDFB279D 
  97      FF11DB83 
  97      47B618FE 
  97      15
  98 01b5 4B58D488 		.ascii	"KX\324\210\307J\014\266\330\023\204v\327\332\010\201"
  98      C74A0CB6 
  98      D8138476 
  98      D7DA0881 
  99 01c5 558EB981 		.ascii	"U\216\271\201\201\374\334u\273\361\366\1773\3128?\011"
  99      81FCDC75 
  99      BBF1F67F 
  99      33CA383F 
  99      09
 100 01d6 2778B1FD 		.ascii	"'x\261\375d\264\243\363L$f$.\230\321v#\331\327kt\305"
 100      64B4A3F3 
 100      4C246624 
 100      2E98D176 
 100      23D9D76B 
 101 01ec 229DE163 		.ascii	"\"\235\341cG\377Z\321\266n\243\313\210\364]9g\230\261"
 101      47FF5AD1 
 101      B66EA3CB 
 101      88F45D39 
 101      6798B1
 102 01ff D491DD66 		.ascii	"\324\221\335f4\256\316f2t\342\270n&\365\356\263\227"
 102      34AECE66 
 102      3274E2B8 
 102      6E26F5EE 
 102      B397
 103 0211 F4CB666F 		.ascii	"\364\313fo_R\217\233==fB?\325\021n\013_\325\023)#~8"
 103      5F528F9B 
 103      3D3D6642 
 103      3FD5116E 
 103      0B5FD513 
 104 0229 2E90F80D 		.ascii	".\220\370\015\237l\352\355"
 104      9F6CEAED 
 105              		.text
 106              		.section	.gnu.lto_nvicSetSystemHandlerPriority.d26e18ed,"",%progbits
 107 0000 789C6D51 		.ascii	"x\234mQMh\023Q\020\236o'\177\012\366\\\264\207\036\204"
 107      4D681351 
 107      109E6F27 
 107      7F0AF65C 
 107      B4871E84 
 108 0014 D04BD728 		.ascii	"\320K\327((x\223\364\032\204\246\307@hS%\213m\266$1"
ARM GAS  C:\Users\Lena\AppData\Local\Temp\ccGCYQ2M.s 			page 8


 108      287893F4 
 108      1A84A6C7 
 108      40685325 
 108      8B6DB624 
 109 0029 8897BE24 		.ascii	"\210\227\276$m\203\025\252\250i\252\0306P\244\332\032"
 109      6D8315AA 
 109      A869AA18 
 109      3650A4DA 
 109      1A
 110 003a D3AA9760 		.ascii	"\323\252\227`\221\220\2239\250\350\261'\265\242\024"
 110      91909339 
 110      A8E8B127 
 110      B5A214
 111 0049 0CF8D3AB 		.ascii	"\014\370\323\253\325y1\205\036|\360\366\31573\337\354"
 111      D5793185 
 111      1E7CF0F6 
 111      CD3733DF 
 111      EC
 112 005a 7C336E32 		.ascii	"|3n2\250\015\242\253DtL.\230`\334|C\224\365\031\200"
 112      A80DA2AB 
 112      44744C2E 
 112      9860DC7C 
 112      4394F519 
 113 006f 36940F34 		.ascii	"6\224\0174m`\0327\270\304h\026\276\324\215\201\025%"
 113      6D601A37 
 113      B8C46816 
 113      BED48D81 
 113      1525
 114 0081 A751DAF5 		.ascii	"\247Q\332\365\314\251\331^\207\211\356\312\325\007+"
 114      CCA9D95E 
 114      8789EECA 
 114      D5072B
 115 0090 1890AC77 		.ascii	"\030\220\254w3\353\367y\201\035\006\\\002\177\274\276"
 115      33EBF779 
 115      811D065C 
 115      027FBCBE 
 116 00a0 B7DDA3A1 		.ascii	"\267\335\243\241\201~\201\371\333/7}\234\000\211\335"
 116      817E81F9 
 116      DB2F377D 
 116      9C0089DD 
 117 00b0 56ADACC7 		.ascii	"V\255\254\307\377@\251\234j|.\262:\3560c\025,\005\361"
 117      FF40A99C 
 117      6A7C2EB2 
 117      3AEE3063 
 117      152C05F1 
 118 00c4 087D7888 		.ascii	"\010}x\210>\022\027a\015~I_\313}m3g:\324k\255\337\333"
 118      3E121761 
 118      0D7E495F 
 118      CB7D6D33 
 118      673AD46B 
 119 00db DE2E75B7 		.ascii	"\336.u\267\324\245>\376\017\265\012\277\316\377\264"
 119      D4A53EFE 
 119      0FB50ABF 
 119      CEFFB4
 120 00ea B1573CE2 		.ascii	"\261W<\342q-\357\267\213'\360\210r\252\275GC\355\375"
 120      712DEFB7 
 120      8B27F088 
ARM GAS  C:\Users\Lena\AppData\Local\Temp\ccGCYQ2M.s 			page 9


 120      72AABD47 
 120      43EDFD
 121 00fd 294803BD 		.ascii	")H\003\275[\277|^@3\014\341\272X\177\334\320?'\232\027"
 121      5BBF7C5E 
 121      40330CE1 
 121      BA587FDC 
 121      D03F279A 
 122 0112 921EC875 		.ascii	"\222\036\310u6\364\313;\310\375,T\353\037\240\013\225"
 122      36F4CB3B 
 122      C8FD2C54 
 122      EB1FA00B 
 122      95
 123 0123 D9283368 		.ascii	"\331(3h\007\371\357s]\007\213\357\340,\334p\241&=\355"
 123      07F9EF73 
 123      5D078BEF 
 123      E02CDC70 
 123      A1263DED 
 124 0137 A0B9D81A 		.ascii	"\240\271\330\032\3249\022]\234m\276\365\352\250\247"
 124      D439125D 
 124      9C6DBEF5 
 124      EAA8A7
 125 0146 A3295BDF 		.ascii	"\243)[\337\274\343\376\007\325V^\365h\376R\356\243\317"
 125      BCE3FE07 
 125      D5565EF5 
 125      68FE52EE 
 125      A3CF
 126 0158 41392B23 		.ascii	"A9+#\257\034u\330\213\015\021\267.\2054\341[\361\325"
 126      AF1C75D8 
 126      8B0D11B7 
 126      2E8534E1 
 126      5BF1D5
 127 016b EA61B3AA 		.ascii	"\352a\263\252f\262\252\337a\037\236\302\301Rg\031\022"
 127      66B2AADF 
 127      611F9EC2 
 127      C1526719 
 127      12
 128 017c 5CBE550E 		.ascii	"\\\276U\016\006j:VI:|\010\317`\226\331\335\331\323s"
 128      066A3A56 
 128      493A7C08 
 128      CF6096D9 
 128      DDD9D373 
 129 0190 04A44359 		.ascii	"\004\244CY}\256\362b\241\323pg\177\363\242A\264\031"
 129      7DAEF262 
 129      A1D37067 
 129      7FF3A241 
 129      B419
 130 01a2 449786CE 		.ascii	"D\227\206\316F\206G\316\207\243V\342\242\035\031\262"
 130      468647CE 
 130      87A356E2 
 130      A21D19B2 
 131 01b2 52E9A435 		.ascii	"R\351\2445\026\015\217\204N\235\334G\221`\334\032\263"
 131      160D8F84 
 131      4E9DDC47 
 131      9160DC1A 
 131      B3
 132 01c3 C2E9CBE3 		.ascii	"\302\351\313\343\226\035\315\2348\010#1m\333\251\300"
 132      961DCD9C 
ARM GAS  C:\Users\Lena\AppData\Local\Temp\ccGCYQ2M.s 			page 10


 132      38082331 
 132      6DDBA9C0 
 133 01d3 99D3A69D 		.ascii	"\231\323\246\2352\343\243\023\346\224\235L\247\314\230"
 133      32E3A313 
 133      E6949D4C 
 133      A7CC98
 134 01e2 3D396927 		.ascii	"=9i'\314s\303\241`\350\212\231\310X\261\301\030y\343"
 134      CC73C3A1 
 134      60E88A99 
 134      C858B1C1 
 134      1879E3
 135 01f5 A389F189 		.ascii	"\243\211\361\211\013I\327T\322\262\377\002\307T\306"
 135      0B49D754 
 135      D2B2FF02 
 135      C754C6
 136 0204 DC       		.ascii	"\334"
 137              		.text
 138              		.section	.gnu.lto_nvicClearPending.d26e18ed,"",%progbits
 139 0000 789C4D51 		.ascii	"x\234MQMh\023A\024\236o\337n\222B\023\257B\203\366 "
 139      4D681341 
 139      149E6FDF 
 139      6E924213 
 139      AF4283F6 
 140 0015 9422748D 		.ascii	"\224\"t\215\202\2027i\301S\020\232\036\003\301F\244"
 140      82823769 
 140      C153109A 
 140      1E03C146 
 140      A4
 141 0026 8B76579A 		.ascii	"\213vW\232\030\274u\222\266\011V\260E\333\324\212a#"
 141      18BC7592 
 141      B60956B0 
 141      45DBD48A 
 141      6123
 142 0038 46FAA36D 		.ascii	"F\372\243m\332\352\301\326K\010^z\250R\257\212\007\005"
 142      DAEAC1D6 
 142      4B085E7A 
 142      A852AF8A 
 142      0705
 143 004a A187160D 		.ascii	"\241\207\026\015\036zh\253o\262\012\016\314\354\373"
 143      1E7A68AB 
 143      6FB20A0E 
 143      CCECFB
 144 0059 BEFDDE37 		.ascii	"\276\375\3367o\3363\204&\366 \204#\204h\343\015\022"
 144      6FDE3384 
 144      26F62084 
 144      238468E3 
 144      0D12
 145 006b D026DF0B 		.ascii	"\320&\337\013\221\015h\200\012d\000bX\3030&h\206P/|"
 145      910D6880 
 145      0A640062 
 145      58C33026 
 145      6886502F 
 146 0080 5FD73AE7 		.ascii	"_\327:\347$\257\332\314\206?/\307\216\273$\304,o\265"
 146      24AFDACC 
 146      863F2FC7 
 146      8EBB24C4 
 146      2C6FB5
ARM GAS  C:\Users\Lena\AppData\Local\Temp\ccGCYQ2M.s 			page 11


 147 0093 30874E56 		.ascii	"0\207NVm\217\256<\241\373\344\022\2403\374\271\365\370"
 147      6D8FAE3C 
 147      A1FBE412 
 147      A033FCB9 
 147      F5F8
 148 00a5 5B48410D 		.ascii	"[HA\015\355\014\017\345T1D6\004\307\263\365\351O\301"
 148      ED0C0FE5 
 148      54314436 
 148      04C7B3F5 
 148      E94FC1
 149 00b8 8EE752E6 		.ascii	"\216\347R\346d\355\335\024\311S.\021\026Al\210\005\204"
 149      64EDDD14 
 149      C9532E11 
 149      16416C88 
 149      0584
 150 00ca 318FB060 		.ascii	"1\217\260`J\340\005:\224\376\353\352\321t\320\247{\027"
 150      4AE0053A 
 150      94FEEBEA 
 150      D174D0A7 
 150      7B17
 151 00dc E2257C5C 		.ascii	"\342%|\\\273\250~DM\036\375.\310\332\347\012\266/\007"
 151      BBA87E44 
 151      4D1EFD2E 
 151      C8DAE70A 
 151      B62F07
 152 00ef 0025D738 		.ascii	"\000%\3278Q'u\350|\030\206\212\204\030\347D\365\254"
 152      512775E8 
 152      7C18868A 
 152      8418E744 
 152      F5AC
 153 0101 7BA4A92F 		.ascii	"{\244\251/\355`\244\221?|[\2062+\221V\"\3605\233\225"
 153      ED60A491 
 153      3F7C5B86 
 153      322B9156 
 153      22F0359B 
 154 0116 8D835655 		.ascii	"\215\203VU\261\001\003K\\\003\313\016\362w[<\021y\242"
 154      B101034B 
 154      5C03CB0E 
 154      F2775B3C 
 154      1179A2
 155 0129 8795E5F5 		.ascii	"\207\225\345\365\240\022\3518\211eO\364#\277\340\367"
 155      A012E938 
 155      89654FF4 
 155      23BFE0F7 
 156 0139 443A4E87 		.ascii	"D:N\207Y\312d\256Q\370\353n0\315D\275\270\331\245\010"
 156      59CA64AE 
 156      51F8EB6E 
 156      30CD44BD 
 156      B8D9A508 
 157 014d F6288ED5 		.ascii	"\366(\216\325?\370\225\207\257\331\216\327O\367\366"
 157      3FF89587 
 157      AFD98ED7 
 157      4FF7F6
 158 015c 5B3D28EB 		.ascii	"[=(\353#2\304\324\203\335\306\233\220\213R\226[^>\341"
 158      2332C4D4 
 158      83DDC69B 
 158      908B5296 
ARM GAS  C:\Users\Lena\AppData\Local\Temp\ccGCYQ2M.s 			page 12


 158      5B5E3EE1 
 159 0170 921F2BDC 		.ascii	"\222\037+\334\227*_\247\022\266\276\254M\0363\227\344"
 159      972A5FA7 
 159      12B6BEAC 
 159      4D1E3397 
 159      E4
 160 0181 6856B6BB 		.ascii	"hV\266\273\024\300*\\<j\016C\271-\376\232\247HU\375"
 160      14C02A5C 
 160      3C6A0E43 
 160      B92DFE9A 
 160      A74855FD 
 161 0195 2C675C6A 		.ascii	",g\\j\301\032L~bsP\257\020\341z\304.r\345g\023\315\362"
 161      C11A4C7E 
 161      627350AF 
 161      10E17AC4 
 161      2E72E567 
 162 01ac 9A031C27 		.ascii	"\232\003\034'\250\266\260\346F\317\305xo\337\225X\302"
 162      A8B6B0E6 
 162      46CFC578 
 162      6FDF9558 
 162      C2
 163 01bd B2AF3BF1 		.ascii	"\262\257;\361\036+\225\036\262\372\023\261\276\350\271"
 163      1E2B951E 
 163      B2FA13B1 
 163      BEE8B9
 164 01cc B3FF50BC 		.ascii	"\263\377P\274{\300\352\267b\351\333\327,'\2219\363?"
 164      7BC0EAB7 
 164      62E9DBD7 
 164      2C279139 
 164      F33F
 165 01de 8C2755EC 		.ascii	"\214'U\354\244\"\027\316\233N\312\034\270z\323\274\345"
 165      A42217CE 
 165      9B4ECA1C 
 165      B87AD3BC 
 165      E5
 166 01ef 0CA55366 		.ascii	"\014\245Sf\322\031\034tl\363Ro\264;z\307\2643V\262+"
 166      D2191C74 
 166      6CF3526F 
 166      B43B7AC7 
 166      B43356B2 
 167 0204 2960FF01 		.ascii	")`\377\001\177\026\302\227"
 167      7F16C297 
 168              		.text
 169              		.section	.gnu.lto_.symbol_nodes.d26e18ed,"",%progbits
 170 0000 789C6365 		.ascii	"x\234ce`b\360b\000\002\2469L\365\014\014\023\31610\000"
 170      6062F062 
 170      0002A639 
 170      4CF50C0C 
 170      13CE3130 
 171 0015 A95D0D8E 		.ascii	"\251]\015\216@\221\271L\365\214\250\"\363\230\352\231"
 171      4091B94C 
 171      F58CA822 
 171      F398EA99 
 172 0025 5045E633 		.ascii	"PE\3463\3253\243\2100\000\000\276\274\022:"
 172      D533A388 
 172      300000BE 
 172      BC123A
ARM GAS  C:\Users\Lena\AppData\Local\Temp\ccGCYQ2M.s 			page 13


 173              		.text
 174              		.section	.gnu.lto_.refs.d26e18ed,"",%progbits
 175 0000 789C6365 		.ascii	"x\234ce`b`d\000\002\000\000I\000\011"
 175      60626064 
 175      00020000 
 175      490009
 176              		.text
 177              		.section	.gnu.lto_.decls.d26e18ed,"",%progbits
 178 0000 789CDD59 		.ascii	"x\234\335Y{PTYz\357\323\247\033\232\226\207Aj2\331\260"
 178      7B505459 
 178      7AEFD3A7 
 178      1B9A9687 
 178      416A32D9 
 179 0015 89316E0D 		.ascii	"\2111n\015\225dEt3\316n\245*b\243\221\252a\207\352V"
 179      95644574 
 179      33CE6EA5 
 179      2A62A391 
 179      AA6187EA 
 180 002a 377F5045 		.ascii	"7\177PE\2510+\033\205\011\340fg7\231i\004\024\020\021"
 180      A9302B1B 
 180      8509E066 
 180      67379969 
 180      04141011 
 181 003e 9487BC14 		.ascii	"\224\207\274\024E\004\005\004\004\001\005\244\005E@"
 181      45040504 
 181      040105A4 
 181      054540
 182 004d 41455041 		.ascii	"AEPA\336 \"\212\362\360\005\"\344;\217K_.\335\226\177"
 182      DE20228A 
 182      F2F00522 
 182      E43B8F4B 
 182      5F2EDD96 
 183 0062 6C55AAD2 		.ascii	"lU\252\322\305w\357\375\316\371\335\357\374\316\367"
 183      C577EFFD 
 183      CEF9DDEF 
 183      FCCEF7
 184 0071 7DE77551 		.ascii	"}\347uQ\312\344\262\263\177/\223\271(d\262cH&\233\203"
 184      CAE4B2B3 
 184      7F2F93B9 
 184      2864B263 
 184      48269B83 
 185 0085 9F522693 		.ascii	"\237R&\223\345\313\214?\250\222]\006\271\002b\000\251"
 185      E5CB8C3F 
 185      A8925D06 
 185      B9026200 
 185      A9
 186 0096 912DFEED 		.ascii	"\221-\376\355\205wm\340\276\015\304\036\304\001\244"
 186      85776DE0 
 186      BE0DC41E 
 186      C401A4
 187 00a5 18C411E4 		.ascii	"\030\304\021\344\013\220oH\031`\226\201<\202\347\016"
 187      0B906F48 
 187      19609681 
 187      3C82E70E 
 188 00b5 90672023 		.ascii	"\220g # \030D\016\345V \226 \210\267'\375\375\017TX"
 188      2018440E 
 188      E5562096 
ARM GAS  C:\Users\Lena\AppData\Local\Temp\ccGCYQ2M.s 			page 14


 188      2088B727 
 188      FDFD0F54 
 189 00ca 9B68436A 		.ascii	"\233hCj_\260+\264#\007Q!\326\006\342\375\220\376B\240"
 189      5FB02BB4 
 189      23075121 
 189      D606E2FD 
 189      90FE42A0 
 190 00de 426D863F 		.ascii	"Bm\206?\261]\016\365\245 \377\205\230Mb'\225\3333p\375"
 190      B15D0EF5 
 190      A520FF85 
 190      984D6227 
 190      95DB3370 
 191 00f3 065A6833 		.ascii	"\006Zh3\334\214M\302\327\323\004_\362\272\025\267i\312"
 191      DC8C4DC2 
 191      D7D3045F 
 191      F2BA15B7 
 191      69CA
 192 0105 C7491895 		.ascii	"\307I\030\225\036\272V%\357F\235\010\372\204\226\322"
 192      1EBA5625 
 192      EF469D08 
 192      FA8496D2 
 193 0115 5284D815 		.ascii	"R\204\330\025Q\241\352\234\360C\210\226C\251\\\306\015"
 193      51A1EA9C 
 193      F0438896 
 193      43A95CC6 
 193      0D
 194 0126 0B454878 		.ascii	"\013EHx\203\353r\256\312\271I\372\307_F\"\213\254\232"
 194      83EB72AE 
 194      CAB949FA 
 194      C75F4622 
 194      8BAC9A
 195 0139 B524FC18 		.ascii	"\265$\374\030w\366@_\023\336Frc\003\010\211_\020\031"
 195      77F6405F 
 195      13DE4672 
 195      63030889 
 195      5F1019
 196 014c 64B479FD 		.ascii	"d\264y\375<?\231\261sH\350\375x\362\255!u\017\352\""
 196      3C3F99B1 
 196      7348E8FD 
 196      78F2AD21 
 196      750FEA22 
 197 0160 A519EB11 		.ascii	"\245\031\353\021-Km\355\317\224c\010-<\367L\345lZ\225"
 197      2D4B6DED 
 197      CF946308 
 197      2D3CF74C 
 197      E56C5A95 
 198 0174 A7673FD5 		.ascii	"\247g?\325?\032\335\326U\1776\027\307`\364\205\032\221"
 198      3F1ADDD6 
 198      557F3617 
 198      C760F485 
 198      1A91
 199 0186 36EDA0A8 		.ascii	"6\355\240\250\340\371\245)\033VD\020-\207'N[bG\372|"
 199      E0F9A529 
 199      1B564410 
 199      2D87274E 
 199      5B6247FA 
 200 019b 37AC308D 		.ascii	"7\2540\215\240\355\325HAZmJ\031\260\005\325A\215\226"
ARM GAS  C:\Users\Lena\AppData\Local\Temp\ccGCYQ2M.s 			page 15


 200      A0EDD548 
 200      415A6D4A 
 200      19B005D5 
 200      418D96
 201 01ae 27617972 		.ascii	"'ayr\343\203\032\005rR\237!\215\030\346^}\021w@\257"
 201      E3831A05 
 201      72529F21 
 201      8D18E65E 
 201      7D117740 
 202 01c3 97A322A4 		.ascii	"\227\243\"\244F\371\010\243sh\025\241\374\005\011|\204"
 202      46F908A3 
 202      736815A1 
 202      FC05097C 
 202      84
 203 01d4 5EBF4F1F 		.ascii	"^\277O\037\033\252\267\332,C\005\310\021\235G\2162T"
 203      1BAAB7DA 
 203      2C4305C8 
 203      119D478E 
 203      3254
 204 01e6 889C48A3 		.ascii	"\210\234H\243\004\207\362\2400\027\012\241\225\263\247"
 204      0487F2A0 
 204      30170AA1 
 204      95B3A7
 205 01f5 E34E59E0 		.ascii	"\343NY\340+\2100\220\327]y\364P\201\324N&\015\224\230"
 205      2B883090 
 205      D75D79F4 
 205      5081D44E 
 205      260D9498 
 206 0209 30C0C994 		.ascii	"0\300\311\224\257\250\013'd\212\201\314\005#\031\340"
 206      AFA80B27 
 206      648A81CC 
 206      052319E0 
 207 0219 C6FC5033 		.ascii	"\306\374P3\325\263TAR\207\000v(HQTV\3034\236/\273\210"
 207      D5B35441 
 207      52870076 
 207      28485154 
 207      56C3349E 
 208 0230 68E1F5B9 		.ascii	"h\341\365\271\267\006;\346\0019q\316\330\255\364%\314"
 208      B7063BE6 
 208      013971CE 
 208      D8ADF425 
 208      CC
 209 0241 034B41BD 		.ascii	"\003KA\275yw\342\201\365\347\211\324\313\241\372\245"
 209      7977E281 
 209      F5E789D4 
 209      CBA1FAA5 
 210 0251 72B4ED33 		.ascii	"r\264\3553T\016D\312\200\210\014]B\237\303\265\024)"
 210      540E44CA 
 210      80880C5D 
 210      429FC3B5 
 210      1429
 211 0263 5893330F 		.ascii	"X\2233\017C\236[\254\310\320g\364\352\015=\035+\237"
 211      439E5BAC 
 211      C8D067F4 
 211      EA0D3D1D 
 211      2B9F
 212 0275 5CD0EB81 		.ascii	"\\\320\353\201\242^Ap\350\254\221#<\3025\007\365 \224"
ARM GAS  C:\Users\Lena\AppData\Local\Temp\ccGCYQ2M.s 			page 16


 212      A25E4170 
 212      E8AC9123 
 212      3CC23507 
 212      F52094
 213 0288 8DBA2103 		.ascii	"\215\272!\003.\243\025\360z[w\325\030\306\325\030\231"
 213      2EA315F0 
 213      7A5B77D5 
 213      18C6D518 
 213      99
 214 0299 A17FAD30 		.ascii	"\241\177\2550\367\203\255Y.U\224K\245\300%\361B\301"
 214      F783AD59 
 214      2E55944B 
 214      A5C025F1 
 214      42C1
 215 02ab AC9C7369 		.ascii	"\254\234si\371\253d\275a\237\236x\013P\250\302\310\244"
 215      F9AB64BD 
 215      619F9E78 
 215      0B50A8C2 
 215      C8A4
 216 02bd 42CAE40A 		.ascii	"B\312\344\012eR\364\356Y(\306w\031\2233\317\246/Y\013"
 216      6552F4EE 
 216      5928C677 
 216      199333CF 
 216      A62F590B 
 217 02d1 96FE7ADE 		.ascii	"\226\376z\336\022\351S\265\321R\265\324\222\201Z\252"
 217      12E953B5 
 217      D152B5D4 
 217      92815AAA 
 218 02e1 CA4E72C7 		.ascii	"\312Nr\307/\230\241\212\362\216\267*nh\344\247\013("
 218      2F98A18A 
 218      F28EB72A 
 218      6E68E4A7 
 218      0B28
 219 02f3 5D351ABA 		.ascii	"]5\032\272*5TC\015\345\265\235\250\260fa\322;\222L\275"
 219      2A355443 
 219      0DE5B59D 
 219      A8B06661 
 219      D23B924C 
 220 0308 7AA084EB 		.ascii	"z\240\204\353c\226\240\307\347\017\224!\246\307:\200"
 220      6396A0C7 
 220      E70F9421 
 220      A6C73A80 
 221 0318 3EDC969D 		.ascii	">\334\226\235b\303\342\250?\211\240 }f&L\201\347\030"
 221      62C3E2A8 
 221      3F89A020 
 221      7D66264C 
 221      81E718
 222 032b 95BEFBB3 		.ascii	"\225\276\373\2637y\332\207*\3110(}zd\211:\202x\226\246"
 222      3779DA87 
 222      2AC93028 
 222      7D7A6489 
 222      3A827896 
 223 0340 20A91092 		.ascii	" \251\020\222P\206\032HN!gGT\317\362w\362\321\325\014"
 223      50861A48 
 223      4E216747 
 223      54CFF277 
 223      F2D1D50C 
ARM GAS  C:\Users\Lena\AppData\Local\Temp\ccGCYQ2M.s 			page 17


 224 0354 B57D2C45 		.ascii	"\265},E\353\365\313\0254Fu\000\277N\341\215\310^x\211"
 224      EBF5CB15 
 224      34467500 
 224      BF4EE18D 
 224      C85E7889 
 225 0368 A007B306 		.ascii	"\240\007\263\0063\2548s\013\320\367\307\365g\332r\346"
 225      33AC3873 
 225      0BD0F7C7 
 225      F567DA72 
 225      E6
 226 0379 84D89DB8 		.ascii	"\204\330\235\270\350\243\012\316\224\214\326\230\007"
 226      E8A30ACE 
 226      948CD698 
 226      07
 227 0386 71FF8A23 		.ascii	"q\377\212#\025\224\347\303\242\243\205J\206}I\260\343"
 227      1594E7C3 
 227      A2A3854A 
 227      867D49B0 
 227      E3
 228 0397 B3590916 		.ascii	"\263Y\011\026fy\336\021x\336f<\013\302\007\317\252\340"
 228      6679DE11 
 228      78DE663C 
 228      0BC207CF 
 228      AAE0
 229 03a9 6D47980A 		.ascii	"mG\230\012\220h\036pd\363@\211a2_\201\243iK\362\322"
 229      90681E70 
 229      64F34089 
 229      61325F81 
 229      A3694BF2 
 230 03be 92C114B5 		.ascii	"\222\301\024\265h\250\177V\256\327/Em\320\261{\306\330"
 230      68A87F56 
 230      AED72F45 
 230      6DD0B17B 
 230      C6D8
 231 03d0 38CE8FF4 		.ascii	"8\316\217\364\261Sz\374\271\014\255uD\253a\230\266\302"
 231      B1537AFC 
 231      B90CAD75 
 231      44AB6198 
 231      B6C2
 232 03e2 3075E4C3 		.ascii	"0u\344\303\264\005\350\334\345\343\374D\3165\033\234"
 232      B405E8DC 
 232      E5E3FC44 
 232      CE351B9C 
 233 03f2 C81A484E 		.ascii	"\310\032HN\270Zbkl\240|E1\035\276\017\241\205\373\306"
 233      B85A626B 
 233      6CA07C45 
 233      311DBE0F 
 233      A185FBC6 
 234 0406 16DA9099 		.ascii	"\026\332\220\231&\036\230nb\362qe\231\2051\024\210\332"
 234      261E986E 
 234      62F27165 
 234      99853114 
 234      88DA
 235 0418 6B82FA5B 		.ascii	"k\202\372[\324#\3554\024w\204Pd\344%?\267$\356\013\375"
 235      D423ED34 
 235      14778450 
 235      64E4253F 
ARM GAS  C:\Users\Lena\AppData\Local\Temp\ccGCYQ2M.s 			page 18


 235      B724EE0B 
 236 042d 34EB3DFA 		.ascii	"4\353=\372\360\021K\261\365\216\217Y/\355\211\217\344"
 236      F0114BB1 
 236      F58E8F59 
 236      2FED898F 
 236      E4
 237 043e 29994126 		.ascii	")\231A&\323\313]\343\206%L\357%\356\237z~\254M\305\003"
 237      D3CB5DE3 
 237      86254CEF 
 237      25EE9F7A 
 237      7EAC4DC5 
 238 0453 6D0B7AED 		.ascii	"m\013z\355d\332\2705>\316\"]\363\250*\202Gz\035\250"
 238      64DAB835 
 238      3ECE225D 
 238      F3A82A82 
 238      477A1DA8 
 239 0467 FB468A52 		.ascii	"\373F\212R\255\314\006\272O\010t/\343\031>\224\336)"
 239      ADCC06BA 
 239      4F08742F 
 239      E3193E94 
 239      DE29
 240 0479 97266437 		.ascii	"\227&d7\300\273(\274\237\362\354\023x&\215N\375\204"
 240      C0BB28BC 
 240      9FF2EC13 
 240      78268D4E 
 240      FD84
 241 048b E7A378CE 		.ascii	"\347\243x\316\267\247s>:?\\\235\246\346,\311\204X{/"
 241      B7A7733E 
 241      3A3F5C9D 
 241      A6E62CC9 
 241      84587B2F 
 242 049f 35D712E7 		.ascii	"5\327\022\3470\226\257\242\302\337\362qC\006\335\203"
 242      3096AFA2 
 242      C2DFF271 
 242      4306DD83 
 243 04af 938FDFA9 		.ascii	"\223\217\337\251\315\262\034\026X>a,\243\322N\245[H"
 243      CDB21C16 
 243      583E612C 
 243      A3D24EA5 
 243      5B48
 244 04c1 593E06F8 		.ascii	"Y>\006\370 \205?\245,\207\005\226\021y1\265\230\305"
 244      20853FA5 
 244      2C870596 
 244      117931B5 
 244      98C5
 245 04d3 EA535605 		.ascii	"\352SV\005x\243!\2434y\301\260\034\371\230\375\267\245"
 245      78A321A3 
 245      3479C1B0 
 245      1CF998FD 
 245      B7A5
 246 04e5 EF1FF16E 		.ascii	"\357\037\361ng`\342\361\212\3668\276\016\364\212\207"
 246      6760E2F1 
 246      8AF638BE 
 246      0EF48A87 
 247 04f5 AD031FB6 		.ascii	"\255\003\037\266!\303\205\0070\316g~\230L\012\217T1"
 247      21C38507 
 247      30CE677E 
ARM GAS  C:\Users\Lena\AppData\Local\Temp\ccGCYQ2M.s 			page 19


 247      984C0A8F 
 247      5431
 248 0507 F05F825A 		.ascii	"\360_\202Z\237\232\3667f\3350.\270a\214\321\274\322"
 248      9F9AF637 
 248      66DD302E 
 248      B8618CD1 
 248      BCD2
 249 0519 FCA8DC4A 		.ascii	"\374\250\334J\352\206\027\000\037\245\360\011Js\\\240"
 249      EA861700 
 249      1FA5F009 
 249      4A735CA0 
 250 0529 5952359E 		.ascii	"YR5\236%\314\036\204\346\343\334\376L5.c4\316\031\016"
 250      25CC1E84 
 250      E6E3DCFE 
 250      4C352E63 
 250      34CE190E 
 251 053d D6F37064 		.ascii	"\326\363pd\220X\315\245\216\245[\343JV)\004\322\236"
 251      9058CDA5 
 251      8EA55BE3 
 251      4A562904 
 251      D29E
 252 054f 07F2F6D3 		.ascii	"\007\362\366\323\322\"9\256c\225\037zbc-\371\233$7{"
 252      D22239AE 
 252      63951F7A 
 252      62632DF9 
 252      9B24377B 
 253 0563 DADB8AAC 		.ascii	"\332\333\212\254\361MVY:\324P'\274I*#\013\372\017*q"
 253      F14D5659 
 253      3AD45027 
 253      BC492A23 
 253      0BFA0F2A 
 254 0578 2BABECEB 		.ascii	"+\253\354\353z\022e\213\333\231r\243n\337\357\360\000"
 254      7A12658B 
 254      DB9972A3 
 254      6EDFEFF0 
 254      00
 255 0589 7BBE3910 		.ascii	"{\2769\020\366O\354\24502A_?]t\0023\377e\320\364/\276"
 255      F64FECA5 
 255      3032415F 
 255      3F5D7402 
 255      33FF65D0 
 256 05a0 1A156A87 		.ascii	"\032\025j\207\207)\330\256\266/;U\205V\362\3372rqZy"
 256      8729D8AE 
 256      B62F3B55 
 256      8556F2DF 
 256      3272715A 
 257 05b5 4A1F16A2 		.ascii	"J\037\026\2427\274L\307Wn7\352\365\275\006\204\036!"
 257      37BC4CC7 
 257      576E37EA 
 257      F5BD0684 
 257      1E21
 258 05c7 7BD40CB3 		.ascii	"{\324\014\263C\224|\331\374\270C7\251\237\\\310v\225"
 258      43947CD9 
 258      FCB84337 
 258      A99F5CC8 
 258      7695
 259 05d9 BD51F327 		.ascii	"\275Q\363'\270\204a\364\014\320\3578Z\210;z\273\000"
ARM GAS  C:\Users\Lena\AppData\Local\Temp\ccGCYQ2M.s 			page 20


 259      B88461F4 
 259      0CD0EF38 
 259      5A883B7A 
 259      BB00
 260 05eb 1D0AE8FF 		.ascii	"\035\012\350\377N\246h\222\035!r\206\236O\255Z1\232"
 260      4EA66892 
 260      1D217286 
 260      9E4FAD5A 
 260      319A
 261 05fd 4C54237F 		.ascii	"LT#\177d\266!,\350\003\267-\004\213'\226\010\335\370"
 261      64B6212C 
 261      E803B72D 
 261      048B2796 
 261      08DDF8
 262 0610 2723FA8D 		.ascii	"'#\372\215\024\375Z\312\273\377\217F\336\263R\336\316"
 262      14FD5ACA 
 262      BBFF8F46 
 262      DEB352DE 
 262      CE
 263 0621 12F08408 		.ascii	"\022\360\204\010<#\005\277\227\232n\021\271\344\225"
 263      3C2305BF 
 263      979A6E11 
 263      B9E495
 264 0630 143D6944 		.ascii	"\024=iD\307\3614\\\257\220A\2268\302:A\252\010\032F"
 264      C7F1345C 
 264      AF904196 
 264      38C23A41 
 264      AA081A46 
 265 0644 173A2C77 		.ascii	"\027:,wB\007\344+Q8H\004H\014H(\310~\220H\220\203 \207"
 265      4207E42B 
 265      51384804 
 265      480C4828 
 265      C87E9048 
 266 065c 406241F6 		.ascii	"@bA\366\201D\203\204\311W\322\255(sH\207\310!/\245\016"
 266      81448384 
 266      C957D2AD 
 266      28734887 
 266      C8212FA5 
 267 0671 792E75DF 		.ascii	"y.u\3374G\303\012\212np\264\260\256\242k\213\334'\352"
 267      3447C30A 
 267      8A6E70B4 
 267      B0AEA26B 
 267      8BDC27EA 
 268 0685 E390B48F 		.ascii	"\343\220\264\217\003\213l\213\0029-e2eD\263\365\351"
 268      038B6C8B 
 268      02392D65 
 268      326544B3 
 268      F5E9
 269 0697 FEB47D88 		.ascii	"\376\264}\210^\217\010J\306\327&c\247^\274w8\242\327"
 269      5E8F084A 
 269      C6D72663 
 269      A75EBC77 
 269      38A2D7
 270 06aa D7AF2613 		.ascii	"\327\257&\023+\354S\230-a\272\205\003\313\274-\310\372"
 270      2BEC5398 
 270      2D61BA85 
 270      03CBBC2D 
ARM GAS  C:\Users\Lena\AppData\Local\Temp\ccGCYQ2M.s 			page 21


 270      C8FA
 271 06bc D9FB3DD7 		.ascii	"\331\373=\327\020\356V\32250\244\362D\363\022\344\264"
 271      10EE56D2 
 271      3530A4F2 
 271      44F312E4 
 271      B4
 272 06cd 8CB5D13C 		.ascii	"\214\265\321<\243\202\255;:\012/\307\311\347W@\322\242"
 272      A382AD3B 
 272      3A0A2FC7 
 272      C9E75740 
 272      D2A2
 273 06df E9B8A023 		.ascii	"\351\270\240#\020\216?Gh\310`\215)\232\260\265\216\232"
 273      108E3F47 
 273      68C8608D 
 273      299AB0B5 
 273      8E9A
 274 06f1 DF735316 		.ascii	"\337sS\026\3069+^nM\217$p\007p]LW<_\233r\310n\251y\240"
 274      C6392B5E 
 274      6E4D8F24 
 274      7007705D 
 274      4C573C5F 
 275 070c 368A2F6C 		.ascii	"6\212/l\031D\357\212|\341\212\207i\027QT\351\275n\205"
 275      1944EF8A 
 275      7CE18A87 
 275      69175154 
 275      E9BD6E85 
 276 0720 D9B9F098 		.ascii	"\331\271\360\230\234\317\205\316t*\034\274]Xl\307\247"
 276      9CCF85CE 
 276      742A1CBC 
 276      5D586CC7 
 276      A7
 277 0731 C250612A 		.ascii	"\302Pa*4\242\223\345\366\302;\004\335\237\326\177\337"
 277      34A293E5 
 277      F6C23B04 
 277      DD9FD67F 
 277      DF
 278 0742 064FB076 		.ascii	"\006O\260v\302\362\273\272\371b{\214p\010\317\356\255"
 278      C2F2BBBA 
 278      F9627B8C 
 278      7008CFEE 
 278      AD
 279 0753 43788A55 		.ascii	"Cx\212U\276\335\337\335\211\361,S\316\216\027\207r\266"
 279      BEDDDFDD 
 279      89F12C53 
 279      CE8E1787 
 279      72B6
 280 0765 B1043916 		.ascii	"\261\0049\026\227\020e\207\303-heZ\372\373\237\340h"
 280      97106587 
 280      C32D6865 
 280      5AFAFB9F 
 280      E068
 281 0777 F67CAE2B 		.ascii	"\366|\256+\367\"\237j\337\221\205\361E\330\343^\376"
 281      F7229F6A 
 281      DF9185F1 
 281      45D8E35E 
 281      FE
 282 0788 E2E7A016 		.ascii	"\342\347\240\026V\206\215\362\263\221\201\314g39C\237"
ARM GAS  C:\Users\Lena\AppData\Local\Temp\ccGCYQ2M.s 			page 22


 282      56868DF2 
 282      B39181CC 
 282      67333943 
 282      9F
 283 0799 E1A3ECD5 		.ascii	"\341\243\354\325\206\323\227g8\033\322\304\350\221\210"
 283      86D39767 
 283      381BD2C4 
 283      E89188
 284 07a8 111BB34E 		.ascii	"\021\033\263N8#8!K\316\326\255#\217\263m\245\013B&\004"
 284      38233821 
 284      4BCED6AD 
 284      238FB36D 
 284      A50B4226 
 285 07bd FD949CC0 		.ascii	"\375\224\234\300\263\251\027\316\010^\030\310\274>a"
 285      B3A917CE 
 285      085E18C8 
 285      BC3E61
 286 07cc C1B78F84 		.ascii	"\301\267\217\204"
 287 07d0 E5FEBB47 		.ascii	"\345\376\273G\377\026\2473\032\307[\323#\224\3704Sf"
 287      FF16A733 
 287      1AC75BD3 
 287      2394F834 
 287      5366
 288 07e2 92630D7C 		.ascii	"\222c\015|G<L\200)5\311\273p>\253\033\232\034\034@\270"
 288      473C4C80 
 288      2935C9BB 
 288      703EAB1B 
 288      9A1C1C40 
 289 07f7 9829F747 		.ascii	"\230)\367G\272{\370*\322K\200\303\367\262\236(q\005"
 289      BA7BF82A 
 289      D24B80C3 
 289      F7B29E28 
 289      7105
 290 0809 47265454 		.ascii	"G&TT\251p-S\332\342o%)\030\362!A\316\346f\315Z\341\006"
 290      A9702D53 
 290      DAE26F25 
 290      2918F221 
 290      41CEE666 
 291 0821 5639927C 		.ascii	"V9\222|/\303\026\337eJ\346\233\242\022\276\272\336!"
 291      2FC316DF 
 291      654AE69B 
 291      A212BEBA 
 291      DE21
 292 0833 C8B99AB7 		.ascii	"\310\271\232\267\017mp;\253|\322\232\033j\201\007\230"
 292      0F6D703B 
 292      AB7CD29A 
 292      1B6A8107 
 292      98
 293 0844 72F14CF1 		.ascii	"r\361L\3619\216\254'\310\321\344\261V;\374\214Uf\314"
 293      398EAC27 
 293      C8D1E4B1 
 293      563BFC8C 
 293      5566CC
 294 0857 C69D5A22 		.ascii	"\306\235Z\"l\002\">e\023P\327\227\231\302\203h \346"
 294      6C02223E 
 294      651350D7 
 294      9799C283 
ARM GAS  C:\Users\Lena\AppData\Local\Temp\ccGCYQ2M.s 			page 23


 294      6820E6
 295 086a DE541AA0 		.ascii	"\336T\032\240\255qf.y\177\315\001\013\374\226)\207C"
 295      AD71662E 
 295      797FCD01 
 295      0BFC9629 
 295      8743
 296 087c BB7F60C0 		.ascii	"\273\177`\300\177\001-\372Xv\254\005\213n/Yg?t\206\314"
 296      7F012DFA 
 296      5876AC05 
 296      8B6E2F59 
 296      673F7486 
 297 0891 CA5935D9 		.ascii	"\312Y5\331\253\275\337\327\035c>\242\006!\242\325,\242"
 297      ABBDDFD7 
 297      1D633EA2 
 297      0621A2D5 
 297      2CA2
 298 08a3 B7B36243 		.ascii	"\267\263bC\025\322\210^\201\210V\321\210^\245\0215\010"
 298      15D2885E 
 298      818856D1 
 298      885EA511 
 298      3508
 299 08b5 11CD6BBA 		.ascii	"\021\315k\272\321\311\375\037A\022+\277r4\222w\341\025"
 299      D1C9FD1F 
 299      41122BBF 
 299      72349277 
 299      E115
 300 08c7 59B8A36E 		.ascii	"Y\270\243n\014\026\330\361\225\224\3546r\367\267\247"
 300      0C16D8F1 
 300      9594EC36 
 300      72F7B7A7 
 301 08d7 F3CD4727 		.ascii	"\363\315G'y\377iy\365}\225Ynu\002\267\353\214[J\353"
 301      79FF6979 
 301      F57D9559 
 301      6E7502B7 
 301      EB8C5B4A 
 302 08ec B5704B29 		.ascii	"\265pK)\267k\300\255\226r\273A\271\325\011\334F^?\236"
 302      B76BC0AD 
 302      9672BB41 
 302      B9D509DC 
 302      465E3F9E 
 303 0900 53E10F7C 		.ascii	"S\341\017|\260\224\034\375\035\016\265\244\317y\343"
 303      B0941CFD 
 303      1D0EB5A4 
 303      CF79E3
 304 090f 71590847 		.ascii	"qY\010G1%\242\357\300=\276axG\367\315\007\343\232lq"
 304      3125A2EF 
 304      C03DBE61 
 304      7847F7CD 
 304      07E39A6C 
 305 0924 1CABAC4B 		.ascii	"\034\253\254KLM\260\302\011L\231{\332\236\311\3736F"
 305      4C4DB0C2 
 305      094C997B 
 305      DA9EC9FB 
 305      3646
 306 0936 3F73CCA4 		.ascii	"?s\314\244\227q\335A\264-q\340\333\222\276\250\324$"
 306      9771DD41 
 306      B42D71E0 
ARM GAS  C:\Users\Lena\AppData\Local\Temp\ccGCYQ2M.s 			page 24


 306      DB92BEA8 
 306      D424
 307 0948 8453D9BB 		.ascii	"\204S\331\2733\007\253\222\315\037~Z\204~\236g\2110"
 307      3307AB92 
 307      CD1F7E5A 
 307      847E9E67 
 307      8930
 308 095a 1556D68B 		.ascii	"\025V\326\213\244\375\274\003\375\274M\373y\217\366"
 308      A4FDBC03 
 308      FDBC4DFB 
 308      798FF6
 309 0969 B345E867 		.ascii	"\263E\350gd[\347\205\005\350K\362\217\240\357\015\235"
 309      645BE785 
 309      05E84BF2 
 309      8FA0EF0D 
 309      9D
 310 097a 0CE3C3FD 		.ascii	"\014\343\303\375\016\375\242\302?\032\330\263\217\006"
 310      0EFDA2C2 
 310      3F1AD8B3 
 310      8F06
 311 0988 C2FEC981 		.ascii	"\302\376\311\201\357\237&\017\307v#\234\311zQ3Q\230"
 311      EF9F260F 
 311      C776239C 
 311      C97A5133 
 311      5198
 312 099a CDDF2579 		.ascii	"\315\337%y\026\221<q\307\316l\247:\204N\265\263\340"
 312      16913C71 
 312      C7CE6CA7 
 312      3A844EB5 
 312      B3E0
 313 09ac B5BFBBDE 		.ascii	"\265\277\273\336\241\224v\352\001\320\274Oi>\2424;\004"
 313      A19476EA 
 313      01D0BC4F 
 313      693EA234 
 313      3B04
 314 09be 9ADDC5C9 		.ascii	"\232\335\305\311C\226\322N\231E\037\274~\261\216\247"
 314      4396D24E 
 314      99451FBC 
 314      7EB18EA7 
 315 09ce 613DD1DF 		.ascii	"a=\321\337\227\\8\247\304\347\030\353\314\324\234\""
 315      975C38A7 
 315      C4E718EB 
 315      CCD49C22 
 316 09de 152E624A 		.ascii	"\025.bJ\331\213\3342\033>\306hJU\274j\344\353\203JT"
 316      D98BDC32 
 316      1B3EC668 
 316      4A55BC6A 
 316      E4EB834A 
 317 09f3 EDC0AB6B 		.ascii	"\355\300\253k\016g\256\307\345\226\237\260<\014\012"
 317      0E67AEC7 
 317      E5969FB0 
 317      3C0C0A
 318 0a02 DD5D4D7B 		.ascii	"\335]M{\233P\225pq\321\304\330\017\374\373(\377\307"
 318      9B509570 
 318      71D1C4D8 
 318      0FFCFB28 
 318      FFC7
ARM GAS  C:\Users\Lena\AppData\Local\Temp\ccGCYQ2M.s 			page 25


 319 0a14 94FFA0C0 		.ascii	"\224\377\240\300\377\374\353\311\313jio\315\242s\206"
 319      FFFCEBC9 
 319      CB6A696F 
 319      CDA27386 
 320 0a24 D2627818 		.ascii	"\322bx\030\276\002\365\330\324\311\021\033\\\315H\216"
 320      BE02F5D8 
 320      D4C9111B 
 320      5CCD488E 
 321 0a34 BE9829B0 		.ascii	"\276\230)\260\305\327\230RQVY\307;\267\232\014\276\274"
 321      C5D79852 
 321      515659C7 
 321      3BB79A0C 
 321      BEBC
 322 0a46 ABCD4B70 		.ascii	"\253\315Kp\003\317\310\330\023\305V\3706SR'\273\236"
 322      03CFC8D8 
 322      13C556F8 
 322      36535227 
 322      BB9E
 323 0a58 F2547622 		.ascii	"\362Tv\"\275\316<~\304\012\267\362\264\217\215H\266"
 323      BDCE3C7E 
 323      C40AB7F2 
 323      B48F8D48 
 323      B6
 324 0a69 C4ED4C89 		.ascii	"\304\355L\211o\216\317\\\202\273\231\362~8\276\235\317"
 324      6F8ECF5C 
 324      82BB99F2 
 324      7E38BE9D 
 324      CF
 325 0a7a D2D6A253 		.ascii	"\322\326\242S\210\003?\205\030\262\343\377\016\0172"
 325      88033F85 
 325      18B2E3FF 
 325      0E0F32
 326 0a89 E883F6B0 		.ascii	"\350\203\366\260K\034\272\004\324\330\233=\377n\326"
 326      4B1CBA04 
 326      D4D89B3D 
 326      FF6ED6
 327 0a98 93AF054F 		.ascii	"\223\257\005O\276b\211\323X\177\353\220BzN\236\000\347"
 327      BE6289D3 
 327      587FEB90 
 327      427A4E9E 
 327      00E7
 328 0aaa 8C53E7BC 		.ascii	"\214S\347\274\241\316y-8'39tZ)=\367\232EW\265t\256\307"
 328      A1CE792D 
 328      38273339 
 328      745A293D 
 328      F79A4557 
 329 0ac2 4F19C7D7 		.ascii	"O\031\307\327\315\235}\010\2172%\354fC\266%\036g\312"
 329      CD9D7D08 
 329      8F3225EC 
 329      6643B625 
 329      1E67CA
 330 0ad5 F3B34DF5 		.ascii	"\363\263M\3650\3672eph\272\034\343\031\246\234y~\352"
 330      30F73265 
 330      7068BA1C 
 330      E319A69C 
 330      797EEA
 331 0ae8 90150E51 		.ascii	"\220\025\016Q\261\023E~C\022?\206\345\221\245t\246\263"
ARM GAS  C:\Users\Lena\AppData\Local\Temp\ccGCYQ2M.s 			page 26


 331      B113457E 
 331      43123F86 
 331      E591A574 
 331      A6B3
 332 0afa FAA53577 		.ascii	"\372\2455w\310?\220\345\356Vu\2235>@\301\2778\223\224"
 332      C83F90E5 
 332      EE567593 
 332      353E40C1 
 332      BF389394 
 333 0b0e 0779B5F2 		.ascii	"\007y\265\362\023~\313\330\315I\320\331Q`\366 >wA\257"
 333      137ECBD8 
 333      CD49D0D9 
 333      5160F620 
 333      3E7741AF 
 334 0b22 8FB4A087 		.ascii	"\217\264\240\207\201\263\260\011\313\302\242\303@\016"
 334      81B3B009 
 334      CBC2A2C3 
 334      400E
 335 0b30 ED6D0162 		.ascii	"\355m\001b\233\310xxa\"\002\263\303\003\311\255n)\276"
 335      9BC87878 
 335      612202B3 
 335      C303C9AD 
 335      6E29BE
 336 0b43 6B019E6E 		.ascii	"k\001\236n:\2438\036\2662\350\242\024_\262\310~G\224"
 336      3AA3381E 
 336      B632E8A2 
 336      145FB2C8 
 336      7E4794
 337 0b56 C87E8514 		.ascii	"\310~\205\024\177y\001\236t`\372\007\343YfF\012w\226"
 337      7F79019E 
 337      7460FA07 
 337      E3596646 
 337      0A7796
 338 0b69 A24722B1 		.ascii	"\242G\"\261\021\336 \205\2633\304\002\374\217F\370\230"
 338      11DE2085 
 338      B333C402 
 338      FC8F46F8 
 338      98
 339 0b7a 143EB808 		.ascii	"\024>\270\010\336qPd\276@\212?\277\210|M\204\010\377"
 339      DE715064 
 339      BE408A3F 
 339      BF887C4D 
 339      8408FF
 340 0b8d 5C8A1F91 		.ascii	"\\\212\037\221K\316m#b\363yRx\356\"\363\215b\374\005"
 340      4BCE6D23 
 340      62F37952 
 340      78EE22F3 
 340      8D62FC05 
 341 0ba1 29BE6831 		.ascii	")\276h1\0351\276\3304^L'Z\004O\221\302\023\245\360i"
 341      1D31BED8 
 341      345E4C27 
 341      5A044F91 
 341      C213A5F0 
 342 0bb6 315C8F25 		.ascii	"1\\\217%\360\004)|B\344\372\227R\343\243Rt\215\010\375"
 342      F004297C 
 342      42E4FA97 
 342      52E3A352 
ARM GAS  C:\Users\Lena\AppData\Local\Temp\ccGCYQ2M.s 			page 27


 342      748D08FD 
 343 0bca 5E8AEE13 		.ascii	"^\212\356\023\243i\022\377`\314\261\017&\223F|\242\215"
 343      A36912FF 
 343      60CCB10F 
 343      2693467C 
 343      A28D
 344 0bdc C2ECDC04 		.ascii	"\302\354\334\004\233\026z\326!ha+\303OYb/\266\210\203"
 344      9B167AD6 
 344      2168612B 
 344      C34F5962 
 344      2FB68883 
 345 0bf0 FA546AFD 		.ascii	"\372Tj\375\211\224\313\210x@\365\230\036P\342\323\270"
 345      8994CB88 
 345      7840F598 
 345      1E50E2D3 
 345      B8
 346 0c01 783CDD40 		.ascii	"x<\335@\022x\331\242\361\327\030)\302\177\220\342\233"
 346      1278D9A2 
 346      F1D71829 
 346      C27F90E2 
 346      9B
 347 0c12 17E540BF 		.ascii	"\027\345@\2778JiR:\251\213\360-\"\307OI\341\367\027"
 347      384A6952 
 347      3AA98BF0 
 347      2D22C74F 
 347      49E1F717 
 348 0c26 05553CFE 		.ascii	"\005U<\376\352\245\360\032igk\242\271\353\341\004\200"
 348      EAA5F01A 
 348      69676BA2 
 348      B9EBE104 
 348      80
 349 0c37 4E73B870 		.ascii	"Ns\270p.@'\027X'\307\341\037\341\022\002\207\037@Or"
 349      2E402717 
 349      5827C7E1 
 349      1FE11202 
 349      871F404F 
 350 0c4c B43067F3 		.ascii	"\2640g\363\243\204\210K\2778\333\363M\217&q\372\212"
 350      A384884B 
 350      BF38DBF3 
 350      4D8F2671 
 350      FA8A
 351 0c5e 3AFAC274 		.ascii	":\372\302t>.\360\213\330\217'\244\370\343\213\307\252"
 351      3E2EF08B 
 351      D88F27A4 
 351      F8E38BC7 
 351      AA
 352 0c6f C8FCB4E9 		.ascii	"\310\374\264\351\004^\000\027'\3313\3233\207xZ\355\027"
 352      045E0017 
 352      27D933D3 
 352      3387785A 
 352      ED17
 353 0c81 4FABE552 		.ascii	"O\253\345R|\2314)[\"E\360&)\374\346\"\270\330z\245\351"
 353      7C993429 
 353      5B2245F0 
 353      2629FCE6 
 353      22B8D87A 
 354 0c97 495BE4CA 		.ascii	"I[\344\312\016Q_\337\231\316\031\306]\374\015`\016\002"
ARM GAS  C:\Users\Lena\AppData\Local\Temp\ccGCYQ2M.s 			page 28


 354      0E515FDF 
 354      99CE19C6 
 354      5DFC0D60 
 354      0E02
 355 0ca9 394BEB08 		.ascii	"9K\353\010\234|\000\310\303N(\016\257D\341 \261 '@\216"
 355      9C7C00C8 
 355      C34E280E 
 355      AF44E120 
 355      B1202740 
 356 0cbe 819C0649 		.ascii	"\201\234\006I\0059\000r\030$\035$\022$\003\344(H\001"
 356      05390072 
 356      18241D24 
 356      122403E4 
 356      284801
 357 0cd1 4811483C 		.ascii	"H\021H<\310>\2203 \305 \211 \247@\316\203\234\005\331"
 357      C83E9033 
 357      20C52089 
 357      20A740CE 
 357      839C05D9 
 358 0ce5 0F920C52 		.ascii	"\017\222\014R\010r\016\344\010H&H\030\310I\220\004\220"
 358      08720EE4 
 358      08482648 
 358      18C84990 
 358      0490
 359 0cf7 1C905090 		.ascii	"\034\220P\220h\220\203 % \021 i Q \027@B@R@rA\216\203"
 359      68908320 
 359      25201120 
 359      69205120 
 359      17404240 
 360 0d11 E4832481 		.ascii	"\344\203$\201\034\002\311\006\211\301\302\367\242x\310"
 360      1C02C906 
 360      89C1C2F7 
 360      A278C8
 361 0d20 DFE9089E 		.ascii	"\337\351\010\236\363\235\220\305\017\271w\204-+j\223"
 361      F39D90C5 
 361      0FB97784 
 361      2D2B6A93 
 362 0d30 0E918968 		.ascii	"\016\221\211h\321\370N2=\011\213\023g\"J\2248\245\246"
 362      D1F84E32 
 362      3D098B13 
 362      67224A94 
 362      38A5A6
 363 0d43 D7635164 		.ascii	"\327cQd\373\305\211\320hz\301\024O\303b\353!R\370\200"
 363      FBC589D0 
 363      687AC114 
 363      4FC362EB 
 363      2152F880 
 364 0d57 14DE281E 		.ascii	"\024\336(\036$\031\246\007\211\350\223\324\320,\373"
 364      2419A607 
 364      89E893D4 
 364      D02CFB
 365 0d66 2405A885 		.ascii	"$\005\250\205\237\244\210\255\356h\361N&\335\364\314"
 365      9FA488AD 
 365      EE68F14E 
 365      26DDF4CC 
 366 0d76 25EA5987 		.ascii	"%\352Y\207\270g\267L\247\370\202\265]<\342\206MO\353"
 366      B867B74C 
ARM GAS  C:\Users\Lena\AppData\Local\Temp\ccGCYQ2M.s 			page 29


 366      A7F882B5 
 366      5D3CE286 
 366      4D4FEB
 367 0d89 0B363E91 		.ascii	"\0136>\221<\216p\236\244\037\376\010^8e\362\251n~\204"
 367      3C8E709E 
 367      A41FFE08 
 367      5E3865F2 
 367      A96E7E84 
 368 0d9d 92C94B88 		.ascii	"\222\311K\210\373\020\340\007\270}a\363\216z\027\315"
 368      FB10E007 
 368      B87D61F3 
 368      8E7A17CD 
 369 0dad A4E2D9EB 		.ascii	"\244\342\331\353\234\351}\233\213\321z\215\300\246\025"
 369      9CE97D9B 
 369      8BD17A8D 
 369      C0A615
 370 0dbc ACDFE570 		.ascii	"\254\337\345p\341t\307\277\273\213\254\267\210\255\027"
 370      E174C7BF 
 370      BB8BACB7 
 370      88AD17
 371 0dcb 9ADEC808 		.ascii	"\232\336\310\010\337\367\232{\022\232\025\370\020\335"
 371      DFF79A7B 
 371      129A15F8 
 371      10DD
 372 0dd9 8FCAEFF6 		.ascii	"\217\312\357\366\275IT\242eN\246F.*\203\001\373\377"
 372      BD4954A2 
 372      654EA646 
 372      2E2A8301 
 372      FBFF
 373 0deb 75F0B20C 		.ascii	"u\360\262\014\255;\204CI\206\226B//\342\371/\232$a\251"
 373      AD3B8443 
 373      49869642 
 373      2F2FE2F9 
 373      2F9A2461 
 374 0e00 AF5A5BDB 		.ascii	"\257Z[\333\017)\305\037\035KE~\225\241r\314>:\302\035"
 374      0F29C51F 
 374      1D4B457E 
 374      95A172CC 
 374      3E3AC21D 
 375 0e14 C047472E 		.ascii	"\300GG.\275\262\301\211\354Tpj\270\251\201\037\302~"
 375      BDB2C189 
 375      EC54706A 
 375      B8A9811F 
 375      C27E
 376 0e26 4ABE431D 		.ascii	"J\276C\035}\036\203\330\241`\230\034\260O6M&\252\361"
 376      7D1E83D8 
 376      A160981C 
 376      B04F364D 
 376      26AAF1
 377 0e39 69862DAF 		.ascii	"i\206-\257\032]\303\240\344\337\020w\217\247\364#\263"
 377      1A5DC3A0 
 377      E4DF1077 
 377      8FA7F423 
 377      B3
 378 0e4a C7A42B98 		.ascii	"\307\244+\230\037\223\2520=&\265\275\253\232\266\306"
 378      1F93AA30 
 378      3D26B5BD 
ARM GAS  C:\Users\Lena\AppData\Local\Temp\ccGCYQ2M.s 			page 30


 378      AB9AB6C6 
 379 0e5a F9D490A2 		.ascii	"\371\324\220\2427s\342\231\005rrDH\015B\273\010?\025"
 379      3773E299 
 379      05727244 
 379      480D42BB 
 379      083F15
 380 0e6d A42F56A3 		.ascii	"\244/V\243j\214\371\000\224\245\350\301\374\330\217"
 380      6A8CF900 
 380      94A5E8C1 
 380      FCD88F
 381 0e7c A4D8D47F 		.ascii	"\244\330\324\177.\015\020\353\032\332N-vDW\241\241\024"
 381      2E0D10EB 
 381      1ADA4E2D 
 381      764457A1 
 381      A114
 382 0e8e BD8A9690 		.ascii	"\275\212\226\220o\216o\317d\251\304'-b\273\002p\227"
 382      6F8E6FCF 
 382      64A9C427 
 382      2D62BB02 
 382      7097
 383 0ea0 31E1770D 		.ascii	"1\341w\015\333\013,\011:\266\351$\373\257 i#\342\243"
 383      DB0B2C09 
 383      3AB6E924 
 383      FBAF2069 
 383      23E2A3
 384 0eb3 6D003AB1 		.ascii	"m\000:\261'\245K-\266}\375c\266\333;\033km\177\226\251"
 384      27A54B2D 
 384      B67DFD63 
 384      B6DB3B1B 
 384      6B6D7F96 
 385 0ec8 BF63D01B 		.ascii	"\277c\320\033\036u\254N\335g\320\207\256Gu\330\036U"
 385      1E75AC4E 
 385      DD67D087 
 385      AE4775D8 
 385      1E55
 386 0eda 42280D68 		.ascii	"B(\015h\205\350\325KP\262E.C7\360\317dK\375\177\357"
 386      85E8D54B 
 386      50B2452E 
 386      4337F0CF 
 386      644BFD7F 
 387 0eef B773A3FF 		.ascii	"\267s\243\377\366\035\273}\267\371\356\014\016\010T"
 387      F61DBB7D 
 387      B7F9EE0C 
 387      0E0854
 388 0efe FDDBAFB7 		.ascii	"\375\333\257\267.\327\270\270\310\324\336\336{\375\374"
 388      2ED7B8B8 
 388      C8D4DEDE 
 388      7BFDFC
 389 0f0d 83D7AEF1 		.ascii	"\203\327\256\361\016N@>\277\362\012\014\016\010\362"
 389      0E4E403E 
 389      BFF20A0C 
 389      0E08F2
 390 0f1c F6F3FF36 		.ascii	"\366\363\3776\300\313\307/(8\320o\207wP\360\236\265"
 390      C0CBC72F 
 390      2838D06F 
 390      877750F0 
 390      9EB5
ARM GAS  C:\Users\Lena\AppData\Local\Temp\ccGCYQ2M.s 			page 31


 391 0f2e 6B04CD6B 		.ascii	"k\004\315k\347.\277\035\360\270\327\307/\300\373\367"
 391      E72EBF1D 
 391      F0B8D7C7 
 391      2FC0FBF7 
 392 0f3e ABC5AA57 		.ascii	"\253\305\252Wp@\300\356 \257\337\372\357]N\237\226o"
 392      7040C0EE 
 392      20AFDFFA 
 392      EF5D4E9F 
 392      966F
 393 0f50 0FDCB3DC 		.ascii	"\017\334\263\334w\317\016_\037\037_\037\257/W\255]\276"
 393      77CF0E5F 
 393      1F1F5F1F 
 393      AF2F57AD 
 393      5DBE
 394 0f62 66B5CBBA 		.ascii	"f\265\313\272\377t\361\202\362\237\373\007\370\373\376"
 394      FF74F182 
 394      F29FFB07 
 394      F8FBFE
 395 0f71 DC77FB0E 		.ascii	"\334w\373\016?/?\377\235\273\367\372\370z\355\331\016"
 395      3F2F3FFF 
 395      9DBBF7FA 
 395      F87AEDD9 
 395      0E
 396 0f82 B6FC7DBD 		.ascii	"\266\374}\275\274}|\277\335\276ww\260w\360\367\337\371"
 396      BC7D7CBF 
 396      DDBE7777 
 396      B077F0F7 
 396      DFF9
 397 0f94 06ADDA25 		.ascii	"\006\255\332%S\011\374\242\376O\371\005"
 397      5309FCA2 
 397      FE4FF905 
 398 0fa0 7D1FE405 		.ascii	"}\037\344\005m\371\000\031 \365\037n\277\362\322n\371"
 398      6DF90019 
 398      20F51F6E 
 398      BFF2D26E 
 398      F9
 399 0fb1 46C7A8B8 		.ascii	"F\307\250\270q*\272-\036@\205k^\032\322\266n\236\212"
 399      712ABA2D 
 399      1E40856B 
 399      5E1AD2B6 
 399      6E9E8A
 400 0fc4 4865B402 		.ascii	"He\264\002\202\\\326}\351\034\020\344\274k\373n\347"
 400      825CD67D 
 400      E91C10E4 
 400      BC6BFB6E 
 400      E7
 401 0fd5 EF020283 		.ascii	"\357\002\002\203\203\234w\006\354\331\023\340\357\354"
 401      839C7706 
 401      ECD913E0 
 401      EFEC
 402 0fe3 AAF5D078 		.ascii	"\252\365\320x\374\301\231\004m\325N\331_\220;\0305F"
 402      FCC19904 
 402      6DD54ED9 
 402      5F903B18 
 402      3546
 403 0ff5 CF9194E8 		.ascii	"\317\221\224\350|\203u\337\007\005\373"
 403      7C8375DF 
ARM GAS  C:\Users\Lena\AppData\Local\Temp\ccGCYQ2M.s 			page 32


 403      0705FB
 404 1000 EED9BCDD 		.ascii	"\356\331\274\335\337g\267o\240g\240_@\240_\360\3674"
 404      DF67B76F 
 404      A067A05F 
 404      40A05FF0 
 404      F734
 405 1012 D69ADDBE 		.ascii	"\326\232\335\276\333\003=}\375\201\356o\255\264\033"
 405      DB033D7D 
 405      FD81EE6F 
 405      ADB41B
 406 1021 751BB5DB 		.ascii	"u\033\265\3336\272\375\263\334\335\323\212\305\373+"
 406      36BAFDB3 
 406      DCDDD38A 
 406      C5FB2B
 407 1030 EF604B7E 		.ascii	"\357`K~\237\257\376\205\302\335u\203v^]\253p\327x\032"
 407      9FAFFE85 
 407      C2DD7583 
 407      765E5DAB 
 407      70D7781A 
 408 1044 D5350A77 		.ascii	"\3255\012w\235\247V\245e\232\013Tn4V\256\206\312\215"
 408      9DA756A5 
 408      659A0B54 
 408      6E3456AE 
 408      86CA8D
 409 1057 5A856E8B 		.ascii	"Z\205n\213\273\366\273?\247g\270?|\377\020\354\254\361"
 409      BBF6BB3F 
 409      A767B83F 
 409      7CFF10EC 
 409      ACF1
 410 1069 D0B9EB9C 		.ascii	"\320\271\353\234y4\240\"\320\327{\347\236u\020\012\253"
 410      7934A022 
 410      D0D77BE7 
 410      9E75100A 
 410      AB
 411 107a 5F6F73D7 		.ascii	"_os\327xo\201l\231\247\363\225\205\353\346\015:\215"
 411      786F816C 
 411      99A7F395 
 411      85EBE60D 
 411      3A8D
 412 108c 56A171D5 		.ascii	"V\241q\325h\311\263'\334\334\266h<\340\346No\363\320"
 412      68C9B327 
 412      DCDCB668 
 412      3CE0E64E 
 412      6FF3D0
 413 109f 75166E1A 		.ascii	"u\026n\032\215\273\3567*r\363\330\346\252Q\302\203\356"
 413      8DBBEE37 
 413      2A72F3D8 
 413      E6AA51C2 
 413      83EE
 414 10b1 37967025 		.ascii	"7\226p%\032\277o\205RwZJ1\226\356\364\276u\336\312\227"
 414      1ABF6F85 
 414      52775A4A 
 414      3196EEF4 
 414      BE75DECA 
 415 10c6 A4C4F5EB 		.ascii	"\244\304\365\353\257\267*=\266m\322\256\241W\027z]\255"
 415      AFB72A3D 
 415      B66DD2AE 
ARM GAS  C:\Users\Lena\AppData\Local\Temp\ccGCYQ2M.s 			page 33


 415      A157177A 
 415      5DAD
 416 10d8 D4781212 		.ascii	"\324x\022\022\032\235n\343\327p\323\350\334\335\264"
 416      1A9D6EE3 
 416      D770D3E8 
 416      DCDDB4
 417 10e7 58B345AB 		.ascii	"X\263E\253\324|\015O\226\356n\336\356:W\240\345\346"
 417      D47C0D4F 
 417      96EE6EDE 
 417      EE3A57A0 
 417      E5E6
 418 10f9 EDB189DE 		.ascii	"\355\261\211\336\\\331\315\215\335<7i\025\256\233tZ"
 418      5CD9CD8D 
 418      DD3C3769 
 418      15AE9B74 
 418      5A
 419 110a C5864DAE 		.ascii	"\305\206M\256Z\245\207\007\\\025nD\337L.\032\270(u\233"
 419      5AA58707 
 419      5C156E44 
 419      DF4C2E1A 
 419      B828759B 
 420 111e 35F0A8DB 		.ascii	"5\360\250\333\354\011v5Z\014\375V\272\272k\241\367\333"
 420      EC097635 
 420      5A0CFD56 
 420      BABA6BA1 
 420      F7DB
 421 1130 B67CA385 		.ascii	"\266|\243\2058\001D\343\271\325\335M\351\272\001\340"
 421      380144E3 
 421      B9D5DD4D 
 421      E9BA01E0 
 422 1140 2A9D6603 		.ascii	"*\235f\003\365\226\215\267\367\267{\375wz{\257Z\367"
 422      F5968DB7 
 422      F7B77BFD 
 422      777A7BAF 
 422      5AF7
 423 1152 E52F7FA9 		.ascii	"\345/\177\251\0224\305\316]\333\003\377\0274M?X"
 423      1234C5CE 
 423      5DDB03FF 
 423      17344D3F 
 423      58
 424              		.text
 425              		.section	.gnu.lto_.symtab.d26e18ed,"",%progbits
 426 0000 6E766963 		.ascii	"nvicEnableVector\000"
 426      456E6162 
 426      6C655665 
 426      63746F72 
 426      00
 427 0011 00       		.ascii	"\000"
 428 0012 00       		.ascii	"\000"
 429 0013 00       		.ascii	"\000"
 430 0014 00000000 		.ascii	"\000\000\000\000\000\000\000\000"
 430      00000000 
 431 001c BA000000 		.ascii	"\272\000\000\000"
 432 0020 6E766963 		.ascii	"nvicDisableVector\000"
 432      44697361 
 432      626C6556 
 432      6563746F 
ARM GAS  C:\Users\Lena\AppData\Local\Temp\ccGCYQ2M.s 			page 34


 432      7200
 433 0032 00       		.ascii	"\000"
 434 0033 00       		.ascii	"\000"
 435 0034 00       		.ascii	"\000"
 436 0035 00000000 		.ascii	"\000\000\000\000\000\000\000\000"
 436      00000000 
 437 003d BE000000 		.ascii	"\276\000\000\000"
 438 0041 6E766963 		.ascii	"nvicSetSystemHandlerPriority\000"
 438      53657453 
 438      79737465 
 438      6D48616E 
 438      646C6572 
 439 005e 00       		.ascii	"\000"
 440 005f 00       		.ascii	"\000"
 441 0060 00       		.ascii	"\000"
 442 0061 00000000 		.ascii	"\000\000\000\000\000\000\000\000"
 442      00000000 
 443 0069 C0000000 		.ascii	"\300\000\000\000"
 444 006d 6E766963 		.ascii	"nvicClearPending\000"
 444      436C6561 
 444      7250656E 
 444      64696E67 
 444      00
 445 007e 00       		.ascii	"\000"
 446 007f 00       		.ascii	"\000"
 447 0080 00       		.ascii	"\000"
 448 0081 00000000 		.ascii	"\000\000\000\000\000\000\000\000"
 448      00000000 
 449 0089 C2000000 		.ascii	"\302\000\000\000"
 450              		.text
 451              		.section	.gnu.lto_.opts,"",%progbits
 452 0000 272D666D 		.ascii	"'-fmath-errno' '-fsigned-zeros' '-ftrapping-math' '"
 452      6174682D 
 452      6572726E 
 452      6F272027 
 452      2D667369 
 453 0033 2D666E6F 		.ascii	"-fno-trapv' '-fno-openmp' '-fno-openacc' '-mcpu=cor"
 453      2D747261 
 453      70762720 
 453      272D666E 
 453      6F2D6F70 
 454 0066 7465782D 		.ascii	"tex-m7' '-mno-thumb-interwork' '-mthumb' '-ggdb' '-"
 454      6D372720 
 454      272D6D6E 
 454      6F2D7468 
 454      756D622D 
 455 0099 4F322720 		.ascii	"O2' '-fomit-frame-pointer' '-falign-functions=16' '"
 455      272D666F 
 455      6D69742D 
 455      6672616D 
 455      652D706F 
 456 00cc 2D666675 		.ascii	"-ffunction-sections' '-fdata-sections' '-fno-common"
 456      6E637469 
 456      6F6E2D73 
 456      65637469 
 456      6F6E7327 
 457 00ff 2720272D 		.ascii	"' '-flto'\000"
ARM GAS  C:\Users\Lena\AppData\Local\Temp\ccGCYQ2M.s 			page 35


 457      666C746F 
 457      2700
 458              		.text
 459              		.comm	__gnu_lto_v1,1,1
 460              		.comm	__gnu_lto_slim,1,1
 461              		.ident	"GCC: (GNU Tools for ARM Embedded Processors 6-2017-q1-update) 6.3.1 20170215 (release) [AR
ARM GAS  C:\Users\Lena\AppData\Local\Temp\ccGCYQ2M.s 			page 36


DEFINED SYMBOLS
                            *ABS*:00000000 nvic.c
                            *COM*:00000001 __gnu_lto_v1
                            *COM*:00000001 __gnu_lto_slim

NO UNDEFINED SYMBOLS
