ARM GAS  /tmp/ccYomh6a.s 			page 1


   1              		.cpu cortex-m7
   2              		.eabi_attribute 20, 1
   3              		.eabi_attribute 21, 1
   4              		.eabi_attribute 23, 3
   5              		.eabi_attribute 24, 1
   6              		.eabi_attribute 25, 1
   7              		.eabi_attribute 26, 1
   8              		.eabi_attribute 30, 2
   9              		.eabi_attribute 34, 1
  10              		.eabi_attribute 18, 4
  11              		.file	"chcore.c"
  12              		.file 1 "/home/lena/local_libs/arm-none-eabi/include/machine/_default_types.h"
  13              		.file 2 "/home/lena/local_libs/arm-none-eabi/include/sys/_stdint.h"
  14              		.file 3 "/home/lena/ext_repos/ChibiOS/os/common/ports/ARMCMx/compilers/GCC/chtypes.h"
  15              		.file 4 "/home/lena/ext_repos/ChibiOS/os/rt/include/chsystypes.h"
  16              		.file 5 "/home/lena/ext_repos/ChibiOS/os/rt/include/chschd.h"
  17              		.file 6 "/home/lena/ext_repos/ChibiOS/os/common/ext/CMSIS/include/core_cm7.h"
  18              		.file 7 "/home/lena/ext_repos/ChibiOS/os/common/ext/CMSIS/ST/STM32F7xx/system_stm32f7xx.h"
  19              		.file 8 "/home/lena/ext_repos/ChibiOS/os/common/ports/ARMCMx/chcore.h"
  20              		.file 9 "/home/lena/ext_repos/ChibiOS/os/common/ports/ARMCMx/chcore_v7m.h"
  21              		.file 10 "/home/lena/ext_repos/ChibiOS/os/rt/include/chtm.h"
  22              		.file 11 "/home/lena/ext_repos/ChibiOS/os/rt/include/chsem.h"
  23              		.file 12 "/home/lena/ext_repos/ChibiOS/os/rt/include/chmtx.h"
  24              		.file 13 "/home/lena/ext_repos/ChibiOS/os/rt/include/chsys.h"
  25              		.file 14 "/home/lena/ext_repos/ChibiOS/os/rt/include/chregistry.h"
  26              		.file 15 "/home/lena/ext_repos/ChibiOS/os/common/oslib/include/chmemcore.h"
  27              		.section	.gnu.debuglto_.debug_info,"e",%progbits
  28              	.Ldebug_info0:
  29              		.hidden	chcore.c.e980dd50
  30              		.weak	chcore.c.e980dd50
  31              	chcore.c.e980dd50:
  32 0000 63080000 		.4byte	0x863
  33 0004 0400     		.2byte	0x4
  34 0006 00000000 		.4byte	.Ldebug_abbrev0
  35 000a 04       		.byte	0x4
  36 000b 01       		.uleb128 0x1
  37 000c 2A040000 		.4byte	.LASF121
  38 0010 0C       		.byte	0xc
  39 0011 AB030000 		.4byte	.LASF122
  40 0015 5D010000 		.4byte	.LASF123
  41 0019 00000000 		.4byte	.Ldebug_line0
  42 001d 02       		.uleb128 0x2
  43 001e 04       		.byte	0x4
  44 001f 05       		.byte	0x5
  45 0020 696E7400 		.ascii	"int\000"
  46 0024 03       		.uleb128 0x3
  47 0025 04       		.byte	0x4
  48 0026 07       		.byte	0x7
  49 0027 C0010000 		.4byte	.LASF0
  50 002b 03       		.uleb128 0x3
  51 002c 08       		.byte	0x8
  52 002d 05       		.byte	0x5
  53 002e CD000000 		.4byte	.LASF1
  54 0032 03       		.uleb128 0x3
  55 0033 08       		.byte	0x8
  56 0034 04       		.byte	0x4
  57 0035 20050000 		.4byte	.LASF2
ARM GAS  /tmp/ccYomh6a.s 			page 2


  58 0039 03       		.uleb128 0x3
  59 003a 01       		.byte	0x1
  60 003b 06       		.byte	0x6
  61 003c DB000000 		.4byte	.LASF3
  62 0040 04       		.uleb128 0x4
  63 0041 29000000 		.4byte	.LASF6
  64 0045 01       		.byte	0x1
  65 0046 2B       		.byte	0x2b
  66 0047 18       		.byte	0x18
  67 0048 4C000000 		.4byte	0x4c
  68 004c 03       		.uleb128 0x3
  69 004d 01       		.byte	0x1
  70 004e 08       		.byte	0x8
  71 004f 63030000 		.4byte	.LASF4
  72 0053 03       		.uleb128 0x3
  73 0054 02       		.byte	0x2
  74 0055 05       		.byte	0x5
  75 0056 87030000 		.4byte	.LASF5
  76 005a 04       		.uleb128 0x4
  77 005b 3E050000 		.4byte	.LASF7
  78 005f 01       		.byte	0x1
  79 0060 39       		.byte	0x39
  80 0061 19       		.byte	0x19
  81 0062 66000000 		.4byte	0x66
  82 0066 03       		.uleb128 0x3
  83 0067 02       		.byte	0x2
  84 0068 07       		.byte	0x7
  85 0069 8B050000 		.4byte	.LASF8
  86 006d 04       		.uleb128 0x4
  87 006e 7D020000 		.4byte	.LASF9
  88 0072 01       		.byte	0x1
  89 0073 4D       		.byte	0x4d
  90 0074 18       		.byte	0x18
  91 0075 79000000 		.4byte	0x79
  92 0079 03       		.uleb128 0x3
  93 007a 04       		.byte	0x4
  94 007b 05       		.byte	0x5
  95 007c 08010000 		.4byte	.LASF10
  96 0080 04       		.uleb128 0x4
  97 0081 49010000 		.4byte	.LASF11
  98 0085 01       		.byte	0x1
  99 0086 4F       		.byte	0x4f
 100 0087 19       		.byte	0x19
 101 0088 8C000000 		.4byte	0x8c
 102 008c 03       		.uleb128 0x3
 103 008d 04       		.byte	0x4
 104 008e 07       		.byte	0x7
 105 008f E4010000 		.4byte	.LASF12
 106 0093 04       		.uleb128 0x4
 107 0094 10030000 		.4byte	.LASF13
 108 0098 01       		.byte	0x1
 109 0099 69       		.byte	0x69
 110 009a 19       		.byte	0x19
 111 009b 9F000000 		.4byte	0x9f
 112 009f 03       		.uleb128 0x3
 113 00a0 08       		.byte	0x8
 114 00a1 07       		.byte	0x7
ARM GAS  /tmp/ccYomh6a.s 			page 3


 115 00a2 61000000 		.4byte	.LASF14
 116 00a6 04       		.uleb128 0x4
 117 00a7 D1050000 		.4byte	.LASF15
 118 00ab 02       		.byte	0x2
 119 00ac 18       		.byte	0x18
 120 00ad 13       		.byte	0x13
 121 00ae 40000000 		.4byte	0x40
 122 00b2 05       		.uleb128 0x5
 123 00b3 A6000000 		.4byte	0xa6
 124 00b7 04       		.uleb128 0x4
 125 00b8 2A010000 		.4byte	.LASF16
 126 00bc 02       		.byte	0x2
 127 00bd 24       		.byte	0x24
 128 00be 14       		.byte	0x14
 129 00bf 5A000000 		.4byte	0x5a
 130 00c3 04       		.uleb128 0x4
 131 00c4 5B030000 		.4byte	.LASF17
 132 00c8 02       		.byte	0x2
 133 00c9 2C       		.byte	0x2c
 134 00ca 13       		.byte	0x13
 135 00cb 6D000000 		.4byte	0x6d
 136 00cf 06       		.uleb128 0x6
 137 00d0 C3000000 		.4byte	0xc3
 138 00d4 04       		.uleb128 0x4
 139 00d5 9E050000 		.4byte	.LASF18
 140 00d9 02       		.byte	0x2
 141 00da 30       		.byte	0x30
 142 00db 14       		.byte	0x14
 143 00dc 80000000 		.4byte	0x80
 144 00e0 04       		.uleb128 0x4
 145 00e1 20000000 		.4byte	.LASF19
 146 00e5 02       		.byte	0x2
 147 00e6 3C       		.byte	0x3c
 148 00e7 14       		.byte	0x14
 149 00e8 93000000 		.4byte	0x93
 150 00ec 04       		.uleb128 0x4
 151 00ed A9020000 		.4byte	.LASF20
 152 00f1 03       		.byte	0x3
 153 00f2 39       		.byte	0x39
 154 00f3 1D       		.byte	0x1d
 155 00f4 D4000000 		.4byte	0xd4
 156 00f8 04       		.uleb128 0x4
 157 00f9 46020000 		.4byte	.LASF21
 158 00fd 03       		.byte	0x3
 159 00fe 3C       		.byte	0x3c
 160 00ff 1D       		.byte	0x1d
 161 0100 A6000000 		.4byte	0xa6
 162 0104 04       		.uleb128 0x4
 163 0105 11010000 		.4byte	.LASF22
 164 0109 03       		.byte	0x3
 165 010a 3D       		.byte	0x3d
 166 010b 1D       		.byte	0x1d
 167 010c A6000000 		.4byte	0xa6
 168 0110 04       		.uleb128 0x4
 169 0111 25030000 		.4byte	.LASF23
 170 0115 03       		.byte	0x3
 171 0116 3E       		.byte	0x3e
ARM GAS  /tmp/ccYomh6a.s 			page 4


 172 0117 1D       		.byte	0x1d
 173 0118 A6000000 		.4byte	0xa6
 174 011c 04       		.uleb128 0x4
 175 011d 42030000 		.4byte	.LASF24
 176 0121 03       		.byte	0x3
 177 0122 40       		.byte	0x40
 178 0123 1D       		.byte	0x1d
 179 0124 D4000000 		.4byte	0xd4
 180 0128 04       		.uleb128 0x4
 181 0129 23020000 		.4byte	.LASF25
 182 012d 03       		.byte	0x3
 183 012e 41       		.byte	0x41
 184 012f 1D       		.byte	0x1d
 185 0130 C3000000 		.4byte	0xc3
 186 0134 04       		.uleb128 0x4
 187 0135 5C020000 		.4byte	.LASF26
 188 0139 03       		.byte	0x3
 189 013a 43       		.byte	0x43
 190 013b 1D       		.byte	0x1d
 191 013c D4000000 		.4byte	0xd4
 192 0140 04       		.uleb128 0x4
 193 0141 BA010000 		.4byte	.LASF27
 194 0145 03       		.byte	0x3
 195 0146 45       		.byte	0x45
 196 0147 1D       		.byte	0x1d
 197 0148 C3000000 		.4byte	0xc3
 198 014c 04       		.uleb128 0x4
 199 014d 5D050000 		.4byte	.LASF28
 200 0151 04       		.byte	0x4
 201 0152 33       		.byte	0x33
 202 0153 12       		.byte	0x12
 203 0154 D4000000 		.4byte	0xd4
 204 0158 04       		.uleb128 0x4
 205 0159 49050000 		.4byte	.LASF29
 206 015d 04       		.byte	0x4
 207 015e 3F       		.byte	0x3f
 208 015f 1A       		.byte	0x1a
 209 0160 64010000 		.4byte	0x164
 210 0164 07       		.uleb128 0x7
 211 0165 19020000 		.4byte	.LASF47
 212 0169 44       		.byte	0x44
 213 016a 05       		.byte	0x5
 214 016b 9A       		.byte	0x9a
 215 016c 08       		.byte	0x8
 216 016d 54020000 		.4byte	0x254
 217 0171 08       		.uleb128 0x8
 218 0172 04020000 		.4byte	.LASF30
 219 0176 05       		.byte	0x5
 220 0177 9B       		.byte	0x9b
 221 0178 19       		.byte	0x19
 222 0179 8D020000 		.4byte	0x28d
 223 017d 00       		.byte	0
 224 017e 08       		.uleb128 0x8
 225 017f 03030000 		.4byte	.LASF31
 226 0183 05       		.byte	0x5
 227 0184 9C       		.byte	0x9c
 228 0185 19       		.byte	0x19
ARM GAS  /tmp/ccYomh6a.s 			page 5


 229 0186 1C010000 		.4byte	0x11c
 230 018a 08       		.byte	0x8
 231 018b 09       		.uleb128 0x9
 232 018c 63747800 		.ascii	"ctx\000"
 233 0190 05       		.byte	0x5
 234 0191 9D       		.byte	0x9d
 235 0192 19       		.byte	0x19
 236 0193 FF040000 		.4byte	0x4ff
 237 0197 0C       		.byte	0xc
 238 0198 08       		.uleb128 0x8
 239 0199 92020000 		.4byte	.LASF32
 240 019d 05       		.byte	0x5
 241 019e 9F       		.byte	0x9f
 242 019f 1A       		.byte	0x1a
 243 01a0 60020000 		.4byte	0x260
 244 01a4 10       		.byte	0x10
 245 01a5 08       		.uleb128 0x8
 246 01a6 38050000 		.4byte	.LASF33
 247 01aa 05       		.byte	0x5
 248 01ab A0       		.byte	0xa0
 249 01ac 1A       		.byte	0x1a
 250 01ad 60020000 		.4byte	0x260
 251 01b1 14       		.byte	0x14
 252 01b2 08       		.uleb128 0x8
 253 01b3 FF010000 		.4byte	.LASF34
 254 01b7 05       		.byte	0x5
 255 01b8 A7       		.byte	0xa7
 256 01b9 1A       		.byte	0x1a
 257 01ba A3060000 		.4byte	0x6a3
 258 01be 18       		.byte	0x18
 259 01bf 08       		.uleb128 0x8
 260 01c0 2C050000 		.4byte	.LASF35
 261 01c4 05       		.byte	0x5
 262 01c5 B0       		.byte	0xb0
 263 01c6 1A       		.byte	0x1a
 264 01c7 BA060000 		.4byte	0x6ba
 265 01cb 1C       		.byte	0x1c
 266 01cc 08       		.uleb128 0x8
 267 01cd 02010000 		.4byte	.LASF36
 268 01d1 05       		.byte	0x5
 269 01d2 B5       		.byte	0xb5
 270 01d3 19       		.byte	0x19
 271 01d4 04010000 		.4byte	0x104
 272 01d8 20       		.byte	0x20
 273 01d9 08       		.uleb128 0x8
 274 01da D9050000 		.4byte	.LASF37
 275 01de 05       		.byte	0x5
 276 01df B9       		.byte	0xb9
 277 01e0 19       		.byte	0x19
 278 01e1 F8000000 		.4byte	0xf8
 279 01e5 21       		.byte	0x21
 280 01e6 08       		.uleb128 0x8
 281 01e7 2D030000 		.4byte	.LASF38
 282 01eb 05       		.byte	0x5
 283 01ec BE       		.byte	0xbe
 284 01ed 19       		.byte	0x19
 285 01ee 10010000 		.4byte	0x110
ARM GAS  /tmp/ccYomh6a.s 			page 6


 286 01f2 22       		.byte	0x22
 287 01f3 0A       		.uleb128 0xa
 288 01f4 7500     		.ascii	"u\000"
 289 01f6 05       		.byte	0x5
 290 01f7 0F01     		.2byte	0x10f
 291 01f9 19       		.byte	0x19
 292 01fa C8050000 		.4byte	0x5c8
 293 01fe 24       		.byte	0x24
 294 01ff 0B       		.uleb128 0xb
 295 0200 A5010000 		.4byte	.LASF39
 296 0204 05       		.byte	0x5
 297 0205 1401     		.2byte	0x114
 298 0207 19       		.byte	0x19
 299 0208 66020000 		.4byte	0x266
 300 020c 28       		.byte	0x28
 301 020d 0B       		.uleb128 0xb
 302 020e F9000000 		.4byte	.LASF40
 303 0212 05       		.byte	0x5
 304 0213 1A01     		.2byte	0x11a
 305 0215 19       		.byte	0x19
 306 0216 8D020000 		.4byte	0x28d
 307 021a 2C       		.byte	0x2c
 308 021b 0B       		.uleb128 0xb
 309 021c 29020000 		.4byte	.LASF41
 310 0220 05       		.byte	0x5
 311 0221 2001     		.2byte	0x120
 312 0223 19       		.byte	0x19
 313 0224 34010000 		.4byte	0x134
 314 0228 34       		.byte	0x34
 315 0229 0B       		.uleb128 0xb
 316 022a 09060000 		.4byte	.LASF42
 317 022e 05       		.byte	0x5
 318 022f 2701     		.2byte	0x127
 319 0231 1A       		.byte	0x1a
 320 0232 9D060000 		.4byte	0x69d
 321 0236 38       		.byte	0x38
 322 0237 0B       		.uleb128 0xb
 323 0238 98020000 		.4byte	.LASF43
 324 023c 05       		.byte	0x5
 325 023d 2B01     		.2byte	0x12b
 326 023f 19       		.byte	0x19
 327 0240 1C010000 		.4byte	0x11c
 328 0244 3C       		.byte	0x3c
 329 0245 0B       		.uleb128 0xb
 330 0246 0A020000 		.4byte	.LASF44
 331 024a 05       		.byte	0x5
 332 024b 3201     		.2byte	0x132
 333 024d 1A       		.byte	0x1a
 334 024e 4D030000 		.4byte	0x34d
 335 0252 40       		.byte	0x40
 336 0253 00       		.byte	0
 337 0254 04       		.uleb128 0x4
 338 0255 B1020000 		.4byte	.LASF45
 339 0259 04       		.byte	0x4
 340 025a 44       		.byte	0x44
 341 025b 14       		.byte	0x14
 342 025c 60020000 		.4byte	0x260
ARM GAS  /tmp/ccYomh6a.s 			page 7


 343 0260 0C       		.uleb128 0xc
 344 0261 04       		.byte	0x4
 345 0262 58010000 		.4byte	0x158
 346 0266 04       		.uleb128 0x4
 347 0267 E6050000 		.4byte	.LASF46
 348 026b 04       		.byte	0x4
 349 026c 49       		.byte	0x49
 350 026d 20       		.byte	0x20
 351 026e 72020000 		.4byte	0x272
 352 0272 07       		.uleb128 0x7
 353 0273 0A050000 		.4byte	.LASF48
 354 0277 04       		.byte	0x4
 355 0278 05       		.byte	0x5
 356 0279 88       		.byte	0x88
 357 027a 08       		.byte	0x8
 358 027b 8D020000 		.4byte	0x28d
 359 027f 08       		.uleb128 0x8
 360 0280 B7000000 		.4byte	.LASF49
 361 0284 05       		.byte	0x5
 362 0285 89       		.byte	0x89
 363 0286 1A       		.byte	0x1a
 364 0287 60020000 		.4byte	0x260
 365 028b 00       		.byte	0
 366 028c 00       		.byte	0
 367 028d 04       		.uleb128 0x4
 368 028e AF050000 		.4byte	.LASF50
 369 0292 04       		.byte	0x4
 370 0293 50       		.byte	0x50
 371 0294 21       		.byte	0x21
 372 0295 99020000 		.4byte	0x299
 373 0299 07       		.uleb128 0x7
 374 029a BC000000 		.4byte	.LASF51
 375 029e 08       		.byte	0x8
 376 029f 05       		.byte	0x5
 377 02a0 8F       		.byte	0x8f
 378 02a1 08       		.byte	0x8
 379 02a2 C1020000 		.4byte	0x2c1
 380 02a6 08       		.uleb128 0x8
 381 02a7 B7000000 		.4byte	.LASF49
 382 02ab 05       		.byte	0x5
 383 02ac 90       		.byte	0x90
 384 02ad 1A       		.byte	0x1a
 385 02ae 60020000 		.4byte	0x260
 386 02b2 00       		.byte	0
 387 02b3 08       		.uleb128 0x8
 388 02b4 33000000 		.4byte	.LASF52
 389 02b8 05       		.byte	0x5
 390 02b9 91       		.byte	0x91
 391 02ba 1A       		.byte	0x1a
 392 02bb 60020000 		.4byte	0x260
 393 02bf 04       		.byte	0x4
 394 02c0 00       		.byte	0
 395 02c1 04       		.uleb128 0x4
 396 02c2 00000000 		.4byte	.LASF53
 397 02c6 04       		.byte	0x4
 398 02c7 57       		.byte	0x57
 399 02c8 1E       		.byte	0x1e
ARM GAS  /tmp/ccYomh6a.s 			page 8


 400 02c9 CD020000 		.4byte	0x2cd
 401 02cd 0D       		.uleb128 0xd
 402 02ce 4E020000 		.4byte	.LASF54
 403 02d2 1C       		.byte	0x1c
 404 02d3 05       		.byte	0x5
 405 02d4 6A01     		.2byte	0x16a
 406 02d6 08       		.byte	0x8
 407 02d7 30030000 		.4byte	0x330
 408 02db 0B       		.uleb128 0xb
 409 02dc 04020000 		.4byte	.LASF30
 410 02e0 05       		.byte	0x5
 411 02e1 6B01     		.2byte	0x16b
 412 02e3 19       		.byte	0x19
 413 02e4 8D020000 		.4byte	0x28d
 414 02e8 00       		.byte	0
 415 02e9 0B       		.uleb128 0xb
 416 02ea 03030000 		.4byte	.LASF31
 417 02ee 05       		.byte	0x5
 418 02ef 6C01     		.2byte	0x16c
 419 02f1 19       		.byte	0x19
 420 02f2 1C010000 		.4byte	0x11c
 421 02f6 08       		.byte	0x8
 422 02f7 0A       		.uleb128 0xa
 423 02f8 63747800 		.ascii	"ctx\000"
 424 02fc 05       		.byte	0x5
 425 02fd 6E01     		.2byte	0x16e
 426 02ff 19       		.byte	0x19
 427 0300 FF040000 		.4byte	0x4ff
 428 0304 0C       		.byte	0xc
 429 0305 0B       		.uleb128 0xb
 430 0306 92020000 		.4byte	.LASF32
 431 030a 05       		.byte	0x5
 432 030b 7101     		.2byte	0x171
 433 030d 1A       		.byte	0x1a
 434 030e 60020000 		.4byte	0x260
 435 0312 10       		.byte	0x10
 436 0313 0B       		.uleb128 0xb
 437 0314 38050000 		.4byte	.LASF33
 438 0318 05       		.byte	0x5
 439 0319 7201     		.2byte	0x172
 440 031b 1A       		.byte	0x1a
 441 031c 60020000 		.4byte	0x260
 442 0320 14       		.byte	0x14
 443 0321 0B       		.uleb128 0xb
 444 0322 08030000 		.4byte	.LASF55
 445 0326 05       		.byte	0x5
 446 0327 7501     		.2byte	0x175
 447 0329 1A       		.byte	0x1a
 448 032a 60020000 		.4byte	0x260
 449 032e 18       		.byte	0x18
 450 032f 00       		.byte	0
 451 0330 04       		.uleb128 0x4
 452 0331 67050000 		.4byte	.LASF56
 453 0335 04       		.byte	0x4
 454 0336 5C       		.byte	0x5c
 455 0337 10       		.byte	0x10
 456 0338 3C030000 		.4byte	0x33c
ARM GAS  /tmp/ccYomh6a.s 			page 9


 457 033c 0C       		.uleb128 0xc
 458 033d 04       		.byte	0x4
 459 033e 42030000 		.4byte	0x342
 460 0342 0E       		.uleb128 0xe
 461 0343 4D030000 		.4byte	0x34d
 462 0347 0F       		.uleb128 0xf
 463 0348 4D030000 		.4byte	0x34d
 464 034c 00       		.byte	0
 465 034d 10       		.uleb128 0x10
 466 034e 04       		.byte	0x4
 467 034f 04       		.uleb128 0x4
 468 0350 32030000 		.4byte	.LASF57
 469 0354 04       		.byte	0x4
 470 0355 61       		.byte	0x61
 471 0356 21       		.byte	0x21
 472 0357 5B030000 		.4byte	0x35b
 473 035b 0D       		.uleb128 0xd
 474 035c E8030000 		.4byte	.LASF58
 475 0360 14       		.byte	0x14
 476 0361 05       		.byte	0x5
 477 0362 4501     		.2byte	0x145
 478 0364 08       		.byte	0x8
 479 0365 B0030000 		.4byte	0x3b0
 480 0369 0B       		.uleb128 0xb
 481 036a B7000000 		.4byte	.LASF49
 482 036e 05       		.byte	0x5
 483 036f 4601     		.2byte	0x146
 484 0371 1A       		.byte	0x1a
 485 0372 C0060000 		.4byte	0x6c0
 486 0376 00       		.byte	0
 487 0377 0B       		.uleb128 0xb
 488 0378 33000000 		.4byte	.LASF52
 489 037c 05       		.byte	0x5
 490 037d 4701     		.2byte	0x147
 491 037f 1A       		.byte	0x1a
 492 0380 C0060000 		.4byte	0x6c0
 493 0384 04       		.byte	0x4
 494 0385 0B       		.uleb128 0xb
 495 0386 13000000 		.4byte	.LASF59
 496 038a 05       		.byte	0x5
 497 038b 4801     		.2byte	0x148
 498 038d 19       		.byte	0x19
 499 038e 4C010000 		.4byte	0x14c
 500 0392 08       		.byte	0x8
 501 0393 0B       		.uleb128 0xb
 502 0394 1A010000 		.4byte	.LASF60
 503 0398 05       		.byte	0x5
 504 0399 4901     		.2byte	0x149
 505 039b 19       		.byte	0x19
 506 039c 30030000 		.4byte	0x330
 507 03a0 0C       		.byte	0xc
 508 03a1 0A       		.uleb128 0xa
 509 03a2 70617200 		.ascii	"par\000"
 510 03a6 05       		.byte	0x5
 511 03a7 4B01     		.2byte	0x14b
 512 03a9 1A       		.byte	0x1a
 513 03aa 4D030000 		.4byte	0x34d
ARM GAS  /tmp/ccYomh6a.s 			page 10


 514 03ae 10       		.byte	0x10
 515 03af 00       		.byte	0
 516 03b0 04       		.uleb128 0x4
 517 03b1 94000000 		.4byte	.LASF61
 518 03b5 04       		.byte	0x4
 519 03b6 66       		.byte	0x66
 520 03b7 28       		.byte	0x28
 521 03b8 BC030000 		.4byte	0x3bc
 522 03bc 0D       		.uleb128 0xd
 523 03bd C4020000 		.4byte	.LASF62
 524 03c1 10       		.byte	0x10
 525 03c2 05       		.byte	0x5
 526 03c3 5501     		.2byte	0x155
 527 03c5 08       		.byte	0x8
 528 03c6 03040000 		.4byte	0x403
 529 03ca 0B       		.uleb128 0xb
 530 03cb B7000000 		.4byte	.LASF49
 531 03cf 05       		.byte	0x5
 532 03d0 5601     		.2byte	0x156
 533 03d2 1A       		.byte	0x1a
 534 03d3 C0060000 		.4byte	0x6c0
 535 03d7 00       		.byte	0
 536 03d8 0B       		.uleb128 0xb
 537 03d9 33000000 		.4byte	.LASF52
 538 03dd 05       		.byte	0x5
 539 03de 5801     		.2byte	0x158
 540 03e0 1A       		.byte	0x1a
 541 03e1 C0060000 		.4byte	0x6c0
 542 03e5 04       		.byte	0x4
 543 03e6 0B       		.uleb128 0xb
 544 03e7 13000000 		.4byte	.LASF59
 545 03eb 05       		.byte	0x5
 546 03ec 5A01     		.2byte	0x15a
 547 03ee 19       		.byte	0x19
 548 03ef 4C010000 		.4byte	0x14c
 549 03f3 08       		.byte	0x8
 550 03f4 0B       		.uleb128 0xb
 551 03f5 91030000 		.4byte	.LASF63
 552 03f9 05       		.byte	0x5
 553 03fa 6201     		.2byte	0x162
 554 03fc 19       		.byte	0x19
 555 03fd 4C010000 		.4byte	0x14c
 556 0401 0C       		.byte	0xc
 557 0402 00       		.byte	0
 558 0403 04       		.uleb128 0x4
 559 0404 44000000 		.4byte	.LASF64
 560 0408 04       		.byte	0x4
 561 0409 6B       		.byte	0x6b
 562 040a 20       		.byte	0x20
 563 040b 0F040000 		.4byte	0x40f
 564 040f 0D       		.uleb128 0xd
 565 0410 95010000 		.4byte	.LASF65
 566 0414 04       		.byte	0x4
 567 0415 05       		.byte	0x5
 568 0416 7C01     		.2byte	0x17c
 569 0418 08       		.byte	0x8
 570 0419 2C040000 		.4byte	0x42c
ARM GAS  /tmp/ccYomh6a.s 			page 11


 571 041d 0B       		.uleb128 0xb
 572 041e 70050000 		.4byte	.LASF66
 573 0422 05       		.byte	0x5
 574 0423 8401     		.2byte	0x184
 575 0425 24       		.byte	0x24
 576 0426 A9060000 		.4byte	0x6a9
 577 042a 00       		.byte	0
 578 042b 00       		.byte	0
 579 042c 04       		.uleb128 0x4
 580 042d 32020000 		.4byte	.LASF67
 581 0431 04       		.byte	0x4
 582 0432 70       		.byte	0x70
 583 0433 1A       		.byte	0x1a
 584 0434 38040000 		.4byte	0x438
 585 0438 0D       		.uleb128 0xd
 586 0439 A1030000 		.4byte	.LASF68
 587 043d 78       		.byte	0x78
 588 043e 05       		.byte	0x5
 589 043f 9C01     		.2byte	0x19c
 590 0441 08       		.byte	0x8
 591 0442 8C040000 		.4byte	0x48c
 592 0446 0B       		.uleb128 0xb
 593 0447 EC000000 		.4byte	.LASF69
 594 044b 05       		.byte	0x5
 595 044c A001     		.2byte	0x1a0
 596 044e 19       		.byte	0x19
 597 044f C1020000 		.4byte	0x2c1
 598 0453 00       		.byte	0
 599 0454 0B       		.uleb128 0xb
 600 0455 F2000000 		.4byte	.LASF70
 601 0459 05       		.byte	0x5
 602 045a A401     		.2byte	0x1a4
 603 045c 19       		.byte	0x19
 604 045d B0030000 		.4byte	0x3b0
 605 0461 1C       		.byte	0x1c
 606 0462 0A       		.uleb128 0xa
 607 0463 64626700 		.ascii	"dbg\000"
 608 0467 05       		.byte	0x5
 609 0468 A801     		.2byte	0x1a8
 610 046a 19       		.byte	0x19
 611 046b 03040000 		.4byte	0x403
 612 046f 2C       		.byte	0x2c
 613 0470 0B       		.uleb128 0xb
 614 0471 81000000 		.4byte	.LASF71
 615 0475 05       		.byte	0x5
 616 0476 AC01     		.2byte	0x1ac
 617 0478 19       		.byte	0x19
 618 0479 58010000 		.4byte	0x158
 619 047d 30       		.byte	0x30
 620 047e 0A       		.uleb128 0xa
 621 047f 746D00   		.ascii	"tm\000"
 622 0482 05       		.byte	0x5
 623 0483 B101     		.2byte	0x1b1
 624 0485 19       		.byte	0x19
 625 0486 BC050000 		.4byte	0x5bc
 626 048a 74       		.byte	0x74
 627 048b 00       		.byte	0
ARM GAS  /tmp/ccYomh6a.s 			page 12


 628 048c 11       		.uleb128 0x11
 629 048d AA000000 		.4byte	.LASF72
 630 0491 06       		.byte	0x6
 631 0492 8309     		.2byte	0x983
 632 0494 19       		.byte	0x19
 633 0495 CF000000 		.4byte	0xcf
 634 0499 12       		.uleb128 0x12
 635 049a CD010000 		.4byte	.LASF73
 636 049e 07       		.byte	0x7
 637 049f 4C       		.byte	0x4c
 638 04a0 11       		.byte	0x11
 639 04a1 D4000000 		.4byte	0xd4
 640 04a5 13       		.uleb128 0x13
 641 04a6 B2000000 		.4byte	0xb2
 642 04aa B5040000 		.4byte	0x4b5
 643 04ae 14       		.uleb128 0x14
 644 04af 24000000 		.4byte	0x24
 645 04b3 0F       		.byte	0xf
 646 04b4 00       		.byte	0
 647 04b5 05       		.uleb128 0x5
 648 04b6 A5040000 		.4byte	0x4a5
 649 04ba 12       		.uleb128 0x12
 650 04bb 68020000 		.4byte	.LASF74
 651 04bf 07       		.byte	0x7
 652 04c0 4E       		.byte	0x4e
 653 04c1 17       		.byte	0x17
 654 04c2 B5040000 		.4byte	0x4b5
 655 04c6 13       		.uleb128 0x13
 656 04c7 B2000000 		.4byte	0xb2
 657 04cb D6040000 		.4byte	0x4d6
 658 04cf 14       		.uleb128 0x14
 659 04d0 24000000 		.4byte	0x24
 660 04d4 07       		.byte	0x7
 661 04d5 00       		.byte	0
 662 04d6 05       		.uleb128 0x5
 663 04d7 C6040000 		.4byte	0x4c6
 664 04db 12       		.uleb128 0x12
 665 04dc 53000000 		.4byte	.LASF75
 666 04e0 07       		.byte	0x7
 667 04e1 4F       		.byte	0x4f
 668 04e2 17       		.byte	0x17
 669 04e3 D6040000 		.4byte	0x4d6
 670 04e7 04       		.uleb128 0x4
 671 04e8 54010000 		.4byte	.LASF76
 672 04ec 08       		.byte	0x8
 673 04ed 65       		.byte	0x65
 674 04ee 0F       		.byte	0xf
 675 04ef 4D030000 		.4byte	0x34d
 676 04f3 04       		.uleb128 0x4
 677 04f4 87020000 		.4byte	.LASF77
 678 04f8 08       		.byte	0x8
 679 04f9 6D       		.byte	0x6d
 680 04fa 12       		.byte	0x12
 681 04fb E0000000 		.4byte	0xe0
 682 04ff 07       		.uleb128 0x7
 683 0500 E5020000 		.4byte	.LASF78
 684 0504 04       		.byte	0x4
ARM GAS  /tmp/ccYomh6a.s 			page 13


 685 0505 08       		.byte	0x8
 686 0506 89       		.byte	0x89
 687 0507 08       		.byte	0x8
 688 0508 19050000 		.4byte	0x519
 689 050c 09       		.uleb128 0x9
 690 050d 737000   		.ascii	"sp\000"
 691 0510 08       		.byte	0x8
 692 0511 8A       		.byte	0x8a
 693 0512 17       		.byte	0x17
 694 0513 9F050000 		.4byte	0x59f
 695 0517 00       		.byte	0
 696 0518 00       		.byte	0
 697 0519 0D       		.uleb128 0xd
 698 051a 38000000 		.4byte	.LASF79
 699 051e 24       		.byte	0x24
 700 051f 09       		.byte	0x9
 701 0520 5901     		.2byte	0x159
 702 0522 08       		.byte	0x8
 703 0523 9F050000 		.4byte	0x59f
 704 0527 0A       		.uleb128 0xa
 705 0528 723400   		.ascii	"r4\000"
 706 052b 09       		.byte	0x9
 707 052c 6C01     		.2byte	0x16c
 708 052e 11       		.byte	0x11
 709 052f E7040000 		.4byte	0x4e7
 710 0533 00       		.byte	0
 711 0534 0A       		.uleb128 0xa
 712 0535 723500   		.ascii	"r5\000"
 713 0538 09       		.byte	0x9
 714 0539 6D01     		.2byte	0x16d
 715 053b 11       		.byte	0x11
 716 053c E7040000 		.4byte	0x4e7
 717 0540 04       		.byte	0x4
 718 0541 0A       		.uleb128 0xa
 719 0542 723600   		.ascii	"r6\000"
 720 0545 09       		.byte	0x9
 721 0546 6E01     		.2byte	0x16e
 722 0548 11       		.byte	0x11
 723 0549 E7040000 		.4byte	0x4e7
 724 054d 08       		.byte	0x8
 725 054e 0A       		.uleb128 0xa
 726 054f 723700   		.ascii	"r7\000"
 727 0552 09       		.byte	0x9
 728 0553 6F01     		.2byte	0x16f
 729 0555 11       		.byte	0x11
 730 0556 E7040000 		.4byte	0x4e7
 731 055a 0C       		.byte	0xc
 732 055b 0A       		.uleb128 0xa
 733 055c 723800   		.ascii	"r8\000"
 734 055f 09       		.byte	0x9
 735 0560 7001     		.2byte	0x170
 736 0562 11       		.byte	0x11
 737 0563 E7040000 		.4byte	0x4e7
 738 0567 10       		.byte	0x10
 739 0568 0A       		.uleb128 0xa
 740 0569 723900   		.ascii	"r9\000"
 741 056c 09       		.byte	0x9
ARM GAS  /tmp/ccYomh6a.s 			page 14


 742 056d 7101     		.2byte	0x171
 743 056f 11       		.byte	0x11
 744 0570 E7040000 		.4byte	0x4e7
 745 0574 14       		.byte	0x14
 746 0575 0A       		.uleb128 0xa
 747 0576 72313000 		.ascii	"r10\000"
 748 057a 09       		.byte	0x9
 749 057b 7201     		.2byte	0x172
 750 057d 11       		.byte	0x11
 751 057e E7040000 		.4byte	0x4e7
 752 0582 18       		.byte	0x18
 753 0583 0A       		.uleb128 0xa
 754 0584 72313100 		.ascii	"r11\000"
 755 0588 09       		.byte	0x9
 756 0589 7301     		.2byte	0x173
 757 058b 11       		.byte	0x11
 758 058c E7040000 		.4byte	0x4e7
 759 0590 1C       		.byte	0x1c
 760 0591 0A       		.uleb128 0xa
 761 0592 6C7200   		.ascii	"lr\000"
 762 0595 09       		.byte	0x9
 763 0596 7401     		.2byte	0x174
 764 0598 11       		.byte	0x11
 765 0599 E7040000 		.4byte	0x4e7
 766 059d 20       		.byte	0x20
 767 059e 00       		.byte	0
 768 059f 0C       		.uleb128 0xc
 769 05a0 04       		.byte	0x4
 770 05a1 19050000 		.4byte	0x519
 771 05a5 15       		.uleb128 0x15
 772 05a6 04       		.byte	0x4
 773 05a7 0A       		.byte	0xa
 774 05a8 38       		.byte	0x38
 775 05a9 09       		.byte	0x9
 776 05aa BC050000 		.4byte	0x5bc
 777 05ae 08       		.uleb128 0x8
 778 05af 7A050000 		.4byte	.LASF80
 779 05b3 0A       		.byte	0xa
 780 05b4 3C       		.byte	0x3c
 781 05b5 19       		.byte	0x19
 782 05b6 EC000000 		.4byte	0xec
 783 05ba 00       		.byte	0
 784 05bb 00       		.byte	0
 785 05bc 04       		.uleb128 0x4
 786 05bd F2020000 		.4byte	.LASF81
 787 05c1 0A       		.byte	0xa
 788 05c2 3D       		.byte	0x3d
 789 05c3 03       		.byte	0x3
 790 05c4 A5050000 		.4byte	0x5a5
 791 05c8 16       		.uleb128 0x16
 792 05c9 04       		.byte	0x4
 793 05ca 05       		.byte	0x5
 794 05cb D2       		.byte	0xd2
 795 05cc 03       		.byte	0x3
 796 05cd 34060000 		.4byte	0x634
 797 05d1 17       		.uleb128 0x17
 798 05d2 19000000 		.4byte	.LASF82
ARM GAS  /tmp/ccYomh6a.s 			page 15


 799 05d6 05       		.byte	0x5
 800 05d7 D9       		.byte	0xd9
 801 05d8 19       		.byte	0x19
 802 05d9 28010000 		.4byte	0x128
 803 05dd 17       		.uleb128 0x17
 804 05de 78000000 		.4byte	.LASF83
 805 05e2 05       		.byte	0x5
 806 05e3 E0       		.byte	0xe0
 807 05e4 19       		.byte	0x19
 808 05e5 28010000 		.4byte	0x128
 809 05e9 17       		.uleb128 0x17
 810 05ea DF050000 		.4byte	.LASF84
 811 05ee 05       		.byte	0x5
 812 05ef E7       		.byte	0xe7
 813 05f0 1A       		.byte	0x1a
 814 05f1 4D030000 		.4byte	0x34d
 815 05f5 17       		.uleb128 0x17
 816 05f6 0D000000 		.4byte	.LASF85
 817 05fa 05       		.byte	0x5
 818 05fb EE       		.byte	0xee
 819 05fc 1A       		.byte	0x1a
 820 05fd 34060000 		.4byte	0x634
 821 0601 17       		.uleb128 0x17
 822 0602 8C000000 		.4byte	.LASF86
 823 0606 05       		.byte	0x5
 824 0607 F3       		.byte	0xf3
 825 0608 19       		.byte	0x19
 826 0609 28010000 		.4byte	0x128
 827 060d 17       		.uleb128 0x17
 828 060e DD010000 		.4byte	.LASF87
 829 0612 05       		.byte	0x5
 830 0613 FC       		.byte	0xfc
 831 0614 1A       		.byte	0x1a
 832 0615 62060000 		.4byte	0x662
 833 0619 18       		.uleb128 0x18
 834 061a 03050000 		.4byte	.LASF88
 835 061e 05       		.byte	0x5
 836 061f 0501     		.2byte	0x105
 837 0621 1A       		.byte	0x1a
 838 0622 9D060000 		.4byte	0x69d
 839 0626 18       		.uleb128 0x18
 840 0627 9A030000 		.4byte	.LASF89
 841 062b 05       		.byte	0x5
 842 062c 0D01     		.2byte	0x10d
 843 062e 19       		.byte	0x19
 844 062f 34010000 		.4byte	0x134
 845 0633 00       		.byte	0
 846 0634 0C       		.uleb128 0xc
 847 0635 04       		.byte	0x4
 848 0636 54020000 		.4byte	0x254
 849 063a 07       		.uleb128 0x7
 850 063b F9030000 		.4byte	.LASF90
 851 063f 0C       		.byte	0xc
 852 0640 0B       		.byte	0xb
 853 0641 34       		.byte	0x34
 854 0642 10       		.byte	0x10
 855 0643 62060000 		.4byte	0x662
ARM GAS  /tmp/ccYomh6a.s 			page 16


 856 0647 08       		.uleb128 0x8
 857 0648 04020000 		.4byte	.LASF30
 858 064c 0B       		.byte	0xb
 859 064d 35       		.byte	0x35
 860 064e 19       		.byte	0x19
 861 064f 8D020000 		.4byte	0x28d
 862 0653 00       		.byte	0
 863 0654 09       		.uleb128 0x9
 864 0655 636E7400 		.ascii	"cnt\000"
 865 0659 0B       		.byte	0xb
 866 065a 37       		.byte	0x37
 867 065b 19       		.byte	0x19
 868 065c 40010000 		.4byte	0x140
 869 0660 08       		.byte	0x8
 870 0661 00       		.byte	0
 871 0662 0C       		.uleb128 0xc
 872 0663 04       		.byte	0x4
 873 0664 3A060000 		.4byte	0x63a
 874 0668 07       		.uleb128 0x7
 875 0669 BF050000 		.4byte	.LASF91
 876 066d 10       		.byte	0x10
 877 066e 0C       		.byte	0xc
 878 066f 39       		.byte	0x39
 879 0670 08       		.byte	0x8
 880 0671 9D060000 		.4byte	0x69d
 881 0675 08       		.uleb128 0x8
 882 0676 04020000 		.4byte	.LASF30
 883 067a 0C       		.byte	0xc
 884 067b 3A       		.byte	0x3a
 885 067c 19       		.byte	0x19
 886 067d 8D020000 		.4byte	0x28d
 887 0681 00       		.byte	0
 888 0682 08       		.uleb128 0x8
 889 0683 1A050000 		.4byte	.LASF92
 890 0687 0C       		.byte	0xc
 891 0688 3C       		.byte	0x3c
 892 0689 1A       		.byte	0x1a
 893 068a 60020000 		.4byte	0x260
 894 068e 08       		.byte	0x8
 895 068f 08       		.uleb128 0x8
 896 0690 B7000000 		.4byte	.LASF49
 897 0694 0C       		.byte	0xc
 898 0695 3E       		.byte	0x3e
 899 0696 1A       		.byte	0x1a
 900 0697 17080000 		.4byte	0x817
 901 069b 0C       		.byte	0xc
 902 069c 00       		.byte	0
 903 069d 0C       		.uleb128 0xc
 904 069e 04       		.byte	0x4
 905 069f 68060000 		.4byte	0x668
 906 06a3 0C       		.uleb128 0xc
 907 06a4 04       		.byte	0x4
 908 06a5 B5060000 		.4byte	0x6b5
 909 06a9 06       		.uleb128 0x6
 910 06aa A3060000 		.4byte	0x6a3
 911 06ae 03       		.uleb128 0x3
 912 06af 01       		.byte	0x1
ARM GAS  /tmp/ccYomh6a.s 			page 17


 913 06b0 08       		.byte	0x8
 914 06b1 33050000 		.4byte	.LASF93
 915 06b5 05       		.uleb128 0x5
 916 06b6 AE060000 		.4byte	0x6ae
 917 06ba 0C       		.uleb128 0xc
 918 06bb 04       		.byte	0x4
 919 06bc F3040000 		.4byte	0x4f3
 920 06c0 0C       		.uleb128 0xc
 921 06c1 04       		.byte	0x4
 922 06c2 4F030000 		.4byte	0x34f
 923 06c6 19       		.uleb128 0x19
 924 06c7 636800   		.ascii	"ch\000"
 925 06ca 05       		.byte	0x5
 926 06cb D201     		.2byte	0x1d2
 927 06cd 14       		.byte	0x14
 928 06ce 2C040000 		.4byte	0x42c
 929 06d2 13       		.uleb128 0x13
 930 06d3 F3040000 		.4byte	0x4f3
 931 06d7 DD060000 		.4byte	0x6dd
 932 06db 1A       		.uleb128 0x1a
 933 06dc 00       		.byte	0
 934 06dd 11       		.uleb128 0x11
 935 06de 0F040000 		.4byte	.LASF94
 936 06e2 0D       		.byte	0xd
 937 06e3 2B01     		.2byte	0x12b
 938 06e5 13       		.byte	0x13
 939 06e6 D2060000 		.4byte	0x6d2
 940 06ea 15       		.uleb128 0x15
 941 06eb 16       		.byte	0x16
 942 06ec 0E       		.byte	0xe
 943 06ed 34       		.byte	0x34
 944 06ee 09       		.byte	0x9
 945 06ef DE070000 		.4byte	0x7de
 946 06f3 08       		.uleb128 0x8
 947 06f4 1F010000 		.4byte	.LASF95
 948 06f8 0E       		.byte	0xe
 949 06f9 35       		.byte	0x35
 950 06fa 0D       		.byte	0xd
 951 06fb DE070000 		.4byte	0x7de
 952 06ff 00       		.byte	0
 953 0700 08       		.uleb128 0x8
 954 0701 AD010000 		.4byte	.LASF96
 955 0705 0E       		.byte	0xe
 956 0706 36       		.byte	0x36
 957 0707 0D       		.byte	0xd
 958 0708 A6000000 		.4byte	0xa6
 959 070c 04       		.byte	0x4
 960 070d 08       		.uleb128 0x8
 961 070e E7000000 		.4byte	.LASF97
 962 0712 0E       		.byte	0xe
 963 0713 37       		.byte	0x37
 964 0714 0D       		.byte	0xd
 965 0715 A6000000 		.4byte	0xa6
 966 0719 05       		.byte	0x5
 967 071a 08       		.uleb128 0x8
 968 071b A1020000 		.4byte	.LASF98
 969 071f 0E       		.byte	0xe
ARM GAS  /tmp/ccYomh6a.s 			page 18


 970 0720 38       		.byte	0x38
 971 0721 0D       		.byte	0xd
 972 0722 B7000000 		.4byte	0xb7
 973 0726 06       		.byte	0x6
 974 0727 08       		.uleb128 0x8
 975 0728 A7050000 		.4byte	.LASF99
 976 072c 0E       		.byte	0xe
 977 072d 39       		.byte	0x39
 978 072e 0D       		.byte	0xd
 979 072f A6000000 		.4byte	0xa6
 980 0733 08       		.byte	0x8
 981 0734 08       		.uleb128 0x8
 982 0735 21040000 		.4byte	.LASF100
 983 0739 0E       		.byte	0xe
 984 073a 3A       		.byte	0x3a
 985 073b 0D       		.byte	0xd
 986 073c A6000000 		.4byte	0xa6
 987 0740 09       		.byte	0x9
 988 0741 08       		.uleb128 0x8
 989 0742 4A030000 		.4byte	.LASF101
 990 0746 0E       		.byte	0xe
 991 0747 3B       		.byte	0x3b
 992 0748 0D       		.byte	0xd
 993 0749 A6000000 		.4byte	0xa6
 994 074d 0A       		.byte	0xa
 995 074e 08       		.uleb128 0x8
 996 074f 71030000 		.4byte	.LASF102
 997 0753 0E       		.byte	0xe
 998 0754 3C       		.byte	0x3c
 999 0755 0D       		.byte	0xd
 1000 0756 A6000000 		.4byte	0xa6
 1001 075a 0B       		.byte	0xb
 1002 075b 08       		.uleb128 0x8
 1003 075c 3E020000 		.4byte	.LASF103
 1004 0760 0E       		.byte	0xe
 1005 0761 3D       		.byte	0x3d
 1006 0762 0D       		.byte	0xd
 1007 0763 A6000000 		.4byte	0xa6
 1008 0767 0C       		.byte	0xc
 1009 0768 08       		.uleb128 0x8
 1010 0769 DB020000 		.4byte	.LASF104
 1011 076d 0E       		.byte	0xe
 1012 076e 3E       		.byte	0x3e
 1013 076f 0D       		.byte	0xd
 1014 0770 A6000000 		.4byte	0xa6
 1015 0774 0D       		.byte	0xd
 1016 0775 08       		.uleb128 0x8
 1017 0776 81050000 		.4byte	.LASF105
 1018 077a 0E       		.byte	0xe
 1019 077b 3F       		.byte	0x3f
 1020 077c 0D       		.byte	0xd
 1021 077d A6000000 		.4byte	0xa6
 1022 0781 0E       		.byte	0xe
 1023 0782 08       		.uleb128 0x8
 1024 0783 C8050000 		.4byte	.LASF106
 1025 0787 0E       		.byte	0xe
 1026 0788 40       		.byte	0x40
ARM GAS  /tmp/ccYomh6a.s 			page 19


 1027 0789 0D       		.byte	0xd
 1028 078a A6000000 		.4byte	0xa6
 1029 078e 0F       		.byte	0xf
 1030 078f 08       		.uleb128 0x8
 1031 0790 7A030000 		.4byte	.LASF107
 1032 0794 0E       		.byte	0xe
 1033 0795 41       		.byte	0x41
 1034 0796 0D       		.byte	0xd
 1035 0797 A6000000 		.4byte	0xa6
 1036 079b 10       		.byte	0x10
 1037 079c 08       		.uleb128 0x8
 1038 079d F5050000 		.4byte	.LASF108
 1039 07a1 0E       		.byte	0xe
 1040 07a2 42       		.byte	0x42
 1041 07a3 0D       		.byte	0xd
 1042 07a4 A6000000 		.4byte	0xa6
 1043 07a8 11       		.byte	0x11
 1044 07a9 08       		.uleb128 0x8
 1045 07aa FF050000 		.4byte	.LASF109
 1046 07ae 0E       		.byte	0xe
 1047 07af 43       		.byte	0x43
 1048 07b0 0D       		.byte	0xd
 1049 07b1 A6000000 		.4byte	0xa6
 1050 07b5 12       		.byte	0x12
 1051 07b6 08       		.uleb128 0x8
 1052 07b7 10020000 		.4byte	.LASF110
 1053 07bb 0E       		.byte	0xe
 1054 07bc 44       		.byte	0x44
 1055 07bd 0D       		.byte	0xd
 1056 07be A6000000 		.4byte	0xa6
 1057 07c2 13       		.byte	0x13
 1058 07c3 08       		.uleb128 0x8
 1059 07c4 3D010000 		.4byte	.LASF111
 1060 07c8 0E       		.byte	0xe
 1061 07c9 45       		.byte	0x45
 1062 07ca 0D       		.byte	0xd
 1063 07cb A6000000 		.4byte	0xa6
 1064 07cf 14       		.byte	0x14
 1065 07d0 08       		.uleb128 0x8
 1066 07d1 06040000 		.4byte	.LASF112
 1067 07d5 0E       		.byte	0xe
 1068 07d6 46       		.byte	0x46
 1069 07d7 0D       		.byte	0xd
 1070 07d8 A6000000 		.4byte	0xa6
 1071 07dc 15       		.byte	0x15
 1072 07dd 00       		.byte	0
 1073 07de 13       		.uleb128 0x13
 1074 07df AE060000 		.4byte	0x6ae
 1075 07e3 EE070000 		.4byte	0x7ee
 1076 07e7 14       		.uleb128 0x14
 1077 07e8 24000000 		.4byte	0x24
 1078 07ec 03       		.byte	0x3
 1079 07ed 00       		.byte	0
 1080 07ee 04       		.uleb128 0x4
 1081 07ef 33010000 		.4byte	.LASF113
 1082 07f3 0E       		.byte	0xe
 1083 07f4 47       		.byte	0x47
ARM GAS  /tmp/ccYomh6a.s 			page 20


 1084 07f5 03       		.byte	0x3
 1085 07f6 EA060000 		.4byte	0x6ea
 1086 07fa 05       		.uleb128 0x5
 1087 07fb EE070000 		.4byte	0x7ee
 1088 07ff 12       		.uleb128 0x12
 1089 0800 F6010000 		.4byte	.LASF114
 1090 0804 0E       		.byte	0xe
 1091 0805 6C       		.byte	0x6c
 1092 0806 1D       		.byte	0x1d
 1093 0807 FA070000 		.4byte	0x7fa
 1094 080b 04       		.uleb128 0x4
 1095 080c B2010000 		.4byte	.LASF115
 1096 0810 0C       		.byte	0xc
 1097 0811 34       		.byte	0x34
 1098 0812 19       		.byte	0x19
 1099 0813 68060000 		.4byte	0x668
 1100 0817 0C       		.uleb128 0xc
 1101 0818 04       		.byte	0x4
 1102 0819 0B080000 		.4byte	0x80b
 1103 081d 03       		.uleb128 0x3
 1104 081e 01       		.byte	0x1
 1105 081f 02       		.byte	0x2
 1106 0820 55030000 		.4byte	.LASF116
 1107 0824 15       		.uleb128 0x15
 1108 0825 08       		.byte	0x8
 1109 0826 0F       		.byte	0xf
 1110 0827 51       		.byte	0x51
 1111 0828 09       		.byte	0x9
 1112 0829 48080000 		.4byte	0x848
 1113 082d 08       		.uleb128 0x8
 1114 082e 11060000 		.4byte	.LASF117
 1115 0832 0F       		.byte	0xf
 1116 0833 55       		.byte	0x55
 1117 0834 0C       		.byte	0xc
 1118 0835 48080000 		.4byte	0x848
 1119 0839 00       		.byte	0
 1120 083a 08       		.uleb128 0x8
 1121 083b 76020000 		.4byte	.LASF118
 1122 083f 0F       		.byte	0xf
 1123 0840 59       		.byte	0x59
 1124 0841 0C       		.byte	0xc
 1125 0842 48080000 		.4byte	0x848
 1126 0846 04       		.byte	0x4
 1127 0847 00       		.byte	0
 1128 0848 0C       		.uleb128 0xc
 1129 0849 04       		.byte	0x4
 1130 084a A6000000 		.4byte	0xa6
 1131 084e 04       		.uleb128 0x4
 1132 084f 1B030000 		.4byte	.LASF119
 1133 0853 0F       		.byte	0xf
 1134 0854 5A       		.byte	0x5a
 1135 0855 03       		.byte	0x3
 1136 0856 24080000 		.4byte	0x824
 1137 085a 12       		.uleb128 0x12
 1138 085b 52050000 		.4byte	.LASF120
 1139 085f 0F       		.byte	0xf
 1140 0860 65       		.byte	0x65
ARM GAS  /tmp/ccYomh6a.s 			page 21


 1141 0861 12       		.byte	0x12
 1142 0862 4E080000 		.4byte	0x84e
 1143 0866 00       		.byte	0
 1144              		.section	.gnu.debuglto_.debug_abbrev,"e",%progbits
 1145              	.Ldebug_abbrev0:
 1146 0000 01       		.uleb128 0x1
 1147 0001 11       		.uleb128 0x11
 1148 0002 01       		.byte	0x1
 1149 0003 25       		.uleb128 0x25
 1150 0004 0E       		.uleb128 0xe
 1151 0005 13       		.uleb128 0x13
 1152 0006 0B       		.uleb128 0xb
 1153 0007 03       		.uleb128 0x3
 1154 0008 0E       		.uleb128 0xe
 1155 0009 1B       		.uleb128 0x1b
 1156 000a 0E       		.uleb128 0xe
 1157 000b 10       		.uleb128 0x10
 1158 000c 17       		.uleb128 0x17
 1159 000d 00       		.byte	0
 1160 000e 00       		.byte	0
 1161 000f 02       		.uleb128 0x2
 1162 0010 24       		.uleb128 0x24
 1163 0011 00       		.byte	0
 1164 0012 0B       		.uleb128 0xb
 1165 0013 0B       		.uleb128 0xb
 1166 0014 3E       		.uleb128 0x3e
 1167 0015 0B       		.uleb128 0xb
 1168 0016 03       		.uleb128 0x3
 1169 0017 08       		.uleb128 0x8
 1170 0018 00       		.byte	0
 1171 0019 00       		.byte	0
 1172 001a 03       		.uleb128 0x3
 1173 001b 24       		.uleb128 0x24
 1174 001c 00       		.byte	0
 1175 001d 0B       		.uleb128 0xb
 1176 001e 0B       		.uleb128 0xb
 1177 001f 3E       		.uleb128 0x3e
 1178 0020 0B       		.uleb128 0xb
 1179 0021 03       		.uleb128 0x3
 1180 0022 0E       		.uleb128 0xe
 1181 0023 00       		.byte	0
 1182 0024 00       		.byte	0
 1183 0025 04       		.uleb128 0x4
 1184 0026 16       		.uleb128 0x16
 1185 0027 00       		.byte	0
 1186 0028 03       		.uleb128 0x3
 1187 0029 0E       		.uleb128 0xe
 1188 002a 3A       		.uleb128 0x3a
 1189 002b 0B       		.uleb128 0xb
 1190 002c 3B       		.uleb128 0x3b
 1191 002d 0B       		.uleb128 0xb
 1192 002e 39       		.uleb128 0x39
 1193 002f 0B       		.uleb128 0xb
 1194 0030 49       		.uleb128 0x49
 1195 0031 13       		.uleb128 0x13
 1196 0032 00       		.byte	0
 1197 0033 00       		.byte	0
ARM GAS  /tmp/ccYomh6a.s 			page 22


 1198 0034 05       		.uleb128 0x5
 1199 0035 26       		.uleb128 0x26
 1200 0036 00       		.byte	0
 1201 0037 49       		.uleb128 0x49
 1202 0038 13       		.uleb128 0x13
 1203 0039 00       		.byte	0
 1204 003a 00       		.byte	0
 1205 003b 06       		.uleb128 0x6
 1206 003c 35       		.uleb128 0x35
 1207 003d 00       		.byte	0
 1208 003e 49       		.uleb128 0x49
 1209 003f 13       		.uleb128 0x13
 1210 0040 00       		.byte	0
 1211 0041 00       		.byte	0
 1212 0042 07       		.uleb128 0x7
 1213 0043 13       		.uleb128 0x13
 1214 0044 01       		.byte	0x1
 1215 0045 03       		.uleb128 0x3
 1216 0046 0E       		.uleb128 0xe
 1217 0047 0B       		.uleb128 0xb
 1218 0048 0B       		.uleb128 0xb
 1219 0049 3A       		.uleb128 0x3a
 1220 004a 0B       		.uleb128 0xb
 1221 004b 3B       		.uleb128 0x3b
 1222 004c 0B       		.uleb128 0xb
 1223 004d 39       		.uleb128 0x39
 1224 004e 0B       		.uleb128 0xb
 1225 004f 01       		.uleb128 0x1
 1226 0050 13       		.uleb128 0x13
 1227 0051 00       		.byte	0
 1228 0052 00       		.byte	0
 1229 0053 08       		.uleb128 0x8
 1230 0054 0D       		.uleb128 0xd
 1231 0055 00       		.byte	0
 1232 0056 03       		.uleb128 0x3
 1233 0057 0E       		.uleb128 0xe
 1234 0058 3A       		.uleb128 0x3a
 1235 0059 0B       		.uleb128 0xb
 1236 005a 3B       		.uleb128 0x3b
 1237 005b 0B       		.uleb128 0xb
 1238 005c 39       		.uleb128 0x39
 1239 005d 0B       		.uleb128 0xb
 1240 005e 49       		.uleb128 0x49
 1241 005f 13       		.uleb128 0x13
 1242 0060 38       		.uleb128 0x38
 1243 0061 0B       		.uleb128 0xb
 1244 0062 00       		.byte	0
 1245 0063 00       		.byte	0
 1246 0064 09       		.uleb128 0x9
 1247 0065 0D       		.uleb128 0xd
 1248 0066 00       		.byte	0
 1249 0067 03       		.uleb128 0x3
 1250 0068 08       		.uleb128 0x8
 1251 0069 3A       		.uleb128 0x3a
 1252 006a 0B       		.uleb128 0xb
 1253 006b 3B       		.uleb128 0x3b
 1254 006c 0B       		.uleb128 0xb
ARM GAS  /tmp/ccYomh6a.s 			page 23


 1255 006d 39       		.uleb128 0x39
 1256 006e 0B       		.uleb128 0xb
 1257 006f 49       		.uleb128 0x49
 1258 0070 13       		.uleb128 0x13
 1259 0071 38       		.uleb128 0x38
 1260 0072 0B       		.uleb128 0xb
 1261 0073 00       		.byte	0
 1262 0074 00       		.byte	0
 1263 0075 0A       		.uleb128 0xa
 1264 0076 0D       		.uleb128 0xd
 1265 0077 00       		.byte	0
 1266 0078 03       		.uleb128 0x3
 1267 0079 08       		.uleb128 0x8
 1268 007a 3A       		.uleb128 0x3a
 1269 007b 0B       		.uleb128 0xb
 1270 007c 3B       		.uleb128 0x3b
 1271 007d 05       		.uleb128 0x5
 1272 007e 39       		.uleb128 0x39
 1273 007f 0B       		.uleb128 0xb
 1274 0080 49       		.uleb128 0x49
 1275 0081 13       		.uleb128 0x13
 1276 0082 38       		.uleb128 0x38
 1277 0083 0B       		.uleb128 0xb
 1278 0084 00       		.byte	0
 1279 0085 00       		.byte	0
 1280 0086 0B       		.uleb128 0xb
 1281 0087 0D       		.uleb128 0xd
 1282 0088 00       		.byte	0
 1283 0089 03       		.uleb128 0x3
 1284 008a 0E       		.uleb128 0xe
 1285 008b 3A       		.uleb128 0x3a
 1286 008c 0B       		.uleb128 0xb
 1287 008d 3B       		.uleb128 0x3b
 1288 008e 05       		.uleb128 0x5
 1289 008f 39       		.uleb128 0x39
 1290 0090 0B       		.uleb128 0xb
 1291 0091 49       		.uleb128 0x49
 1292 0092 13       		.uleb128 0x13
 1293 0093 38       		.uleb128 0x38
 1294 0094 0B       		.uleb128 0xb
 1295 0095 00       		.byte	0
 1296 0096 00       		.byte	0
 1297 0097 0C       		.uleb128 0xc
 1298 0098 0F       		.uleb128 0xf
 1299 0099 00       		.byte	0
 1300 009a 0B       		.uleb128 0xb
 1301 009b 0B       		.uleb128 0xb
 1302 009c 49       		.uleb128 0x49
 1303 009d 13       		.uleb128 0x13
 1304 009e 00       		.byte	0
 1305 009f 00       		.byte	0
 1306 00a0 0D       		.uleb128 0xd
 1307 00a1 13       		.uleb128 0x13
 1308 00a2 01       		.byte	0x1
 1309 00a3 03       		.uleb128 0x3
 1310 00a4 0E       		.uleb128 0xe
 1311 00a5 0B       		.uleb128 0xb
ARM GAS  /tmp/ccYomh6a.s 			page 24


 1312 00a6 0B       		.uleb128 0xb
 1313 00a7 3A       		.uleb128 0x3a
 1314 00a8 0B       		.uleb128 0xb
 1315 00a9 3B       		.uleb128 0x3b
 1316 00aa 05       		.uleb128 0x5
 1317 00ab 39       		.uleb128 0x39
 1318 00ac 0B       		.uleb128 0xb
 1319 00ad 01       		.uleb128 0x1
 1320 00ae 13       		.uleb128 0x13
 1321 00af 00       		.byte	0
 1322 00b0 00       		.byte	0
 1323 00b1 0E       		.uleb128 0xe
 1324 00b2 15       		.uleb128 0x15
 1325 00b3 01       		.byte	0x1
 1326 00b4 27       		.uleb128 0x27
 1327 00b5 19       		.uleb128 0x19
 1328 00b6 01       		.uleb128 0x1
 1329 00b7 13       		.uleb128 0x13
 1330 00b8 00       		.byte	0
 1331 00b9 00       		.byte	0
 1332 00ba 0F       		.uleb128 0xf
 1333 00bb 05       		.uleb128 0x5
 1334 00bc 00       		.byte	0
 1335 00bd 49       		.uleb128 0x49
 1336 00be 13       		.uleb128 0x13
 1337 00bf 00       		.byte	0
 1338 00c0 00       		.byte	0
 1339 00c1 10       		.uleb128 0x10
 1340 00c2 0F       		.uleb128 0xf
 1341 00c3 00       		.byte	0
 1342 00c4 0B       		.uleb128 0xb
 1343 00c5 0B       		.uleb128 0xb
 1344 00c6 00       		.byte	0
 1345 00c7 00       		.byte	0
 1346 00c8 11       		.uleb128 0x11
 1347 00c9 34       		.uleb128 0x34
 1348 00ca 00       		.byte	0
 1349 00cb 03       		.uleb128 0x3
 1350 00cc 0E       		.uleb128 0xe
 1351 00cd 3A       		.uleb128 0x3a
 1352 00ce 0B       		.uleb128 0xb
 1353 00cf 3B       		.uleb128 0x3b
 1354 00d0 05       		.uleb128 0x5
 1355 00d1 39       		.uleb128 0x39
 1356 00d2 0B       		.uleb128 0xb
 1357 00d3 49       		.uleb128 0x49
 1358 00d4 13       		.uleb128 0x13
 1359 00d5 3F       		.uleb128 0x3f
 1360 00d6 19       		.uleb128 0x19
 1361 00d7 3C       		.uleb128 0x3c
 1362 00d8 19       		.uleb128 0x19
 1363 00d9 00       		.byte	0
 1364 00da 00       		.byte	0
 1365 00db 12       		.uleb128 0x12
 1366 00dc 34       		.uleb128 0x34
 1367 00dd 00       		.byte	0
 1368 00de 03       		.uleb128 0x3
ARM GAS  /tmp/ccYomh6a.s 			page 25


 1369 00df 0E       		.uleb128 0xe
 1370 00e0 3A       		.uleb128 0x3a
 1371 00e1 0B       		.uleb128 0xb
 1372 00e2 3B       		.uleb128 0x3b
 1373 00e3 0B       		.uleb128 0xb
 1374 00e4 39       		.uleb128 0x39
 1375 00e5 0B       		.uleb128 0xb
 1376 00e6 49       		.uleb128 0x49
 1377 00e7 13       		.uleb128 0x13
 1378 00e8 3F       		.uleb128 0x3f
 1379 00e9 19       		.uleb128 0x19
 1380 00ea 3C       		.uleb128 0x3c
 1381 00eb 19       		.uleb128 0x19
 1382 00ec 00       		.byte	0
 1383 00ed 00       		.byte	0
 1384 00ee 13       		.uleb128 0x13
 1385 00ef 01       		.uleb128 0x1
 1386 00f0 01       		.byte	0x1
 1387 00f1 49       		.uleb128 0x49
 1388 00f2 13       		.uleb128 0x13
 1389 00f3 01       		.uleb128 0x1
 1390 00f4 13       		.uleb128 0x13
 1391 00f5 00       		.byte	0
 1392 00f6 00       		.byte	0
 1393 00f7 14       		.uleb128 0x14
 1394 00f8 21       		.uleb128 0x21
 1395 00f9 00       		.byte	0
 1396 00fa 49       		.uleb128 0x49
 1397 00fb 13       		.uleb128 0x13
 1398 00fc 2F       		.uleb128 0x2f
 1399 00fd 0B       		.uleb128 0xb
 1400 00fe 00       		.byte	0
 1401 00ff 00       		.byte	0
 1402 0100 15       		.uleb128 0x15
 1403 0101 13       		.uleb128 0x13
 1404 0102 01       		.byte	0x1
 1405 0103 0B       		.uleb128 0xb
 1406 0104 0B       		.uleb128 0xb
 1407 0105 3A       		.uleb128 0x3a
 1408 0106 0B       		.uleb128 0xb
 1409 0107 3B       		.uleb128 0x3b
 1410 0108 0B       		.uleb128 0xb
 1411 0109 39       		.uleb128 0x39
 1412 010a 0B       		.uleb128 0xb
 1413 010b 01       		.uleb128 0x1
 1414 010c 13       		.uleb128 0x13
 1415 010d 00       		.byte	0
 1416 010e 00       		.byte	0
 1417 010f 16       		.uleb128 0x16
 1418 0110 17       		.uleb128 0x17
 1419 0111 01       		.byte	0x1
 1420 0112 0B       		.uleb128 0xb
 1421 0113 0B       		.uleb128 0xb
 1422 0114 3A       		.uleb128 0x3a
 1423 0115 0B       		.uleb128 0xb
 1424 0116 3B       		.uleb128 0x3b
 1425 0117 0B       		.uleb128 0xb
ARM GAS  /tmp/ccYomh6a.s 			page 26


 1426 0118 39       		.uleb128 0x39
 1427 0119 0B       		.uleb128 0xb
 1428 011a 01       		.uleb128 0x1
 1429 011b 13       		.uleb128 0x13
 1430 011c 00       		.byte	0
 1431 011d 00       		.byte	0
 1432 011e 17       		.uleb128 0x17
 1433 011f 0D       		.uleb128 0xd
 1434 0120 00       		.byte	0
 1435 0121 03       		.uleb128 0x3
 1436 0122 0E       		.uleb128 0xe
 1437 0123 3A       		.uleb128 0x3a
 1438 0124 0B       		.uleb128 0xb
 1439 0125 3B       		.uleb128 0x3b
 1440 0126 0B       		.uleb128 0xb
 1441 0127 39       		.uleb128 0x39
 1442 0128 0B       		.uleb128 0xb
 1443 0129 49       		.uleb128 0x49
 1444 012a 13       		.uleb128 0x13
 1445 012b 00       		.byte	0
 1446 012c 00       		.byte	0
 1447 012d 18       		.uleb128 0x18
 1448 012e 0D       		.uleb128 0xd
 1449 012f 00       		.byte	0
 1450 0130 03       		.uleb128 0x3
 1451 0131 0E       		.uleb128 0xe
 1452 0132 3A       		.uleb128 0x3a
 1453 0133 0B       		.uleb128 0xb
 1454 0134 3B       		.uleb128 0x3b
 1455 0135 05       		.uleb128 0x5
 1456 0136 39       		.uleb128 0x39
 1457 0137 0B       		.uleb128 0xb
 1458 0138 49       		.uleb128 0x49
 1459 0139 13       		.uleb128 0x13
 1460 013a 00       		.byte	0
 1461 013b 00       		.byte	0
 1462 013c 19       		.uleb128 0x19
 1463 013d 34       		.uleb128 0x34
 1464 013e 00       		.byte	0
 1465 013f 03       		.uleb128 0x3
 1466 0140 08       		.uleb128 0x8
 1467 0141 3A       		.uleb128 0x3a
 1468 0142 0B       		.uleb128 0xb
 1469 0143 3B       		.uleb128 0x3b
 1470 0144 05       		.uleb128 0x5
 1471 0145 39       		.uleb128 0x39
 1472 0146 0B       		.uleb128 0xb
 1473 0147 49       		.uleb128 0x49
 1474 0148 13       		.uleb128 0x13
 1475 0149 3F       		.uleb128 0x3f
 1476 014a 19       		.uleb128 0x19
 1477 014b 3C       		.uleb128 0x3c
 1478 014c 19       		.uleb128 0x19
 1479 014d 00       		.byte	0
 1480 014e 00       		.byte	0
 1481 014f 1A       		.uleb128 0x1a
 1482 0150 21       		.uleb128 0x21
ARM GAS  /tmp/ccYomh6a.s 			page 27


 1483 0151 00       		.byte	0
 1484 0152 00       		.byte	0
 1485 0153 00       		.byte	0
 1486 0154 00       		.byte	0
 1487              		.section	.gnu.debuglto_.debug_line,"e",%progbits
 1488              	.Ldebug_line0:
 1489 0000 9F020000 		.4byte	.LELT0-.LSLT0
 1490              	.LSLT0:
 1491 0004 0400     		.2byte	0x4
 1492 0006 99020000 		.4byte	.LELTP0-.LASLTP0
 1493              	.LASLTP0:
 1494 000a 01       		.byte	0x1
 1495 000b 01       		.byte	0x1
 1496 000c 01       		.byte	0x1
 1497 000d F6       		.byte	0xf6
 1498 000e F2       		.byte	0xf2
 1499 000f 0D       		.byte	0xd
 1500 0010 00       		.byte	0
 1501 0011 01       		.byte	0x1
 1502 0012 01       		.byte	0x1
 1503 0013 01       		.byte	0x1
 1504 0014 01       		.byte	0x1
 1505 0015 00       		.byte	0
 1506 0016 00       		.byte	0
 1507 0017 00       		.byte	0
 1508 0018 01       		.byte	0x1
 1509 0019 00       		.byte	0
 1510 001a 00       		.byte	0
 1511 001b 01       		.byte	0x1
 1512 001c 2F686F6D 		.ascii	"/home/lena/ext_repos/ChibiOS/os/common/ext/CMSIS/ST"
 1512      652F6C65 
 1512      6E612F65 
 1512      78745F72 
 1512      65706F73 
 1513 004f 2F53544D 		.ascii	"/STM32F7xx"
 1513      33324637 
 1513      7878
 1514 0059 00       		.byte	0
 1515 005a 2F686F6D 		.ascii	"/home/lena/ext_repos/ChibiOS/os/common/ext/CMSIS/in"
 1515      652F6C65 
 1515      6E612F65 
 1515      78745F72 
 1515      65706F73 
 1516 008d 636C7564 		.ascii	"clude"
 1516      65
 1517 0092 00       		.byte	0
 1518 0093 2F686F6D 		.ascii	"/home/lena/ext_repos/ChibiOS/os/common/oslib/includ"
 1518      652F6C65 
 1518      6E612F65 
 1518      78745F72 
 1518      65706F73 
 1519 00c6 65       		.ascii	"e"
 1520 00c7 00       		.byte	0
 1521 00c8 2F686F6D 		.ascii	"/home/lena/ext_repos/ChibiOS/os/common/ports/ARMCMx"
 1521      652F6C65 
 1521      6E612F65 
 1521      78745F72 
ARM GAS  /tmp/ccYomh6a.s 			page 28


 1521      65706F73 
 1522 00fb 2F636F6D 		.ascii	"/compilers/GCC"
 1522      70696C65 
 1522      72732F47 
 1522      4343
 1523 0109 00       		.byte	0
 1524 010a 2F686F6D 		.ascii	"/home/lena/ext_repos/ChibiOS/os/common/ports/ARMCMx"
 1524      652F6C65 
 1524      6E612F65 
 1524      78745F72 
 1524      65706F73 
 1525 013d 00       		.byte	0
 1526 013e 2F686F6D 		.ascii	"/home/lena/ext_repos/ChibiOS/os/rt/include"
 1526      652F6C65 
 1526      6E612F65 
 1526      78745F72 
 1526      65706F73 
 1527 0168 00       		.byte	0
 1528 0169 2F686F6D 		.ascii	"/home/lena/local_libs/arm-none-eabi/include/machine"
 1528      652F6C65 
 1528      6E612F6C 
 1528      6F63616C 
 1528      5F6C6962 
 1529 019c 00       		.byte	0
 1530 019d 2F686F6D 		.ascii	"/home/lena/local_libs/arm-none-eabi/include/sys"
 1530      652F6C65 
 1530      6E612F6C 
 1530      6F63616C 
 1530      5F6C6962 
 1531 01cc 00       		.byte	0
 1532 01cd 00       		.byte	0
 1533 01ce 5F646566 		.ascii	"_default_types.h\000"
 1533      61756C74 
 1533      5F747970 
 1533      65732E68 
 1533      00
 1534 01df 07       		.uleb128 0x7
 1535 01e0 00       		.uleb128 0
 1536 01e1 00       		.uleb128 0
 1537 01e2 5F737464 		.ascii	"_stdint.h\000"
 1537      696E742E 
 1537      6800
 1538 01ec 08       		.uleb128 0x8
 1539 01ed 00       		.uleb128 0
 1540 01ee 00       		.uleb128 0
 1541 01ef 63687479 		.ascii	"chtypes.h\000"
 1541      7065732E 
 1541      6800
 1542 01f9 04       		.uleb128 0x4
 1543 01fa 00       		.uleb128 0
 1544 01fb 00       		.uleb128 0
 1545 01fc 63687379 		.ascii	"chsystypes.h\000"
 1545      73747970 
 1545      65732E68 
 1545      00
 1546 0209 06       		.uleb128 0x6
 1547 020a 00       		.uleb128 0
ARM GAS  /tmp/ccYomh6a.s 			page 29


 1548 020b 00       		.uleb128 0
 1549 020c 63687363 		.ascii	"chschd.h\000"
 1549      68642E68 
 1549      00
 1550 0215 06       		.uleb128 0x6
 1551 0216 00       		.uleb128 0
 1552 0217 00       		.uleb128 0
 1553 0218 636F7265 		.ascii	"core_cm7.h\000"
 1553      5F636D37 
 1553      2E6800
 1554 0223 02       		.uleb128 0x2
 1555 0224 00       		.uleb128 0
 1556 0225 00       		.uleb128 0
 1557 0226 73797374 		.ascii	"system_stm32f7xx.h\000"
 1557      656D5F73 
 1557      746D3332 
 1557      66377878 
 1557      2E6800
 1558 0239 01       		.uleb128 0x1
 1559 023a 00       		.uleb128 0
 1560 023b 00       		.uleb128 0
 1561 023c 6368636F 		.ascii	"chcore.h\000"
 1561      72652E68 
 1561      00
 1562 0245 05       		.uleb128 0x5
 1563 0246 00       		.uleb128 0
 1564 0247 00       		.uleb128 0
 1565 0248 6368636F 		.ascii	"chcore_v7m.h\000"
 1565      72655F76 
 1565      376D2E68 
 1565      00
 1566 0255 05       		.uleb128 0x5
 1567 0256 00       		.uleb128 0
 1568 0257 00       		.uleb128 0
 1569 0258 6368746D 		.ascii	"chtm.h\000"
 1569      2E6800
 1570 025f 06       		.uleb128 0x6
 1571 0260 00       		.uleb128 0
 1572 0261 00       		.uleb128 0
 1573 0262 63687365 		.ascii	"chsem.h\000"
 1573      6D2E6800 
 1574 026a 06       		.uleb128 0x6
 1575 026b 00       		.uleb128 0
 1576 026c 00       		.uleb128 0
 1577 026d 63686D74 		.ascii	"chmtx.h\000"
 1577      782E6800 
 1578 0275 06       		.uleb128 0x6
 1579 0276 00       		.uleb128 0
 1580 0277 00       		.uleb128 0
 1581 0278 63687379 		.ascii	"chsys.h\000"
 1581      732E6800 
 1582 0280 06       		.uleb128 0x6
 1583 0281 00       		.uleb128 0
 1584 0282 00       		.uleb128 0
 1585 0283 63687265 		.ascii	"chregistry.h\000"
 1585      67697374 
 1585      72792E68 
ARM GAS  /tmp/ccYomh6a.s 			page 30


 1585      00
 1586 0290 06       		.uleb128 0x6
 1587 0291 00       		.uleb128 0
 1588 0292 00       		.uleb128 0
 1589 0293 63686D65 		.ascii	"chmemcore.h\000"
 1589      6D636F72 
 1589      652E6800 
 1590 029f 03       		.uleb128 0x3
 1591 02a0 00       		.uleb128 0
 1592 02a1 00       		.uleb128 0
 1593 02a2 00       		.byte	0
 1594              	.LELTP0:
 1595              	.LELT0:
 1596              		.section	.gnu.debuglto_.debug_str,"eMS",%progbits,1
 1597              	.LASF53:
 1598 0000 72656164 		.ascii	"ready_list_t\000"
 1598      795F6C69 
 1598      73745F74 
 1598      00
 1599              	.LASF85:
 1600 000d 77747472 		.ascii	"wttrp\000"
 1600      7000
 1601              	.LASF59:
 1602 0013 64656C74 		.ascii	"delta\000"
 1602      6100
 1603              	.LASF82:
 1604 0019 7264796D 		.ascii	"rdymsg\000"
 1604      736700
 1605              	.LASF19:
 1606 0020 75696E74 		.ascii	"uint64_t\000"
 1606      36345F74 
 1606      00
 1607              	.LASF6:
 1608 0029 5F5F7569 		.ascii	"__uint8_t\000"
 1608      6E74385F 
 1608      7400
 1609              	.LASF52:
 1610 0033 70726576 		.ascii	"prev\000"
 1610      00
 1611              	.LASF79:
 1612 0038 706F7274 		.ascii	"port_intctx\000"
 1612      5F696E74 
 1612      63747800 
 1613              	.LASF64:
 1614 0044 73797374 		.ascii	"system_debug_t\000"
 1614      656D5F64 
 1614      65627567 
 1614      5F7400
 1615              	.LASF75:
 1616 0053 41504250 		.ascii	"APBPrescTable\000"
 1616      72657363 
 1616      5461626C 
 1616      6500
 1617              	.LASF14:
 1618 0061 6C6F6E67 		.ascii	"long long unsigned int\000"
 1618      206C6F6E 
 1618      6720756E 
ARM GAS  /tmp/ccYomh6a.s 			page 31


 1618      7369676E 
 1618      65642069 
 1619              	.LASF83:
 1620 0078 65786974 		.ascii	"exitcode\000"
 1620      636F6465 
 1620      00
 1621              	.LASF71:
 1622 0081 6D61696E 		.ascii	"mainthread\000"
 1622      74687265 
 1622      616400
 1623              	.LASF86:
 1624 008c 73656E74 		.ascii	"sentmsg\000"
 1624      6D736700 
 1625              	.LASF61:
 1626 0094 76697274 		.ascii	"virtual_timers_list_t\000"
 1626      75616C5F 
 1626      74696D65 
 1626      72735F6C 
 1626      6973745F 
 1627              	.LASF72:
 1628 00aa 49544D5F 		.ascii	"ITM_RxBuffer\000"
 1628      52784275 
 1628      66666572 
 1628      00
 1629              	.LASF49:
 1630 00b7 6E657874 		.ascii	"next\000"
 1630      00
 1631              	.LASF51:
 1632 00bc 63685F74 		.ascii	"ch_threads_queue\000"
 1632      68726561 
 1632      64735F71 
 1632      75657565 
 1632      00
 1633              	.LASF1:
 1634 00cd 6C6F6E67 		.ascii	"long long int\000"
 1634      206C6F6E 
 1634      6720696E 
 1634      7400
 1635              	.LASF3:
 1636 00db 7369676E 		.ascii	"signed char\000"
 1636      65642063 
 1636      68617200 
 1637              	.LASF97:
 1638 00e7 73697A65 		.ascii	"size\000"
 1638      00
 1639              	.LASF69:
 1640 00ec 726C6973 		.ascii	"rlist\000"
 1640      7400
 1641              	.LASF70:
 1642 00f2 76746C69 		.ascii	"vtlist\000"
 1642      737400
 1643              	.LASF40:
 1644 00f9 6D736771 		.ascii	"msgqueue\000"
 1644      75657565 
 1644      00
 1645              	.LASF36:
 1646 0102 73746174 		.ascii	"state\000"
ARM GAS  /tmp/ccYomh6a.s 			page 32


 1646      6500
 1647              	.LASF10:
 1648 0108 6C6F6E67 		.ascii	"long int\000"
 1648      20696E74 
 1648      00
 1649              	.LASF22:
 1650 0111 74737461 		.ascii	"tstate_t\000"
 1650      74655F74 
 1650      00
 1651              	.LASF60:
 1652 011a 66756E63 		.ascii	"func\000"
 1652      00
 1653              	.LASF95:
 1654 011f 6964656E 		.ascii	"identifier\000"
 1654      74696669 
 1654      657200
 1655              	.LASF16:
 1656 012a 75696E74 		.ascii	"uint16_t\000"
 1656      31365F74 
 1656      00
 1657              	.LASF113:
 1658 0133 63686465 		.ascii	"chdebug_t\000"
 1658      6275675F 
 1658      7400
 1659              	.LASF111:
 1660 013d 6F66665F 		.ascii	"off_preempt\000"
 1660      70726565 
 1660      6D707400 
 1661              	.LASF11:
 1662 0149 5F5F7569 		.ascii	"__uint32_t\000"
 1662      6E743332 
 1662      5F7400
 1663              	.LASF76:
 1664 0154 72656761 		.ascii	"regarm_t\000"
 1664      726D5F74 
 1664      00
 1665              	.LASF123:
 1666 015d 2F686F6D 		.ascii	"/home/lena/Repos/sand_box/STM767_ChibiOS/MU_deselew"
 1666      652F6C65 
 1666      6E612F52 
 1666      65706F73 
 1666      2F73616E 
 1667 0190 61726B61 		.ascii	"arka\000"
 1667      00
 1668              	.LASF65:
 1669 0195 63685F73 		.ascii	"ch_system_debug\000"
 1669      79737465 
 1669      6D5F6465 
 1669      62756700 
 1670              	.LASF39:
 1671 01a5 77616974 		.ascii	"waiting\000"
 1671      696E6700 
 1672              	.LASF96:
 1673 01ad 7A65726F 		.ascii	"zero\000"
 1673      00
 1674              	.LASF115:
 1675 01b2 6D757465 		.ascii	"mutex_t\000"
ARM GAS  /tmp/ccYomh6a.s 			page 33


 1675      785F7400 
 1676              	.LASF27:
 1677 01ba 636E745F 		.ascii	"cnt_t\000"
 1677      7400
 1678              	.LASF0:
 1679 01c0 756E7369 		.ascii	"unsigned int\000"
 1679      676E6564 
 1679      20696E74 
 1679      00
 1680              	.LASF73:
 1681 01cd 53797374 		.ascii	"SystemCoreClock\000"
 1681      656D436F 
 1681      7265436C 
 1681      6F636B00 
 1682              	.LASF87:
 1683 01dd 77747365 		.ascii	"wtsemp\000"
 1683      6D7000
 1684              	.LASF12:
 1685 01e4 6C6F6E67 		.ascii	"long unsigned int\000"
 1685      20756E73 
 1685      69676E65 
 1685      6420696E 
 1685      7400
 1686              	.LASF114:
 1687 01f6 63685F64 		.ascii	"ch_debug\000"
 1687      65627567 
 1687      00
 1688              	.LASF34:
 1689 01ff 6E616D65 		.ascii	"name\000"
 1689      00
 1690              	.LASF30:
 1691 0204 71756575 		.ascii	"queue\000"
 1691      6500
 1692              	.LASF44:
 1693 020a 6D706F6F 		.ascii	"mpool\000"
 1693      6C00
 1694              	.LASF110:
 1695 0210 6F66665F 		.ascii	"off_refs\000"
 1695      72656673 
 1695      00
 1696              	.LASF47:
 1697 0219 63685F74 		.ascii	"ch_thread\000"
 1697      68726561 
 1697      6400
 1698              	.LASF25:
 1699 0223 6D73675F 		.ascii	"msg_t\000"
 1699      7400
 1700              	.LASF41:
 1701 0229 6570656E 		.ascii	"epending\000"
 1701      64696E67 
 1701      00
 1702              	.LASF67:
 1703 0232 63685F73 		.ascii	"ch_system_t\000"
 1703      79737465 
 1703      6D5F7400 
 1704              	.LASF103:
 1705 023e 6F66665F 		.ascii	"off_ctx\000"
ARM GAS  /tmp/ccYomh6a.s 			page 34


 1705      63747800 
 1706              	.LASF21:
 1707 0246 746D6F64 		.ascii	"tmode_t\000"
 1707      655F7400 
 1708              	.LASF54:
 1709 024e 63685F72 		.ascii	"ch_ready_list\000"
 1709      65616479 
 1709      5F6C6973 
 1709      7400
 1710              	.LASF26:
 1711 025c 6576656E 		.ascii	"eventmask_t\000"
 1711      746D6173 
 1711      6B5F7400 
 1712              	.LASF74:
 1713 0268 41484250 		.ascii	"AHBPrescTable\000"
 1713      72657363 
 1713      5461626C 
 1713      6500
 1714              	.LASF118:
 1715 0276 656E646D 		.ascii	"endmem\000"
 1715      656D00
 1716              	.LASF9:
 1717 027d 5F5F696E 		.ascii	"__int32_t\000"
 1717      7433325F 
 1717      7400
 1718              	.LASF77:
 1719 0287 73746B61 		.ascii	"stkalign_t\000"
 1719      6C69676E 
 1719      5F7400
 1720              	.LASF32:
 1721 0292 6E657765 		.ascii	"newer\000"
 1721      7200
 1722              	.LASF43:
 1723 0298 7265616C 		.ascii	"realprio\000"
 1723      7072696F 
 1723      00
 1724              	.LASF98:
 1725 02a1 76657273 		.ascii	"version\000"
 1725      696F6E00 
 1726              	.LASF20:
 1727 02a9 7274636E 		.ascii	"rtcnt_t\000"
 1727      745F7400 
 1728              	.LASF45:
 1729 02b1 74687265 		.ascii	"thread_reference_t\000"
 1729      61645F72 
 1729      65666572 
 1729      656E6365 
 1729      5F7400
 1730              	.LASF62:
 1731 02c4 63685F76 		.ascii	"ch_virtual_timers_list\000"
 1731      69727475 
 1731      616C5F74 
 1731      696D6572 
 1731      735F6C69 
 1732              	.LASF104:
 1733 02db 6F66665F 		.ascii	"off_newer\000"
 1733      6E657765 
ARM GAS  /tmp/ccYomh6a.s 			page 35


 1733      7200
 1734              	.LASF78:
 1735 02e5 706F7274 		.ascii	"port_context\000"
 1735      5F636F6E 
 1735      74657874 
 1735      00
 1736              	.LASF81:
 1737 02f2 746D5F63 		.ascii	"tm_calibration_t\000"
 1737      616C6962 
 1737      72617469 
 1737      6F6E5F74 
 1737      00
 1738              	.LASF31:
 1739 0303 7072696F 		.ascii	"prio\000"
 1739      00
 1740              	.LASF55:
 1741 0308 63757272 		.ascii	"current\000"
 1741      656E7400 
 1742              	.LASF13:
 1743 0310 5F5F7569 		.ascii	"__uint64_t\000"
 1743      6E743634 
 1743      5F7400
 1744              	.LASF119:
 1745 031b 6D656D63 		.ascii	"memcore_t\000"
 1745      6F72655F 
 1745      7400
 1746              	.LASF23:
 1747 0325 74726566 		.ascii	"trefs_t\000"
 1747      735F7400 
 1748              	.LASF38:
 1749 032d 72656673 		.ascii	"refs\000"
 1749      00
 1750              	.LASF57:
 1751 0332 76697274 		.ascii	"virtual_timer_t\000"
 1751      75616C5F 
 1751      74696D65 
 1751      725F7400 
 1752              	.LASF24:
 1753 0342 74707269 		.ascii	"tprio_t\000"
 1753      6F5F7400 
 1754              	.LASF101:
 1755 034a 74687265 		.ascii	"threadsize\000"
 1755      61647369 
 1755      7A6500
 1756              	.LASF116:
 1757 0355 5F426F6F 		.ascii	"_Bool\000"
 1757      6C00
 1758              	.LASF17:
 1759 035b 696E7433 		.ascii	"int32_t\000"
 1759      325F7400 
 1760              	.LASF4:
 1761 0363 756E7369 		.ascii	"unsigned char\000"
 1761      676E6564 
 1761      20636861 
 1761      7200
 1762              	.LASF102:
 1763 0371 6F66665F 		.ascii	"off_prio\000"
ARM GAS  /tmp/ccYomh6a.s 			page 36


 1763      7072696F 
 1763      00
 1764              	.LASF107:
 1765 037a 6F66665F 		.ascii	"off_stklimit\000"
 1765      73746B6C 
 1765      696D6974 
 1765      00
 1766              	.LASF5:
 1767 0387 73686F72 		.ascii	"short int\000"
 1767      7420696E 
 1767      7400
 1768              	.LASF63:
 1769 0391 6C617374 		.ascii	"lasttime\000"
 1769      74696D65 
 1769      00
 1770              	.LASF89:
 1771 039a 65776D61 		.ascii	"ewmask\000"
 1771      736B00
 1772              	.LASF68:
 1773 03a1 63685F73 		.ascii	"ch_system\000"
 1773      79737465 
 1773      6D00
 1774              	.LASF122:
 1775 03ab 2F686F6D 		.ascii	"/home/lena/ext_repos/ChibiOS/os/common/ports/ARMCMx"
 1775      652F6C65 
 1775      6E612F65 
 1775      78745F72 
 1775      65706F73 
 1776 03de 2F636863 		.ascii	"/chcore.c\000"
 1776      6F72652E 
 1776      6300
 1777              	.LASF58:
 1778 03e8 63685F76 		.ascii	"ch_virtual_timer\000"
 1778      69727475 
 1778      616C5F74 
 1778      696D6572 
 1778      00
 1779              	.LASF90:
 1780 03f9 63685F73 		.ascii	"ch_semaphore\000"
 1780      656D6170 
 1780      686F7265 
 1780      00
 1781              	.LASF112:
 1782 0406 6F66665F 		.ascii	"off_time\000"
 1782      74696D65 
 1782      00
 1783              	.LASF94:
 1784 040f 63685F69 		.ascii	"ch_idle_thread_wa\000"
 1784      646C655F 
 1784      74687265 
 1784      61645F77 
 1784      6100
 1785              	.LASF100:
 1786 0421 74696D65 		.ascii	"timesize\000"
 1786      73697A65 
 1786      00
 1787              	.LASF121:
ARM GAS  /tmp/ccYomh6a.s 			page 37


 1788 042a 474E5520 		.ascii	"GNU C17 9.3.1 20200408 (release) -mcpu=cortex-m7 -m"
 1788      43313720 
 1788      392E332E 
 1788      31203230 
 1788      32303034 
 1789 045d 6E6F2D74 		.ascii	"no-thumb-interwork -mthumb -mfloat-abi=soft -march="
 1789      68756D62 
 1789      2D696E74 
 1789      6572776F 
 1789      726B202D 
 1790 0490 61726D76 		.ascii	"armv7e-m -ggdb -O2 -fomit-frame-pointer -falign-fun"
 1790      37652D6D 
 1790      202D6767 
 1790      6462202D 
 1790      4F32202D 
 1791 04c3 6374696F 		.ascii	"ctions=16 -ffunction-sections -fdata-sections -fno-"
 1791      6E733D31 
 1791      36202D66 
 1791      66756E63 
 1791      74696F6E 
 1792 04f6 636F6D6D 		.ascii	"common -flto\000"
 1792      6F6E202D 
 1792      666C746F 
 1792      00
 1793              	.LASF88:
 1794 0503 77746D74 		.ascii	"wtmtxp\000"
 1794      787000
 1795              	.LASF48:
 1796 050a 63685F74 		.ascii	"ch_threads_list\000"
 1796      68726561 
 1796      64735F6C 
 1796      69737400 
 1797              	.LASF92:
 1798 051a 6F776E65 		.ascii	"owner\000"
 1798      7200
 1799              	.LASF2:
 1800 0520 6C6F6E67 		.ascii	"long double\000"
 1800      20646F75 
 1800      626C6500 
 1801              	.LASF35:
 1802 052c 77616261 		.ascii	"wabase\000"
 1802      736500
 1803              	.LASF93:
 1804 0533 63686172 		.ascii	"char\000"
 1804      00
 1805              	.LASF33:
 1806 0538 6F6C6465 		.ascii	"older\000"
 1806      7200
 1807              	.LASF7:
 1808 053e 5F5F7569 		.ascii	"__uint16_t\000"
 1808      6E743136 
 1808      5F7400
 1809              	.LASF29:
 1810 0549 74687265 		.ascii	"thread_t\000"
 1810      61645F74 
 1810      00
 1811              	.LASF120:
ARM GAS  /tmp/ccYomh6a.s 			page 38


 1812 0552 63685F6D 		.ascii	"ch_memcore\000"
 1812      656D636F 
 1812      726500
 1813              	.LASF28:
 1814 055d 73797374 		.ascii	"systime_t\000"
 1814      696D655F 
 1814      7400
 1815              	.LASF56:
 1816 0567 76746675 		.ascii	"vtfunc_t\000"
 1816      6E635F74 
 1816      00
 1817              	.LASF66:
 1818 0570 70616E69 		.ascii	"panic_msg\000"
 1818      635F6D73 
 1818      6700
 1819              	.LASF80:
 1820 057a 6F666673 		.ascii	"offset\000"
 1820      657400
 1821              	.LASF105:
 1822 0581 6F66665F 		.ascii	"off_older\000"
 1822      6F6C6465 
 1822      7200
 1823              	.LASF8:
 1824 058b 73686F72 		.ascii	"short unsigned int\000"
 1824      7420756E 
 1824      7369676E 
 1824      65642069 
 1824      6E7400
 1825              	.LASF18:
 1826 059e 75696E74 		.ascii	"uint32_t\000"
 1826      33325F74 
 1826      00
 1827              	.LASF99:
 1828 05a7 70747273 		.ascii	"ptrsize\000"
 1828      697A6500 
 1829              	.LASF50:
 1830 05af 74687265 		.ascii	"threads_queue_t\000"
 1830      6164735F 
 1830      71756575 
 1830      655F7400 
 1831              	.LASF91:
 1832 05bf 63685F6D 		.ascii	"ch_mutex\000"
 1832      75746578 
 1832      00
 1833              	.LASF106:
 1834 05c8 6F66665F 		.ascii	"off_name\000"
 1834      6E616D65 
 1834      00
 1835              	.LASF15:
 1836 05d1 75696E74 		.ascii	"uint8_t\000"
 1836      385F7400 
 1837              	.LASF37:
 1838 05d9 666C6167 		.ascii	"flags\000"
 1838      7300
 1839              	.LASF84:
 1840 05df 77746F62 		.ascii	"wtobjp\000"
 1840      6A7000
ARM GAS  /tmp/ccYomh6a.s 			page 39


 1841              	.LASF46:
 1842 05e6 74687265 		.ascii	"threads_list_t\000"
 1842      6164735F 
 1842      6C697374 
 1842      5F7400
 1843              	.LASF108:
 1844 05f5 6F66665F 		.ascii	"off_state\000"
 1844      73746174 
 1844      6500
 1845              	.LASF109:
 1846 05ff 6F66665F 		.ascii	"off_flags\000"
 1846      666C6167 
 1846      7300
 1847              	.LASF42:
 1848 0609 6D74786C 		.ascii	"mtxlist\000"
 1848      69737400 
 1849              	.LASF117:
 1850 0611 6E657874 		.ascii	"nextmem\000"
 1850      6D656D00 
 1851              		.text
 1852              		.section	.gnu.lto_.profile.1c561c90431acfd4,"e",%progbits
 1853 0000 789CE360 		.ascii	"x\234\343``\004B \000\000\000]\000\013"
 1853      60044220 
 1853      0000005D 
 1853      000B
 1854              		.text
 1855              		.section	.gnu.lto_.icf.1c561c90431acfd4,"e",%progbits
 1856 0000 789CE360 		.ascii	"x\234\343``d`b@\006\000\000\316\000\014"
 1856      60646062 
 1856      40060000 
 1856      CE000C
 1857              		.text
 1858              		.section	.gnu.lto_.jmpfuncs.1c561c90431acfd4,"e",%progbits
 1859 0000 789CE360 		.ascii	"x\234\343``d`b@\006\000\000\316\000\014"
 1859      60646062 
 1859      40060000 
 1859      CE000C
 1860              		.text
 1861              		.section	.gnu.lto_.inline.1c561c90431acfd4,"e",%progbits
 1862 0000 789CE360 		.ascii	"x\234\343``d`b@\006\000\000\316\000\014"
 1862      60646062 
 1862      40060000 
 1862      CE000C
 1863              		.text
 1864              		.section	.gnu.lto_.pureconst.1c561c90431acfd4,"e",%progbits
 1865 0000 789CE360 		.ascii	"x\234\343``\004B \000\000\000]\000\013"
 1865      60044220 
 1865      0000005D 
 1865      000B
 1866              		.text
 1867              		.section	.gnu.lto_.symbol_nodes.1c561c90431acfd4,"e",%progbits
 1868 0000 789CE360 		.ascii	"x\234\343``d`b\000\001\000\000n\000\014"
 1868      60646062 
 1868      00010000 
 1868      6E000C
 1869              		.text
 1870              		.section	.gnu.lto_.refs.1c561c90431acfd4,"e",%progbits
ARM GAS  /tmp/ccYomh6a.s 			page 40


 1871 0000 789CE360 		.ascii	"x\234\343``\004B \000\000\000]\000\013"
 1871      60044220 
 1871      0000005D 
 1871      000B
 1872              		.text
 1873              		.section	.gnu.lto_.decls.1c561c90431acfd4,"e",%progbits
 1874 0000 789CE360 		.ascii	"x\234\343``d\000\001\020\251\002\304\377\201\000\304"
 1874      60640001 
 1874      10A902C4 
 1874      FF8100C4 
 1875 0010 BEC84000 		.ascii	"\276\310@\000\000\000\3015\004\375"
 1875      0000C135 
 1875      04FD
 1876              		.text
 1877              		.section	.gnu.lto_.symtab.1c561c90431acfd4,"e",%progbits
 1878              		.text
 1879              		.section	.gnu.lto_.opts,"e",%progbits
 1880 0000 272D666E 		.ascii	"'-fno-openmp' '-fno-openacc' '-fno-pie' '-mcpu=cort"
 1880      6F2D6F70 
 1880      656E6D70 
 1880      2720272D 
 1880      666E6F2D 
 1881 0033 65782D6D 		.ascii	"ex-m7' '-mno-thumb-interwork' '-mthumb' '-mfloat-ab"
 1881      37272027 
 1881      2D6D6E6F 
 1881      2D746875 
 1881      6D622D69 
 1882 0066 693D736F 		.ascii	"i=soft' '-march=armv7e-m' '-O2' '-fomit-frame-point"
 1882      66742720 
 1882      272D6D61 
 1882      7263683D 
 1882      61726D76 
 1883 0099 65722720 		.ascii	"er' '-falign-functions=16' '-ffunction-sections' '-"
 1883      272D6661 
 1883      6C69676E 
 1883      2D66756E 
 1883      6374696F 
 1884 00cc 66646174 		.ascii	"fdata-sections' '-fno-common' '-flto'\000"
 1884      612D7365 
 1884      6374696F 
 1884      6E732720 
 1884      272D666E 
 1885              		.text
 1886              		.comm	__gnu_lto_v1,1,1
 1887              		.comm	__gnu_lto_slim,1,1
 1888              		.ident	"GCC: (GNU Arm Embedded Toolchain 9-2020-q2-update) 9.3.1 20200408 (release)"
ARM GAS  /tmp/ccYomh6a.s 			page 41


DEFINED SYMBOLS
                            *ABS*:0000000000000000 chcore.c
     /tmp/ccYomh6a.s:31     .gnu.debuglto_.debug_info:0000000000000000 chcore.c.e980dd50
                            *COM*:0000000000000001 __gnu_lto_v1
                            *COM*:0000000000000001 __gnu_lto_slim

NO UNDEFINED SYMBOLS
